     ┌────────────┐ ┌────────────┐┌───────────┐    ┌────────────┐»
q_0: ┤ Rx(3.8142) ├─┤ Ry(3.4251) ├┤ Rz(5.717) ├──■─┤ Rx(1.2533) ├»
     ├────────────┤┌┴────────────┤├───────────┴┐ │ ├────────────┤»
q_1: ┤ Rx(6.0686) ├┤ Ry(0.39426) ├┤ Rz(1.7216) ├─■─┤ Rx(4.5032) ├»
     ├────────────┤└┬────────────┤├────────────┤   ├────────────┤»
q_2: ┤ Rx(3.5339) ├─┤ Ry(4.9513) ├┤ Rz(1.5038) ├─■─┤ Rx(1.0186) ├»
     ├────────────┤ ├────────────┤├────────────┤ │ ├────────────┤»
q_3: ┤ Rx(4.4481) ├─┤ Ry(4.2044) ├┤ Rz(4.7143) ├─■─┤ Rx(2.6882) ├»
     └────────────┘ └────────────┘└────────────┘   └────────────┘»
«     ┌─────────────┐┌────────────┐       ░ ┌────────────┐
«q_0: ┤ Ry(0.27142) ├┤ Rz(3.1172) ├────■──░─┤ sensing_dm ├
«     ├─────────────┤├────────────┤    │  ░ ├────────────┤
«q_1: ┤ Ry(0.43784) ├┤ Rz(6.0542) ├─■──┼──░─┤ sensing_dm ├
«     └┬────────────┤├────────────┤ │  │  ░ ├────────────┤
«q_2: ─┤ Ry(3.3368) ├┤ Rz(1.1477) ├─■──┼──░─┤ sensing_dm ├
«      ├────────────┤├────────────┤    │  ░ ├────────────┤
«q_3: ─┤ Ry(3.4241) ├┤ Rz(1.3999) ├────■──░─┤ sensing_dm ├
«      └────────────┘└────────────┘       ░ └────────────┘
0 0.05180442786511689
5 0.046804194854951416
10 0.04367229589870248
15 0.04086793605154266
20 0.03833411254700171
25 0.036132935407374375
30 0.03432605115474827
35 0.03298344176142943
40 0.032125221563989025
45 0.031639435693025277
50 0.03136854231449183
55 0.031279311941778944
60 0.031272073186774156
65 0.031261162833828356
70 0.03127399109324153
75 0.03126245853790068
80 0.03127601864169776
85 0.0312638442223098
90 0.03127811720640723
95 0.0312652976183557
100 0.03128026012516147
105 0.03126680186581748
110 0.03128242901478222
115 0.03126834431672218
120 0.03128461137266504
125 0.031269915600608586
130 0.03128679886809959
135 0.031271508849302077
140 0.03128898609081498
145 0.03127311906303365
150 0.031291169638410984
155 0.03127474260964529
160 0.03129334746206977
165 0.03127637684226618
170 0.031295518406893215
175 0.03127801981590552
180 0.03129768189556766
185 0.031279670082188855
190 0.031299837714758486
195 0.031281326543391705
0.03128199066559242
