      ┌────────────┐  ┌────────────┐┌─────────────┐    ┌────────────┐ »
q_0: ─┤ Rx(4.0022) ├──┤ Ry(4.7225) ├┤ Rz(0.55025) ├─■──┤ Rx(4.2013) ├─»
     ┌┴────────────┴┐ ├────────────┤└┬────────────┤ │ ┌┴────────────┴┐»
q_1: ┤ Rx(-0.75461) ├─┤ Ry(4.7252) ├─┤ Rz(3.0563) ├─■─┤ Rx(-0.34623) ├»
     └┬────────────┬┘ ├────────────┤ ├───────────┬┘   └──────────────┘»
q_2: ─┤ Rx(5.9719) ├──┤ Ry(4.4256) ├─┤ Rz(4.637) ├────────────────────»
      ├────────────┤ ┌┴────────────┤ ├───────────┴┐                   »
q_3: ─┤ Rx(6.2776) ├─┤ Ry(0.11728) ├─┤ Rz(6.2805) ├───────────────────»
      ├────────────┤ └┬────────────┤ ├────────────┤                   »
q_4: ─┤ Rx(6.1025) ├──┤ Ry(1.5598) ├─┤ Rz(5.0599) ├───────────────────»
      ├────────────┤  ├────────────┤ ├────────────┤                   »
q_5: ─┤ Rx(1.5026) ├──┤ Ry(4.8139) ├─┤ Rz(3.0272) ├───────────────────»
      ├────────────┤  ├────────────┤ ├────────────┤                   »
q_6: ─┤ Rx(1.5772) ├──┤ Ry(6.1431) ├─┤ Rz(5.5353) ├───────────────────»
      ├───────────┬┘  ├────────────┤┌┴────────────┤                   »
q_7: ─┤ Rx(1.745) ├───┤ Ry(1.6018) ├┤ Rz(0.20641) ├───────────────────»
      ├───────────┴┐  ├────────────┤└┬────────────┤                   »
q_8: ─┤ Rx(4.4493) ├──┤ Ry(4.7111) ├─┤ Rz(2.9822) ├───────────────────»
      └────────────┘  └────────────┘ └────────────┘                   »
«     ┌────────────┐┌────────────┐                                »
«q_0: ┤ Ry(3.1759) ├┤ Rz(5.5425) ├────────────────────────────────»
«     ├────────────┤├────────────┤    ┌────────────┐┌────────────┐»
«q_1: ┤ Ry(5.9082) ├┤ Rz(1.2176) ├─■──┤ Rx(3.1407) ├┤ Ry(3.1329) ├»
«     └────────────┘└────────────┘ │ ┌┴────────────┤├───────────┬┘»
«q_2: ─────────────────────────────■─┤ Rx(0.92266) ├┤ Ry(1.096) ├─»
«                                    └─────────────┘└───────────┘ »
«q_3: ────────────────────────────────────────────────────────────»
«                                                                 »
«q_4: ────────────────────────────────────────────────────────────»
«                                                                 »
«q_5: ────────────────────────────────────────────────────────────»
«                                                                 »
«q_6: ────────────────────────────────────────────────────────────»
«                                                                 »
«q_7: ────────────────────────────────────────────────────────────»
«                                                                 »
«q_8: ────────────────────────────────────────────────────────────»
«                                                                 »
«                                                                     »
«q_0: ────────────────────────────────────────────────────────────────»
«      ┌───────────┐                                                  »
«q_1: ─┤ Rz(4.294) ├──────────────────────────────────────────────────»
«     ┌┴───────────┴┐   ┌────────────┐┌────────────┐┌─────────────┐   »
«q_2: ┤ Rz(0.77164) ├─■─┤ Rx(2.0215) ├┤ Ry(2.9455) ├┤ Rz(0.55364) ├─■─»
«     └─────────────┘ │ └────────────┘└────────────┘└─────────────┘ │ »
«q_3: ────────────────┼─────────────────────────────────────────────■─»
«                     │ ┌────────────┐┌────────────┐ ┌────────────┐   »
«q_4: ────────────────■─┤ Rx(4.6989) ├┤ Ry(2.5857) ├─┤ Rz(6.1358) ├───»
«                       └────────────┘└────────────┘ └────────────┘   »
«q_5: ────────────────────────────────────────────────────────────────»
«                                                                     »
«q_6: ────────────────────────────────────────────────────────────────»
«                                                                     »
«q_7: ────────────────────────────────────────────────────────────────»
«                                                                     »
«q_8: ────────────────────────────────────────────────────────────────»
«                                                                     »
«                                                  ┌────────────┐»
«q_0: ───────────────────────────────────────────■─┤ Rx(2.0967) ├»
«                                                │ └────────────┘»
«q_1: ───────────────────────────────────────────┼───────────────»
«     ┌────────────┐┌────────────┐┌────────────┐ │               »
«q_2: ┤ Rx(3.2973) ├┤ Ry(5.6191) ├┤ Rz(2.7919) ├─┼───────────────»
«     ├────────────┤├────────────┤├────────────┤ │ ┌────────────┐»
«q_3: ┤ Rx(3.8397) ├┤ Ry(4.7154) ├┤ Rz(2.2993) ├─■─┤ Rx(4.8127) ├»
«     └────────────┘└────────────┘└────────────┘   └────────────┘»
«q_4: ───────────────────────────────────────────────────────────»
«                                                                »
«q_5: ───────────────────────────────────────────────────────────»
«                                                                »
«q_6: ───────────────────────────────────────────────────────────»
«                                                                »
«q_7: ───────────────────────────────────────────────────────────»
«                                                                »
«q_8: ───────────────────────────────────────────────────────────»
«                                                                »
«      ┌────────────┐┌────────────┐                                            »
«q_0: ─┤ Ry(4.7044) ├┤ Rz(5.8319) ├────────────────────────────────────────────»
«      └────────────┘└────────────┘                                            »
«q_1: ─────────────────────────────────────────────────────────────────────────»
«                                                                              »
«q_2: ─────────────────────────────────────────────────────────────────────────»
«     ┌─────────────┐┌────────────┐                                            »
«q_3: ┤ Ry(0.15814) ├┤ Rz(5.8753) ├─■──────────────────────────────────────────»
«     └─────────────┘└────────────┘ │ ┌────────────┐┌────────────┐┌───────────┐»
«q_4: ──────────────────────────────■─┤ Rx(2.0482) ├┤ Ry(5.0615) ├┤ Rz(2.429) ├»
«                                     └────────────┘└────────────┘└───────────┘»
«q_5: ─────────────────────────────────────────────────────────────────────────»
«                                                                              »
«q_6: ─────────────────────────────────────────────────────────────────────────»
«                                                                              »
«q_7: ─────────────────────────────────────────────────────────────────────────»
«                                                                              »
«q_8: ─────────────────────────────────────────────────────────────────────────»
«                                                                              »
«                                                                   »
«q_0: ──────────────────────────────────────────────────────────────»
«                                                                   »
«q_1: ──────────────────────────────────────────────────────────────»
«                                                                   »
«q_2: ──────────────────────────────────────────────────────────────»
«                                                                   »
«q_3: ──────────────────────────────────────────────────────────────»
«        ┌────────────┐┌────────────┐┌────────────┐                 »
«q_4: ─■─┤ Rx(2.7002) ├┤ Ry(1.5894) ├┤ Rz(3.4343) ├─■───────────────»
«      │ └────────────┘└────────────┘└────────────┘ │ ┌────────────┐»
«q_5: ─┼────────────────────────────────────────────■─┤ Rx(3.0561) ├»
«      │ ┌────────────┐┌───────────┐ ┌────────────┐   └────────────┘»
«q_6: ─■─┤ Rx(1.5843) ├┤ Ry(2.419) ├─┤ Rz(4.7668) ├─────────────────»
«        └────────────┘└───────────┘ └────────────┘                 »
«q_7: ──────────────────────────────────────────────────────────────»
«                                                                   »
«q_8: ──────────────────────────────────────────────────────────────»
«                                                                   »
«                                    ┌────────────┐┌────────────┐»
«q_0: ─────────────────────────────■─┤ Rx(2.8571) ├┤ Ry(3.1595) ├»
«                                  │ └────────────┘└────────────┘»
«q_1: ─────────────────────────────┼─────────────────────────────»
«                                  │                             »
«q_2: ─────────────────────────────┼─────────────────────────────»
«                                  │                             »
«q_3: ─────────────────────────────┼─────────────────────────────»
«                                  │                             »
«q_4: ─────────────────────────────┼─────────────────────────────»
«     ┌────────────┐┌────────────┐ │ ┌────────────┐┌────────────┐»
«q_5: ┤ Ry(3.6463) ├┤ Rz(1.7422) ├─■─┤ Rx(3.1375) ├┤ Ry(3.1508) ├»
«     └────────────┘└────────────┘   └────────────┘└────────────┘»
«q_6: ───────────────────────────────────────────────────────────»
«                                                                »
«q_7: ───────────────────────────────────────────────────────────»
«                                                                »
«q_8: ───────────────────────────────────────────────────────────»
«                                                                »
«     ┌──────────────┐                                                »
«q_0: ┤ Rz(0.038433) ├────────────────────────────────────────────────»
«     └──────────────┘                                                »
«q_1: ────────────────────────────────────────────────────────────────»
«                                                                     »
«q_2: ────────────────────────────────────────────────────────────────»
«                                                                     »
«q_3: ────────────────────────────────────────────────────────────────»
«                                                                     »
«q_4: ────────────────────────────────────────────────────────────────»
«      ┌────────────┐                                                 »
«q_5: ─┤ Rz(3.1912) ├──■──────────────────────────────────────────────»
«      └────────────┘  │ ┌────────────┐┌────────────┐┌────────────┐   »
«q_6: ─────────────────■─┤ Rx(1.1849) ├┤ Ry(4.6077) ├┤ Rz(5.8585) ├─■─»
«                        └────────────┘└────────────┘└────────────┘ │ »
«q_7: ──────────────────────────────────────────────────────────────┼─»
«                                                                   │ »
«q_8: ──────────────────────────────────────────────────────────────■─»
«                                                                     »
«                                                                 »
«q_0: ────────────────────────────────────────────────────────────»
«                                                                 »
«q_1: ────────────────────────────────────────────────────────────»
«                                                                 »
«q_2: ────────────────────────────────────────────────────────────»
«                                                                 »
«q_3: ────────────────────────────────────────────────────────────»
«                                                                 »
«q_4: ────────────────────────────────────────────────────────────»
«                                                                 »
«q_5: ────────────────────────────────────────────────────────────»
«     ┌────────────┐┌─────────────┐┌───────────┐                  »
«q_6: ┤ Rx(4.7228) ├┤ Ry(0.15256) ├┤ Rz(2.514) ├──■───────────────»
«     └────────────┘└─────────────┘└───────────┘  │ ┌────────────┐»
«q_7: ────────────────────────────────────────────■─┤ Rx(4.9692) ├»
«     ┌────────────┐ ┌────────────┐┌────────────┐   └────────────┘»
«q_8: ┤ Rx(5.9778) ├─┤ Ry(5.6432) ├┤ Rz(3.2943) ├─────────────────»
«     └────────────┘ └────────────┘└────────────┘                 »
«                                                                             »
«q_0: ─────────────────────────────■──────────────────────────────────────────»
«                                  │                                          »
«q_1: ─────────────────────────────┼──────────────────────────────────────────»
«                                  │                                          »
«q_2: ─────────────────────────────┼──────────────────────────────────────────»
«                                  │                                          »
«q_3: ─────────────────────────────┼──────────────────────────────────────────»
«                                  │                                          »
«q_4: ─────────────────────────────┼──────────────────────────────────────────»
«                                  │                                          »
«q_5: ─────────────────────────────┼──────────────────────────────────────────»
«                                  │                                          »
«q_6: ─────────────────────────────┼──────────────────────────────────────────»
«     ┌────────────┐┌────────────┐ │ ┌──────────┐┌────────────┐┌─────────────┐»
«q_7: ┤ Ry(4.6938) ├┤ Rz(3.6616) ├─■─┤ Rx(6.29) ├┤ Ry(3.1467) ├┤ Rz(0.77678) ├»
«     └────────────┘└────────────┘   └──────────┘└────────────┘└─────────────┘»
«q_8: ────────────────────────────────────────────────────────────────────────»
«                                                                             »
«                                                                   »
«q_0: ──────────────────────────────────────────────────────────────»
«                                                                   »
«q_1: ──────────────────────────────────────────────────────────────»
«                                                                   »
«q_2: ──────────────────────────────────────────────■───────────────»
«                                                   │               »
«q_3: ──────────────────────────────────────────────┼───────────────»
«                                                   │               »
«q_4: ──────────────────────────────────────────────┼───────────────»
«                                                   │               »
«q_5: ──────────────────────────────────────────────┼───────────────»
«                                                   │               »
«q_6: ──────────────────────────────────────────────┼───────────────»
«                                                   │               »
«q_7: ─■────────────────────────────────────────────┼───────────────»
«      │ ┌────────────┐┌────────────┐┌────────────┐ │ ┌────────────┐»
«q_8: ─■─┤ Rx(3.4191) ├┤ Ry(2.4522) ├┤ Rz(1.5767) ├─■─┤ Rx(4.7368) ├»
«        └────────────┘└────────────┘└────────────┘   └────────────┘»
«                                     ░  ┌────────────┐  ┌───────────┐   »
«q_0: ────────────────────────────────░──┤ Rx(5.1993) ├──┤ Ry(1.489) ├───»
«                                     ░  ├────────────┤ ┌┴───────────┴┐  »
«q_1: ─────────────────────────────■──░──┤ Rx(1.5675) ├─┤ Ry(0.36158) ├──»
«                                  │  ░  ├────────────┤┌┴─────────────┴─┐»
«q_2: ─────────────────────────────┼──░──┤ Rx(3.1334) ├┤ Ry(-0.0097068) ├»
«                                  │  ░  ├────────────┤└─┬────────────┬─┘»
«q_3: ─────────────────────────────┼──░──┤ Rx(4.6889) ├──┤ Ry(5.1219) ├──»
«                                  │  ░  ├────────────┤  ├────────────┤  »
«q_4: ─────────────────────────────┼──░──┤ Rx(6.2755) ├──┤ Ry(3.1516) ├──»
«                                  │  ░  ├────────────┤  ├────────────┤  »
«q_5: ─────────────────────────────┼──░──┤ Rx(4.0035) ├──┤ Ry(1.5758) ├──»
«                                  │  ░  ├────────────┤  ├────────────┤  »
«q_6: ─────────────────────────────┼──░──┤ Rx(2.3854) ├──┤ Ry(2.7028) ├──»
«                                  │  ░ ┌┴────────────┤  ├────────────┤  »
«q_7: ─────────────────────────────┼──░─┤ Rx(0.37223) ├──┤ Ry(4.7209) ├──»
«     ┌────────────┐┌────────────┐ │  ░ └┬────────────┤  ├────────────┤  »
«q_8: ┤ Ry(1.9683) ├┤ Rz(1.6234) ├─■──░──┤ Rx(3.4035) ├──┤ Ry(1.5701) ├──»
«     └────────────┘└────────────┘    ░  └────────────┘  └────────────┘  »
«      ┌────────────┐   ┌────────────┐┌────────────┐┌────────────┐   »
«q_0: ─┤ Rz(2.5719) ├─■─┤ Rx(3.1505) ├┤ Ry(4.7156) ├┤ Rz(4.5913) ├───»
«      ├────────────┤ │ ├────────────┤├────────────┤├────────────┤   »
«q_1: ─┤ Rz(4.7194) ├─■─┤ Rx(3.3285) ├┤ Ry(1.5839) ├┤ Rz(2.7116) ├─■─»
«     ┌┴────────────┤   └────────────┘└────────────┘└────────────┘ │ »
«q_2: ┤ Rz(0.73434) ├──────────────────────────────────────────────■─»
«     └┬────────────┤                                                »
«q_3: ─┤ Rz(6.0028) ├────────────────────────────────────────────────»
«      ├────────────┤                                                »
«q_4: ─┤ Rz(1.7949) ├────────────────────────────────────────────────»
«      ├────────────┤                                                »
«q_5: ─┤ Rz(4.0058) ├────────────────────────────────────────────────»
«      ├────────────┤                                                »
«q_6: ─┤ Rz(2.0446) ├────────────────────────────────────────────────»
«      ├────────────┤                                                »
«q_7: ─┤ Rz(2.3035) ├────────────────────────────────────────────────»
«      ├────────────┤                                                »
«q_8: ─┤ Rz(2.3247) ├────────────────────────────────────────────────»
«      └────────────┘                                                »
«                                                                »
«q_0: ───────────────────────────────────────────────────────────»
«     ┌────────────┐┌────────────┐┌────────────┐                 »
«q_1: ┤ Rx(4.7878) ├┤ Ry(3.9588) ├┤ Rz(6.0321) ├─────────────────»
«     ├────────────┤├────────────┤├────────────┤   ┌────────────┐»
«q_2: ┤ Rx(4.2314) ├┤ Ry(1.5616) ├┤ Rz(4.5926) ├─■─┤ Rx(1.5792) ├»
«     └────────────┘└────────────┘└────────────┘ │ └────────────┘»
«q_3: ───────────────────────────────────────────┼───────────────»
«                                                │ ┌───────────┐ »
«q_4: ───────────────────────────────────────────■─┤ Rx(5.658) ├─»
«                                                  └───────────┘ »
«q_5: ───────────────────────────────────────────────────────────»
«                                                                »
«q_6: ───────────────────────────────────────────────────────────»
«                                                                »
«q_7: ───────────────────────────────────────────────────────────»
«                                                                »
«q_8: ───────────────────────────────────────────────────────────»
«                                                                »
«                                                                  »
«q_0: ─────────────────────────────────────────────────────────────»
«                                                                  »
«q_1: ─────────────────────────────────────────────────────────────»
«     ┌─────────────┐┌────────────┐   ┌────────────┐┌─────────────┐»
«q_2: ┤ Ry(0.37371) ├┤ Rz(5.9972) ├─■─┤ Rx(4.5274) ├┤ Ry(0.25365) ├»
«     └─────────────┘└────────────┘ │ ├────────────┤└┬────────────┤»
«q_3: ──────────────────────────────■─┤ Rx(2.8058) ├─┤ Ry(1.5746) ├»
«      ┌────────────┐┌────────────┐   └────────────┘ └────────────┘»
«q_4: ─┤ Ry(1.5403) ├┤ Rz(5.0346) ├────────────────────────────────»
«      └────────────┘└────────────┘                                »
«q_5: ─────────────────────────────────────────────────────────────»
«                                                                  »
«q_6: ─────────────────────────────────────────────────────────────»
«                                                                  »
«q_7: ─────────────────────────────────────────────────────────────»
«                                                                  »
«q_8: ─────────────────────────────────────────────────────────────»
«                                                                  »
«                      ┌────────────┐┌────────────┐┌────────────┐   »
«q_0: ───────────────■─┤ Rx(4.3019) ├┤ Ry(1.7017) ├┤ Rz(5.0053) ├───»
«                    │ └────────────┘└────────────┘└────────────┘   »
«q_1: ───────────────┼──────────────────────────────────────────────»
«     ┌────────────┐ │                                              »
«q_2: ┤ Rz(6.2226) ├─┼──────────────────────────────────────────────»
«     ├────────────┤ │ ┌────────────┐┌───────────┐ ┌───────────┐    »
«q_3: ┤ Rz(1.0629) ├─■─┤ Rx(1.6581) ├┤ Ry(5.141) ├─┤ Rz(3.081) ├──■─»
«     └────────────┘   └────────────┘└───────────┘ └───────────┘  │ »
«q_4: ────────────────────────────────────────────────────────────■─»
«                                                                   »
«q_5: ──────────────────────────────────────────────────────────────»
«                                                                   »
«q_6: ──────────────────────────────────────────────────────────────»
«                                                                   »
«q_7: ──────────────────────────────────────────────────────────────»
«                                                                   »
«q_8: ──────────────────────────────────────────────────────────────»
«                                                                   »
«                                                                   »
«q_0: ──────────────────────────────────────────────────────────────»
«                                                                   »
«q_1: ──────────────────────────────────────────────────────────────»
«                                                                   »
«q_2: ──────────────────────────────────────────────────────────────»
«                                                                   »
«q_3: ──────────────────────────────────────────────────────────────»
«     ┌────────────┐┌────────────┐┌────────────┐   ┌───────────────┐»
«q_4: ┤ Rx(3.1716) ├┤ Ry(3.0937) ├┤ Rz(3.0668) ├─■─┤ Rx(-0.003273) ├»
«     └────────────┘└────────────┘└────────────┘ │ └───────────────┘»
«q_5: ───────────────────────────────────────────┼──────────────────»
«                                                │   ┌────────────┐ »
«q_6: ───────────────────────────────────────────■───┤ Rx(1.5543) ├─»
«                                                    └────────────┘ »
«q_7: ──────────────────────────────────────────────────────────────»
«                                                                   »
«q_8: ──────────────────────────────────────────────────────────────»
«                                                                   »
«                                                                  »
«q_0: ─────────────────────────────────────────────────────────────»
«                                                                  »
«q_1: ─────────────────────────────────────────────────────────────»
«                                                                  »
«q_2: ─────────────────────────────────────────────────────────────»
«                                                                  »
«q_3: ─────────────────────────────────────────────────────────────»
«     ┌────────────┐┌────────────┐                                 »
«q_4: ┤ Ry(3.1276) ├┤ Rz(3.9901) ├─■───────────────────────────────»
«     └────────────┘└────────────┘ │ ┌──────────────┐┌────────────┐»
«q_5: ─────────────────────────────■─┤ Rx(-0.24957) ├┤ Ry(4.7159) ├»
«     ┌────────────┐┌────────────┐   └──────────────┘└────────────┘»
«q_6: ┤ Ry(3.1929) ├┤ Rz(3.1527) ├─────────────────────────────────»
«     └────────────┘└────────────┘                                 »
«q_7: ─────────────────────────────────────────────────────────────»
«                                                                  »
«q_8: ─────────────────────────────────────────────────────────────»
«                                                                  »
«                      ┌────────────┐┌─────────────┐┌─────────────┐   »
«q_0: ───────────────■─┤ Rx(5.9289) ├┤ Ry(0.39897) ├┤ Rz(0.81568) ├───»
«                    │ └────────────┘└─────────────┘└─────────────┘   »
«q_1: ───────────────┼────────────────────────────────────────────────»
«                    │                                                »
«q_2: ───────────────┼────────────────────────────────────────────────»
«                    │                                                »
«q_3: ───────────────┼────────────────────────────────────────────────»
«                    │                                                »
«q_4: ───────────────┼────────────────────────────────────────────────»
«     ┌────────────┐ │ ┌───────────┐  ┌────────────┐ ┌───────────┐    »
«q_5: ┤ Rz(3.9929) ├─■─┤ Rx(2.752) ├──┤ Ry(1.5106) ├─┤ Rz(1.237) ├──■─»
«     └────────────┘   └───────────┘  └────────────┘ └───────────┘  │ »
«q_6: ──────────────────────────────────────────────────────────────■─»
«                                                                     »
«q_7: ────────────────────────────────────────────────────────────────»
«                                                                     »
«q_8: ────────────────────────────────────────────────────────────────»
«                                                                     »
«                                                                   »
«q_0: ──────────────────────────────────────────────────────────────»
«                                                                   »
«q_1: ──────────────────────────────────────────────────────────────»
«                                                                   »
«q_2: ──────────────────────────────────────────────────────────────»
«                                                                   »
«q_3: ──────────────────────────────────────────────────────────────»
«                                                                   »
«q_4: ──────────────────────────────────────────────────────────────»
«                                                                   »
«q_5: ──────────────────────────────────────────────────────────────»
«     ┌────────────┐┌────────────┐┌────────────┐     ┌────────────┐ »
«q_6: ┤ Rx(1.3106) ├┤ Ry(1.5634) ├┤ Rz(4.2637) ├─■───┤ Rx(4.4105) ├─»
«     └────────────┘└────────────┘└────────────┘ │   └────────────┘ »
«q_7: ───────────────────────────────────────────┼──────────────────»
«                                                │ ┌───────────────┐»
«q_8: ───────────────────────────────────────────■─┤ Rx(0.0099253) ├»
«                                                  └───────────────┘»
«                                                                              »
«q_0: ─────────────────────────────────────────────────────────────────────────»
«                                                                              »
«q_1: ─────────────────────────────────────────────────────────────────────────»
«                                                                              »
«q_2: ─────────────────────────────────────────────────────────────────────────»
«                                                                              »
«q_3: ─────────────────────────────────────────────────────────────────────────»
«                                                                              »
«q_4: ─────────────────────────────────────────────────────────────────────────»
«                                                                              »
«q_5: ─────────────────────────────────────────────────────────────────────────»
«     ┌────────────┐┌────────────┐                                             »
«q_6: ┤ Ry(3.3507) ├┤ Rz(4.7655) ├─■───────────────────────────────────────────»
«     └────────────┘└────────────┘ │ ┌────────────┐┌────────────┐┌────────────┐»
«q_7: ─────────────────────────────■─┤ Rx(1.5691) ├┤ Ry(2.6542) ├┤ Rz(2.5423) ├»
«     ┌────────────┐┌────────────┐   └────────────┘└────────────┘└────────────┘»
«q_8: ┤ Ry(6.2879) ├┤ Rz(2.8013) ├─────────────────────────────────────────────»
«     └────────────┘└────────────┘                                             »
«                                                                   »
«q_0: ─■────────────────────────────────────────────────────────────»
«      │                                                            »
«q_1: ─┼────────────────────────────────────────────────────────────»
«      │                                                            »
«q_2: ─┼────────────────────────────────────────────────────────────»
«      │                                                            »
«q_3: ─┼────────────────────────────────────────────────────────────»
«      │                                                            »
«q_4: ─┼────────────────────────────────────────────────────────────»
«      │                                                            »
«q_5: ─┼────────────────────────────────────────────────────────────»
«      │                                                            »
«q_6: ─┼────────────────────────────────────────────────────────────»
«      │ ┌────────────┐┌────────────┐┌────────────┐                 »
«q_7: ─■─┤ Rx(1.5759) ├┤ Ry(5.6609) ├┤ Rz(3.1255) ├─■───────────────»
«        └────────────┘└────────────┘└────────────┘ │ ┌────────────┐»
«q_8: ──────────────────────────────────────────────■─┤ Rx(1.2264) ├»
«                                                     └────────────┘»
«                                                                »
«q_0: ───────────────────────────────────────────────────────────»
«                                                                »
«q_1: ───────────────────────────────────────────────────────────»
«                                                                »
«q_2: ─────────────────────────────■─────────────────────────────»
«                                  │                             »
«q_3: ─────────────────────────────┼─────────────────────────────»
«                                  │                             »
«q_4: ─────────────────────────────┼─────────────────────────────»
«                                  │                             »
«q_5: ─────────────────────────────┼─────────────────────────────»
«                                  │                             »
«q_6: ─────────────────────────────┼─────────────────────────────»
«                                  │                             »
«q_7: ─────────────────────────────┼─────────────────────────────»
«     ┌────────────┐┌────────────┐ │ ┌────────────┐┌────────────┐»
«q_8: ┤ Ry(4.9035) ├┤ Rz(3.7778) ├─■─┤ Rx(5.4356) ├┤ Ry(4.3157) ├»
«     └────────────┘└────────────┘   └────────────┘└────────────┘»
«                        ░ ┌────────────┐ ░                                  »
«q_0: ───────────────────░─┤ sensing_dm ├─░──────────────────────────────────»
«                        ░ ├────────────┤ ░    ┌─────────────┐┌─────────────┐»
«q_1: ────────────────■──░─┤ sensing_dm ├─░──■─┤ Rz(-2.0195) ├┤ Ry(-5.2788) ├»
«                     │  ░ ├────────────┤ ░  │ └─────────────┘└─────────────┘»
«q_2: ────────────────┼──░─┤ sensing_dm ├─░──┼───────────────────────────────»
«                     │  ░ ├────────────┤ ░  │                               »
«q_3: ────────────────┼──░─┤ sensing_dm ├─░──┼───────────────────────────────»
«                     │  ░ ├────────────┤ ░  │                               »
«q_4: ────────────────┼──░─┤ sensing_dm ├─░──┼───────────────────────────────»
«                     │  ░ ├────────────┤ ░  │                               »
«q_5: ────────────────┼──░─┤ sensing_dm ├─░──┼───────────────────────────────»
«                     │  ░ ├────────────┤ ░  │                               »
«q_6: ────────────────┼──░─┤ sensing_dm ├─░──┼───────────────────────────────»
«                     │  ░ ├────────────┤ ░  │                               »
«q_7: ────────────────┼──░─┤ sensing_dm ├─░──┼───────────────────────────────»
«     ┌─────────────┐ │  ░ ├────────────┤ ░  │ ┌─────────────┐┌─────────────┐»
«q_8: ┤ Rz(0.89746) ├─■──░─┤ sensing_dm ├─░──■─┤ Rz(-2.1153) ├┤ Ry(-2.5107) ├»
«     └─────────────┘    ░ └────────────┘ ░    └─────────────┘└─────────────┘»
«                                                                       »
«q_0: ──────────────────────────────────────────────────────────────────»
«      ┌────────────┐                                                   »
«q_1: ─┤ Rx(-6.039) ├───────────────────────────────────────────────────»
«      └────────────┘   ┌─────────────┐┌─────────────┐┌─────────────┐   »
«q_2: ────────────────■─┤ Rz(-4.5813) ├┤ Ry(-5.2026) ├┤ Rx(-2.0712) ├───»
«                     │ └─────────────┘└─────────────┘└─────────────┘   »
«q_3: ────────────────┼─────────────────────────────────────────────────»
«                     │                                                 »
«q_4: ────────────────┼─────────────────────────────────────────────────»
«                     │                                                 »
«q_5: ────────────────┼─────────────────────────────────────────────────»
«                     │                                                 »
«q_6: ────────────────┼─────────────────────────────────────────────────»
«                     │                                                 »
«q_7: ────────────────┼───────────────────────────────────────────────■─»
«     ┌─────────────┐ │ ┌─────────────┐┌─────────────┐┌─────────────┐ │ »
«q_8: ┤ Rx(-2.0906) ├─■─┤ Rz(-4.6091) ├┤ Ry(-1.7318) ├┤ Rx(-5.1037) ├─■─»
«     └─────────────┘   └─────────────┘└─────────────┘└─────────────┘   »
«                                                      ┌─────────────┐»
«q_0: ───────────────────────────────────────────────■─┤ Rz(-5.5565) ├»
«                                                    │ └─────────────┘»
«q_1: ───────────────────────────────────────────────┼────────────────»
«                                                    │                »
«q_2: ───────────────────────────────────────────────┼────────────────»
«                                                    │                »
«q_3: ───────────────────────────────────────────────┼────────────────»
«                                                    │                »
«q_4: ───────────────────────────────────────────────┼────────────────»
«                                                    │                »
«q_5: ───────────────────────────────────────────────┼────────────────»
«                                                    │                »
«q_6: ───────────────────────────────────────────────┼────────────────»
«     ┌─────────────┐┌─────────────┐ ┌─────────────┐ │ ┌─────────────┐»
«q_7: ┤ Rz(-1.5008) ├┤ Ry(-1.1771) ├─┤ Rx(-1.6488) ├─■─┤ Rz(-1.3217) ├»
«     └┬────────────┤├─────────────┴┐├─────────────┤   └─────────────┘»
«q_8: ─┤ Rz(-5.309) ├┤ Ry(-0.47592) ├┤ Rx(-4.1619) ├──────────────────»
«      └────────────┘└──────────────┘└─────────────┘                  »
«     ┌─────────────┐ ┌────────────┐                                    »
«q_0: ┤ Ry(-1.6425) ├─┤ Rx(-2.103) ├────────────────────────────────────»
«     └─────────────┘ └────────────┘                                    »
«q_1: ──────────────────────────────────────────────────────────────────»
«                                                                       »
«q_2: ──────────────────────────────────────────────────────────────────»
«                                                                       »
«q_3: ──────────────────────────────────────────────────────────────────»
«                                                                       »
«q_4: ──────────────────────────────────────────────────────────────────»
«                                                                       »
«q_5: ──────────────────────────────────────────────────────────────────»
«                                      ┌─────────────┐  ┌─────────────┐ »
«q_6: ───────────────────────────────■─┤ Rz(-1.9701) ├──┤ Ry(-5.0609) ├─»
«     ┌─────────────┐┌─────────────┐ │ ├─────────────┴┐┌┴─────────────┴┐»
«q_7: ┤ Ry(-4.5953) ├┤ Rx(-2.4545) ├─■─┤ Rz(-0.39882) ├┤ Ry(-0.076891) ├»
«     └─────────────┘└─────────────┘   └──────────────┘└───────────────┘»
«q_8: ──────────────────────────────────────────────────────────────────»
«                                                                       »
«                                                                          »
«q_0: ─────────────────────────────────────────────────────────────────────»
«                                                                          »
«q_1: ─────────────────────────────────────────────────────────────────────»
«                                                                          »
«q_2: ─────────────────────────────────────────────────────────────────────»
«                                                                          »
«q_3: ─────────────────────────────────────────────────────────────────────»
«                                                                          »
«q_4: ─────────────────────────────────────────────────────────────────────»
«                                                                          »
«q_5: ───────────────────────────────────────────────────────────────────■─»
«      ┌─────────────┐    ┌─────────────┐┌──────────────┐┌─────────────┐ │ »
«q_6: ─┤ Rx(-2.0731) ├──■─┤ Rz(-4.7777) ├┤ Ry(-0.45841) ├┤ Rx(-1.7191) ├─■─»
«     ┌┴─────────────┴┐ │ └─────────────┘└──────────────┘└─────────────┘   »
«q_7: ┤ Rx(-0.022861) ├─┼──────────────────────────────────────────────────»
«     └───────────────┘ │ ┌─────────────┐┌─────────────┐ ┌─────────────┐   »
«q_8: ──────────────────■─┤ Rz(-0.4098) ├┤ Ry(-1.0028) ├─┤ Rx(-6.1344) ├───»
«                         └─────────────┘└─────────────┘ └─────────────┘   »
«                                                     ┌─────────────┐»
«q_0: ──────────────────────────────────────────────■─┤ Rz(-1.8234) ├»
«                                                   │ └─────────────┘»
«q_1: ──────────────────────────────────────────────┼────────────────»
«                                                   │                »
«q_2: ──────────────────────────────────────────────┼────────────────»
«                                                   │                »
«q_3: ──────────────────────────────────────────────┼────────────────»
«                                                   │                »
«q_4: ──────────────────────────────────────────────┼────────────────»
«     ┌─────────────┐┌─────────────┐┌─────────────┐ │ ┌─────────────┐»
«q_5: ┤ Rz(-4.1927) ├┤ Ry(-2.7132) ├┤ Rx(-3.2903) ├─■─┤ Rz(-4.3065) ├»
«     ├─────────────┤├─────────────┤├─────────────┤   └─────────────┘»
«q_6: ┤ Rz(-3.3575) ├┤ Ry(-1.5531) ├┤ Rx(-3.8197) ├──────────────────»
«     └─────────────┘└─────────────┘└─────────────┘                  »
«q_7: ───────────────────────────────────────────────────────────────»
«                                                                    »
«q_8: ───────────────────────────────────────────────────────────────»
«                                                                    »
«     ┌─────────────┐ ┌────────────┐                                 »
«q_0: ┤ Ry(-1.2957) ├─┤ Rx(-3.048) ├─────────────────────────────────»
«     └─────────────┘ └────────────┘                                 »
«q_1: ───────────────────────────────────────────────────────────────»
«                                                                    »
«q_2: ───────────────────────────────────────────────────────────────»
«                                                                    »
«q_3: ───────────────────────────────────────────────────────────────»
«                                      ┌─────────────┐┌─────────────┐»
«q_4: ───────────────────────────────■─┤ Rz(-5.1863) ├┤ Ry(-4.7622) ├»
«     ┌─────────────┐┌─────────────┐ │ ├─────────────┤├─────────────┤»
«q_5: ┤ Ry(-0.1681) ├┤ Rx(-5.2129) ├─■─┤ Rz(-3.5536) ├┤ Ry(-3.3129) ├»
«     └─────────────┘└─────────────┘   └─────────────┘└─────────────┘»
«q_6: ───────────────────────────────────────────────────────────────»
«                                                                    »
«q_7: ───────────────────────────────────────────────────────────────»
«                                                                    »
«q_8: ───────────────────────────────────────────────────────────────»
«                                                                    »
«                                                                       »
«q_0: ──────────────────────────────────────────────────────────────────»
«                                                                       »
«q_1: ──────────────────────────────────────────────────────────────────»
«                                                                       »
«q_2: ──────────────────────────────────────────────────────────────────»
«                                                                       »
«q_3: ────────────────────────────────────────────────────────────────■─»
«     ┌─────────────┐   ┌─────────────┐┌─────────────┐┌─────────────┐ │ »
«q_4: ┤ Rx(-6.2788) ├─■─┤ Rz(-3.2753) ├┤ Ry(-4.8909) ├┤ Rx(-2.8605) ├─■─»
«     ├─────────────┤ │ └─────────────┘└─────────────┘└─────────────┘   »
«q_5: ┤ Rx(-5.9571) ├─┼─────────────────────────────────────────────────»
«     └─────────────┘ │ ┌─────────────┐┌─────────────┐┌─────────────┐   »
«q_6: ────────────────■─┤ Rz(-3.6584) ├┤ Ry(-4.9144) ├┤ Rx(-1.2956) ├───»
«                       └─────────────┘└─────────────┘└─────────────┘   »
«q_7: ──────────────────────────────────────────────────────────────────»
«                                                                       »
«q_8: ──────────────────────────────────────────────────────────────────»
«                                                                       »
«                                                      ┌──────────────┐»
«q_0: ───────────────────────────────────────────────■─┤ Rz(-0.47931) ├»
«                                                    │ └──────────────┘»
«q_1: ───────────────────────────────────────────────┼─────────────────»
«                                                    │                 »
«q_2: ───────────────────────────────────────────────┼─────────────────»
«     ┌─────────────┐┌─────────────┐  ┌────────────┐ │  ┌────────────┐ »
«q_3: ┤ Rz(-5.1038) ├┤ Ry(-3.2944) ├──┤ Rx(-2.857) ├─■──┤ Rz(-4.235) ├─»
«     ├─────────────┤├─────────────┴┐┌┴────────────┤    └────────────┘ »
«q_4: ┤ Rz(-5.7782) ├┤ Ry(-0.55476) ├┤ Rx(-5.0102) ├───────────────────»
«     └─────────────┘└──────────────┘└─────────────┘                   »
«q_5: ─────────────────────────────────────────────────────────────────»
«                                                                      »
«q_6: ─────────────────────────────────────────────────────────────────»
«                                                                      »
«q_7: ─────────────────────────────────────────────────────────────────»
«                                                                      »
«q_8: ─────────────────────────────────────────────────────────────────»
«                                                                      »
«     ┌────────────┐┌──────────────┐                                  »
«q_0: ┤ Ry(-6.111) ├┤ Rx(-0.30107) ├──────────────────────────────────»
«     └────────────┘└──────────────┘                                  »
«q_1: ────────────────────────────────────────────────────────────────»
«                                      ┌──────────────┐┌─────────────┐»
«q_2: ───────────────────────────────■─┤ Rz(-0.50708) ├┤ Ry(-4.4097) ├»
«     ┌────────────┐┌──────────────┐ │ ├─────────────┬┘├─────────────┤»
«q_3: ┤ Ry(-3.512) ├┤ Rx(-0.48203) ├─■─┤ Rz(-2.7771) ├─┤ Ry(-5.8486) ├»
«     └────────────┘└──────────────┘   └─────────────┘ └─────────────┘»
«q_4: ────────────────────────────────────────────────────────────────»
«                                                                     »
«q_5: ────────────────────────────────────────────────────────────────»
«                                                                     »
«q_6: ────────────────────────────────────────────────────────────────»
«                                                                     »
«q_7: ────────────────────────────────────────────────────────────────»
«                                                                     »
«q_8: ────────────────────────────────────────────────────────────────»
«                                                                     »
«                                                                          »
«q_0: ─────────────────────────────────────────────────────────────────────»
«                                                                          »
«q_1: ───────────────────────────────────────────────────────────────────■─»
«     ┌─────────────┐   ┌─────────────┐ ┌───────────────┐┌─────────────┐ │ »
«q_2: ┤ Rx(-1.6315) ├─■─┤ Rz(-6.0707) ├─┤ Ry(-0.063262) ├┤ Rx(-1.7124) ├─■─»
«     ├─────────────┤ │ └─────────────┘ └───────────────┘└─────────────┘   »
«q_3: ┤ Rx(-4.1533) ├─┼────────────────────────────────────────────────────»
«     └─────────────┘ │ ┌──────────────┐ ┌─────────────┐ ┌─────────────┐   »
«q_4: ────────────────■─┤ Rz(-0.21453) ├─┤ Ry(-1.7313) ├─┤ Rx(-5.8444) ├───»
«                       └──────────────┘ └─────────────┘ └─────────────┘   »
«q_5: ─────────────────────────────────────────────────────────────────────»
«                                                                          »
«q_6: ─────────────────────────────────────────────────────────────────────»
«                                                                          »
«q_7: ─────────────────────────────────────────────────────────────────────»
«                                                                          »
«q_8: ─────────────────────────────────────────────────────────────────────»
«                                                                          »
«                                                       ┌───────────────┐»
«q_0: ────────────────────────────────────────────────■─┤ Rz(-0.045203) ├»
«     ┌─────────────┐ ┌────────────┐ ┌──────────────┐ │ └┬─────────────┬┘»
«q_1: ┤ Rz(-1.1858) ├─┤ Ry(-1.189) ├─┤ Rx(-0.78849) ├─■──┤ Rz(-5.1244) ├─»
«     ├─────────────┤┌┴────────────┤┌┴──────────────┤    └─────────────┘ »
«q_2: ┤ Rz(-4.9275) ├┤ Ry(-2.2649) ├┤ Rx(-0.089128) ├────────────────────»
«     └─────────────┘└─────────────┘└───────────────┘                    »
«q_3: ───────────────────────────────────────────────────────────────────»
«                                                                        »
«q_4: ───────────────────────────────────────────────────────────────────»
«                                                                        »
«q_5: ───────────────────────────────────────────────────────────────────»
«                                                                        »
«q_6: ───────────────────────────────────────────────────────────────────»
«                                                                        »
«q_7: ───────────────────────────────────────────────────────────────────»
«                                                                        »
«q_8: ───────────────────────────────────────────────────────────────────»
«                                                                        »
«     ┌──────────────┐┌─────────────┐ ░                                  »
«q_0: ┤ Ry(-0.23695) ├┤ Rx(-6.2057) ├─░──────────────────────────────────»
«     ├─────────────┬┘├─────────────┤ ░    ┌─────────────┐┌─────────────┐»
«q_1: ┤ Ry(-6.1016) ├─┤ Rx(-4.2382) ├─░──■─┤ Rz(-2.7689) ├┤ Ry(-1.2614) ├»
«     └─────────────┘ └─────────────┘ ░  │ └─────────────┘└─────────────┘»
«q_2: ────────────────────────────────░──┼───────────────────────────────»
«                                     ░  │                               »
«q_3: ────────────────────────────────░──┼───────────────────────────────»
«                                     ░  │                               »
«q_4: ────────────────────────────────░──┼───────────────────────────────»
«                                     ░  │                               »
«q_5: ────────────────────────────────░──┼───────────────────────────────»
«                                     ░  │                               »
«q_6: ────────────────────────────────░──┼───────────────────────────────»
«                                     ░  │                               »
«q_7: ────────────────────────────────░──┼───────────────────────────────»
«                                     ░  │ ┌─────────────┐┌─────────────┐»
«q_8: ────────────────────────────────░──■─┤ Rz(-3.5266) ├┤ Ry(-5.7363) ├»
«                                     ░    └─────────────┘└─────────────┘»
«                                                                         »
«q_0: ────────────────────────────────────────────────────────────────────»
«     ┌─────────────┐                                                     »
«q_1: ┤ Rx(-5.0427) ├─────────────────────────────────────────────────────»
«     └─────────────┘   ┌──────────────┐┌─────────────┐┌──────────────┐   »
«q_2: ────────────────■─┤ Rz(-0.79393) ├┤ Ry(-4.8666) ├┤ Rx(-0.26831) ├───»
«                     │ └──────────────┘└─────────────┘└──────────────┘   »
«q_3: ────────────────┼───────────────────────────────────────────────────»
«                     │                                                   »
«q_4: ────────────────┼───────────────────────────────────────────────────»
«                     │                                                   »
«q_5: ────────────────┼───────────────────────────────────────────────────»
«                     │                                                   »
«q_6: ────────────────┼───────────────────────────────────────────────────»
«                     │                                                   »
«q_7: ────────────────┼─────────────────────────────────────────────────■─»
«     ┌─────────────┐ │ ┌─────────────┐ ┌─────────────┐ ┌────────────┐  │ »
«q_8: ┤ Rx(-2.1397) ├─■─┤ Rz(-1.7939) ├─┤ Ry(-2.2467) ├─┤ Rx(-1.197) ├──■─»
«     └─────────────┘   └─────────────┘ └─────────────┘ └────────────┘    »
«                                                     ┌─────────────┐»
«q_0: ──────────────────────────────────────────────■─┤ Rz(-6.1354) ├»
«                                                   │ └─────────────┘»
«q_1: ──────────────────────────────────────────────┼────────────────»
«                                                   │                »
«q_2: ──────────────────────────────────────────────┼────────────────»
«                                                   │                »
«q_3: ──────────────────────────────────────────────┼────────────────»
«                                                   │                »
«q_4: ──────────────────────────────────────────────┼────────────────»
«                                                   │                »
«q_5: ──────────────────────────────────────────────┼────────────────»
«                                                   │                »
«q_6: ──────────────────────────────────────────────┼────────────────»
«     ┌─────────────┐┌─────────────┐┌─────────────┐ │  ┌────────────┐»
«q_7: ┤ Rz(-1.9237) ├┤ Ry(-1.8096) ├┤ Rx(-5.0916) ├─■──┤ Rz(-1.986) ├»
«     ├─────────────┤├─────────────┤├─────────────┤    └────────────┘»
«q_8: ┤ Rz(-4.7434) ├┤ Ry(-5.2874) ├┤ Rx(-3.1666) ├──────────────────»
«     └─────────────┘└─────────────┘└─────────────┘                  »
«     ┌─────────────┐┌─────────────┐                                  »
«q_0: ┤ Ry(-3.3071) ├┤ Rx(-2.1088) ├──────────────────────────────────»
«     └─────────────┘└─────────────┘                                  »
«q_1: ────────────────────────────────────────────────────────────────»
«                                                                     »
«q_2: ────────────────────────────────────────────────────────────────»
«                                                                     »
«q_3: ────────────────────────────────────────────────────────────────»
«                                                                     »
«q_4: ────────────────────────────────────────────────────────────────»
«                                                                     »
«q_5: ────────────────────────────────────────────────────────────────»
«                                      ┌─────────────┐ ┌─────────────┐»
«q_6: ───────────────────────────────■─┤ Rz(-3.0786) ├─┤ Ry(-1.0451) ├»
«     ┌─────────────┐┌─────────────┐ │ ├─────────────┴┐├─────────────┤»
«q_7: ┤ Ry(-1.4558) ├┤ Rx(-4.1787) ├─■─┤ Rz(-0.10588) ├┤ Ry(-5.7443) ├»
«     └─────────────┘└─────────────┘   └──────────────┘└─────────────┘»
«q_8: ────────────────────────────────────────────────────────────────»
«                                                                     »
«                                                                           »
«q_0: ──────────────────────────────────────────────────────────────────────»
«                                                                           »
«q_1: ──────────────────────────────────────────────────────────────────────»
«                                                                           »
«q_2: ──────────────────────────────────────────────────────────────────────»
«                                                                           »
«q_3: ──────────────────────────────────────────────────────────────────────»
«                                                                           »
«q_4: ──────────────────────────────────────────────────────────────────────»
«                                                                           »
«q_5: ────────────────────────────────────────────────────────────────────■─»
«     ┌──────────────┐   ┌─────────────┐┌───────────────┐┌──────────────┐ │ »
«q_6: ┤ Rx(-0.65261) ├─■─┤ Rz(-2.5019) ├┤ Ry(-0.068382) ├┤ Rx(-0.53426) ├─■─»
«     ├─────────────┬┘ │ └─────────────┘└───────────────┘└──────────────┘   »
«q_7: ┤ Rx(-4.9105) ├──┼────────────────────────────────────────────────────»
«     └─────────────┘  │ ┌─────────────┐ ┌─────────────┐  ┌────────────┐    »
«q_8: ─────────────────■─┤ Rz(-4.1522) ├─┤ Ry(-4.9632) ├──┤ Rx(-2.669) ├────»
«                        └─────────────┘ └─────────────┘  └────────────┘    »
«                                                     ┌─────────────┐»
«q_0: ──────────────────────────────────────────────■─┤ Rz(-5.1842) ├»
«                                                   │ └─────────────┘»
«q_1: ──────────────────────────────────────────────┼────────────────»
«                                                   │                »
«q_2: ──────────────────────────────────────────────┼────────────────»
«                                                   │                »
«q_3: ──────────────────────────────────────────────┼────────────────»
«                                                   │                »
«q_4: ──────────────────────────────────────────────┼────────────────»
«     ┌─────────────┐┌─────────────┐┌─────────────┐ │  ┌────────────┐»
«q_5: ┤ Rz(-2.7375) ├┤ Ry(-6.2602) ├┤ Rx(-2.5041) ├─■──┤ Rz(-1.291) ├»
«     ├─────────────┤├─────────────┤└┬────────────┤    └────────────┘»
«q_6: ┤ Rz(-1.5701) ├┤ Ry(-3.0089) ├─┤ Rx(-3.853) ├──────────────────»
«     └─────────────┘└─────────────┘ └────────────┘                  »
«q_7: ───────────────────────────────────────────────────────────────»
«                                                                    »
«q_8: ───────────────────────────────────────────────────────────────»
«                                                                    »
«     ┌─────────────┐┌─────────────┐                                 »
«q_0: ┤ Ry(-5.3927) ├┤ Rx(-6.2171) ├─────────────────────────────────»
«     └─────────────┘└─────────────┘                                 »
«q_1: ───────────────────────────────────────────────────────────────»
«                                                                    »
«q_2: ───────────────────────────────────────────────────────────────»
«                                                                    »
«q_3: ───────────────────────────────────────────────────────────────»
«                                       ┌────────────┐┌─────────────┐»
«q_4: ───────────────────────────────■──┤ Rz(-5.815) ├┤ Ry(-3.1346) ├»
«     ┌─────────────┐┌─────────────┐ │ ┌┴────────────┤└┬───────────┬┘»
«q_5: ┤ Ry(-4.6682) ├┤ Rx(-5.2824) ├─■─┤ Rz(-4.8204) ├─┤ Ry(-1.13) ├─»
«     └─────────────┘└─────────────┘   └─────────────┘ └───────────┘ »
«q_6: ───────────────────────────────────────────────────────────────»
«                                                                    »
«q_7: ───────────────────────────────────────────────────────────────»
«                                                                    »
«q_8: ───────────────────────────────────────────────────────────────»
«                                                                    »
«                                                                        »
«q_0: ───────────────────────────────────────────────────────────────────»
«                                                                        »
«q_1: ───────────────────────────────────────────────────────────────────»
«                                                                        »
«q_2: ───────────────────────────────────────────────────────────────────»
«                                                                        »
«q_3: ─────────────────────────────────────────────────────────────────■─»
«     ┌──────────────┐   ┌─────────────┐┌─────────────┐┌─────────────┐ │ »
«q_4: ┤ Rx(-0.82782) ├─■─┤ Rz(-2.6532) ├┤ Ry(-3.7364) ├┤ Rx(-3.6273) ├─■─»
«     ├─────────────┬┘ │ └─────────────┘└─────────────┘└─────────────┘   »
«q_5: ┤ Rx(-4.4984) ├──┼─────────────────────────────────────────────────»
«     └─────────────┘  │ ┌─────────────┐┌─────────────┐┌─────────────┐   »
«q_6: ─────────────────■─┤ Rz(-1.6337) ├┤ Ry(-2.2281) ├┤ Rx(-4.4694) ├───»
«                        └─────────────┘└─────────────┘└─────────────┘   »
«q_7: ───────────────────────────────────────────────────────────────────»
«                                                                        »
«q_8: ───────────────────────────────────────────────────────────────────»
«                                                                        »
«                                                     ┌─────────────┐»
«q_0: ──────────────────────────────────────────────■─┤ Rz(-1.7307) ├»
«                                                   │ └─────────────┘»
«q_1: ──────────────────────────────────────────────┼────────────────»
«                                                   │                »
«q_2: ──────────────────────────────────────────────┼────────────────»
«     ┌─────────────┐┌─────────────┐┌─────────────┐ │ ┌─────────────┐»
«q_3: ┤ Rz(-3.9795) ├┤ Ry(-5.9881) ├┤ Rx(-4.6667) ├─■─┤ Rz(-3.1878) ├»
«     ├─────────────┤├─────────────┤├─────────────┤   └─────────────┘»
«q_4: ┤ Rz(-2.4151) ├┤ Ry(-4.9535) ├┤ Rx(-4.6472) ├──────────────────»
«     └─────────────┘└─────────────┘└─────────────┘                  »
«q_5: ───────────────────────────────────────────────────────────────»
«                                                                    »
«q_6: ───────────────────────────────────────────────────────────────»
«                                                                    »
«q_7: ───────────────────────────────────────────────────────────────»
«                                                                    »
«q_8: ───────────────────────────────────────────────────────────────»
«                                                                    »
«     ┌─────────────┐┌─────────────┐                                 »
«q_0: ┤ Ry(-1.3473) ├┤ Rx(-1.3922) ├─────────────────────────────────»
«     └─────────────┘└─────────────┘                                 »
«q_1: ───────────────────────────────────────────────────────────────»
«                                      ┌─────────────┐┌─────────────┐»
«q_2: ───────────────────────────────■─┤ Rz(-3.6291) ├┤ Ry(-4.8263) ├»
«      ┌────────────┐┌─────────────┐ │ ├─────────────┤├─────────────┤»
«q_3: ─┤ Ry(-2.708) ├┤ Rx(-5.5418) ├─■─┤ Rz(-4.4414) ├┤ Ry(-3.9434) ├»
«      └────────────┘└─────────────┘   └─────────────┘└─────────────┘»
«q_4: ───────────────────────────────────────────────────────────────»
«                                                                    »
«q_5: ───────────────────────────────────────────────────────────────»
«                                                                    »
«q_6: ───────────────────────────────────────────────────────────────»
«                                                                    »
«q_7: ───────────────────────────────────────────────────────────────»
«                                                                    »
«q_8: ───────────────────────────────────────────────────────────────»
«                                                                    »
«                                                                        »
«q_0: ───────────────────────────────────────────────────────────────────»
«                                                                        »
«q_1: ─────────────────────────────────────────────────────────────────■─»
«     ┌─────────────┐    ┌─────────────┐┌─────────────┐┌─────────────┐ │ »
«q_2: ┤ Rx(-3.4081) ├──■─┤ Rz(-3.0728) ├┤ Ry(-4.6452) ├┤ Rx(-3.1942) ├─■─»
«     ├─────────────┴┐ │ └─────────────┘└─────────────┘└─────────────┘   »
«q_3: ┤ Rx(-0.47873) ├─┼─────────────────────────────────────────────────»
«     └──────────────┘ │ ┌─────────────┐┌─────────────┐┌─────────────┐   »
«q_4: ─────────────────■─┤ Rz(-1.2645) ├┤ Ry(-5.3501) ├┤ Rx(-0.2865) ├───»
«                        └─────────────┘└─────────────┘└─────────────┘   »
«q_5: ───────────────────────────────────────────────────────────────────»
«                                                                        »
«q_6: ───────────────────────────────────────────────────────────────────»
«                                                                        »
«q_7: ───────────────────────────────────────────────────────────────────»
«                                                                        »
«q_8: ───────────────────────────────────────────────────────────────────»
«                                                                        »
«                                                      ┌──────────────┐»
«q_0: ───────────────────────────────────────────────■─┤ Rz(-0.60114) ├»
«     ┌─────────────┐┌─────────────┐┌──────────────┐ │ ├─────────────┬┘»
«q_1: ┤ Rz(-5.6639) ├┤ Ry(-2.8305) ├┤ Rx(-0.42259) ├─■─┤ Rz(-1.1652) ├─»
«     ├─────────────┤├─────────────┤├─────────────┬┘   └─────────────┘ »
«q_2: ┤ Rz(-3.2126) ├┤ Ry(-1.5303) ├┤ Rx(-5.4279) ├────────────────────»
«     └─────────────┘└─────────────┘└─────────────┘                    »
«q_3: ─────────────────────────────────────────────────────────────────»
«                                                                      »
«q_4: ─────────────────────────────────────────────────────────────────»
«                                                                      »
«q_5: ─────────────────────────────────────────────────────────────────»
«                                                                      »
«q_6: ─────────────────────────────────────────────────────────────────»
«                                                                      »
«q_7: ─────────────────────────────────────────────────────────────────»
«                                                                      »
«q_8: ─────────────────────────────────────────────────────────────────»
«                                                                      »
«     ┌─────────────┐┌─────────────┐
«q_0: ┤ Ry(-2.7529) ├┤ Rx(-5.7102) ├
«     └┬───────────┬┘├─────────────┤
«q_1: ─┤ Ry(-3.33) ├─┤ Rx(-2.9243) ├
«      └───────────┘ └─────────────┘
«q_2: ──────────────────────────────
«                                   
«q_3: ──────────────────────────────
«                                   
«q_4: ──────────────────────────────
«                                   
«q_5: ──────────────────────────────
«                                   
«q_6: ──────────────────────────────
«                                   
«q_7: ──────────────────────────────
«                                   
«q_8: ──────────────────────────────
«                                   
0 0.006454328664717076
5 0.005317106845887411
10 0.004939254344672615
15 0.004770789745273
20 0.004806752026815039
25 0.00479229451266076
30 0.0046408124670842535
35 0.004630807472909544
40 0.004802515362037374
45 0.004920046234970135
50 0.004902835763680884
55 0.004889418873323907
60 0.0048310908474316185
65 0.004959355985527913
70 0.005039654422078427
75 0.005024191516946723
80 0.005054006009374785
85 0.004910904534694719
90 0.004838420374807782
95 0.004936158727218684
100 0.004915075575201105
105 0.0048580836759577126
110 0.004616906348743705
115 0.004595439880676469
120 0.0045156872825778864
125 0.0044971072567393106
130 0.004813642420062311
135 0.004982921400569255
140 0.0049206128098125195
145 0.004955052741777988
150 0.0048310208532862135
155 0.004736880860106612
160 0.00477102789693673
165 0.004758981603725705
170 0.004907090037362176
175 0.004924639562653579
180 0.004847970532724971
185 0.00481874652985112
190 0.004804600886033735
195 0.004739142895071477
0.004832393346854543
