      ┌────────────┐  ┌────────────┐┌─────────────┐    ┌────────────┐ »
q_0: ─┤ Rx(4.0022) ├──┤ Ry(4.7225) ├┤ Rz(0.55025) ├─■──┤ Rx(4.2013) ├─»
     ┌┴────────────┴┐ ├────────────┤└┬────────────┤ │ ┌┴────────────┴┐»
q_1: ┤ Rx(-0.75461) ├─┤ Ry(4.7252) ├─┤ Rz(3.0563) ├─■─┤ Rx(-0.34623) ├»
     └┬────────────┬┘ ├────────────┤ ├───────────┬┘   └──────────────┘»
q_2: ─┤ Rx(5.9719) ├──┤ Ry(4.4256) ├─┤ Rz(4.637) ├────────────────────»
      ├────────────┤ ┌┴────────────┤ ├───────────┴┐                   »
q_3: ─┤ Rx(6.2776) ├─┤ Ry(0.11728) ├─┤ Rz(6.2805) ├───────────────────»
      ├────────────┤ └┬────────────┤ ├────────────┤                   »
q_4: ─┤ Rx(6.1025) ├──┤ Ry(1.5598) ├─┤ Rz(5.0599) ├───────────────────»
      ├────────────┤  ├────────────┤ ├────────────┤                   »
q_5: ─┤ Rx(1.5026) ├──┤ Ry(4.8139) ├─┤ Rz(3.0272) ├───────────────────»
      ├────────────┤  ├────────────┤ ├────────────┤                   »
q_6: ─┤ Rx(1.5772) ├──┤ Ry(6.1431) ├─┤ Rz(5.5353) ├───────────────────»
      ├───────────┬┘  ├────────────┤┌┴────────────┤                   »
q_7: ─┤ Rx(1.745) ├───┤ Ry(1.6018) ├┤ Rz(0.20641) ├───────────────────»
      ├───────────┴┐  ├────────────┤└┬────────────┤                   »
q_8: ─┤ Rx(4.4493) ├──┤ Ry(4.7111) ├─┤ Rz(2.9822) ├───────────────────»
      └────────────┘  └────────────┘ └────────────┘                   »
«     ┌────────────┐┌────────────┐                                »
«q_0: ┤ Ry(3.1759) ├┤ Rz(5.5425) ├────────────────────────────────»
«     ├────────────┤├────────────┤    ┌────────────┐┌────────────┐»
«q_1: ┤ Ry(5.9082) ├┤ Rz(1.2176) ├─■──┤ Rx(3.1407) ├┤ Ry(3.1329) ├»
«     └────────────┘└────────────┘ │ ┌┴────────────┤├───────────┬┘»
«q_2: ─────────────────────────────■─┤ Rx(0.92266) ├┤ Ry(1.096) ├─»
«                                    └─────────────┘└───────────┘ »
«q_3: ────────────────────────────────────────────────────────────»
«                                                                 »
«q_4: ────────────────────────────────────────────────────────────»
«                                                                 »
«q_5: ────────────────────────────────────────────────────────────»
«                                                                 »
«q_6: ────────────────────────────────────────────────────────────»
«                                                                 »
«q_7: ────────────────────────────────────────────────────────────»
«                                                                 »
«q_8: ────────────────────────────────────────────────────────────»
«                                                                 »
«                                                                     »
«q_0: ────────────────────────────────────────────────────────────────»
«      ┌───────────┐                                                  »
«q_1: ─┤ Rz(4.294) ├──────────────────────────────────────────────────»
«     ┌┴───────────┴┐   ┌────────────┐┌────────────┐┌─────────────┐   »
«q_2: ┤ Rz(0.77164) ├─■─┤ Rx(2.0215) ├┤ Ry(2.9455) ├┤ Rz(0.55364) ├─■─»
«     └─────────────┘ │ └────────────┘└────────────┘└─────────────┘ │ »
«q_3: ────────────────┼─────────────────────────────────────────────■─»
«                     │ ┌────────────┐┌────────────┐ ┌────────────┐   »
«q_4: ────────────────■─┤ Rx(4.6989) ├┤ Ry(2.5857) ├─┤ Rz(6.1358) ├───»
«                       └────────────┘└────────────┘ └────────────┘   »
«q_5: ────────────────────────────────────────────────────────────────»
«                                                                     »
«q_6: ────────────────────────────────────────────────────────────────»
«                                                                     »
«q_7: ────────────────────────────────────────────────────────────────»
«                                                                     »
«q_8: ────────────────────────────────────────────────────────────────»
«                                                                     »
«                                                  ┌────────────┐»
«q_0: ───────────────────────────────────────────■─┤ Rx(2.0967) ├»
«                                                │ └────────────┘»
«q_1: ───────────────────────────────────────────┼───────────────»
«     ┌────────────┐┌────────────┐┌────────────┐ │               »
«q_2: ┤ Rx(3.2973) ├┤ Ry(5.6191) ├┤ Rz(2.7919) ├─┼───────────────»
«     ├────────────┤├────────────┤├────────────┤ │ ┌────────────┐»
«q_3: ┤ Rx(3.8397) ├┤ Ry(4.7154) ├┤ Rz(2.2993) ├─■─┤ Rx(4.8127) ├»
«     └────────────┘└────────────┘└────────────┘   └────────────┘»
«q_4: ───────────────────────────────────────────────────────────»
«                                                                »
«q_5: ───────────────────────────────────────────────────────────»
«                                                                »
«q_6: ───────────────────────────────────────────────────────────»
«                                                                »
«q_7: ───────────────────────────────────────────────────────────»
«                                                                »
«q_8: ───────────────────────────────────────────────────────────»
«                                                                »
«      ┌────────────┐┌────────────┐                                            »
«q_0: ─┤ Ry(4.7044) ├┤ Rz(5.8319) ├────────────────────────────────────────────»
«      └────────────┘└────────────┘                                            »
«q_1: ─────────────────────────────────────────────────────────────────────────»
«                                                                              »
«q_2: ─────────────────────────────────────────────────────────────────────────»
«     ┌─────────────┐┌────────────┐                                            »
«q_3: ┤ Ry(0.15814) ├┤ Rz(5.8753) ├─■──────────────────────────────────────────»
«     └─────────────┘└────────────┘ │ ┌────────────┐┌────────────┐┌───────────┐»
«q_4: ──────────────────────────────■─┤ Rx(2.0482) ├┤ Ry(5.0615) ├┤ Rz(2.429) ├»
«                                     └────────────┘└────────────┘└───────────┘»
«q_5: ─────────────────────────────────────────────────────────────────────────»
«                                                                              »
«q_6: ─────────────────────────────────────────────────────────────────────────»
«                                                                              »
«q_7: ─────────────────────────────────────────────────────────────────────────»
«                                                                              »
«q_8: ─────────────────────────────────────────────────────────────────────────»
«                                                                              »
«                                                                   »
«q_0: ──────────────────────────────────────────────────────────────»
«                                                                   »
«q_1: ──────────────────────────────────────────────────────────────»
«                                                                   »
«q_2: ──────────────────────────────────────────────────────────────»
«                                                                   »
«q_3: ──────────────────────────────────────────────────────────────»
«        ┌────────────┐┌────────────┐┌────────────┐                 »
«q_4: ─■─┤ Rx(2.7002) ├┤ Ry(1.5894) ├┤ Rz(3.4343) ├─■───────────────»
«      │ └────────────┘└────────────┘└────────────┘ │ ┌────────────┐»
«q_5: ─┼────────────────────────────────────────────■─┤ Rx(3.0561) ├»
«      │ ┌────────────┐┌───────────┐ ┌────────────┐   └────────────┘»
«q_6: ─■─┤ Rx(1.5843) ├┤ Ry(2.419) ├─┤ Rz(4.7668) ├─────────────────»
«        └────────────┘└───────────┘ └────────────┘                 »
«q_7: ──────────────────────────────────────────────────────────────»
«                                                                   »
«q_8: ──────────────────────────────────────────────────────────────»
«                                                                   »
«                                    ┌────────────┐┌────────────┐»
«q_0: ─────────────────────────────■─┤ Rx(2.8571) ├┤ Ry(3.1595) ├»
«                                  │ └────────────┘└────────────┘»
«q_1: ─────────────────────────────┼─────────────────────────────»
«                                  │                             »
«q_2: ─────────────────────────────┼─────────────────────────────»
«                                  │                             »
«q_3: ─────────────────────────────┼─────────────────────────────»
«                                  │                             »
«q_4: ─────────────────────────────┼─────────────────────────────»
«     ┌────────────┐┌────────────┐ │ ┌────────────┐┌────────────┐»
«q_5: ┤ Ry(3.6463) ├┤ Rz(1.7422) ├─■─┤ Rx(3.1375) ├┤ Ry(3.1508) ├»
«     └────────────┘└────────────┘   └────────────┘└────────────┘»
«q_6: ───────────────────────────────────────────────────────────»
«                                                                »
«q_7: ───────────────────────────────────────────────────────────»
«                                                                »
«q_8: ───────────────────────────────────────────────────────────»
«                                                                »
«     ┌──────────────┐                                                »
«q_0: ┤ Rz(0.038433) ├────────────────────────────────────────────────»
«     └──────────────┘                                                »
«q_1: ────────────────────────────────────────────────────────────────»
«                                                                     »
«q_2: ────────────────────────────────────────────────────────────────»
«                                                                     »
«q_3: ────────────────────────────────────────────────────────────────»
«                                                                     »
«q_4: ────────────────────────────────────────────────────────────────»
«      ┌────────────┐                                                 »
«q_5: ─┤ Rz(3.1912) ├──■──────────────────────────────────────────────»
«      └────────────┘  │ ┌────────────┐┌────────────┐┌────────────┐   »
«q_6: ─────────────────■─┤ Rx(1.1849) ├┤ Ry(4.6077) ├┤ Rz(5.8585) ├─■─»
«                        └────────────┘└────────────┘└────────────┘ │ »
«q_7: ──────────────────────────────────────────────────────────────┼─»
«                                                                   │ »
«q_8: ──────────────────────────────────────────────────────────────■─»
«                                                                     »
«                                                                 »
«q_0: ────────────────────────────────────────────────────────────»
«                                                                 »
«q_1: ────────────────────────────────────────────────────────────»
«                                                                 »
«q_2: ────────────────────────────────────────────────────────────»
«                                                                 »
«q_3: ────────────────────────────────────────────────────────────»
«                                                                 »
«q_4: ────────────────────────────────────────────────────────────»
«                                                                 »
«q_5: ────────────────────────────────────────────────────────────»
«     ┌────────────┐┌─────────────┐┌───────────┐                  »
«q_6: ┤ Rx(4.7228) ├┤ Ry(0.15256) ├┤ Rz(2.514) ├──■───────────────»
«     └────────────┘└─────────────┘└───────────┘  │ ┌────────────┐»
«q_7: ────────────────────────────────────────────■─┤ Rx(4.9692) ├»
«     ┌────────────┐ ┌────────────┐┌────────────┐   └────────────┘»
«q_8: ┤ Rx(5.9778) ├─┤ Ry(5.6432) ├┤ Rz(3.2943) ├─────────────────»
«     └────────────┘ └────────────┘└────────────┘                 »
«                                                                             »
«q_0: ─────────────────────────────■──────────────────────────────────────────»
«                                  │                                          »
«q_1: ─────────────────────────────┼──────────────────────────────────────────»
«                                  │                                          »
«q_2: ─────────────────────────────┼──────────────────────────────────────────»
«                                  │                                          »
«q_3: ─────────────────────────────┼──────────────────────────────────────────»
«                                  │                                          »
«q_4: ─────────────────────────────┼──────────────────────────────────────────»
«                                  │                                          »
«q_5: ─────────────────────────────┼──────────────────────────────────────────»
«                                  │                                          »
«q_6: ─────────────────────────────┼──────────────────────────────────────────»
«     ┌────────────┐┌────────────┐ │ ┌──────────┐┌────────────┐┌─────────────┐»
«q_7: ┤ Ry(4.6938) ├┤ Rz(3.6616) ├─■─┤ Rx(6.29) ├┤ Ry(3.1467) ├┤ Rz(0.77678) ├»
«     └────────────┘└────────────┘   └──────────┘└────────────┘└─────────────┘»
«q_8: ────────────────────────────────────────────────────────────────────────»
«                                                                             »
«                                                                   »
«q_0: ──────────────────────────────────────────────────────────────»
«                                                                   »
«q_1: ──────────────────────────────────────────────────────────────»
«                                                                   »
«q_2: ──────────────────────────────────────────────■───────────────»
«                                                   │               »
«q_3: ──────────────────────────────────────────────┼───────────────»
«                                                   │               »
«q_4: ──────────────────────────────────────────────┼───────────────»
«                                                   │               »
«q_5: ──────────────────────────────────────────────┼───────────────»
«                                                   │               »
«q_6: ──────────────────────────────────────────────┼───────────────»
«                                                   │               »
«q_7: ─■────────────────────────────────────────────┼───────────────»
«      │ ┌────────────┐┌────────────┐┌────────────┐ │ ┌────────────┐»
«q_8: ─■─┤ Rx(3.4191) ├┤ Ry(2.4522) ├┤ Rz(1.5767) ├─■─┤ Rx(4.7368) ├»
«        └────────────┘└────────────┘└────────────┘   └────────────┘»
«                                     ░  ┌────────────┐  ┌───────────┐   »
«q_0: ────────────────────────────────░──┤ Rx(5.1993) ├──┤ Ry(1.489) ├───»
«                                     ░  ├────────────┤ ┌┴───────────┴┐  »
«q_1: ─────────────────────────────■──░──┤ Rx(1.5675) ├─┤ Ry(0.36158) ├──»
«                                  │  ░  ├────────────┤┌┴─────────────┴─┐»
«q_2: ─────────────────────────────┼──░──┤ Rx(3.1334) ├┤ Ry(-0.0097068) ├»
«                                  │  ░  ├────────────┤└─┬────────────┬─┘»
«q_3: ─────────────────────────────┼──░──┤ Rx(4.6889) ├──┤ Ry(5.1219) ├──»
«                                  │  ░  ├────────────┤  ├────────────┤  »
«q_4: ─────────────────────────────┼──░──┤ Rx(6.2755) ├──┤ Ry(3.1516) ├──»
«                                  │  ░  ├────────────┤  ├────────────┤  »
«q_5: ─────────────────────────────┼──░──┤ Rx(4.0035) ├──┤ Ry(1.5758) ├──»
«                                  │  ░  ├────────────┤  ├────────────┤  »
«q_6: ─────────────────────────────┼──░──┤ Rx(2.3854) ├──┤ Ry(2.7028) ├──»
«                                  │  ░ ┌┴────────────┤  ├────────────┤  »
«q_7: ─────────────────────────────┼──░─┤ Rx(0.37223) ├──┤ Ry(4.7209) ├──»
«     ┌────────────┐┌────────────┐ │  ░ └┬────────────┤  ├────────────┤  »
«q_8: ┤ Ry(1.9683) ├┤ Rz(1.6234) ├─■──░──┤ Rx(3.4035) ├──┤ Ry(1.5701) ├──»
«     └────────────┘└────────────┘    ░  └────────────┘  └────────────┘  »
«      ┌────────────┐   ┌────────────┐┌────────────┐┌────────────┐   »
«q_0: ─┤ Rz(2.5719) ├─■─┤ Rx(3.1505) ├┤ Ry(4.7156) ├┤ Rz(4.5913) ├───»
«      ├────────────┤ │ ├────────────┤├────────────┤├────────────┤   »
«q_1: ─┤ Rz(4.7194) ├─■─┤ Rx(3.3285) ├┤ Ry(1.5839) ├┤ Rz(2.7116) ├─■─»
«     ┌┴────────────┤   └────────────┘└────────────┘└────────────┘ │ »
«q_2: ┤ Rz(0.73434) ├──────────────────────────────────────────────■─»
«     └┬────────────┤                                                »
«q_3: ─┤ Rz(6.0028) ├────────────────────────────────────────────────»
«      ├────────────┤                                                »
«q_4: ─┤ Rz(1.7949) ├────────────────────────────────────────────────»
«      ├────────────┤                                                »
«q_5: ─┤ Rz(4.0058) ├────────────────────────────────────────────────»
«      ├────────────┤                                                »
«q_6: ─┤ Rz(2.0446) ├────────────────────────────────────────────────»
«      ├────────────┤                                                »
«q_7: ─┤ Rz(2.3035) ├────────────────────────────────────────────────»
«      ├────────────┤                                                »
«q_8: ─┤ Rz(2.3247) ├────────────────────────────────────────────────»
«      └────────────┘                                                »
«                                                                »
«q_0: ───────────────────────────────────────────────────────────»
«     ┌────────────┐┌────────────┐┌────────────┐                 »
«q_1: ┤ Rx(4.7878) ├┤ Ry(3.9588) ├┤ Rz(6.0321) ├─────────────────»
«     ├────────────┤├────────────┤├────────────┤   ┌────────────┐»
«q_2: ┤ Rx(4.2314) ├┤ Ry(1.5616) ├┤ Rz(4.5926) ├─■─┤ Rx(1.5792) ├»
«     └────────────┘└────────────┘└────────────┘ │ └────────────┘»
«q_3: ───────────────────────────────────────────┼───────────────»
«                                                │ ┌───────────┐ »
«q_4: ───────────────────────────────────────────■─┤ Rx(5.658) ├─»
«                                                  └───────────┘ »
«q_5: ───────────────────────────────────────────────────────────»
«                                                                »
«q_6: ───────────────────────────────────────────────────────────»
«                                                                »
«q_7: ───────────────────────────────────────────────────────────»
«                                                                »
«q_8: ───────────────────────────────────────────────────────────»
«                                                                »
«                                                                  »
«q_0: ─────────────────────────────────────────────────────────────»
«                                                                  »
«q_1: ─────────────────────────────────────────────────────────────»
«     ┌─────────────┐┌────────────┐   ┌────────────┐┌─────────────┐»
«q_2: ┤ Ry(0.37371) ├┤ Rz(5.9972) ├─■─┤ Rx(4.5274) ├┤ Ry(0.25365) ├»
«     └─────────────┘└────────────┘ │ ├────────────┤└┬────────────┤»
«q_3: ──────────────────────────────■─┤ Rx(2.8058) ├─┤ Ry(1.5746) ├»
«      ┌────────────┐┌────────────┐   └────────────┘ └────────────┘»
«q_4: ─┤ Ry(1.5403) ├┤ Rz(5.0346) ├────────────────────────────────»
«      └────────────┘└────────────┘                                »
«q_5: ─────────────────────────────────────────────────────────────»
«                                                                  »
«q_6: ─────────────────────────────────────────────────────────────»
«                                                                  »
«q_7: ─────────────────────────────────────────────────────────────»
«                                                                  »
«q_8: ─────────────────────────────────────────────────────────────»
«                                                                  »
«                      ┌────────────┐┌────────────┐┌────────────┐   »
«q_0: ───────────────■─┤ Rx(4.3019) ├┤ Ry(1.7017) ├┤ Rz(5.0053) ├───»
«                    │ └────────────┘└────────────┘└────────────┘   »
«q_1: ───────────────┼──────────────────────────────────────────────»
«     ┌────────────┐ │                                              »
«q_2: ┤ Rz(6.2226) ├─┼──────────────────────────────────────────────»
«     ├────────────┤ │ ┌────────────┐┌───────────┐ ┌───────────┐    »
«q_3: ┤ Rz(1.0629) ├─■─┤ Rx(1.6581) ├┤ Ry(5.141) ├─┤ Rz(3.081) ├──■─»
«     └────────────┘   └────────────┘└───────────┘ └───────────┘  │ »
«q_4: ────────────────────────────────────────────────────────────■─»
«                                                                   »
«q_5: ──────────────────────────────────────────────────────────────»
«                                                                   »
«q_6: ──────────────────────────────────────────────────────────────»
«                                                                   »
«q_7: ──────────────────────────────────────────────────────────────»
«                                                                   »
«q_8: ──────────────────────────────────────────────────────────────»
«                                                                   »
«                                                                   »
«q_0: ──────────────────────────────────────────────────────────────»
«                                                                   »
«q_1: ──────────────────────────────────────────────────────────────»
«                                                                   »
«q_2: ──────────────────────────────────────────────────────────────»
«                                                                   »
«q_3: ──────────────────────────────────────────────────────────────»
«     ┌────────────┐┌────────────┐┌────────────┐   ┌───────────────┐»
«q_4: ┤ Rx(3.1716) ├┤ Ry(3.0937) ├┤ Rz(3.0668) ├─■─┤ Rx(-0.003273) ├»
«     └────────────┘└────────────┘└────────────┘ │ └───────────────┘»
«q_5: ───────────────────────────────────────────┼──────────────────»
«                                                │   ┌────────────┐ »
«q_6: ───────────────────────────────────────────■───┤ Rx(1.5543) ├─»
«                                                    └────────────┘ »
«q_7: ──────────────────────────────────────────────────────────────»
«                                                                   »
«q_8: ──────────────────────────────────────────────────────────────»
«                                                                   »
«                                                                  »
«q_0: ─────────────────────────────────────────────────────────────»
«                                                                  »
«q_1: ─────────────────────────────────────────────────────────────»
«                                                                  »
«q_2: ─────────────────────────────────────────────────────────────»
«                                                                  »
«q_3: ─────────────────────────────────────────────────────────────»
«     ┌────────────┐┌────────────┐                                 »
«q_4: ┤ Ry(3.1276) ├┤ Rz(3.9901) ├─■───────────────────────────────»
«     └────────────┘└────────────┘ │ ┌──────────────┐┌────────────┐»
«q_5: ─────────────────────────────■─┤ Rx(-0.24957) ├┤ Ry(4.7159) ├»
«     ┌────────────┐┌────────────┐   └──────────────┘└────────────┘»
«q_6: ┤ Ry(3.1929) ├┤ Rz(3.1527) ├─────────────────────────────────»
«     └────────────┘└────────────┘                                 »
«q_7: ─────────────────────────────────────────────────────────────»
«                                                                  »
«q_8: ─────────────────────────────────────────────────────────────»
«                                                                  »
«                      ┌────────────┐┌─────────────┐┌─────────────┐   »
«q_0: ───────────────■─┤ Rx(5.9289) ├┤ Ry(0.39897) ├┤ Rz(0.81568) ├───»
«                    │ └────────────┘└─────────────┘└─────────────┘   »
«q_1: ───────────────┼────────────────────────────────────────────────»
«                    │                                                »
«q_2: ───────────────┼────────────────────────────────────────────────»
«                    │                                                »
«q_3: ───────────────┼────────────────────────────────────────────────»
«                    │                                                »
«q_4: ───────────────┼────────────────────────────────────────────────»
«     ┌────────────┐ │ ┌───────────┐  ┌────────────┐ ┌───────────┐    »
«q_5: ┤ Rz(3.9929) ├─■─┤ Rx(2.752) ├──┤ Ry(1.5106) ├─┤ Rz(1.237) ├──■─»
«     └────────────┘   └───────────┘  └────────────┘ └───────────┘  │ »
«q_6: ──────────────────────────────────────────────────────────────■─»
«                                                                     »
«q_7: ────────────────────────────────────────────────────────────────»
«                                                                     »
«q_8: ────────────────────────────────────────────────────────────────»
«                                                                     »
«                                                                   »
«q_0: ──────────────────────────────────────────────────────────────»
«                                                                   »
«q_1: ──────────────────────────────────────────────────────────────»
«                                                                   »
«q_2: ──────────────────────────────────────────────────────────────»
«                                                                   »
«q_3: ──────────────────────────────────────────────────────────────»
«                                                                   »
«q_4: ──────────────────────────────────────────────────────────────»
«                                                                   »
«q_5: ──────────────────────────────────────────────────────────────»
«     ┌────────────┐┌────────────┐┌────────────┐     ┌────────────┐ »
«q_6: ┤ Rx(1.3106) ├┤ Ry(1.5634) ├┤ Rz(4.2637) ├─■───┤ Rx(4.4105) ├─»
«     └────────────┘└────────────┘└────────────┘ │   └────────────┘ »
«q_7: ───────────────────────────────────────────┼──────────────────»
«                                                │ ┌───────────────┐»
«q_8: ───────────────────────────────────────────■─┤ Rx(0.0099253) ├»
«                                                  └───────────────┘»
«                                                                              »
«q_0: ─────────────────────────────────────────────────────────────────────────»
«                                                                              »
«q_1: ─────────────────────────────────────────────────────────────────────────»
«                                                                              »
«q_2: ─────────────────────────────────────────────────────────────────────────»
«                                                                              »
«q_3: ─────────────────────────────────────────────────────────────────────────»
«                                                                              »
«q_4: ─────────────────────────────────────────────────────────────────────────»
«                                                                              »
«q_5: ─────────────────────────────────────────────────────────────────────────»
«     ┌────────────┐┌────────────┐                                             »
«q_6: ┤ Ry(3.3507) ├┤ Rz(4.7655) ├─■───────────────────────────────────────────»
«     └────────────┘└────────────┘ │ ┌────────────┐┌────────────┐┌────────────┐»
«q_7: ─────────────────────────────■─┤ Rx(1.5691) ├┤ Ry(2.6542) ├┤ Rz(2.5423) ├»
«     ┌────────────┐┌────────────┐   └────────────┘└────────────┘└────────────┘»
«q_8: ┤ Ry(6.2879) ├┤ Rz(2.8013) ├─────────────────────────────────────────────»
«     └────────────┘└────────────┘                                             »
«                                                                   »
«q_0: ─■────────────────────────────────────────────────────────────»
«      │                                                            »
«q_1: ─┼────────────────────────────────────────────────────────────»
«      │                                                            »
«q_2: ─┼────────────────────────────────────────────────────────────»
«      │                                                            »
«q_3: ─┼────────────────────────────────────────────────────────────»
«      │                                                            »
«q_4: ─┼────────────────────────────────────────────────────────────»
«      │                                                            »
«q_5: ─┼────────────────────────────────────────────────────────────»
«      │                                                            »
«q_6: ─┼────────────────────────────────────────────────────────────»
«      │ ┌────────────┐┌────────────┐┌────────────┐                 »
«q_7: ─■─┤ Rx(1.5759) ├┤ Ry(5.6609) ├┤ Rz(3.1255) ├─■───────────────»
«        └────────────┘└────────────┘└────────────┘ │ ┌────────────┐»
«q_8: ──────────────────────────────────────────────■─┤ Rx(1.2264) ├»
«                                                     └────────────┘»
«                                                                »
«q_0: ───────────────────────────────────────────────────────────»
«                                                                »
«q_1: ───────────────────────────────────────────────────────────»
«                                                                »
«q_2: ─────────────────────────────■─────────────────────────────»
«                                  │                             »
«q_3: ─────────────────────────────┼─────────────────────────────»
«                                  │                             »
«q_4: ─────────────────────────────┼─────────────────────────────»
«                                  │                             »
«q_5: ─────────────────────────────┼─────────────────────────────»
«                                  │                             »
«q_6: ─────────────────────────────┼─────────────────────────────»
«                                  │                             »
«q_7: ─────────────────────────────┼─────────────────────────────»
«     ┌────────────┐┌────────────┐ │ ┌────────────┐┌────────────┐»
«q_8: ┤ Ry(4.9035) ├┤ Rz(3.7778) ├─■─┤ Rx(5.4356) ├┤ Ry(4.3157) ├»
«     └────────────┘└────────────┘   └────────────┘└────────────┘»
«                        ░ ┌────────────┐ ░                                  »
«q_0: ───────────────────░─┤ sensing_dm ├─░──────────────────────────────────»
«                        ░ ├────────────┤ ░    ┌─────────────┐┌─────────────┐»
«q_1: ────────────────■──░─┤ sensing_dm ├─░──■─┤ Rz(-1.4908) ├┤ Ry(-1.6206) ├»
«                     │  ░ ├────────────┤ ░  │ └─────────────┘└─────────────┘»
«q_2: ────────────────┼──░─┤ sensing_dm ├─░──┼───────────────────────────────»
«                     │  ░ ├────────────┤ ░  │                               »
«q_3: ────────────────┼──░─┤ sensing_dm ├─░──┼───────────────────────────────»
«                     │  ░ ├────────────┤ ░  │                               »
«q_4: ────────────────┼──░─┤ sensing_dm ├─░──┼───────────────────────────────»
«                     │  ░ ├────────────┤ ░  │                               »
«q_5: ────────────────┼──░─┤ sensing_dm ├─░──┼───────────────────────────────»
«                     │  ░ ├────────────┤ ░  │                               »
«q_6: ────────────────┼──░─┤ sensing_dm ├─░──┼───────────────────────────────»
«                     │  ░ ├────────────┤ ░  │                               »
«q_7: ────────────────┼──░─┤ sensing_dm ├─░──┼───────────────────────────────»
«     ┌─────────────┐ │  ░ ├────────────┤ ░  │ ┌─────────────┐┌─────────────┐»
«q_8: ┤ Rz(0.89746) ├─■──░─┤ sensing_dm ├─░──■─┤ Rz(-3.5626) ├┤ Ry(-1.3043) ├»
«     └─────────────┘    ░ └────────────┘ ░    └─────────────┘└─────────────┘»
«                                                                         »
«q_0: ────────────────────────────────────────────────────────────────────»
«     ┌─────────────┐                                                     »
«q_1: ┤ Rx(-5.5363) ├─────────────────────────────────────────────────────»
«     └─────────────┘   ┌─────────────┐ ┌─────────────┐┌──────────────┐   »
«q_2: ────────────────■─┤ Rz(-4.0966) ├─┤ Ry(-1.7391) ├┤ Rx(-0.27821) ├───»
«                     │ └─────────────┘ └─────────────┘└──────────────┘   »
«q_3: ────────────────┼───────────────────────────────────────────────────»
«                     │                                                   »
«q_4: ────────────────┼───────────────────────────────────────────────────»
«                     │                                                   »
«q_5: ────────────────┼───────────────────────────────────────────────────»
«                     │                                                   »
«q_6: ────────────────┼───────────────────────────────────────────────────»
«                     │                                                   »
«q_7: ────────────────┼─────────────────────────────────────────────────■─»
«     ┌─────────────┐ │ ┌──────────────┐┌─────────────┐┌──────────────┐ │ »
«q_8: ┤ Rx(-0.0432) ├─■─┤ Rz(-0.25928) ├┤ Ry(-4.6186) ├┤ Rx(-0.79428) ├─■─»
«     └─────────────┘   └──────────────┘└─────────────┘└──────────────┘   »
«                                                      ┌────────────┐ »
«q_0: ──────────────────────────────────────────────■──┤ Rz(-5.012) ├─»
«                                                   │  └────────────┘ »
«q_1: ──────────────────────────────────────────────┼─────────────────»
«                                                   │                 »
«q_2: ──────────────────────────────────────────────┼─────────────────»
«                                                   │                 »
«q_3: ──────────────────────────────────────────────┼─────────────────»
«                                                   │                 »
«q_4: ──────────────────────────────────────────────┼─────────────────»
«                                                   │                 »
«q_5: ──────────────────────────────────────────────┼─────────────────»
«                                                   │                 »
«q_6: ──────────────────────────────────────────────┼─────────────────»
«     ┌─────────────┐┌─────────────┐┌─────────────┐ │ ┌──────────────┐»
«q_7: ┤ Rz(-3.2888) ├┤ Ry(-5.0043) ├┤ Rx(-6.0537) ├─■─┤ Rz(-0.24005) ├»
«     ├─────────────┤├─────────────┤├─────────────┤   └──────────────┘»
«q_8: ┤ Rz(-4.5355) ├┤ Ry(-1.3969) ├┤ Rx(-2.9014) ├───────────────────»
«     └─────────────┘└─────────────┘└─────────────┘                   »
«     ┌─────────────┐┌─────────────┐                                 »
«q_0: ┤ Ry(-1.0653) ├┤ Rx(-1.9491) ├─────────────────────────────────»
«     └─────────────┘└─────────────┘                                 »
«q_1: ───────────────────────────────────────────────────────────────»
«                                                                    »
«q_2: ───────────────────────────────────────────────────────────────»
«                                                                    »
«q_3: ───────────────────────────────────────────────────────────────»
«                                                                    »
«q_4: ───────────────────────────────────────────────────────────────»
«                                                                    »
«q_5: ───────────────────────────────────────────────────────────────»
«                                       ┌────────────┐┌─────────────┐»
«q_6: ───────────────────────────────■──┤ Rz(-4.949) ├┤ Ry(-3.9507) ├»
«     ┌─────────────┐┌─────────────┐ │ ┌┴────────────┤├─────────────┤»
«q_7: ┤ Ry(-3.4682) ├┤ Rx(-2.9129) ├─■─┤ Rz(-0.2605) ├┤ Ry(-2.1153) ├»
«     └─────────────┘└─────────────┘   └─────────────┘└─────────────┘»
«q_8: ───────────────────────────────────────────────────────────────»
«                                                                    »
«                                                                        »
«q_0: ───────────────────────────────────────────────────────────────────»
«                                                                        »
«q_1: ───────────────────────────────────────────────────────────────────»
«                                                                        »
«q_2: ───────────────────────────────────────────────────────────────────»
«                                                                        »
«q_3: ───────────────────────────────────────────────────────────────────»
«                                                                        »
«q_4: ───────────────────────────────────────────────────────────────────»
«                                                                        »
«q_5: ─────────────────────────────────────────────────────────────────■─»
«     ┌─────────────┐   ┌─────────────┐┌─────────────┐ ┌─────────────┐ │ »
«q_6: ┤ Rx(-3.6844) ├─■─┤ Rz(-2.5551) ├┤ Ry(-6.2736) ├─┤ Rx(-5.6502) ├─■─»
«     ├─────────────┤ │ └─────────────┘└─────────────┘ └─────────────┘   »
«q_7: ┤ Rx(-4.4337) ├─┼──────────────────────────────────────────────────»
«     └─────────────┘ │ ┌─────────────┐┌──────────────┐┌─────────────┐   »
«q_8: ────────────────■─┤ Rz(-2.4617) ├┤ Ry(-0.96421) ├┤ Rx(-4.1596) ├───»
«                       └─────────────┘└──────────────┘└─────────────┘   »
«                                                      ┌─────────────┐»
«q_0: ───────────────────────────────────────────────■─┤ Rz(-5.3713) ├»
«                                                    │ └─────────────┘»
«q_1: ───────────────────────────────────────────────┼────────────────»
«                                                    │                »
«q_2: ───────────────────────────────────────────────┼────────────────»
«                                                    │                »
«q_3: ───────────────────────────────────────────────┼────────────────»
«                                                    │                »
«q_4: ───────────────────────────────────────────────┼────────────────»
«     ┌─────────────┐ ┌─────────────┐┌─────────────┐ │ ┌─────────────┐»
«q_5: ┤ Rz(-2.2849) ├─┤ Ry(-3.5215) ├┤ Rx(-1.7585) ├─■─┤ Rz(-5.1561) ├»
«     ├─────────────┴┐├─────────────┤├─────────────┤   └─────────────┘»
«q_6: ┤ Rz(-0.98803) ├┤ Ry(-6.1379) ├┤ Rx(-1.8858) ├──────────────────»
«     └──────────────┘└─────────────┘└─────────────┘                  »
«q_7: ────────────────────────────────────────────────────────────────»
«                                                                     »
«q_8: ────────────────────────────────────────────────────────────────»
«                                                                     »
«     ┌─────────────┐┌─────────────┐                                  »
«q_0: ┤ Ry(-2.6436) ├┤ Rx(-5.5014) ├──────────────────────────────────»
«     └─────────────┘└─────────────┘                                  »
«q_1: ────────────────────────────────────────────────────────────────»
«                                                                     »
«q_2: ────────────────────────────────────────────────────────────────»
«                                                                     »
«q_3: ────────────────────────────────────────────────────────────────»
«                                      ┌──────────────┐┌─────────────┐»
«q_4: ───────────────────────────────■─┤ Rz(-0.71672) ├┤ Ry(-1.2638) ├»
«     ┌─────────────┐┌─────────────┐ │ ├─────────────┬┘├─────────────┤»
«q_5: ┤ Ry(-4.9257) ├┤ Rx(-1.1653) ├─■─┤ Rz(-6.1774) ├─┤ Ry(-4.5632) ├»
«     └─────────────┘└─────────────┘   └─────────────┘ └─────────────┘»
«q_6: ────────────────────────────────────────────────────────────────»
«                                                                     »
«q_7: ────────────────────────────────────────────────────────────────»
«                                                                     »
«q_8: ────────────────────────────────────────────────────────────────»
«                                                                     »
«                                                                         »
«q_0: ────────────────────────────────────────────────────────────────────»
«                                                                         »
«q_1: ────────────────────────────────────────────────────────────────────»
«                                                                         »
«q_2: ────────────────────────────────────────────────────────────────────»
«                                                                         »
«q_3: ──────────────────────────────────────────────────────────────────■─»
«     ┌─────────────┐    ┌─────────────┐┌─────────────┐┌──────────────┐ │ »
«q_4: ┤ Rx(-6.1909) ├──■─┤ Rz(-3.6707) ├┤ Ry(-2.5528) ├┤ Rx(-0.46646) ├─■─»
«     ├─────────────┴┐ │ └─────────────┘└─────────────┘└──────────────┘   »
«q_5: ┤ Rx(-0.18438) ├─┼──────────────────────────────────────────────────»
«     └──────────────┘ │ ┌─────────────┐┌─────────────┐┌──────────────┐   »
«q_6: ─────────────────■─┤ Rz(-5.0825) ├┤ Ry(-6.0892) ├┤ Rx(-0.05222) ├───»
«                        └─────────────┘└─────────────┘└──────────────┘   »
«q_7: ────────────────────────────────────────────────────────────────────»
«                                                                         »
«q_8: ────────────────────────────────────────────────────────────────────»
«                                                                         »
«                                                     ┌──────────────┐»
«q_0: ──────────────────────────────────────────────■─┤ Rz(-0.90582) ├»
«                                                   │ └──────────────┘»
«q_1: ──────────────────────────────────────────────┼─────────────────»
«                                                   │                 »
«q_2: ──────────────────────────────────────────────┼─────────────────»
«     ┌─────────────┐┌─────────────┐┌─────────────┐ │ ┌─────────────┐ »
«q_3: ┤ Rz(-3.0113) ├┤ Ry(-2.5437) ├┤ Rx(-2.0677) ├─■─┤ Rz(-4.8851) ├─»
«     ├─────────────┤├─────────────┤├─────────────┤   └─────────────┘ »
«q_4: ┤ Rz(-4.3749) ├┤ Ry(-2.5724) ├┤ Rx(-3.3964) ├───────────────────»
«     └─────────────┘└─────────────┘└─────────────┘                   »
«q_5: ────────────────────────────────────────────────────────────────»
«                                                                     »
«q_6: ────────────────────────────────────────────────────────────────»
«                                                                     »
«q_7: ────────────────────────────────────────────────────────────────»
«                                                                     »
«q_8: ────────────────────────────────────────────────────────────────»
«                                                                     »
«     ┌─────────────┐┌─────────────┐                                 »
«q_0: ┤ Ry(-3.8262) ├┤ Rx(-4.9216) ├─────────────────────────────────»
«     └─────────────┘└─────────────┘                                 »
«q_1: ───────────────────────────────────────────────────────────────»
«                                       ┌────────────┐┌─────────────┐»
«q_2: ───────────────────────────────■──┤ Rz(-3.059) ├┤ Ry(-4.5559) ├»
«     ┌─────────────┐┌─────────────┐ │ ┌┴────────────┤├─────────────┤»
«q_3: ┤ Ry(-2.6578) ├┤ Rx(-1.8265) ├─■─┤ Rz(-0.4447) ├┤ Ry(-4.5889) ├»
«     └─────────────┘└─────────────┘   └─────────────┘└─────────────┘»
«q_4: ───────────────────────────────────────────────────────────────»
«                                                                    »
«q_5: ───────────────────────────────────────────────────────────────»
«                                                                    »
«q_6: ───────────────────────────────────────────────────────────────»
«                                                                    »
«q_7: ───────────────────────────────────────────────────────────────»
«                                                                    »
«q_8: ───────────────────────────────────────────────────────────────»
«                                                                    »
«                                                                        »
«q_0: ───────────────────────────────────────────────────────────────────»
«                                                                        »
«q_1: ─────────────────────────────────────────────────────────────────■─»
«     ┌──────────────┐   ┌─────────────┐┌─────────────┐┌─────────────┐ │ »
«q_2: ┤ Rx(-0.71087) ├─■─┤ Rz(-1.7724) ├┤ Ry(-2.8045) ├┤ Rx(-1.5986) ├─■─»
«     ├─────────────┬┘ │ └─────────────┘└─────────────┘└─────────────┘   »
«q_3: ┤ Rx(-5.9343) ├──┼─────────────────────────────────────────────────»
«     └─────────────┘  │  ┌────────────┐┌─────────────┐ ┌───────────┐    »
«q_4: ─────────────────■──┤ Rz(-3.481) ├┤ Ry(-4.6922) ├─┤ Rx(-5.37) ├────»
«                         └────────────┘└─────────────┘ └───────────┘    »
«q_5: ───────────────────────────────────────────────────────────────────»
«                                                                        »
«q_6: ───────────────────────────────────────────────────────────────────»
«                                                                        »
«q_7: ───────────────────────────────────────────────────────────────────»
«                                                                        »
«q_8: ───────────────────────────────────────────────────────────────────»
«                                                                        »
«                                                     ┌─────────────┐»
«q_0: ──────────────────────────────────────────────■─┤ Rz(-5.3895) ├»
«     ┌─────────────┐┌─────────────┐┌─────────────┐ │ ├─────────────┤»
«q_1: ┤ Rz(-4.9502) ├┤ Ry(-4.4074) ├┤ Rx(-1.4318) ├─■─┤ Rz(-4.9387) ├»
«     ├─────────────┤├─────────────┤├─────────────┤   └─────────────┘»
«q_2: ┤ Rz(-4.1483) ├┤ Ry(-3.0429) ├┤ Rx(-1.4657) ├──────────────────»
«     └─────────────┘└─────────────┘└─────────────┘                  »
«q_3: ───────────────────────────────────────────────────────────────»
«                                                                    »
«q_4: ───────────────────────────────────────────────────────────────»
«                                                                    »
«q_5: ───────────────────────────────────────────────────────────────»
«                                                                    »
«q_6: ───────────────────────────────────────────────────────────────»
«                                                                    »
«q_7: ───────────────────────────────────────────────────────────────»
«                                                                    »
«q_8: ───────────────────────────────────────────────────────────────»
«                                                                    »
«     ┌─────────────┐┌─────────────┐ ░                                  »
«q_0: ┤ Ry(-2.9899) ├┤ Rx(-3.9643) ├─░──────────────────────────────────»
«     ├─────────────┤├─────────────┤ ░    ┌─────────────┐┌─────────────┐»
«q_1: ┤ Ry(-6.1332) ├┤ Rx(-4.0984) ├─░──■─┤ Rz(-5.1009) ├┤ Ry(-2.8359) ├»
«     └─────────────┘└─────────────┘ ░  │ └─────────────┘└─────────────┘»
«q_2: ───────────────────────────────░──┼───────────────────────────────»
«                                    ░  │                               »
«q_3: ───────────────────────────────░──┼───────────────────────────────»
«                                    ░  │                               »
«q_4: ───────────────────────────────░──┼───────────────────────────────»
«                                    ░  │                               »
«q_5: ───────────────────────────────░──┼───────────────────────────────»
«                                    ░  │                               »
«q_6: ───────────────────────────────░──┼───────────────────────────────»
«                                    ░  │                               »
«q_7: ───────────────────────────────░──┼───────────────────────────────»
«                                    ░  │ ┌─────────────┐┌─────────────┐»
«q_8: ───────────────────────────────░──■─┤ Rz(-5.5623) ├┤ Ry(-2.7693) ├»
«                                    ░    └─────────────┘└─────────────┘»
«                                                                        »
«q_0: ───────────────────────────────────────────────────────────────────»
«     ┌─────────────┐                                                    »
«q_1: ┤ Rx(-4.4368) ├────────────────────────────────────────────────────»
«     └─────────────┘   ┌──────────────┐┌─────────────┐┌─────────────┐   »
«q_2: ────────────────■─┤ Rz(-0.58344) ├┤ Ry(-3.0869) ├┤ Rx(-3.5299) ├───»
«                     │ └──────────────┘└─────────────┘└─────────────┘   »
«q_3: ────────────────┼──────────────────────────────────────────────────»
«                     │                                                  »
«q_4: ────────────────┼──────────────────────────────────────────────────»
«                     │                                                  »
«q_5: ────────────────┼──────────────────────────────────────────────────»
«                     │                                                  »
«q_6: ────────────────┼──────────────────────────────────────────────────»
«                     │                                                  »
«q_7: ────────────────┼────────────────────────────────────────────────■─»
«     ┌─────────────┐ │ ┌─────────────┐ ┌─────────────┐┌─────────────┐ │ »
«q_8: ┤ Rx(-2.0949) ├─■─┤ Rz(-3.9663) ├─┤ Ry(-3.1279) ├┤ Rx(-4.2172) ├─■─»
«     └─────────────┘   └─────────────┘ └─────────────┘└─────────────┘   »
«                                                      ┌─────────────┐»
«q_0: ───────────────────────────────────────────────■─┤ Rz(-4.0828) ├»
«                                                    │ └─────────────┘»
«q_1: ───────────────────────────────────────────────┼────────────────»
«                                                    │                »
«q_2: ───────────────────────────────────────────────┼────────────────»
«                                                    │                »
«q_3: ───────────────────────────────────────────────┼────────────────»
«                                                    │                »
«q_4: ───────────────────────────────────────────────┼────────────────»
«                                                    │                »
«q_5: ───────────────────────────────────────────────┼────────────────»
«                                                    │                »
«q_6: ───────────────────────────────────────────────┼────────────────»
«     ┌─────────────┐┌─────────────┐┌──────────────┐ │ ┌─────────────┐»
«q_7: ┤ Rz(-2.6445) ├┤ Ry(-4.8209) ├┤ Rx(-0.38022) ├─■─┤ Rz(-4.6677) ├»
«     ├─────────────┤├─────────────┤├─────────────┬┘   └─────────────┘»
«q_8: ┤ Rz(-1.0539) ├┤ Ry(-1.6688) ├┤ Rx(-5.5465) ├───────────────────»
«     └─────────────┘└─────────────┘└─────────────┘                   »
«     ┌──────────────┐┌──────────────┐                                 »
«q_0: ┤ Ry(-0.61475) ├┤ Rx(-0.28764) ├─────────────────────────────────»
«     └──────────────┘└──────────────┘                                 »
«q_1: ─────────────────────────────────────────────────────────────────»
«                                                                      »
«q_2: ─────────────────────────────────────────────────────────────────»
«                                                                      »
«q_3: ─────────────────────────────────────────────────────────────────»
«                                                                      »
«q_4: ─────────────────────────────────────────────────────────────────»
«                                                                      »
«q_5: ─────────────────────────────────────────────────────────────────»
«                                        ┌─────────────┐┌─────────────┐»
«q_6: ─────────────────────────────────■─┤ Rz(-1.2091) ├┤ Ry(-4.5626) ├»
«     ┌─────────────┐ ┌─────────────┐  │ ├─────────────┤├─────────────┤»
«q_7: ┤ Ry(-1.4008) ├─┤ Rx(-6.0772) ├──■─┤ Rz(-6.0298) ├┤ Ry(-1.0937) ├»
«     └─────────────┘ └─────────────┘    └─────────────┘└─────────────┘»
«q_8: ─────────────────────────────────────────────────────────────────»
«                                                                      »
«                                                                       »
«q_0: ──────────────────────────────────────────────────────────────────»
«                                                                       »
«q_1: ──────────────────────────────────────────────────────────────────»
«                                                                       »
«q_2: ──────────────────────────────────────────────────────────────────»
«                                                                       »
«q_3: ──────────────────────────────────────────────────────────────────»
«                                                                       »
«q_4: ──────────────────────────────────────────────────────────────────»
«                                                                       »
«q_5: ────────────────────────────────────────────────────────────────■─»
«     ┌─────────────┐   ┌─────────────┐┌────────────┐┌──────────────┐ │ »
«q_6: ┤ Rx(-4.4471) ├─■─┤ Rz(-2.9081) ├┤ Ry(-2.959) ├┤ Rx(-0.67025) ├─■─»
«     ├─────────────┤ │ └─────────────┘└────────────┘└──────────────┘   »
«q_7: ┤ Rx(-3.3914) ├─┼─────────────────────────────────────────────────»
«     └─────────────┘ │ ┌─────────────┐┌────────────┐┌─────────────┐    »
«q_8: ────────────────■─┤ Rz(-3.7526) ├┤ Ry(-2.665) ├┤ Rx(-3.3944) ├────»
«                       └─────────────┘└────────────┘└─────────────┘    »
«                                                     ┌─────────────┐»
«q_0: ──────────────────────────────────────────────■─┤ Rz(-3.5383) ├»
«                                                   │ └─────────────┘»
«q_1: ──────────────────────────────────────────────┼────────────────»
«                                                   │                »
«q_2: ──────────────────────────────────────────────┼────────────────»
«                                                   │                »
«q_3: ──────────────────────────────────────────────┼────────────────»
«                                                   │                »
«q_4: ──────────────────────────────────────────────┼────────────────»
«     ┌─────────────┐┌─────────────┐┌─────────────┐ │  ┌────────────┐»
«q_5: ┤ Rz(-3.5568) ├┤ Ry(-2.6691) ├┤ Rx(-5.3432) ├─■──┤ Rz(-6.149) ├»
«     ├─────────────┤├─────────────┤├─────────────┤    └────────────┘»
«q_6: ┤ Rz(-4.0282) ├┤ Ry(-1.8689) ├┤ Rx(-6.1844) ├──────────────────»
«     └─────────────┘└─────────────┘└─────────────┘                  »
«q_7: ───────────────────────────────────────────────────────────────»
«                                                                    »
«q_8: ───────────────────────────────────────────────────────────────»
«                                                                    »
«     ┌─────────────┐┌─────────────┐                                  »
«q_0: ┤ Ry(-5.6805) ├┤ Rx(-2.8146) ├──────────────────────────────────»
«     └─────────────┘└─────────────┘                                  »
«q_1: ────────────────────────────────────────────────────────────────»
«                                                                     »
«q_2: ────────────────────────────────────────────────────────────────»
«                                                                     »
«q_3: ────────────────────────────────────────────────────────────────»
«                                        ┌────────────┐┌─────────────┐»
«q_4: ────────────────────────────────■──┤ Rz(-1.376) ├┤ Ry(-5.8551) ├»
«     ┌─────────────┐┌──────────────┐ │ ┌┴────────────┤├─────────────┤»
«q_5: ┤ Ry(-4.2818) ├┤ Rx(-0.43245) ├─■─┤ Rz(-4.4716) ├┤ Ry(-4.3597) ├»
«     └─────────────┘└──────────────┘   └─────────────┘└─────────────┘»
«q_6: ────────────────────────────────────────────────────────────────»
«                                                                     »
«q_7: ────────────────────────────────────────────────────────────────»
«                                                                     »
«q_8: ────────────────────────────────────────────────────────────────»
«                                                                     »
«                                                                       »
«q_0: ──────────────────────────────────────────────────────────────────»
«                                                                       »
«q_1: ──────────────────────────────────────────────────────────────────»
«                                                                       »
«q_2: ──────────────────────────────────────────────────────────────────»
«                                                                       »
«q_3: ────────────────────────────────────────────────────────────────■─»
«     ┌─────────────┐   ┌─────────────┐┌─────────────┐┌─────────────┐ │ »
«q_4: ┤ Rx(-1.6509) ├─■─┤ Rz(-1.7233) ├┤ Ry(-2.3043) ├┤ Rx(-1.3804) ├─■─»
«     ├─────────────┤ │ └─────────────┘└─────────────┘└─────────────┘   »
«q_5: ┤ Rx(-3.3886) ├─┼─────────────────────────────────────────────────»
«     └─────────────┘ │ ┌─────────────┐┌─────────────┐┌─────────────┐   »
«q_6: ────────────────■─┤ Rz(-1.1727) ├┤ Ry(-1.2059) ├┤ Rx(-3.6238) ├───»
«                       └─────────────┘└─────────────┘└─────────────┘   »
«q_7: ──────────────────────────────────────────────────────────────────»
«                                                                       »
«q_8: ──────────────────────────────────────────────────────────────────»
«                                                                       »
«                                                       ┌─────────────┐»
«q_0: ────────────────────────────────────────────────■─┤ Rz(-3.9794) ├»
«                                                     │ └─────────────┘»
«q_1: ────────────────────────────────────────────────┼────────────────»
«                                                     │                »
«q_2: ────────────────────────────────────────────────┼────────────────»
«     ┌─────────────┐  ┌────────────┐┌─────────────┐  │ ┌─────────────┐»
«q_3: ┤ Rz(-6.1652) ├──┤ Ry(-4.679) ├┤ Rx(-2.8587) ├──■─┤ Rz(-3.0104) ├»
«     ├─────────────┴┐┌┴────────────┤├─────────────┴┐   └─────────────┘»
«q_4: ┤ Rz(-0.28008) ├┤ Ry(-2.7039) ├┤ Rx(-0.18251) ├──────────────────»
«     └──────────────┘└─────────────┘└──────────────┘                  »
«q_5: ─────────────────────────────────────────────────────────────────»
«                                                                      »
«q_6: ─────────────────────────────────────────────────────────────────»
«                                                                      »
«q_7: ─────────────────────────────────────────────────────────────────»
«                                                                      »
«q_8: ─────────────────────────────────────────────────────────────────»
«                                                                      »
«     ┌─────────────┐┌─────────────┐                                  »
«q_0: ┤ Ry(-3.5788) ├┤ Rx(-1.8504) ├──────────────────────────────────»
«     └─────────────┘└─────────────┘                                  »
«q_1: ────────────────────────────────────────────────────────────────»
«                                       ┌─────────────┐┌─────────────┐»
«q_2: ────────────────────────────────■─┤ Rz(-3.3313) ├┤ Ry(-3.3478) ├»
«     ┌─────────────┐┌──────────────┐ │ ├─────────────┤├─────────────┤»
«q_3: ┤ Ry(-1.8069) ├┤ Rx(-0.11661) ├─■─┤ Rz(-3.0408) ├┤ Ry(-1.5718) ├»
«     └─────────────┘└──────────────┘   └─────────────┘└─────────────┘»
«q_4: ────────────────────────────────────────────────────────────────»
«                                                                     »
«q_5: ────────────────────────────────────────────────────────────────»
«                                                                     »
«q_6: ────────────────────────────────────────────────────────────────»
«                                                                     »
«q_7: ────────────────────────────────────────────────────────────────»
«                                                                     »
«q_8: ────────────────────────────────────────────────────────────────»
«                                                                     »
«                                                                          »
«q_0: ─────────────────────────────────────────────────────────────────────»
«                                                                          »
«q_1: ───────────────────────────────────────────────────────────────────■─»
«     ┌──────────────┐   ┌─────────────┐ ┌─────────────┐┌──────────────┐ │ »
«q_2: ┤ Rx(-0.36766) ├─■─┤ Rz(-5.1233) ├─┤ Ry(-2.2957) ├┤ Rx(-0.79736) ├─■─»
«     ├─────────────┬┘ │ └─────────────┘ └─────────────┘└──────────────┘   »
«q_3: ┤ Rx(-4.0848) ├──┼───────────────────────────────────────────────────»
«     └─────────────┘  │ ┌──────────────┐┌─────────────┐┌─────────────┐    »
«q_4: ─────────────────■─┤ Rz(-0.70544) ├┤ Ry(-4.2282) ├┤ Rx(-2.3226) ├────»
«                        └──────────────┘└─────────────┘└─────────────┘    »
«q_5: ─────────────────────────────────────────────────────────────────────»
«                                                                          »
«q_6: ─────────────────────────────────────────────────────────────────────»
«                                                                          »
«q_7: ─────────────────────────────────────────────────────────────────────»
«                                                                          »
«q_8: ─────────────────────────────────────────────────────────────────────»
«                                                                          »
«                                                     ┌─────────────┐»
«q_0: ──────────────────────────────────────────────■─┤ Rz(-2.3119) ├»
«     ┌─────────────┐┌─────────────┐┌─────────────┐ │ └┬────────────┤»
«q_1: ┤ Rz(-3.0584) ├┤ Ry(-1.7144) ├┤ Rx(-1.2458) ├─■──┤ Rz(-4.984) ├»
«     ├─────────────┤├─────────────┤├─────────────┤    └────────────┘»
«q_2: ┤ Rz(-0.9023) ├┤ Ry(-3.6768) ├┤ Rx(-2.8481) ├──────────────────»
«     └─────────────┘└─────────────┘└─────────────┘                  »
«q_3: ───────────────────────────────────────────────────────────────»
«                                                                    »
«q_4: ───────────────────────────────────────────────────────────────»
«                                                                    »
«q_5: ───────────────────────────────────────────────────────────────»
«                                                                    »
«q_6: ───────────────────────────────────────────────────────────────»
«                                                                    »
«q_7: ───────────────────────────────────────────────────────────────»
«                                                                    »
«q_8: ───────────────────────────────────────────────────────────────»
«                                                                    »
«     ┌──────────────┐┌─────────────┐ ░                                   »
«q_0: ┤ Ry(-0.69764) ├┤ Rx(-1.5536) ├─░───────────────────────────────────»
«     ├──────────────┤├─────────────┤ ░    ┌─────────────┐┌──────────────┐»
«q_1: ┤ Ry(-0.52522) ├┤ Rx(-2.7084) ├─░──■─┤ Rz(-0.2856) ├┤ Ry(-0.39667) ├»
«     └──────────────┘└─────────────┘ ░  │ └─────────────┘└──────────────┘»
«q_2: ────────────────────────────────░──┼────────────────────────────────»
«                                     ░  │                                »
«q_3: ────────────────────────────────░──┼────────────────────────────────»
«                                     ░  │                                »
«q_4: ────────────────────────────────░──┼────────────────────────────────»
«                                     ░  │                                »
«q_5: ────────────────────────────────░──┼────────────────────────────────»
«                                     ░  │                                »
«q_6: ────────────────────────────────░──┼────────────────────────────────»
«                                     ░  │                                »
«q_7: ────────────────────────────────░──┼────────────────────────────────»
«                                     ░  │ ┌─────────────┐┌─────────────┐ »
«q_8: ────────────────────────────────░──■─┤ Rz(-1.4905) ├┤ Ry(-4.4958) ├─»
«                                     ░    └─────────────┘└─────────────┘ »
«                                                                       »
«q_0: ──────────────────────────────────────────────────────────────────»
«     ┌─────────────┐                                                   »
«q_1: ┤ Rx(-3.1644) ├───────────────────────────────────────────────────»
«     └─────────────┘   ┌─────────────┐┌─────────────┐┌─────────────┐   »
«q_2: ────────────────■─┤ Rz(-1.9146) ├┤ Ry(-3.7112) ├┤ Rx(-3.1157) ├───»
«                     │ └─────────────┘└─────────────┘└─────────────┘   »
«q_3: ────────────────┼─────────────────────────────────────────────────»
«                     │                                                 »
«q_4: ────────────────┼─────────────────────────────────────────────────»
«                     │                                                 »
«q_5: ────────────────┼─────────────────────────────────────────────────»
«                     │                                                 »
«q_6: ────────────────┼─────────────────────────────────────────────────»
«                     │                                                 »
«q_7: ────────────────┼───────────────────────────────────────────────■─»
«      ┌───────────┐  │ ┌─────────────┐┌─────────────┐┌─────────────┐ │ »
«q_8: ─┤ Rx(-3.45) ├──■─┤ Rz(-2.5055) ├┤ Ry(-4.1466) ├┤ Rx(-3.9843) ├─■─»
«      └───────────┘    └─────────────┘└─────────────┘└─────────────┘   »
«                                                      ┌─────────────┐ »
«q_0: ───────────────────────────────────────────────■─┤ Rz(-2.7795) ├─»
«                                                    │ └─────────────┘ »
«q_1: ───────────────────────────────────────────────┼─────────────────»
«                                                    │                 »
«q_2: ───────────────────────────────────────────────┼─────────────────»
«                                                    │                 »
«q_3: ───────────────────────────────────────────────┼─────────────────»
«                                                    │                 »
«q_4: ───────────────────────────────────────────────┼─────────────────»
«                                                    │                 »
«q_5: ───────────────────────────────────────────────┼─────────────────»
«                                                    │                 »
«q_6: ───────────────────────────────────────────────┼─────────────────»
«     ┌─────────────┐ ┌─────────────┐┌─────────────┐ │ ┌──────────────┐»
«q_7: ┤ Rz(-1.9219) ├─┤ Ry(-6.1849) ├┤ Rx(-5.9038) ├─■─┤ Rz(-0.91693) ├»
«     ├─────────────┴┐└┬────────────┤├─────────────┤   └──────────────┘»
«q_8: ┤ Rz(-0.30235) ├─┤ Ry(-1.745) ├┤ Rx(-5.7053) ├───────────────────»
«     └──────────────┘ └────────────┘└─────────────┘                   »
«     ┌─────────────┐┌──────────────┐                                 »
«q_0: ┤ Ry(-3.9684) ├┤ Rx(-0.38315) ├─────────────────────────────────»
«     └─────────────┘└──────────────┘                                 »
«q_1: ────────────────────────────────────────────────────────────────»
«                                                                     »
«q_2: ────────────────────────────────────────────────────────────────»
«                                                                     »
«q_3: ────────────────────────────────────────────────────────────────»
«                                                                     »
«q_4: ────────────────────────────────────────────────────────────────»
«                                                                     »
«q_5: ────────────────────────────────────────────────────────────────»
«                                       ┌─────────────┐┌─────────────┐»
«q_6: ────────────────────────────────■─┤ Rz(-3.9942) ├┤ Ry(-1.5591) ├»
«     ┌─────────────┐┌──────────────┐ │ ├─────────────┤└┬───────────┬┘»
«q_7: ┤ Ry(-3.3756) ├┤ Rx(-0.91049) ├─■─┤ Rz(-4.6161) ├─┤ Ry(-4.04) ├─»
«     └─────────────┘└──────────────┘   └─────────────┘ └───────────┘ »
«q_8: ────────────────────────────────────────────────────────────────»
«                                                                     »
«                                                                        »
«q_0: ───────────────────────────────────────────────────────────────────»
«                                                                        »
«q_1: ───────────────────────────────────────────────────────────────────»
«                                                                        »
«q_2: ───────────────────────────────────────────────────────────────────»
«                                                                        »
«q_3: ───────────────────────────────────────────────────────────────────»
«                                                                        »
«q_4: ───────────────────────────────────────────────────────────────────»
«                                                                        »
«q_5: ─────────────────────────────────────────────────────────────────■─»
«     ┌─────────────┐   ┌─────────────┐┌──────────────┐┌─────────────┐ │ »
«q_6: ┤ Rx(-4.4022) ├─■─┤ Rz(-4.1451) ├┤ Ry(-0.59538) ├┤ Rx(-1.5896) ├─■─»
«     ├─────────────┤ │ └─────────────┘└──────────────┘└─────────────┘   »
«q_7: ┤ Rx(-4.2867) ├─┼──────────────────────────────────────────────────»
«     └─────────────┘ │ ┌─────────────┐┌─────────────┐ ┌─────────────┐   »
«q_8: ────────────────■─┤ Rz(-2.7009) ├┤ Ry(-5.0606) ├─┤ Rx(-6.1094) ├───»
«                       └─────────────┘└─────────────┘ └─────────────┘   »
«                                                     ┌──────────────┐»
«q_0: ──────────────────────────────────────────────■─┤ Rz(-0.63664) ├»
«                                                   │ └──────────────┘»
«q_1: ──────────────────────────────────────────────┼─────────────────»
«                                                   │                 »
«q_2: ──────────────────────────────────────────────┼─────────────────»
«                                                   │                 »
«q_3: ──────────────────────────────────────────────┼─────────────────»
«                                                   │                 »
«q_4: ──────────────────────────────────────────────┼─────────────────»
«     ┌─────────────┐┌─────────────┐┌─────────────┐ │ ┌─────────────┐ »
«q_5: ┤ Rz(-1.1008) ├┤ Ry(-1.8841) ├┤ Rx(-4.2284) ├─■─┤ Rz(-4.6754) ├─»
«     ├─────────────┤├─────────────┤├─────────────┤   └─────────────┘ »
«q_6: ┤ Rz(-2.7251) ├┤ Ry(-3.7396) ├┤ Rx(-1.7293) ├───────────────────»
«     └─────────────┘└─────────────┘└─────────────┘                   »
«q_7: ────────────────────────────────────────────────────────────────»
«                                                                     »
«q_8: ────────────────────────────────────────────────────────────────»
«                                                                     »
«     ┌─────────────┐┌─────────────┐                                 »
«q_0: ┤ Ry(-1.0534) ├┤ Rx(-5.6301) ├─────────────────────────────────»
«     └─────────────┘└─────────────┘                                 »
«q_1: ───────────────────────────────────────────────────────────────»
«                                                                    »
«q_2: ───────────────────────────────────────────────────────────────»
«                                                                    »
«q_3: ───────────────────────────────────────────────────────────────»
«                                      ┌─────────────┐┌─────────────┐»
«q_4: ───────────────────────────────■─┤ Rz(-1.3584) ├┤ Ry(-5.8145) ├»
«     ┌─────────────┐┌─────────────┐ │ ├─────────────┤├─────────────┤»
«q_5: ┤ Ry(-3.1524) ├┤ Rx(-3.2991) ├─■─┤ Rz(-4.1391) ├┤ Ry(-4.2679) ├»
«     └─────────────┘└─────────────┘   └─────────────┘└─────────────┘»
«q_6: ───────────────────────────────────────────────────────────────»
«                                                                    »
«q_7: ───────────────────────────────────────────────────────────────»
«                                                                    »
«q_8: ───────────────────────────────────────────────────────────────»
«                                                                    »
«                                                                         »
«q_0: ────────────────────────────────────────────────────────────────────»
«                                                                         »
«q_1: ────────────────────────────────────────────────────────────────────»
«                                                                         »
«q_2: ────────────────────────────────────────────────────────────────────»
«                                                                         »
«q_3: ──────────────────────────────────────────────────────────────────■─»
«     ┌─────────────┐   ┌─────────────┐┌──────────────┐┌──────────────┐ │ »
«q_4: ┤ Rx(-2.2407) ├─■─┤ Rz(-1.1884) ├┤ Ry(-0.51184) ├┤ Rx(-0.94372) ├─■─»
«     ├─────────────┤ │ └─────────────┘└──────────────┘└──────────────┘   »
«q_5: ┤ Rx(-1.6727) ├─┼───────────────────────────────────────────────────»
«     └─────────────┘ │ ┌─────────────┐┌─────────────┐  ┌────────────┐    »
«q_6: ────────────────■─┤ Rz(-1.2682) ├┤ Ry(-3.8969) ├──┤ Rx(-2.263) ├────»
«                       └─────────────┘└─────────────┘  └────────────┘    »
«q_7: ────────────────────────────────────────────────────────────────────»
«                                                                         »
«q_8: ────────────────────────────────────────────────────────────────────»
«                                                                         »
«                                                     ┌─────────────┐»
«q_0: ──────────────────────────────────────────────■─┤ Rz(-5.0689) ├»
«                                                   │ └─────────────┘»
«q_1: ──────────────────────────────────────────────┼────────────────»
«                                                   │                »
«q_2: ──────────────────────────────────────────────┼────────────────»
«     ┌─────────────┐┌─────────────┐┌─────────────┐ │ ┌─────────────┐»
«q_3: ┤ Rz(-4.7588) ├┤ Ry(-5.3161) ├┤ Rx(-4.8892) ├─■─┤ Rz(-2.9813) ├»
«     ├─────────────┤├─────────────┤├─────────────┤   └─────────────┘»
«q_4: ┤ Rz(-3.1443) ├┤ Ry(-1.8615) ├┤ Rx(-5.6501) ├──────────────────»
«     └─────────────┘└─────────────┘└─────────────┘                  »
«q_5: ───────────────────────────────────────────────────────────────»
«                                                                    »
«q_6: ───────────────────────────────────────────────────────────────»
«                                                                    »
«q_7: ───────────────────────────────────────────────────────────────»
«                                                                    »
«q_8: ───────────────────────────────────────────────────────────────»
«                                                                    »
«     ┌─────────────┐┌─────────────┐                                   »
«q_0: ┤ Ry(-4.0037) ├┤ Rx(-2.9513) ├───────────────────────────────────»
«     └─────────────┘└─────────────┘                                   »
«q_1: ─────────────────────────────────────────────────────────────────»
«                                       ┌────────────┐ ┌─────────────┐ »
«q_2: ────────────────────────────────■─┤ Rz(-3.656) ├─┤ Ry(-1.2977) ├─»
«     ┌─────────────┐┌──────────────┐ │ ├────────────┤┌┴─────────────┴┐»
«q_3: ┤ Ry(-2.0498) ├┤ Rx(-0.16896) ├─■─┤ Rz(-2.188) ├┤ Ry(-0.058902) ├»
«     └─────────────┘└──────────────┘   └────────────┘└───────────────┘»
«q_4: ─────────────────────────────────────────────────────────────────»
«                                                                      »
«q_5: ─────────────────────────────────────────────────────────────────»
«                                                                      »
«q_6: ─────────────────────────────────────────────────────────────────»
«                                                                      »
«q_7: ─────────────────────────────────────────────────────────────────»
«                                                                      »
«q_8: ─────────────────────────────────────────────────────────────────»
«                                                                      »
«                                                                        »
«q_0: ───────────────────────────────────────────────────────────────────»
«                                                                        »
«q_1: ─────────────────────────────────────────────────────────────────■─»
«     ┌─────────────┐   ┌─────────────┐┌──────────────┐┌─────────────┐ │ »
«q_2: ┤ Rx(-1.4753) ├─■─┤ Rz(-5.5037) ├┤ Ry(-0.58868) ├┤ Rx(-4.7081) ├─■─»
«     ├─────────────┤ │ └─────────────┘└──────────────┘└─────────────┘   »
«q_3: ┤ Rx(-1.8004) ├─┼──────────────────────────────────────────────────»
«     └─────────────┘ │ ┌─────────────┐ ┌────────────┐ ┌─────────────┐   »
«q_4: ────────────────■─┤ Rz(-3.1045) ├─┤ Ry(-1.946) ├─┤ Rx(-1.8828) ├───»
«                       └─────────────┘ └────────────┘ └─────────────┘   »
«q_5: ───────────────────────────────────────────────────────────────────»
«                                                                        »
«q_6: ───────────────────────────────────────────────────────────────────»
«                                                                        »
«q_7: ───────────────────────────────────────────────────────────────────»
«                                                                        »
«q_8: ───────────────────────────────────────────────────────────────────»
«                                                                        »
«                                                         ┌────────────┐»
«q_0: ─────────────────────────────────────────────────■──┤ Rz(-2.349) ├»
«     ┌──────────────┐┌─────────────┐ ┌─────────────┐  │ ┌┴────────────┤»
«q_1: ┤ Rz(-0.43496) ├┤ Ry(-3.0358) ├─┤ Rx(-4.0456) ├──■─┤ Rz(-5.5045) ├»
«     └┬────────────┬┘├─────────────┴┐├─────────────┴┐   └─────────────┘»
«q_2: ─┤ Rz(-3.931) ├─┤ Ry(-0.15655) ├┤ Rx(-0.20439) ├──────────────────»
«      └────────────┘ └──────────────┘└──────────────┘                  »
«q_3: ──────────────────────────────────────────────────────────────────»
«                                                                       »
«q_4: ──────────────────────────────────────────────────────────────────»
«                                                                       »
«q_5: ──────────────────────────────────────────────────────────────────»
«                                                                       »
«q_6: ──────────────────────────────────────────────────────────────────»
«                                                                       »
«q_7: ──────────────────────────────────────────────────────────────────»
«                                                                       »
«q_8: ──────────────────────────────────────────────────────────────────»
«                                                                       »
«     ┌───────────────┐ ┌────────────┐
«q_0: ┤ Ry(-0.021986) ├─┤ Rx(-2.193) ├
«     └┬─────────────┬┘┌┴────────────┤
«q_1: ─┤ Ry(-2.4421) ├─┤ Rx(-2.7254) ├
«      └─────────────┘ └─────────────┘
«q_2: ────────────────────────────────
«                                     
«q_3: ────────────────────────────────
«                                     
«q_4: ────────────────────────────────
«                                     
«q_5: ────────────────────────────────
«                                     
«q_6: ────────────────────────────────
«                                     
«q_7: ────────────────────────────────
«                                     
«q_8: ────────────────────────────────
«                                     
0 0.005509320517402626
5 0.004998418041476083
10 0.004971461991013225
15 0.004844069792584293
20 0.004739866064914511
25 0.004769066517359082
30 0.004680425611702154
35 0.004636723171275886
40 0.0047394120617213304
45 0.004762413989727789
50 0.00454857287897174
55 0.004412596665960117
60 0.004435530062500964
65 0.004523332650419295
70 0.0046114814789125986
75 0.00455743731767734
80 0.00469048118073587
85 0.004741070474583104
90 0.0046253132082093515
95 0.004565017203891186
100 0.004421533169894409
105 0.004548893204501366
110 0.00480961305296414
115 0.004749931801171985
120 0.004537676204819482
125 0.0045035226714763
130 0.004461582220459335
135 0.00447469519576909
140 0.0043824761938946796
145 0.00431302698467715
150 0.004377180128405003
155 0.004457664951375121
160 0.004558781403563512
165 0.004490929879532849
170 0.004524216813295654
175 0.004787587829416046
180 0.004673215831765418
185 0.004672910495099018
190 0.004553735378126296
195 0.004380665794961872
0.004411544803729746
