      ┌────────────┐  ┌────────────┐┌─────────────┐    ┌────────────┐ »
q_0: ─┤ Rx(4.0022) ├──┤ Ry(4.7225) ├┤ Rz(0.55025) ├─■──┤ Rx(4.2013) ├─»
     ┌┴────────────┴┐ ├────────────┤└┬────────────┤ │ ┌┴────────────┴┐»
q_1: ┤ Rx(-0.75461) ├─┤ Ry(4.7252) ├─┤ Rz(3.0563) ├─■─┤ Rx(-0.34623) ├»
     └┬────────────┬┘ ├────────────┤ ├───────────┬┘   └──────────────┘»
q_2: ─┤ Rx(5.9719) ├──┤ Ry(4.4256) ├─┤ Rz(4.637) ├────────────────────»
      ├────────────┤ ┌┴────────────┤ ├───────────┴┐                   »
q_3: ─┤ Rx(6.2776) ├─┤ Ry(0.11728) ├─┤ Rz(6.2805) ├───────────────────»
      ├────────────┤ └┬────────────┤ ├────────────┤                   »
q_4: ─┤ Rx(6.1025) ├──┤ Ry(1.5598) ├─┤ Rz(5.0599) ├───────────────────»
      ├────────────┤  ├────────────┤ ├────────────┤                   »
q_5: ─┤ Rx(1.5026) ├──┤ Ry(4.8139) ├─┤ Rz(3.0272) ├───────────────────»
      ├────────────┤  ├────────────┤ ├────────────┤                   »
q_6: ─┤ Rx(1.5772) ├──┤ Ry(6.1431) ├─┤ Rz(5.5353) ├───────────────────»
      ├───────────┬┘  ├────────────┤┌┴────────────┤                   »
q_7: ─┤ Rx(1.745) ├───┤ Ry(1.6018) ├┤ Rz(0.20641) ├───────────────────»
      ├───────────┴┐  ├────────────┤└┬────────────┤                   »
q_8: ─┤ Rx(4.4493) ├──┤ Ry(4.7111) ├─┤ Rz(2.9822) ├───────────────────»
      └────────────┘  └────────────┘ └────────────┘                   »
«     ┌────────────┐┌────────────┐                                »
«q_0: ┤ Ry(3.1759) ├┤ Rz(5.5425) ├────────────────────────────────»
«     ├────────────┤├────────────┤    ┌────────────┐┌────────────┐»
«q_1: ┤ Ry(5.9082) ├┤ Rz(1.2176) ├─■──┤ Rx(3.1407) ├┤ Ry(3.1329) ├»
«     └────────────┘└────────────┘ │ ┌┴────────────┤├───────────┬┘»
«q_2: ─────────────────────────────■─┤ Rx(0.92266) ├┤ Ry(1.096) ├─»
«                                    └─────────────┘└───────────┘ »
«q_3: ────────────────────────────────────────────────────────────»
«                                                                 »
«q_4: ────────────────────────────────────────────────────────────»
«                                                                 »
«q_5: ────────────────────────────────────────────────────────────»
«                                                                 »
«q_6: ────────────────────────────────────────────────────────────»
«                                                                 »
«q_7: ────────────────────────────────────────────────────────────»
«                                                                 »
«q_8: ────────────────────────────────────────────────────────────»
«                                                                 »
«                                                                     »
«q_0: ────────────────────────────────────────────────────────────────»
«      ┌───────────┐                                                  »
«q_1: ─┤ Rz(4.294) ├──────────────────────────────────────────────────»
«     ┌┴───────────┴┐   ┌────────────┐┌────────────┐┌─────────────┐   »
«q_2: ┤ Rz(0.77164) ├─■─┤ Rx(2.0215) ├┤ Ry(2.9455) ├┤ Rz(0.55364) ├─■─»
«     └─────────────┘ │ └────────────┘└────────────┘└─────────────┘ │ »
«q_3: ────────────────┼─────────────────────────────────────────────■─»
«                     │ ┌────────────┐┌────────────┐ ┌────────────┐   »
«q_4: ────────────────■─┤ Rx(4.6989) ├┤ Ry(2.5857) ├─┤ Rz(6.1358) ├───»
«                       └────────────┘└────────────┘ └────────────┘   »
«q_5: ────────────────────────────────────────────────────────────────»
«                                                                     »
«q_6: ────────────────────────────────────────────────────────────────»
«                                                                     »
«q_7: ────────────────────────────────────────────────────────────────»
«                                                                     »
«q_8: ────────────────────────────────────────────────────────────────»
«                                                                     »
«                                                  ┌────────────┐»
«q_0: ───────────────────────────────────────────■─┤ Rx(2.0967) ├»
«                                                │ └────────────┘»
«q_1: ───────────────────────────────────────────┼───────────────»
«     ┌────────────┐┌────────────┐┌────────────┐ │               »
«q_2: ┤ Rx(3.2973) ├┤ Ry(5.6191) ├┤ Rz(2.7919) ├─┼───────────────»
«     ├────────────┤├────────────┤├────────────┤ │ ┌────────────┐»
«q_3: ┤ Rx(3.8397) ├┤ Ry(4.7154) ├┤ Rz(2.2993) ├─■─┤ Rx(4.8127) ├»
«     └────────────┘└────────────┘└────────────┘   └────────────┘»
«q_4: ───────────────────────────────────────────────────────────»
«                                                                »
«q_5: ───────────────────────────────────────────────────────────»
«                                                                »
«q_6: ───────────────────────────────────────────────────────────»
«                                                                »
«q_7: ───────────────────────────────────────────────────────────»
«                                                                »
«q_8: ───────────────────────────────────────────────────────────»
«                                                                »
«      ┌────────────┐┌────────────┐                                            »
«q_0: ─┤ Ry(4.7044) ├┤ Rz(5.8319) ├────────────────────────────────────────────»
«      └────────────┘└────────────┘                                            »
«q_1: ─────────────────────────────────────────────────────────────────────────»
«                                                                              »
«q_2: ─────────────────────────────────────────────────────────────────────────»
«     ┌─────────────┐┌────────────┐                                            »
«q_3: ┤ Ry(0.15814) ├┤ Rz(5.8753) ├─■──────────────────────────────────────────»
«     └─────────────┘└────────────┘ │ ┌────────────┐┌────────────┐┌───────────┐»
«q_4: ──────────────────────────────■─┤ Rx(2.0482) ├┤ Ry(5.0615) ├┤ Rz(2.429) ├»
«                                     └────────────┘└────────────┘└───────────┘»
«q_5: ─────────────────────────────────────────────────────────────────────────»
«                                                                              »
«q_6: ─────────────────────────────────────────────────────────────────────────»
«                                                                              »
«q_7: ─────────────────────────────────────────────────────────────────────────»
«                                                                              »
«q_8: ─────────────────────────────────────────────────────────────────────────»
«                                                                              »
«                                                                   »
«q_0: ──────────────────────────────────────────────────────────────»
«                                                                   »
«q_1: ──────────────────────────────────────────────────────────────»
«                                                                   »
«q_2: ──────────────────────────────────────────────────────────────»
«                                                                   »
«q_3: ──────────────────────────────────────────────────────────────»
«        ┌────────────┐┌────────────┐┌────────────┐                 »
«q_4: ─■─┤ Rx(2.7002) ├┤ Ry(1.5894) ├┤ Rz(3.4343) ├─■───────────────»
«      │ └────────────┘└────────────┘└────────────┘ │ ┌────────────┐»
«q_5: ─┼────────────────────────────────────────────■─┤ Rx(3.0561) ├»
«      │ ┌────────────┐┌───────────┐ ┌────────────┐   └────────────┘»
«q_6: ─■─┤ Rx(1.5843) ├┤ Ry(2.419) ├─┤ Rz(4.7668) ├─────────────────»
«        └────────────┘└───────────┘ └────────────┘                 »
«q_7: ──────────────────────────────────────────────────────────────»
«                                                                   »
«q_8: ──────────────────────────────────────────────────────────────»
«                                                                   »
«                                    ┌────────────┐┌────────────┐»
«q_0: ─────────────────────────────■─┤ Rx(2.8571) ├┤ Ry(3.1595) ├»
«                                  │ └────────────┘└────────────┘»
«q_1: ─────────────────────────────┼─────────────────────────────»
«                                  │                             »
«q_2: ─────────────────────────────┼─────────────────────────────»
«                                  │                             »
«q_3: ─────────────────────────────┼─────────────────────────────»
«                                  │                             »
«q_4: ─────────────────────────────┼─────────────────────────────»
«     ┌────────────┐┌────────────┐ │ ┌────────────┐┌────────────┐»
«q_5: ┤ Ry(3.6463) ├┤ Rz(1.7422) ├─■─┤ Rx(3.1375) ├┤ Ry(3.1508) ├»
«     └────────────┘└────────────┘   └────────────┘└────────────┘»
«q_6: ───────────────────────────────────────────────────────────»
«                                                                »
«q_7: ───────────────────────────────────────────────────────────»
«                                                                »
«q_8: ───────────────────────────────────────────────────────────»
«                                                                »
«     ┌──────────────┐                                                »
«q_0: ┤ Rz(0.038433) ├────────────────────────────────────────────────»
«     └──────────────┘                                                »
«q_1: ────────────────────────────────────────────────────────────────»
«                                                                     »
«q_2: ────────────────────────────────────────────────────────────────»
«                                                                     »
«q_3: ────────────────────────────────────────────────────────────────»
«                                                                     »
«q_4: ────────────────────────────────────────────────────────────────»
«      ┌────────────┐                                                 »
«q_5: ─┤ Rz(3.1912) ├──■──────────────────────────────────────────────»
«      └────────────┘  │ ┌────────────┐┌────────────┐┌────────────┐   »
«q_6: ─────────────────■─┤ Rx(1.1849) ├┤ Ry(4.6077) ├┤ Rz(5.8585) ├─■─»
«                        └────────────┘└────────────┘└────────────┘ │ »
«q_7: ──────────────────────────────────────────────────────────────┼─»
«                                                                   │ »
«q_8: ──────────────────────────────────────────────────────────────■─»
«                                                                     »
«                                                                 »
«q_0: ────────────────────────────────────────────────────────────»
«                                                                 »
«q_1: ────────────────────────────────────────────────────────────»
«                                                                 »
«q_2: ────────────────────────────────────────────────────────────»
«                                                                 »
«q_3: ────────────────────────────────────────────────────────────»
«                                                                 »
«q_4: ────────────────────────────────────────────────────────────»
«                                                                 »
«q_5: ────────────────────────────────────────────────────────────»
«     ┌────────────┐┌─────────────┐┌───────────┐                  »
«q_6: ┤ Rx(4.7228) ├┤ Ry(0.15256) ├┤ Rz(2.514) ├──■───────────────»
«     └────────────┘└─────────────┘└───────────┘  │ ┌────────────┐»
«q_7: ────────────────────────────────────────────■─┤ Rx(4.9692) ├»
«     ┌────────────┐ ┌────────────┐┌────────────┐   └────────────┘»
«q_8: ┤ Rx(5.9778) ├─┤ Ry(5.6432) ├┤ Rz(3.2943) ├─────────────────»
«     └────────────┘ └────────────┘└────────────┘                 »
«                                                                             »
«q_0: ─────────────────────────────■──────────────────────────────────────────»
«                                  │                                          »
«q_1: ─────────────────────────────┼──────────────────────────────────────────»
«                                  │                                          »
«q_2: ─────────────────────────────┼──────────────────────────────────────────»
«                                  │                                          »
«q_3: ─────────────────────────────┼──────────────────────────────────────────»
«                                  │                                          »
«q_4: ─────────────────────────────┼──────────────────────────────────────────»
«                                  │                                          »
«q_5: ─────────────────────────────┼──────────────────────────────────────────»
«                                  │                                          »
«q_6: ─────────────────────────────┼──────────────────────────────────────────»
«     ┌────────────┐┌────────────┐ │ ┌──────────┐┌────────────┐┌─────────────┐»
«q_7: ┤ Ry(4.6938) ├┤ Rz(3.6616) ├─■─┤ Rx(6.29) ├┤ Ry(3.1467) ├┤ Rz(0.77678) ├»
«     └────────────┘└────────────┘   └──────────┘└────────────┘└─────────────┘»
«q_8: ────────────────────────────────────────────────────────────────────────»
«                                                                             »
«                                                                   »
«q_0: ──────────────────────────────────────────────────────────────»
«                                                                   »
«q_1: ──────────────────────────────────────────────────────────────»
«                                                                   »
«q_2: ──────────────────────────────────────────────■───────────────»
«                                                   │               »
«q_3: ──────────────────────────────────────────────┼───────────────»
«                                                   │               »
«q_4: ──────────────────────────────────────────────┼───────────────»
«                                                   │               »
«q_5: ──────────────────────────────────────────────┼───────────────»
«                                                   │               »
«q_6: ──────────────────────────────────────────────┼───────────────»
«                                                   │               »
«q_7: ─■────────────────────────────────────────────┼───────────────»
«      │ ┌────────────┐┌────────────┐┌────────────┐ │ ┌────────────┐»
«q_8: ─■─┤ Rx(3.4191) ├┤ Ry(2.4522) ├┤ Rz(1.5767) ├─■─┤ Rx(4.7368) ├»
«        └────────────┘└────────────┘└────────────┘   └────────────┘»
«                                     ░  ┌────────────┐  ┌───────────┐   »
«q_0: ────────────────────────────────░──┤ Rx(5.1993) ├──┤ Ry(1.489) ├───»
«                                     ░  ├────────────┤ ┌┴───────────┴┐  »
«q_1: ─────────────────────────────■──░──┤ Rx(1.5675) ├─┤ Ry(0.36158) ├──»
«                                  │  ░  ├────────────┤┌┴─────────────┴─┐»
«q_2: ─────────────────────────────┼──░──┤ Rx(3.1334) ├┤ Ry(-0.0097068) ├»
«                                  │  ░  ├────────────┤└─┬────────────┬─┘»
«q_3: ─────────────────────────────┼──░──┤ Rx(4.6889) ├──┤ Ry(5.1219) ├──»
«                                  │  ░  ├────────────┤  ├────────────┤  »
«q_4: ─────────────────────────────┼──░──┤ Rx(6.2755) ├──┤ Ry(3.1516) ├──»
«                                  │  ░  ├────────────┤  ├────────────┤  »
«q_5: ─────────────────────────────┼──░──┤ Rx(4.0035) ├──┤ Ry(1.5758) ├──»
«                                  │  ░  ├────────────┤  ├────────────┤  »
«q_6: ─────────────────────────────┼──░──┤ Rx(2.3854) ├──┤ Ry(2.7028) ├──»
«                                  │  ░ ┌┴────────────┤  ├────────────┤  »
«q_7: ─────────────────────────────┼──░─┤ Rx(0.37223) ├──┤ Ry(4.7209) ├──»
«     ┌────────────┐┌────────────┐ │  ░ └┬────────────┤  ├────────────┤  »
«q_8: ┤ Ry(1.9683) ├┤ Rz(1.6234) ├─■──░──┤ Rx(3.4035) ├──┤ Ry(1.5701) ├──»
«     └────────────┘└────────────┘    ░  └────────────┘  └────────────┘  »
«      ┌────────────┐   ┌────────────┐┌────────────┐┌────────────┐   »
«q_0: ─┤ Rz(2.5719) ├─■─┤ Rx(3.1505) ├┤ Ry(4.7156) ├┤ Rz(4.5913) ├───»
«      ├────────────┤ │ ├────────────┤├────────────┤├────────────┤   »
«q_1: ─┤ Rz(4.7194) ├─■─┤ Rx(3.3285) ├┤ Ry(1.5839) ├┤ Rz(2.7116) ├─■─»
«     ┌┴────────────┤   └────────────┘└────────────┘└────────────┘ │ »
«q_2: ┤ Rz(0.73434) ├──────────────────────────────────────────────■─»
«     └┬────────────┤                                                »
«q_3: ─┤ Rz(6.0028) ├────────────────────────────────────────────────»
«      ├────────────┤                                                »
«q_4: ─┤ Rz(1.7949) ├────────────────────────────────────────────────»
«      ├────────────┤                                                »
«q_5: ─┤ Rz(4.0058) ├────────────────────────────────────────────────»
«      ├────────────┤                                                »
«q_6: ─┤ Rz(2.0446) ├────────────────────────────────────────────────»
«      ├────────────┤                                                »
«q_7: ─┤ Rz(2.3035) ├────────────────────────────────────────────────»
«      ├────────────┤                                                »
«q_8: ─┤ Rz(2.3247) ├────────────────────────────────────────────────»
«      └────────────┘                                                »
«                                                                »
«q_0: ───────────────────────────────────────────────────────────»
«     ┌────────────┐┌────────────┐┌────────────┐                 »
«q_1: ┤ Rx(4.7878) ├┤ Ry(3.9588) ├┤ Rz(6.0321) ├─────────────────»
«     ├────────────┤├────────────┤├────────────┤   ┌────────────┐»
«q_2: ┤ Rx(4.2314) ├┤ Ry(1.5616) ├┤ Rz(4.5926) ├─■─┤ Rx(1.5792) ├»
«     └────────────┘└────────────┘└────────────┘ │ └────────────┘»
«q_3: ───────────────────────────────────────────┼───────────────»
«                                                │ ┌───────────┐ »
«q_4: ───────────────────────────────────────────■─┤ Rx(5.658) ├─»
«                                                  └───────────┘ »
«q_5: ───────────────────────────────────────────────────────────»
«                                                                »
«q_6: ───────────────────────────────────────────────────────────»
«                                                                »
«q_7: ───────────────────────────────────────────────────────────»
«                                                                »
«q_8: ───────────────────────────────────────────────────────────»
«                                                                »
«                                                                  »
«q_0: ─────────────────────────────────────────────────────────────»
«                                                                  »
«q_1: ─────────────────────────────────────────────────────────────»
«     ┌─────────────┐┌────────────┐   ┌────────────┐┌─────────────┐»
«q_2: ┤ Ry(0.37371) ├┤ Rz(5.9972) ├─■─┤ Rx(4.5274) ├┤ Ry(0.25365) ├»
«     └─────────────┘└────────────┘ │ ├────────────┤└┬────────────┤»
«q_3: ──────────────────────────────■─┤ Rx(2.8058) ├─┤ Ry(1.5746) ├»
«      ┌────────────┐┌────────────┐   └────────────┘ └────────────┘»
«q_4: ─┤ Ry(1.5403) ├┤ Rz(5.0346) ├────────────────────────────────»
«      └────────────┘└────────────┘                                »
«q_5: ─────────────────────────────────────────────────────────────»
«                                                                  »
«q_6: ─────────────────────────────────────────────────────────────»
«                                                                  »
«q_7: ─────────────────────────────────────────────────────────────»
«                                                                  »
«q_8: ─────────────────────────────────────────────────────────────»
«                                                                  »
«                      ┌────────────┐┌────────────┐┌────────────┐   »
«q_0: ───────────────■─┤ Rx(4.3019) ├┤ Ry(1.7017) ├┤ Rz(5.0053) ├───»
«                    │ └────────────┘└────────────┘└────────────┘   »
«q_1: ───────────────┼──────────────────────────────────────────────»
«     ┌────────────┐ │                                              »
«q_2: ┤ Rz(6.2226) ├─┼──────────────────────────────────────────────»
«     ├────────────┤ │ ┌────────────┐┌───────────┐ ┌───────────┐    »
«q_3: ┤ Rz(1.0629) ├─■─┤ Rx(1.6581) ├┤ Ry(5.141) ├─┤ Rz(3.081) ├──■─»
«     └────────────┘   └────────────┘└───────────┘ └───────────┘  │ »
«q_4: ────────────────────────────────────────────────────────────■─»
«                                                                   »
«q_5: ──────────────────────────────────────────────────────────────»
«                                                                   »
«q_6: ──────────────────────────────────────────────────────────────»
«                                                                   »
«q_7: ──────────────────────────────────────────────────────────────»
«                                                                   »
«q_8: ──────────────────────────────────────────────────────────────»
«                                                                   »
«                                                                   »
«q_0: ──────────────────────────────────────────────────────────────»
«                                                                   »
«q_1: ──────────────────────────────────────────────────────────────»
«                                                                   »
«q_2: ──────────────────────────────────────────────────────────────»
«                                                                   »
«q_3: ──────────────────────────────────────────────────────────────»
«     ┌────────────┐┌────────────┐┌────────────┐   ┌───────────────┐»
«q_4: ┤ Rx(3.1716) ├┤ Ry(3.0937) ├┤ Rz(3.0668) ├─■─┤ Rx(-0.003273) ├»
«     └────────────┘└────────────┘└────────────┘ │ └───────────────┘»
«q_5: ───────────────────────────────────────────┼──────────────────»
«                                                │   ┌────────────┐ »
«q_6: ───────────────────────────────────────────■───┤ Rx(1.5543) ├─»
«                                                    └────────────┘ »
«q_7: ──────────────────────────────────────────────────────────────»
«                                                                   »
«q_8: ──────────────────────────────────────────────────────────────»
«                                                                   »
«                                                                  »
«q_0: ─────────────────────────────────────────────────────────────»
«                                                                  »
«q_1: ─────────────────────────────────────────────────────────────»
«                                                                  »
«q_2: ─────────────────────────────────────────────────────────────»
«                                                                  »
«q_3: ─────────────────────────────────────────────────────────────»
«     ┌────────────┐┌────────────┐                                 »
«q_4: ┤ Ry(3.1276) ├┤ Rz(3.9901) ├─■───────────────────────────────»
«     └────────────┘└────────────┘ │ ┌──────────────┐┌────────────┐»
«q_5: ─────────────────────────────■─┤ Rx(-0.24957) ├┤ Ry(4.7159) ├»
«     ┌────────────┐┌────────────┐   └──────────────┘└────────────┘»
«q_6: ┤ Ry(3.1929) ├┤ Rz(3.1527) ├─────────────────────────────────»
«     └────────────┘└────────────┘                                 »
«q_7: ─────────────────────────────────────────────────────────────»
«                                                                  »
«q_8: ─────────────────────────────────────────────────────────────»
«                                                                  »
«                      ┌────────────┐┌─────────────┐┌─────────────┐   »
«q_0: ───────────────■─┤ Rx(5.9289) ├┤ Ry(0.39897) ├┤ Rz(0.81568) ├───»
«                    │ └────────────┘└─────────────┘└─────────────┘   »
«q_1: ───────────────┼────────────────────────────────────────────────»
«                    │                                                »
«q_2: ───────────────┼────────────────────────────────────────────────»
«                    │                                                »
«q_3: ───────────────┼────────────────────────────────────────────────»
«                    │                                                »
«q_4: ───────────────┼────────────────────────────────────────────────»
«     ┌────────────┐ │ ┌───────────┐  ┌────────────┐ ┌───────────┐    »
«q_5: ┤ Rz(3.9929) ├─■─┤ Rx(2.752) ├──┤ Ry(1.5106) ├─┤ Rz(1.237) ├──■─»
«     └────────────┘   └───────────┘  └────────────┘ └───────────┘  │ »
«q_6: ──────────────────────────────────────────────────────────────■─»
«                                                                     »
«q_7: ────────────────────────────────────────────────────────────────»
«                                                                     »
«q_8: ────────────────────────────────────────────────────────────────»
«                                                                     »
«                                                                   »
«q_0: ──────────────────────────────────────────────────────────────»
«                                                                   »
«q_1: ──────────────────────────────────────────────────────────────»
«                                                                   »
«q_2: ──────────────────────────────────────────────────────────────»
«                                                                   »
«q_3: ──────────────────────────────────────────────────────────────»
«                                                                   »
«q_4: ──────────────────────────────────────────────────────────────»
«                                                                   »
«q_5: ──────────────────────────────────────────────────────────────»
«     ┌────────────┐┌────────────┐┌────────────┐     ┌────────────┐ »
«q_6: ┤ Rx(1.3106) ├┤ Ry(1.5634) ├┤ Rz(4.2637) ├─■───┤ Rx(4.4105) ├─»
«     └────────────┘└────────────┘└────────────┘ │   └────────────┘ »
«q_7: ───────────────────────────────────────────┼──────────────────»
«                                                │ ┌───────────────┐»
«q_8: ───────────────────────────────────────────■─┤ Rx(0.0099253) ├»
«                                                  └───────────────┘»
«                                                                              »
«q_0: ─────────────────────────────────────────────────────────────────────────»
«                                                                              »
«q_1: ─────────────────────────────────────────────────────────────────────────»
«                                                                              »
«q_2: ─────────────────────────────────────────────────────────────────────────»
«                                                                              »
«q_3: ─────────────────────────────────────────────────────────────────────────»
«                                                                              »
«q_4: ─────────────────────────────────────────────────────────────────────────»
«                                                                              »
«q_5: ─────────────────────────────────────────────────────────────────────────»
«     ┌────────────┐┌────────────┐                                             »
«q_6: ┤ Ry(3.3507) ├┤ Rz(4.7655) ├─■───────────────────────────────────────────»
«     └────────────┘└────────────┘ │ ┌────────────┐┌────────────┐┌────────────┐»
«q_7: ─────────────────────────────■─┤ Rx(1.5691) ├┤ Ry(2.6542) ├┤ Rz(2.5423) ├»
«     ┌────────────┐┌────────────┐   └────────────┘└────────────┘└────────────┘»
«q_8: ┤ Ry(6.2879) ├┤ Rz(2.8013) ├─────────────────────────────────────────────»
«     └────────────┘└────────────┘                                             »
«                                                                   »
«q_0: ─■────────────────────────────────────────────────────────────»
«      │                                                            »
«q_1: ─┼────────────────────────────────────────────────────────────»
«      │                                                            »
«q_2: ─┼────────────────────────────────────────────────────────────»
«      │                                                            »
«q_3: ─┼────────────────────────────────────────────────────────────»
«      │                                                            »
«q_4: ─┼────────────────────────────────────────────────────────────»
«      │                                                            »
«q_5: ─┼────────────────────────────────────────────────────────────»
«      │                                                            »
«q_6: ─┼────────────────────────────────────────────────────────────»
«      │ ┌────────────┐┌────────────┐┌────────────┐                 »
«q_7: ─■─┤ Rx(1.5759) ├┤ Ry(5.6609) ├┤ Rz(3.1255) ├─■───────────────»
«        └────────────┘└────────────┘└────────────┘ │ ┌────────────┐»
«q_8: ──────────────────────────────────────────────■─┤ Rx(1.2264) ├»
«                                                     └────────────┘»
«                                                                »
«q_0: ───────────────────────────────────────────────────────────»
«                                                                »
«q_1: ───────────────────────────────────────────────────────────»
«                                                                »
«q_2: ─────────────────────────────■─────────────────────────────»
«                                  │                             »
«q_3: ─────────────────────────────┼─────────────────────────────»
«                                  │                             »
«q_4: ─────────────────────────────┼─────────────────────────────»
«                                  │                             »
«q_5: ─────────────────────────────┼─────────────────────────────»
«                                  │                             »
«q_6: ─────────────────────────────┼─────────────────────────────»
«                                  │                             »
«q_7: ─────────────────────────────┼─────────────────────────────»
«     ┌────────────┐┌────────────┐ │ ┌────────────┐┌────────────┐»
«q_8: ┤ Ry(4.9035) ├┤ Rz(3.7778) ├─■─┤ Rx(5.4356) ├┤ Ry(4.3157) ├»
«     └────────────┘└────────────┘   └────────────┘└────────────┘»
«                        ░ ┌────────────┐ ░                                   »
«q_0: ───────────────────░─┤ sensing_dm ├─░───────────────────────────────────»
«                        ░ ├────────────┤ ░    ┌─────────────┐┌──────────────┐»
«q_1: ────────────────■──░─┤ sensing_dm ├─░──■─┤ Rz(-5.3073) ├┤ Ry(-0.13151) ├»
«                     │  ░ ├────────────┤ ░  │ └─────────────┘└──────────────┘»
«q_2: ────────────────┼──░─┤ sensing_dm ├─░──┼────────────────────────────────»
«                     │  ░ ├────────────┤ ░  │                                »
«q_3: ────────────────┼──░─┤ sensing_dm ├─░──┼────────────────────────────────»
«                     │  ░ ├────────────┤ ░  │                                »
«q_4: ────────────────┼──░─┤ sensing_dm ├─░──┼────────────────────────────────»
«                     │  ░ ├────────────┤ ░  │                                »
«q_5: ────────────────┼──░─┤ sensing_dm ├─░──┼────────────────────────────────»
«                     │  ░ ├────────────┤ ░  │                                »
«q_6: ────────────────┼──░─┤ sensing_dm ├─░──┼────────────────────────────────»
«                     │  ░ ├────────────┤ ░  │                                »
«q_7: ────────────────┼──░─┤ sensing_dm ├─░──┼────────────────────────────────»
«     ┌─────────────┐ │  ░ ├────────────┤ ░  │ ┌─────────────┐ ┌────────────┐ »
«q_8: ┤ Rz(0.89746) ├─■──░─┤ sensing_dm ├─░──■─┤ Rz(-5.6705) ├─┤ Ry(-2.039) ├─»
«     └─────────────┘    ░ └────────────┘ ░    └─────────────┘ └────────────┘ »
«                                                                         »
«q_0: ────────────────────────────────────────────────────────────────────»
«      ┌────────────┐                                                     »
«q_1: ─┤ Rx(-4.003) ├─────────────────────────────────────────────────────»
«      └────────────┘   ┌─────────────┐┌──────────────┐┌──────────────┐   »
«q_2: ────────────────■─┤ Rz(-5.3802) ├┤ Ry(-0.91831) ├┤ Rx(-0.91086) ├───»
«                     │ └─────────────┘└──────────────┘└──────────────┘   »
«q_3: ────────────────┼───────────────────────────────────────────────────»
«                     │                                                   »
«q_4: ────────────────┼───────────────────────────────────────────────────»
«                     │                                                   »
«q_5: ────────────────┼───────────────────────────────────────────────────»
«                     │                                                   »
«q_6: ────────────────┼───────────────────────────────────────────────────»
«                     │                                                   »
«q_7: ────────────────┼─────────────────────────────────────────────────■─»
«     ┌─────────────┐ │ ┌─────────────┐┌─────────────┐  ┌────────────┐  │ »
«q_8: ┤ Rx(-5.4598) ├─■─┤ Rz(-4.0217) ├┤ Ry(-2.2905) ├──┤ Rx(-3.804) ├──■─»
«     └─────────────┘   └─────────────┘└─────────────┘  └────────────┘    »
«                                                        ┌─────────────┐»
«q_0: ─────────────────────────────────────────────────■─┤ Rz(-5.6553) ├»
«                                                      │ └─────────────┘»
«q_1: ─────────────────────────────────────────────────┼────────────────»
«                                                      │                »
«q_2: ─────────────────────────────────────────────────┼────────────────»
«                                                      │                »
«q_3: ─────────────────────────────────────────────────┼────────────────»
«                                                      │                »
«q_4: ─────────────────────────────────────────────────┼────────────────»
«                                                      │                »
«q_5: ─────────────────────────────────────────────────┼────────────────»
«                                                      │                »
«q_6: ─────────────────────────────────────────────────┼────────────────»
«     ┌───────────────┐┌─────────────┐┌─────────────┐  │ ┌─────────────┐»
«q_7: ┤ Rz(-0.098037) ├┤ Ry(-6.0554) ├┤ Rx(-2.8118) ├──■─┤ Rz(-3.2254) ├»
«     └┬─────────────┬┘├─────────────┤├─────────────┴┐   └─────────────┘»
«q_8: ─┤ Rz(-5.1319) ├─┤ Ry(-5.8895) ├┤ Rx(-0.98505) ├──────────────────»
«      └─────────────┘ └─────────────┘└──────────────┘                  »
«     ┌─────────────┐┌─────────────┐                                 »
«q_0: ┤ Ry(-2.4884) ├┤ Rx(-2.2528) ├─────────────────────────────────»
«     └─────────────┘└─────────────┘                                 »
«q_1: ───────────────────────────────────────────────────────────────»
«                                                                    »
«q_2: ───────────────────────────────────────────────────────────────»
«                                                                    »
«q_3: ───────────────────────────────────────────────────────────────»
«                                                                    »
«q_4: ───────────────────────────────────────────────────────────────»
«                                                                    »
«q_5: ───────────────────────────────────────────────────────────────»
«                                      ┌─────────────┐┌─────────────┐»
«q_6: ───────────────────────────────■─┤ Rz(-5.6219) ├┤ Ry(-1.2697) ├»
«     ┌─────────────┐┌─────────────┐ │ ├─────────────┤├─────────────┤»
«q_7: ┤ Ry(-1.0424) ├┤ Rx(-2.2781) ├─■─┤ Rz(-5.3245) ├┤ Ry(-3.3903) ├»
«     └─────────────┘└─────────────┘   └─────────────┘└─────────────┘»
«q_8: ───────────────────────────────────────────────────────────────»
«                                                                    »
«                                                                        »
«q_0: ───────────────────────────────────────────────────────────────────»
«                                                                        »
«q_1: ───────────────────────────────────────────────────────────────────»
«                                                                        »
«q_2: ───────────────────────────────────────────────────────────────────»
«                                                                        »
«q_3: ───────────────────────────────────────────────────────────────────»
«                                                                        »
«q_4: ───────────────────────────────────────────────────────────────────»
«                                                                        »
«q_5: ─────────────────────────────────────────────────────────────────■─»
«     ┌─────────────┐   ┌─────────────┐ ┌─────────────┐┌─────────────┐ │ »
«q_6: ┤ Rx(-1.9185) ├─■─┤ Rz(-5.9956) ├─┤ Ry(-1.4544) ├┤ Rx(-1.5495) ├─■─»
«     ├─────────────┤ │ └─────────────┘ └─────────────┘└─────────────┘   »
«q_7: ┤ Rx(-3.2801) ├─┼──────────────────────────────────────────────────»
«     └─────────────┘ │ ┌──────────────┐┌─────────────┐┌─────────────┐   »
«q_8: ────────────────■─┤ Rz(-0.18657) ├┤ Ry(-1.8158) ├┤ Rx(-5.8114) ├───»
«                       └──────────────┘└─────────────┘└─────────────┘   »
«                                                     ┌─────────────┐»
«q_0: ──────────────────────────────────────────────■─┤ Rz(-5.0852) ├»
«                                                   │ └─────────────┘»
«q_1: ──────────────────────────────────────────────┼────────────────»
«                                                   │                »
«q_2: ──────────────────────────────────────────────┼────────────────»
«                                                   │                »
«q_3: ──────────────────────────────────────────────┼────────────────»
«                                                   │                »
«q_4: ──────────────────────────────────────────────┼────────────────»
«     ┌─────────────┐ ┌────────────┐┌─────────────┐ │ ┌─────────────┐»
«q_5: ┤ Rz(-5.1245) ├─┤ Ry(-2.778) ├┤ Rx(-1.7896) ├─■─┤ Rz(-3.6871) ├»
«     ├─────────────┤┌┴────────────┤├─────────────┤   └─────────────┘»
«q_6: ┤ Rz(-3.0872) ├┤ Ry(-5.0372) ├┤ Rx(-1.4392) ├──────────────────»
«     └─────────────┘└─────────────┘└─────────────┘                  »
«q_7: ───────────────────────────────────────────────────────────────»
«                                                                    »
«q_8: ───────────────────────────────────────────────────────────────»
«                                                                    »
«     ┌─────────────┐┌─────────────┐                                  »
«q_0: ┤ Ry(-3.2966) ├┤ Rx(-5.0201) ├──────────────────────────────────»
«     └─────────────┘└─────────────┘                                  »
«q_1: ────────────────────────────────────────────────────────────────»
«                                                                     »
«q_2: ────────────────────────────────────────────────────────────────»
«                                                                     »
«q_3: ────────────────────────────────────────────────────────────────»
«                                      ┌─────────────┐┌─────────────┐ »
«q_4: ───────────────────────────────■─┤ Rz(-3.8255) ├┤ Ry(-3.5989) ├─»
«     ┌─────────────┐┌─────────────┐ │ ├─────────────┤├─────────────┴┐»
«q_5: ┤ Ry(-5.4382) ├┤ Rx(-6.2325) ├─■─┤ Rz(-4.2744) ├┤ Ry(-0.93032) ├»
«     └─────────────┘└─────────────┘   └─────────────┘└──────────────┘»
«q_6: ────────────────────────────────────────────────────────────────»
«                                                                     »
«q_7: ────────────────────────────────────────────────────────────────»
«                                                                     »
«q_8: ────────────────────────────────────────────────────────────────»
«                                                                     »
«                                                                           »
«q_0: ──────────────────────────────────────────────────────────────────────»
«                                                                           »
«q_1: ──────────────────────────────────────────────────────────────────────»
«                                                                           »
«q_2: ──────────────────────────────────────────────────────────────────────»
«                                                                           »
«q_3: ────────────────────────────────────────────────────────────────────■─»
«     ┌──────────────┐   ┌───────────────┐ ┌───────────┐ ┌─────────────┐  │ »
«q_4: ┤ Rx(-0.20704) ├─■─┤ Rz(-0.089815) ├─┤ Ry(-5.66) ├─┤ Rx(-4.9965) ├──■─»
«     ├──────────────┤ │ └───────────────┘ └───────────┘ └─────────────┘    »
«q_5: ┤ Rx(-0.86897) ├─┼────────────────────────────────────────────────────»
«     └──────────────┘ │  ┌─────────────┐ ┌─────────────┐┌──────────────┐   »
«q_6: ─────────────────■──┤ Rz(-2.3102) ├─┤ Ry(-4.8174) ├┤ Rx(-0.35032) ├───»
«                         └─────────────┘ └─────────────┘└──────────────┘   »
«q_7: ──────────────────────────────────────────────────────────────────────»
«                                                                           »
«q_8: ──────────────────────────────────────────────────────────────────────»
«                                                                           »
«                                                     ┌──────────────┐»
«q_0: ──────────────────────────────────────────────■─┤ Rz(-0.80861) ├»
«                                                   │ └──────────────┘»
«q_1: ──────────────────────────────────────────────┼─────────────────»
«                                                   │                 »
«q_2: ──────────────────────────────────────────────┼─────────────────»
«     ┌─────────────┐┌─────────────┐┌─────────────┐ │ ┌─────────────┐ »
«q_3: ┤ Rz(-3.8879) ├┤ Ry(-6.2767) ├┤ Rx(-6.1687) ├─■─┤ Rz(-4.1895) ├─»
«     └┬───────────┬┘├─────────────┤└┬────────────┤   └─────────────┘ »
«q_4: ─┤ Rz(-5.77) ├─┤ Ry(-0.0536) ├─┤ Rx(-4.965) ├───────────────────»
«      └───────────┘ └─────────────┘ └────────────┘                   »
«q_5: ────────────────────────────────────────────────────────────────»
«                                                                     »
«q_6: ────────────────────────────────────────────────────────────────»
«                                                                     »
«q_7: ────────────────────────────────────────────────────────────────»
«                                                                     »
«q_8: ────────────────────────────────────────────────────────────────»
«                                                                     »
«     ┌──────────────┐┌─────────────┐                                 »
«q_0: ┤ Ry(-0.19285) ├┤ Rx(-5.6861) ├─────────────────────────────────»
«     └──────────────┘└─────────────┘                                 »
«q_1: ────────────────────────────────────────────────────────────────»
«                                       ┌─────────────┐┌─────────────┐»
«q_2: ────────────────────────────────■─┤ Rz(-5.5831) ├┤ Ry(-2.0355) ├»
«     ┌──────────────┐┌─────────────┐ │ ├─────────────┤├─────────────┤»
«q_3: ┤ Ry(-0.97938) ├┤ Rx(-5.3183) ├─■─┤ Rz(-2.9295) ├┤ Ry(-1.4267) ├»
«     └──────────────┘└─────────────┘   └─────────────┘└─────────────┘»
«q_4: ────────────────────────────────────────────────────────────────»
«                                                                     »
«q_5: ────────────────────────────────────────────────────────────────»
«                                                                     »
«q_6: ────────────────────────────────────────────────────────────────»
«                                                                     »
«q_7: ────────────────────────────────────────────────────────────────»
«                                                                     »
«q_8: ────────────────────────────────────────────────────────────────»
«                                                                     »
«                                                                       »
«q_0: ──────────────────────────────────────────────────────────────────»
«                                                                       »
«q_1: ────────────────────────────────────────────────────────────────■─»
«     ┌─────────────┐   ┌─────────────┐┌─────────────┐ ┌────────────┐ │ »
«q_2: ┤ Rx(-4.5465) ├─■─┤ Rz(-3.8512) ├┤ Ry(-1.0516) ├─┤ Rx(-4.047) ├─■─»
«     ├─────────────┤ │ └─────────────┘└─────────────┘ └────────────┘   »
«q_3: ┤ Rx(-4.9507) ├─┼─────────────────────────────────────────────────»
«     └─────────────┘ │ ┌─────────────┐┌─────────────┐┌─────────────┐   »
«q_4: ────────────────■─┤ Rz(-6.1609) ├┤ Ry(-6.2448) ├┤ Rx(-3.2251) ├───»
«                       └─────────────┘└─────────────┘└─────────────┘   »
«q_5: ──────────────────────────────────────────────────────────────────»
«                                                                       »
«q_6: ──────────────────────────────────────────────────────────────────»
«                                                                       »
«q_7: ──────────────────────────────────────────────────────────────────»
«                                                                       »
«q_8: ──────────────────────────────────────────────────────────────────»
«                                                                       »
«                                                      ┌──────────────┐»
«q_0: ───────────────────────────────────────────────■─┤ Rz(-0.45193) ├»
«     ┌──────────────┐┌─────────────┐┌─────────────┐ │ ├─────────────┬┘»
«q_1: ┤ Rz(-0.15465) ├┤ Ry(-3.5331) ├┤ Rx(-4.3216) ├─■─┤ Rz(-3.7816) ├─»
«     └┬────────────┬┘└┬────────────┤├─────────────┤   └─────────────┘ »
«q_2: ─┤ Rz(-1.275) ├──┤ Ry(-1.115) ├┤ Rx(-1.4372) ├───────────────────»
«      └────────────┘  └────────────┘└─────────────┘                   »
«q_3: ─────────────────────────────────────────────────────────────────»
«                                                                      »
«q_4: ─────────────────────────────────────────────────────────────────»
«                                                                      »
«q_5: ─────────────────────────────────────────────────────────────────»
«                                                                      »
«q_6: ─────────────────────────────────────────────────────────────────»
«                                                                      »
«q_7: ─────────────────────────────────────────────────────────────────»
«                                                                      »
«q_8: ─────────────────────────────────────────────────────────────────»
«                                                                      »
«     ┌─────────────┐┌─────────────┐
«q_0: ┤ Ry(-6.0723) ├┤ Rx(-6.1493) ├
«     └┬────────────┤├─────────────┤
«q_1: ─┤ Ry(-2.588) ├┤ Rx(-2.4633) ├
«      └────────────┘└─────────────┘
«q_2: ──────────────────────────────
«                                   
«q_3: ──────────────────────────────
«                                   
«q_4: ──────────────────────────────
«                                   
«q_5: ──────────────────────────────
«                                   
«q_6: ──────────────────────────────
«                                   
«q_7: ──────────────────────────────
«                                   
«q_8: ──────────────────────────────
«                                   
0 0.008064754836636342
5 0.007180872263694657
10 0.006985365622064327
15 0.006553416677892885
20 0.006206819757095273
25 0.005847643715161448
30 0.005815583502569102
35 0.005664582196569769
40 0.005502861964037348
45 0.005414803506173745
50 0.005383598197736963
55 0.005342171905042638
60 0.005304168672318967
65 0.005476187365260905
70 0.005514034320901814
75 0.005608691790294577
80 0.005806087184555346
85 0.0060087474131162505
90 0.005966065694429358
95 0.005866214537289285
100 0.005412843493546964
105 0.004953254141495466
110 0.004903498595675411
115 0.004778333152075003
120 0.004976855610722771
125 0.005009717696516393
130 0.005041568374446443
135 0.0050407055449957685
140 0.00494395985836197
145 0.004622301440094849
150 0.004716997060587356
155 0.0048099283178579845
160 0.0047990071303691114
165 0.00475626121968398
170 0.004616516175140571
175 0.004669932351829464
180 0.004626015946569397
185 0.0047138767927086215
190 0.004789051810409238
195 0.0049723056766346075
0.004861024416981146
