      ┌────────────┐ ┌────────────┐ ┌────────────┐                  »
q_0: ─┤ Rx(2.7159) ├─┤ Ry(5.8473) ├─┤ Rz(2.3759) ├─■────────────────»
     ┌┴────────────┤ ├────────────┤┌┴────────────┤ │ ┌─────────────┐»
q_1: ┤ Rx(0.77569) ├─┤ Ry(3.1211) ├┤ Rz(0.32525) ├─■─┤ Rx(0.94991) ├»
     └┬────────────┤ ├────────────┤└┬────────────┤   └┬────────────┤»
q_2: ─┤ Rx(2.5262) ├─┤ Ry(3.1286) ├─┤ Rz(5.8147) ├─■──┤ Rx(2.8929) ├»
     ┌┴────────────┤ ├───────────┬┘ ├────────────┤ │  ├────────────┤»
q_3: ┤ Rx(0.75776) ├─┤ Ry(5.536) ├──┤ Rz(2.4149) ├─■──┤ Rx(4.2985) ├»
     └┬────────────┤ ├───────────┤  ├────────────┤    ├────────────┤»
q_4: ─┤ Rx(6.1018) ├─┤ Ry(1.339) ├──┤ Rz(5.8409) ├─■──┤ Rx(1.2219) ├»
      ├────────────┤ ├───────────┴┐ ├────────────┤ │  ├────────────┤»
q_5: ─┤ Rx(5.8105) ├─┤ Ry(3.5057) ├─┤ Rz(4.7045) ├─■──┤ Rx(1.3363) ├»
      ├────────────┤ ├────────────┤ ├───────────┬┘    ├────────────┤»
q_6: ─┤ Rx(4.9544) ├─┤ Ry(3.6143) ├─┤ Rz(1.678) ├──■──┤ Rx(1.4808) ├»
     ┌┴────────────┴┐├────────────┤ ├───────────┴┐ │  ├────────────┤»
q_7: ┤ Rx(0.010995) ├┤ Ry(1.1577) ├─┤ Rz(2.6745) ├─■──┤ Rx(2.6518) ├»
     └┬────────────┬┘├────────────┤ ├────────────┤    └────────────┘»
q_8: ─┤ Rx(4.4366) ├─┤ Ry(3.7312) ├─┤ Rz(6.1823) ├──────────────────»
      └────────────┘ └────────────┘ └────────────┘                  »
«                                      ░ ┌────────────┐
«q_0: ─────────────────────────────────░─┤ sensing_dm ├
«      ┌────────────┐┌────────────┐    ░ ├────────────┤
«q_1: ─┤ Ry(4.3854) ├┤ Rz(5.9992) ├─■──░─┤ sensing_dm ├
«      ├────────────┤├────────────┤ │  ░ ├────────────┤
«q_2: ─┤ Ry(5.0243) ├┤ Rz(2.4881) ├─■──░─┤ sensing_dm ├
«      ├────────────┤├────────────┤    ░ ├────────────┤
«q_3: ─┤ Ry(2.4622) ├┤ Rz(2.3915) ├─■──░─┤ sensing_dm ├
«      ├────────────┤├────────────┤ │  ░ ├────────────┤
«q_4: ─┤ Ry(1.3921) ├┤ Rz(2.7169) ├─■──░─┤ sensing_dm ├
«     ┌┴────────────┤├────────────┤    ░ ├────────────┤
«q_5: ┤ Ry(0.45192) ├┤ Rz(4.3177) ├─■──░─┤ sensing_dm ├
«     └┬────────────┤├────────────┤ │  ░ ├────────────┤
«q_6: ─┤ Ry(1.7062) ├┤ Rz(1.5354) ├─■──░─┤ sensing_dm ├
«      ├────────────┤├────────────┤    ░ ├────────────┤
«q_7: ─┤ Ry(2.5661) ├┤ Rz(3.7904) ├─■──░─┤ sensing_dm ├
«      └────────────┘└────────────┘ │  ░ ├────────────┤
«q_8: ──────────────────────────────■──░─┤ sensing_dm ├
«                                      ░ └────────────┘
0 0.02296870075974865
5 0.021803039348893053
10 0.021242435109443795
15 0.020665650705997015
20 0.02011091421137171
25 0.01958222775220421
30 0.019038086178797944
35 0.018481064057679134
40 0.017942674954983695
45 0.01742877530639888
50 0.016941504237753015
55 0.01649363260195325
60 0.016108808567840353
65 0.015796343716839058
70 0.015561108339061677
75 0.015377435963812903
80 0.015223586974525744
85 0.015086562873026163
90 0.014972962322086997
95 0.01487800476208391
100 0.014811861006091723
105 0.01477085589231948
110 0.014748321164711076
115 0.014729314516075223
120 0.014722827206495528
125 0.014714311753374471
130 0.014714364481638018
135 0.014709716617881983
140 0.014713644334808366
145 0.014709902636419664
150 0.014713970543222274
155 0.014710103140197871
160 0.014714306046004577
165 0.0147103191820279
170 0.014714651805714041
175 0.01471054386623267
180 0.014714999016666149
185 0.014710770043221424
190 0.014715344566304332
195 0.014710997626845981
0.014711089016808532
