      ┌────────────┐ ┌────────────┐┌────────────┐   ┌────────────┐»
q_0: ─┤ Rx(3.2267) ├─┤ Ry(2.3945) ├┤ Rz(5.6986) ├─■─┤ Rx(1.5367) ├»
     ┌┴────────────┤ ├────────────┤├────────────┤ │ ├────────────┤»
q_1: ┤ Rx(0.19223) ├─┤ Ry(3.5705) ├┤ Rz(1.0869) ├─■─┤ Rx(2.0585) ├»
     └┬────────────┤┌┴────────────┤├────────────┤   └────────────┘»
q_2: ─┤ Rx(2.9076) ├┤ Ry(0.87525) ├┤ Rz(2.4507) ├─────────────────»
      ├────────────┤└┬────────────┤├────────────┤                 »
q_3: ─┤ Rx(3.4973) ├─┤ Ry(3.2386) ├┤ Rz(3.4117) ├─────────────────»
      └────────────┘ └────────────┘└────────────┘                 »
«     ┌────────────┐┌───────────┐    ┌────────────┐┌────────────┐┌────────────┐»
«q_0: ┤ Ry(4.0903) ├┤ Rz(4.301) ├──■─┤ Rx(1.6701) ├┤ Ry(4.9007) ├┤ Rz(4.3772) ├»
«     ├────────────┤├───────────┴┐ │ └────────────┘└────────────┘└────────────┘»
«q_1: ┤ Ry(5.3075) ├┤ Rz(1.0902) ├─┼───────────────────────────────────────────»
«     └────────────┘└────────────┘ │ ┌────────────┐┌────────────┐┌────────────┐»
«q_2: ─────────────────────────────■─┤ Rx(2.8697) ├┤ Ry(3.6368) ├┤ Rz(1.7915) ├»
«                                    └────────────┘└────────────┘└────────────┘»
«q_3: ─────────────────────────────────────────────────────────────────────────»
«                                                                              »
«                                                                     »
«q_0: ─■──────────────────────────────────────────────────────────────»
«      │                ┌────────────┐┌─────────────┐┌────────────┐   »
«q_1: ─┼────────■───────┤ Rx(5.4815) ├┤ Ry(0.69181) ├┤ Rz(3.5198) ├─■─»
«      │        │       ├───────────┬┘└┬────────────┤├────────────┤ │ »
«q_2: ─┼────────■───────┤ Rx(4.569) ├──┤ Ry(1.1647) ├┤ Rz(2.4279) ├─┼─»
«      │ ┌─────────────┐├───────────┴┐ ├────────────┤└────────────┘ │ »
«q_3: ─■─┤ Rx(0.15937) ├┤ Ry(1.7935) ├─┤ Rz(1.2203) ├───────────────■─»
«        └─────────────┘└────────────┘ └────────────┘                 »
«                                                   ░  ┌────────────┐»
«q_0: ──────────────────────────────────────────────░──┤ Rx(3.9389) ├»
«                                                   ░ ┌┴────────────┤»
«q_1: ──────────────────────────────────────────────░─┤ Rx(0.19903) ├»
«                                                   ░ └┬───────────┬┘»
«q_2: ───────────────────────────────────────────■──░──┤ Rx(1.986) ├─»
«     ┌────────────┐┌────────────┐┌────────────┐ │  ░  ├───────────┤ »
«q_3: ┤ Rx(2.5944) ├┤ Ry(2.9342) ├┤ Rz(4.6974) ├─■──░──┤ Rx(4.246) ├─»
«     └────────────┘└────────────┘└────────────┘    ░  └───────────┘ »
«      ┌────────────┐ ┌────────────┐   ┌────────────┐┌────────────┐»
«q_0: ─┤ Ry(4.7179) ├─┤ Rz(2.8171) ├─■─┤ Rx(2.1977) ├┤ Ry(1.2884) ├»
«     ┌┴────────────┤ ├────────────┤ │ ├────────────┤├────────────┤»
«q_1: ┤ Ry(0.88953) ├─┤ Rz(4.4102) ├─■─┤ Rx(4.8358) ├┤ Ry(0.5986) ├»
«     └┬────────────┤┌┴────────────┤   └────────────┘└────────────┘»
«q_2: ─┤ Ry(3.3531) ├┤ Rz(0.35665) ├───────────────────────────────»
«      ├────────────┤├─────────────┤                               »
«q_3: ─┤ Ry(3.3718) ├┤ Rz(0.89803) ├───────────────────────────────»
«      └────────────┘└─────────────┘                               »
«     ┌─────────────┐    ┌───────────┐ ┌────────────┐┌─────────────┐   »
«q_0: ┤ Rz(0.98912) ├─■──┤ Rx(1.016) ├─┤ Ry(1.7979) ├┤ Rz(0.37297) ├─■─»
«     └┬────────────┤ │  └───────────┘ └────────────┘└─────────────┘ │ »
«q_1: ─┤ Rz(2.0997) ├─┼──────────────────────────────────────────────┼─»
«      └────────────┘ │ ┌─────────────┐┌────────────┐ ┌────────────┐ │ »
«q_2: ────────────────■─┤ Rx(0.49282) ├┤ Ry(3.5395) ├─┤ Rz(1.7068) ├─┼─»
«                       └─────────────┘└────────────┘ └────────────┘ │ »
«q_3: ───────────────────────────────────────────────────────────────■─»
«                                                                      »
«                                                                 »
«q_0: ────────────────────────────────────────────────────────────»
«                   ┌────────────┐┌─────────────┐┌────────────┐   »
«q_1: ──────■───────┤ Rx(1.5837) ├┤ Ry(0.64074) ├┤ Rz(0.5852) ├─■─»
«           │       ├────────────┤└┬───────────┬┘├────────────┤ │ »
«q_2: ──────■───────┤ Rx(1.0277) ├─┤ Ry(4.827) ├─┤ Rz(1.7562) ├─┼─»
«     ┌────────────┐├────────────┤ ├───────────┴┐└────────────┘ │ »
«q_3: ┤ Rx(4.4708) ├┤ Ry(3.0076) ├─┤ Rz(1.9037) ├───────────────■─»
«     └────────────┘└────────────┘ └────────────┘                 »
«                                                     ░ ┌────────────┐»
«q_0: ────────────────────────────────────────────────░─┤ Rx(2.0468) ├»
«                                                     ░ ├────────────┤»
«q_1: ────────────────────────────────────────────────░─┤ Rx(0.8957) ├»
«                                                     ░ ├────────────┤»
«q_2: ─────────────────────────────────────────────■──░─┤ Rx(1.5212) ├»
«     ┌────────────┐┌─────────────┐┌─────────────┐ │  ░ ├────────────┤»
«q_3: ┤ Rx(3.4316) ├┤ Ry(0.71497) ├┤ Rz(0.86089) ├─■──░─┤ Rx(3.3596) ├»
«     └────────────┘└─────────────┘└─────────────┘    ░ └────────────┘»
«      ┌────────────┐ ┌────────────┐   ┌───────────┐ ┌────────────┐»
«q_0: ─┤ Ry(5.4388) ├─┤ Rz(5.2521) ├─■─┤ Rx(2.504) ├─┤ Ry(1.7074) ├»
«     ┌┴────────────┤ ├────────────┤ │ ├───────────┴┐├────────────┤»
«q_1: ┤ Ry(0.13357) ├─┤ Rz(2.8543) ├─■─┤ Rx(3.1564) ├┤ Ry(4.0236) ├»
«     ├─────────────┤┌┴────────────┤   └────────────┘└────────────┘»
«q_2: ┤ Ry(0.95867) ├┤ Rz(0.58728) ├───────────────────────────────»
«     └┬────────────┤└┬────────────┤                               »
«q_3: ─┤ Ry(5.0957) ├─┤ Rz(1.7558) ├───────────────────────────────»
«      └────────────┘ └────────────┘                               »
«     ┌─────────────┐   ┌─────────────┐┌────────────┐ ┌────────────┐   »
«q_0: ┤ Rz(0.40194) ├─■─┤ Rx(0.11762) ├┤ Ry(3.7074) ├─┤ Rz(1.9409) ├─■─»
«     └┬────────────┤ │ └─────────────┘└────────────┘ └────────────┘ │ »
«q_1: ─┤ Rz(3.3303) ├─┼──────────────────────────────────────────────┼─»
«      └────────────┘ │  ┌────────────┐┌────────────┐┌─────────────┐ │ »
«q_2: ────────────────■──┤ Rx(1.6242) ├┤ Ry(6.1256) ├┤ Rz(0.66591) ├─┼─»
«                        └────────────┘└────────────┘└─────────────┘ │ »
«q_3: ───────────────────────────────────────────────────────────────■─»
«                                                                      »
«                                                                   »
«q_0: ──────────────────────────────────────────────────────────────»
«                     ┌────────────┐ ┌────────────┐┌────────────┐   »
«q_1: ───────■────────┤ Rx(1.0972) ├─┤ Ry(3.2821) ├┤ Rz(1.4789) ├─■─»
«            │        ├────────────┤ ├───────────┬┘├────────────┤ │ »
«q_2: ───────■────────┤ Rx(4.6999) ├─┤ Ry(6.117) ├─┤ Rz(4.7892) ├─┼─»
«     ┌─────────────┐┌┴────────────┴┐├───────────┴┐└────────────┘ │ »
«q_3: ┤ Rx(0.90634) ├┤ Ry(0.065195) ├┤ Rz(5.1913) ├───────────────■─»
«     └─────────────┘└──────────────┘└────────────┘                 »
«                                                     ░ ┌─────────────┐»
«q_0: ────────────────────────────────────────────────░─┤ Rx(0.51586) ├»
«                                                     ░ └┬────────────┤»
«q_1: ────────────────────────────────────────────────░──┤ Rx(5.5058) ├»
«                                                     ░  ├───────────┬┘»
«q_2: ─────────────────────────────────────────────■──░──┤ Rx(6.184) ├─»
«     ┌────────────┐┌─────────────┐┌─────────────┐ │  ░  ├───────────┴┐»
«q_3: ┤ Rx(2.4436) ├┤ Ry(0.94946) ├┤ Rz(0.27855) ├─■──░──┤ Rx(4.4117) ├»
«     └────────────┘└─────────────┘└─────────────┘    ░  └────────────┘»
«     ┌─────────────┐ ┌────────────┐   ┌────────────┐ ┌────────────┐»
«q_0: ┤ Ry(0.54334) ├─┤ Rz(3.5632) ├─■─┤ Rx(2.5032) ├─┤ Ry(6.0824) ├»
«     └┬────────────┤ ├────────────┤ │ ├────────────┤┌┴────────────┤»
«q_1: ─┤ Ry(4.1432) ├─┤ Rz(1.7144) ├─■─┤ Rx(4.1363) ├┤ Ry(0.60973) ├»
«      ├───────────┬┘ ├────────────┤   └────────────┘└─────────────┘»
«q_2: ─┤ Ry(2.528) ├──┤ Rz(3.6172) ├────────────────────────────────»
«     ┌┴───────────┴┐┌┴────────────┤                                »
«q_3: ┤ Ry(0.42726) ├┤ Rz(0.23958) ├────────────────────────────────»
«     └─────────────┘└─────────────┘                                »
«     ┌───────────┐    ┌────────────┐ ┌────────────┐┌────────────┐   »
«q_0: ┤ Rz(2.277) ├──■─┤ Rx(2.8767) ├─┤ Ry(0.9207) ├┤ Rz(5.8607) ├─■─»
«     ├───────────┴┐ │ └────────────┘ └────────────┘└────────────┘ │ »
«q_1: ┤ Rz(1.5714) ├─┼─────────────────────────────────────────────┼─»
«     └────────────┘ │ ┌────────────┐┌─────────────┐┌────────────┐ │ »
«q_2: ───────────────■─┤ Rx(6.1525) ├┤ Ry(0.94595) ├┤ Rz(4.0746) ├─┼─»
«                      └────────────┘└─────────────┘└────────────┘ │ »
«q_3: ─────────────────────────────────────────────────────────────■─»
«                                                                    »
«                                                                  »
«q_0: ─────────────────────────────────────────────────────────────»
«                    ┌────────────┐ ┌───────────┐ ┌────────────┐   »
«q_1: ───────■───────┤ Rx(6.2217) ├─┤ Ry(2.677) ├─┤ Rz(1.2806) ├─■─»
«            │       ├────────────┤ ├───────────┴┐├────────────┤ │ »
«q_2: ───────■───────┤ Rx(1.3378) ├─┤ Ry(1.4027) ├┤ Rz(4.5932) ├─┼─»
«     ┌─────────────┐├────────────┤┌┴────────────┤└────────────┘ │ »
«q_3: ┤ Rx(0.31863) ├┤ Ry(6.1642) ├┤ Rz(0.35984) ├───────────────■─»
«     └─────────────┘└────────────┘└─────────────┘                 »
«                                                   ░  ┌────────────┐»
«q_0: ──────────────────────────────────────────────░──┤ Rx(1.5907) ├»
«                                                   ░ ┌┴────────────┤»
«q_1: ──────────────────────────────────────────────░─┤ Rx(0.14644) ├»
«                                                   ░ └┬────────────┤»
«q_2: ───────────────────────────────────────────■──░──┤ Rx(6.0472) ├»
«     ┌────────────┐┌────────────┐┌────────────┐ │  ░  ├────────────┤»
«q_3: ┤ Rx(3.2403) ├┤ Ry(3.3646) ├┤ Rz(3.1941) ├─■──░──┤ Rx(4.9754) ├»
«     └────────────┘└────────────┘└────────────┘    ░  └────────────┘»
«      ┌────────────┐ ┌────────────┐   ┌───────────┐ ┌────────────┐»
«q_0: ─┤ Ry(2.0813) ├─┤ Rz(6.0754) ├─■─┤ Rx(3.107) ├─┤ Ry(5.0656) ├»
«     ┌┴────────────┤ ├────────────┤ │ ├───────────┴┐├────────────┤»
«q_1: ┤ Ry(0.10589) ├─┤ Rz(3.3219) ├─■─┤ Rx(5.1795) ├┤ Ry(3.1404) ├»
«     └┬────────────┤ ├────────────┤   └────────────┘└────────────┘»
«q_2: ─┤ Ry(4.4714) ├─┤ Rz(4.4899) ├───────────────────────────────»
«     ┌┴────────────┤┌┴────────────┤                               »
«q_3: ┤ Ry(0.62737) ├┤ Rz(0.88459) ├───────────────────────────────»
«     └─────────────┘└─────────────┘                               »
«      ┌────────────┐    ┌───────────┐ ┌─────────────┐┌────────────┐   »
«q_0: ─┤ Rz(4.0618) ├──■─┤ Rx(2.983) ├─┤ Ry(0.64448) ├┤ Rz(2.3289) ├─■─»
«     ┌┴────────────┴┐ │ └───────────┘ └─────────────┘└────────────┘ │ »
«q_1: ┤ Rz(0.095096) ├─┼─────────────────────────────────────────────┼─»
«     └──────────────┘ │ ┌────────────┐ ┌────────────┐┌────────────┐ │ »
«q_2: ─────────────────■─┤ Rx(2.0796) ├─┤ Ry(2.1725) ├┤ Rz(1.2564) ├─┼─»
«                        └────────────┘ └────────────┘└────────────┘ │ »
«q_3: ───────────────────────────────────────────────────────────────■─»
«                                                                      »
«                                                                  »
«q_0: ─────────────────────────────────────────────────────────────»
«                   ┌────────────┐┌─────────────┐ ┌────────────┐   »
«q_1: ──────■───────┤ Rx(5.3946) ├┤ Ry(0.55986) ├─┤ Rz(3.5256) ├─■─»
«           │       ├────────────┤└┬────────────┤┌┴────────────┤ │ »
«q_2: ──────■───────┤ Rx(1.8565) ├─┤ Ry(3.8513) ├┤ Rz(0.94788) ├─┼─»
«     ┌───────────┐┌┴────────────┤ ├────────────┤└─────────────┘ │ »
«q_3: ┤ Rx(3.245) ├┤ Ry(0.77805) ├─┤ Rz(1.9258) ├────────────────■─»
«     └───────────┘└─────────────┘ └────────────┘                  »
«                                                   ░ ┌────────────┐»
«q_0: ──────────────────────────────────────────────░─┤ Rx(1.7725) ├»
«                                                   ░ ├────────────┤»
«q_1: ──────────────────────────────────────────────░─┤ Rx(5.4254) ├»
«                                                   ░ ├────────────┤»
«q_2: ───────────────────────────────────────────■──░─┤ Rx(3.6798) ├»
«     ┌────────────┐┌────────────┐┌────────────┐ │  ░ ├────────────┤»
«q_3: ┤ Rx(4.3099) ├┤ Ry(2.5665) ├┤ Rz(6.1049) ├─■──░─┤ Rx(5.0967) ├»
«     └────────────┘└────────────┘└────────────┘    ░ └────────────┘»
«     ┌────────────┐ ┌────────────┐    ┌─────────────┐┌────────────┐»
«q_0: ┤ Ry(5.9036) ├─┤ Rz(1.6042) ├──■─┤ Rx(0.48439) ├┤ Ry(2.5621) ├»
«     ├────────────┤┌┴────────────┴┐ │ └┬────────────┤├────────────┤»
«q_1: ┤ Ry(5.8423) ├┤ Rz(0.085655) ├─■──┤ Rx(1.8547) ├┤ Ry(5.3933) ├»
«     ├────────────┤└┬────────────┬┘    └────────────┘└────────────┘»
«q_2: ┤ Ry(5.3251) ├─┤ Rz(4.0197) ├─────────────────────────────────»
«     ├────────────┤┌┴────────────┤                                 »
«q_3: ┤ Ry(3.3567) ├┤ Rz(0.57863) ├─────────────────────────────────»
«     └────────────┘└─────────────┘                                 »
«     ┌────────────┐   ┌─────────────┐┌────────────┐┌─────────────┐   »
«q_0: ┤ Rz(5.2597) ├─■─┤ Rx(0.89069) ├┤ Ry(5.2659) ├┤ Rz(0.58202) ├─■─»
«     ├────────────┤ │ └─────────────┘└────────────┘└─────────────┘ │ »
«q_1: ┤ Rz(5.8294) ├─┼──────────────────────────────────────────────┼─»
«     └────────────┘ │  ┌────────────┐┌────────────┐ ┌────────────┐ │ »
«q_2: ───────────────■──┤ Rx(2.8315) ├┤ Ry(4.6372) ├─┤ Rz(4.6154) ├─┼─»
«                       └────────────┘└────────────┘ └────────────┘ │ »
«q_3: ──────────────────────────────────────────────────────────────■─»
«                                                                     »
«                                                                 »
«q_0: ────────────────────────────────────────────────────────────»
«                   ┌────────────┐ ┌────────────┐┌────────────┐   »
«q_1: ──────■───────┤ Rx(2.8821) ├─┤ Ry(5.2662) ├┤ Rz(4.0428) ├─■─»
«           │       ├────────────┤ ├────────────┤├────────────┤ │ »
«q_2: ──────■───────┤ Rx(3.9349) ├─┤ Ry(1.1912) ├┤ Rz(4.7218) ├─┼─»
«     ┌────────────┐├────────────┤┌┴────────────┤└────────────┘ │ »
«q_3: ┤ Rx(3.5499) ├┤ Ry(6.2687) ├┤ Rz(0.93437) ├───────────────■─»
«     └────────────┘└────────────┘└─────────────┘                 »
«                                                   ░ ┌────────────┐
«q_0: ──────────────────────────────────────────────░─┤ sensing_dm ├
«                                                   ░ ├────────────┤
«q_1: ──────────────────────────────────────────────░─┤ sensing_dm ├
«                                                   ░ ├────────────┤
«q_2: ───────────────────────────────────────────■──░─┤ sensing_dm ├
«     ┌────────────┐┌────────────┐┌────────────┐ │  ░ ├────────────┤
«q_3: ┤ Rx(5.4725) ├┤ Ry(2.6391) ├┤ Rz(3.3084) ├─■──░─┤ sensing_dm ├
«     └────────────┘└────────────┘└────────────┘    ░ └────────────┘
0 0.04146130629941241
5 0.019270297667258733
10 0.01593442911413148
15 0.015815166658833847
20 0.015793605173996902
25 0.01583470700874631
30 0.015701898216579996
35 0.015809475911749683
40 0.015724658310228828
45 0.01580677976911598
50 0.015766916418870427
55 0.01580320008009997
60 0.01572486416286228
65 0.015830120291231195
70 0.015834992703140198
75 0.01592515433068253
80 0.015857787633884436
85 0.015871902392856175
90 0.01596737910769176
95 0.015883405015617233
100 0.016144082180042887
105 0.015885813148074527
110 0.01589734231398443
115 0.01597359709557875
120 0.015976883335894893
125 0.015927314071659683
130 0.01594448363022404
135 0.016109282694871274
140 0.015997406246532304
145 0.016228134102764163
150 0.016077863843530656
155 0.016019319676341646
160 0.016136683781593292
165 0.016176532450165
170 0.016154083684558417
175 0.01612737228286722
180 0.01619091342348147
185 0.01615408022829549
190 0.016047799436944857
195 0.016209618798254333
0.016098474913243205
