      ┌────────────┐┌────────────┐┌────────────┐   ┌────────────┐┌────────────┐»
q_0: ─┤ Rx(2.3213) ├┤ Ry(3.3082) ├┤ Rz(4.0565) ├─■─┤ Rx(3.6993) ├┤ Ry(4.3924) ├»
     ┌┴────────────┤├────────────┤├────────────┤ │ ├────────────┤├────────────┤»
q_1: ┤ Rx(0.60232) ├┤ Ry(6.0092) ├┤ Rz(5.8916) ├─■─┤ Rx(3.4268) ├┤ Ry(6.2545) ├»
     └┬────────────┤├────────────┤├────────────┤   └────────────┘└────────────┘»
q_2: ─┤ Rx(1.8764) ├┤ Ry(4.5831) ├┤ Rz(1.5667) ├───────────────────────────────»
      ├────────────┤├────────────┤├────────────┤                               »
q_3: ─┤ Rx(5.1919) ├┤ Ry(3.0102) ├┤ Rz(3.3044) ├───────────────────────────────»
      └────────────┘└────────────┘└────────────┘                               »
«     ┌────────────┐    ┌────────────┐ ┌────────────┐┌────────────┐   »
«q_0: ┤ Rz(5.5134) ├─■──┤ Rx(5.7312) ├─┤ Ry(3.7659) ├┤ Rz(4.5309) ├─■─»
«     ├────────────┤ │  └────────────┘ └────────────┘└────────────┘ │ »
«q_1: ┤ Rz(2.6613) ├─┼──────────────────────────────────────────────┼─»
«     └────────────┘ │ ┌─────────────┐┌─────────────┐┌────────────┐ │ »
«q_2: ───────────────■─┤ Rx(0.51112) ├┤ Ry(0.61061) ├┤ Rz(5.1984) ├─┼─»
«                      └─────────────┘└─────────────┘└────────────┘ │ »
«q_3: ──────────────────────────────────────────────────────────────■─»
«                                                                     »
«                                                                      »
«q_0: ─────────────────────────────────────────────────────────────────»
«                      ┌────────────┐  ┌────────────┐ ┌───────────┐    »
«q_1: ───────■─────────┤ Rx(4.1266) ├──┤ Ry(2.4157) ├─┤ Rz(5.128) ├──■─»
«            │         ├────────────┤ ┌┴────────────┤┌┴───────────┴┐ │ »
«q_2: ───────■─────────┤ Rx(1.9428) ├─┤ Ry(0.52827) ├┤ Rz(0.89171) ├─┼─»
«     ┌─────────────┐┌─┴────────────┴┐└┬────────────┤└─────────────┘ │ »
«q_3: ┤ Rx(0.18383) ├┤ Ry(0.0048738) ├─┤ Rz(6.1064) ├────────────────■─»
«     └─────────────┘└───────────────┘ └────────────┘                  »
«                                                    ░ ┌────────────┐»
«q_0: ───────────────────────────────────────────────░─┤ Rx(4.0808) ├»
«                                                    ░ ├────────────┤»
«q_1: ───────────────────────────────────────────────░─┤ Rx(2.1926) ├»
«                                                    ░ ├────────────┤»
«q_2: ────────────────────────────────────────────■──░─┤ Rx(5.9176) ├»
«     ┌─────────────┐┌────────────┐┌────────────┐ │  ░ ├────────────┤»
«q_3: ┤ Rx(0.16257) ├┤ Ry(5.0993) ├┤ Rz(4.2184) ├─■──░─┤ Rx(5.5889) ├»
«     └─────────────┘└────────────┘└────────────┘    ░ └────────────┘»
«      ┌────────────┐┌────────────┐   ┌────────────┐┌────────────┐»
«q_0: ─┤ Ry(3.9977) ├┤ Rz(2.3965) ├─■─┤ Rx(6.0147) ├┤ Ry(4.4709) ├»
«      ├────────────┤├────────────┤ │ ├────────────┤├────────────┤»
«q_1: ─┤ Ry(4.6448) ├┤ Rz(3.0334) ├─■─┤ Rx(3.0233) ├┤ Ry(1.2701) ├»
«      └┬──────────┬┘├────────────┤   └────────────┘└────────────┘»
«q_2: ──┤ Ry(4.24) ├─┤ Rz(2.8567) ├───────────────────────────────»
«     ┌─┴──────────┴┐├────────────┤                               »
«q_3: ┤ Ry(0.14402) ├┤ Rz(2.0184) ├───────────────────────────────»
«     └─────────────┘└────────────┘                               »
«     ┌────────────┐   ┌────────────┐ ┌────────────┐┌────────────┐   »
«q_0: ┤ Rz(5.3052) ├─■─┤ Rx(5.7608) ├─┤ Ry(3.8731) ├┤ Rz(3.7862) ├─■─»
«     ├────────────┤ │ └────────────┘ └────────────┘└────────────┘ │ »
«q_1: ┤ Rz(1.8694) ├─┼─────────────────────────────────────────────┼─»
«     └────────────┘ │ ┌────────────┐┌─────────────┐┌────────────┐ │ »
«q_2: ───────────────■─┤ Rx(2.3796) ├┤ Ry(0.74555) ├┤ Rz(2.4983) ├─┼─»
«                      └────────────┘└─────────────┘└────────────┘ │ »
«q_3: ─────────────────────────────────────────────────────────────■─»
«                                                                    »
«                                                                   »
«q_0: ──────────────────────────────────────────────────────────────»
«                   ┌────────────┐  ┌────────────┐ ┌────────────┐   »
«q_1: ──────■───────┤ Rx(3.1751) ├──┤ Ry(5.0829) ├─┤ Rz(2.9347) ├─■─»
«           │       ├────────────┤  ├────────────┤ └┬──────────┬┘ │ »
«q_2: ──────■───────┤ Rx(5.0979) ├──┤ Ry(5.6794) ├──┤ Rz(1.83) ├──┼─»
«     ┌────────────┐├────────────┤┌─┴────────────┴┐ └──────────┘  │ »
«q_3: ┤ Rx(5.2468) ├┤ Ry(5.7477) ├┤ Rz(0.0060179) ├───────────────■─»
«     └────────────┘└────────────┘└───────────────┘                 »
«                                                  ░ ┌────────────┐
«q_0: ─────────────────────────────────────────────░─┤ sensing_dm ├
«                                                  ░ ├────────────┤
«q_1: ─────────────────────────────────────────────░─┤ sensing_dm ├
«                                                  ░ ├────────────┤
«q_2: ──────────────────────────────────────────■──░─┤ sensing_dm ├
«     ┌───────────┐┌────────────┐┌────────────┐ │  ░ ├────────────┤
«q_3: ┤ Rx(5.319) ├┤ Ry(2.7482) ├┤ Rz(1.1028) ├─■──░─┤ sensing_dm ├
«     └───────────┘└────────────┘└────────────┘    ░ └────────────┘
0 0.04255544620642087
5 0.027611394728525345
10 0.022380216710257576
15 0.01972730769497648
20 0.018303851521161867
25 0.017422911365618222
30 0.01681567580716951
35 0.016417388026905937
40 0.016187651358984465
45 0.0160551993863306
50 0.015941192301581426
55 0.01587592213598388
60 0.01581793797951411
65 0.015796417540530686
70 0.015777668134298196
75 0.015798080318983825
80 0.01584524143538588
85 0.01581393121857721
90 0.015822691583286575
95 0.01585151559098594
100 0.015828738062909898
105 0.01578808935868253
110 0.01578313825697808
115 0.015793424975391337
120 0.015770987041894807
125 0.015785323245564874
130 0.015764330388981087
135 0.015786590827902222
140 0.015780679053401366
145 0.01581856979894188
150 0.015768101827096544
155 0.01579044565033832
160 0.015798639636322023
165 0.0157970746654536
170 0.015820765824286823
175 0.01578817896211878
180 0.015834296220288053
185 0.015843786245964102
190 0.015814920820784537
195 0.015857012777201328
0.015874115303948794
