     ┌─────────────┐ ┌────────────┐ ┌────────────┐   ┌─────────────┐»
q_0: ┤ Rx(0.37534) ├─┤ Ry(3.7069) ├─┤ Rz(2.3793) ├─■─┤ Rx(0.26784) ├»
     └┬────────────┤ ├───────────┬┘┌┴────────────┤ │ └┬───────────┬┘»
q_1: ─┤ Rx(3.4474) ├─┤ Ry(2.477) ├─┤ Rz(0.44596) ├─■──┤ Rx(5.526) ├─»
      ├────────────┤┌┴───────────┴┐└┬────────────┤    └───────────┘ »
q_2: ─┤ Rx(2.6124) ├┤ Ry(0.71246) ├─┤ Rz(2.0148) ├──────────────────»
      ├────────────┤├─────────────┤ ├────────────┤                  »
q_3: ─┤ Rx(4.9836) ├┤ Ry(0.56462) ├─┤ Rz(5.4375) ├──────────────────»
      └────────────┘└─────────────┘ └────────────┘                  »
«     ┌────────────┐┌────────────┐   ┌────────────┐┌────────────┐┌────────────┐»
«q_0: ┤ Ry(4.7212) ├┤ Rz(5.8988) ├─■─┤ Rx(3.4821) ├┤ Ry(5.9237) ├┤ Rz(5.1204) ├»
«     ├────────────┤├────────────┤ │ └────────────┘└────────────┘└────────────┘»
«q_1: ┤ Ry(4.4079) ├┤ Rz(1.7448) ├─┼───────────────────────────────────────────»
«     └────────────┘└────────────┘ │ ┌────────────┐┌───────────┐ ┌────────────┐»
«q_2: ─────────────────────────────■─┤ Rx(2.2612) ├┤ Ry(5.047) ├─┤ Rz(2.9127) ├»
«                                    └────────────┘└───────────┘ └────────────┘»
«q_3: ─────────────────────────────────────────────────────────────────────────»
«                                                                              »
«                                                                  »
«q_0: ─■───────────────────────────────────────────────────────────»
«      │              ┌────────────┐┌────────────┐┌────────────┐   »
«q_1: ─┼───────■──────┤ Rx(6.1809) ├┤ Ry(1.2125) ├┤ Rz(4.6665) ├─■─»
«      │       │      ├────────────┤├────────────┤├───────────┬┘ │ »
«q_2: ─┼───────■──────┤ Rx(3.8822) ├┤ Ry(5.9956) ├┤ Rz(2.235) ├──┼─»
«      │ ┌───────────┐├────────────┤├────────────┤└───────────┘  │ »
«q_3: ─■─┤ Rx(1.757) ├┤ Ry(1.6312) ├┤ Rz(4.6474) ├───────────────■─»
«        └───────────┘└────────────┘└────────────┘                 »
«                                                    ░ ┌───────────┐ »
«q_0: ───────────────────────────────────────────────░─┤ Rx(2.405) ├─»
«                                                    ░ ├───────────┴┐»
«q_1: ───────────────────────────────────────────────░─┤ Rx(3.0897) ├»
«                                                    ░ ├────────────┤»
«q_2: ────────────────────────────────────────────■──░─┤ Rx(4.2358) ├»
«     ┌────────────┐┌─────────────┐┌────────────┐ │  ░ ├────────────┤»
«q_3: ┤ Rx(1.9551) ├┤ Ry(0.12904) ├┤ Rz(5.4144) ├─■──░─┤ Rx(2.2773) ├»
«     └────────────┘└─────────────┘└────────────┘    ░ └────────────┘»
«     ┌────────────┐┌────────────┐   ┌────────────┐┌─────────────┐»
«q_0: ┤ Ry(3.4877) ├┤ Rz(2.5634) ├─■─┤ Rx(3.4691) ├┤ Ry(0.73312) ├»
«     ├────────────┤├────────────┤ │ ├────────────┤├─────────────┤»
«q_1: ┤ Ry(4.5493) ├┤ Rz(1.7159) ├─■─┤ Rx(3.2316) ├┤ Ry(0.88643) ├»
«     └┬──────────┬┘├────────────┤   └────────────┘└─────────────┘»
«q_2: ─┤ Ry(1.34) ├─┤ Rz(1.0499) ├────────────────────────────────»
«     ┌┴──────────┴┐├────────────┤                                »
«q_3: ┤ Ry(4.3036) ├┤ Rz(4.0925) ├────────────────────────────────»
«     └────────────┘└────────────┘                                »
«     ┌─────────────┐   ┌────────────┐┌────────────┐┌────────────┐   »
«q_0: ┤ Rz(0.75302) ├─■─┤ Rx(4.5766) ├┤ Ry(1.9014) ├┤ Rz(3.2158) ├─■─»
«     └┬────────────┤ │ └────────────┘└────────────┘└────────────┘ │ »
«q_1: ─┤ Rz(4.3525) ├─┼────────────────────────────────────────────┼─»
«      └────────────┘ │  ┌──────────┐ ┌────────────┐┌────────────┐ │ »
«q_2: ────────────────■──┤ Rx(3.33) ├─┤ Ry(5.8712) ├┤ Rz(4.2558) ├─┼─»
«                        └──────────┘ └────────────┘└────────────┘ │ »
«q_3: ─────────────────────────────────────────────────────────────■─»
«                                                                    »
«                                                                  »
«q_0: ─────────────────────────────────────────────────────────────»
«                   ┌────────────┐ ┌────────────┐ ┌────────────┐   »
«q_1: ──────■───────┤ Rx(3.6553) ├─┤ Ry(5.6086) ├─┤ Rz(3.0719) ├─■─»
«           │       ├────────────┤┌┴────────────┤┌┴────────────┤ │ »
«q_2: ──────■───────┤ Rx(4.3969) ├┤ Ry(0.93752) ├┤ Rz(0.28233) ├─┼─»
«     ┌────────────┐├───────────┬┘└┬────────────┤└─────────────┘ │ »
«q_3: ┤ Rx(2.1404) ├┤ Ry(2.087) ├──┤ Rz(1.3642) ├────────────────■─»
«     └────────────┘└───────────┘  └────────────┘                  »
«                                                   ░  ┌────────────┐»
«q_0: ──────────────────────────────────────────────░──┤ Rx(3.1364) ├»
«                                                   ░ ┌┴────────────┤»
«q_1: ──────────────────────────────────────────────░─┤ Rx(0.14878) ├»
«                                                   ░ └┬────────────┤»
«q_2: ───────────────────────────────────────────■──░──┤ Rx(1.4561) ├»
«     ┌────────────┐┌────────────┐┌────────────┐ │  ░  ├────────────┤»
«q_3: ┤ Rx(3.6336) ├┤ Ry(1.9723) ├┤ Rz(4.0354) ├─■──░──┤ Rx(2.1873) ├»
«     └────────────┘└────────────┘└────────────┘    ░  └────────────┘»
«      ┌────────────┐ ┌────────────┐   ┌────────────┐┌─────────────┐»
«q_0: ─┤ Ry(2.5875) ├─┤ Rz(5.2783) ├─■─┤ Rx(1.9478) ├┤ Ry(0.86842) ├»
«      ├────────────┤ ├───────────┬┘ │ ├────────────┤├─────────────┤»
«q_1: ─┤ Ry(3.3236) ├─┤ Rz(4.108) ├──■─┤ Rx(4.7162) ├┤ Ry(0.94748) ├»
«     ┌┴────────────┴┐├───────────┴┐   └────────────┘└─────────────┘»
«q_2: ┤ Ry(0.071337) ├┤ Rz(3.4755) ├────────────────────────────────»
«     └┬────────────┬┘├────────────┤                                »
«q_3: ─┤ Ry(2.5527) ├─┤ Rz(4.3202) ├────────────────────────────────»
«      └────────────┘ └────────────┘                                »
«     ┌─────────────┐   ┌────────────┐┌────────────┐┌────────────┐   »
«q_0: ┤ Rz(0.27972) ├─■─┤ Rx(3.5004) ├┤ Ry(4.4569) ├┤ Rz(3.4177) ├─■─»
«     └┬────────────┤ │ └────────────┘└────────────┘└────────────┘ │ »
«q_1: ─┤ Rz(4.3629) ├─┼────────────────────────────────────────────┼─»
«      └────────────┘ │ ┌───────────┐ ┌────────────┐┌────────────┐ │ »
«q_2: ────────────────■─┤ Rx(1.317) ├─┤ Ry(2.4168) ├┤ Rz(5.5383) ├─┼─»
«                       └───────────┘ └────────────┘└────────────┘ │ »
«q_3: ─────────────────────────────────────────────────────────────■─»
«                                                                    »
«                                                                              »
«q_0: ─────────────────────────────────────────────────────────────────────────»
«                    ┌──────────┐ ┌────────────┐┌────────────┐                 »
«q_1: ──────■────────┤ Rx(3.99) ├─┤ Ry(2.6577) ├┤ Rz(3.4584) ├─■───────────────»
«           │       ┌┴──────────┴┐├────────────┤├────────────┤ │               »
«q_2: ──────■───────┤ Rx(3.6068) ├┤ Ry(5.8972) ├┤ Rz(4.5134) ├─┼───────────────»
«     ┌────────────┐├────────────┤├────────────┤└────────────┘ │ ┌────────────┐»
«q_3: ┤ Rx(1.6561) ├┤ Ry(1.4983) ├┤ Rz(4.6477) ├───────────────■─┤ Rx(2.8168) ├»
«     └────────────┘└────────────┘└────────────┘                 └────────────┘»
«                                     ░ ┌───────────┐ ┌─────────────┐»
«q_0: ────────────────────────────────░─┤ Rx(0.584) ├─┤ Ry(0.10642) ├»
«                                     ░ ├───────────┴┐└┬────────────┤»
«q_1: ────────────────────────────────░─┤ Rx(1.9233) ├─┤ Ry(2.1969) ├»
«                                     ░ ├────────────┤ ├────────────┤»
«q_2: ─────────────────────────────■──░─┤ Rx(5.1969) ├─┤ Ry(2.9736) ├»
«     ┌────────────┐┌────────────┐ │  ░ ├────────────┤ ├────────────┤»
«q_3: ┤ Ry(3.8248) ├┤ Rz(5.2527) ├─■──░─┤ Rx(1.5023) ├─┤ Ry(4.7942) ├»
«     └────────────┘└────────────┘    ░ └────────────┘ └────────────┘»
«      ┌────────────┐   ┌────────────┐┌────────────┐┌────────────┐   »
«q_0: ─┤ Rz(5.9867) ├─■─┤ Rx(2.3375) ├┤ Ry(2.7006) ├┤ Rz(2.9003) ├─■─»
«      ├────────────┤ │ └┬──────────┬┘├───────────┬┘├────────────┤ │ »
«q_1: ─┤ Rz(2.1551) ├─■──┤ Rx(4.05) ├─┤ Ry(4.277) ├─┤ Rz(1.2393) ├─┼─»
«      ├────────────┤    └──────────┘ └───────────┘ └────────────┘ │ »
«q_2: ─┤ Rz(5.3447) ├──────────────────────────────────────────────■─»
«     ┌┴────────────┤                                                »
«q_3: ┤ Rz(0.13528) ├────────────────────────────────────────────────»
«     └─────────────┘                                                »
«     ┌─────────────┐┌────────────┐┌───────────┐                  »
«q_0: ┤ Rx(0.66992) ├┤ Ry(2.6475) ├┤ Rz(6.062) ├──■───────────────»
«     └─────────────┘└────────────┘└───────────┘  │               »
«q_1: ────────────────────────────────────────────┼───────■───────»
«      ┌────────────┐┌────────────┐┌────────────┐ │       │       »
«q_2: ─┤ Rx(4.6134) ├┤ Ry(3.9175) ├┤ Rz(4.3709) ├─┼───────■───────»
«      └────────────┘└────────────┘└────────────┘ │ ┌────────────┐»
«q_3: ────────────────────────────────────────────■─┤ Rx(4.6836) ├»
«                                                   └────────────┘»
«                                                                              »
«q_0: ─────────────────────────────────────────────────────────────────────────»
«     ┌────────────┐┌────────────┐┌────────────┐                               »
«q_1: ┤ Rx(5.9699) ├┤ Ry(2.2613) ├┤ Rz(3.6483) ├─■─────────────────────────────»
«     ├────────────┤├────────────┤├────────────┤ │                             »
«q_2: ┤ Rx(2.7435) ├┤ Ry(2.2756) ├┤ Rz(5.6107) ├─┼─────────────────────────────»
«     ├────────────┤├───────────┬┘└────────────┘ │ ┌────────────┐┌────────────┐»
«q_3: ┤ Ry(1.3217) ├┤ Rz(2.451) ├────────────────■─┤ Rx(1.1634) ├┤ Ry(6.1776) ├»
«     └────────────┘└───────────┘                  └────────────┘└────────────┘»
«                        ░ ┌────────────┐┌────────────┐┌────────────┐   »
«q_0: ───────────────────░─┤ Rx(4.0351) ├┤ Ry(4.9416) ├┤ Rz(2.3065) ├─■─»
«                        ░ ├────────────┤├────────────┤├────────────┤ │ »
«q_1: ───────────────────░─┤ Rx(1.1335) ├┤ Ry(5.5299) ├┤ Rz(2.2027) ├─■─»
«                        ░ ├───────────┬┘├────────────┤├────────────┤   »
«q_2: ────────────────■──░─┤ Rx(2.498) ├─┤ Ry(6.0327) ├┤ Rz(6.2493) ├───»
«     ┌─────────────┐ │  ░ ├───────────┴┐├────────────┤├────────────┤   »
«q_3: ┤ Rz(0.12588) ├─■──░─┤ Rx(2.0307) ├┤ Ry(3.9081) ├┤ Rz(5.5341) ├───»
«     └─────────────┘    ░ └────────────┘└────────────┘└────────────┘   »
«     ┌────────────┐┌────────────┐ ┌───────────┐     ┌───────────┐ »
«q_0: ┤ Rx(5.8067) ├┤ Ry(3.7965) ├─┤ Rz(1.121) ├──■──┤ Rx(4.525) ├─»
«     ├────────────┤├────────────┤┌┴───────────┴┐ │  └───────────┘ »
«q_1: ┤ Rx(4.4489) ├┤ Ry(2.1379) ├┤ Rz(0.59323) ├─┼────────────────»
«     └────────────┘└────────────┘└─────────────┘ │ ┌─────────────┐»
«q_2: ────────────────────────────────────────────■─┤ Rx(0.57666) ├»
«                                                   └─────────────┘»
«q_3: ─────────────────────────────────────────────────────────────»
«                                                                  »
«      ┌────────────┐ ┌────────────┐                                »
«q_0: ─┤ Ry(5.2526) ├─┤ Rz(1.3616) ├─■──────────────────────────────»
«      └────────────┘ └────────────┘ │                ┌───────────┐ »
«q_1: ───────────────────────────────┼───────■────────┤ Rx(3.986) ├─»
«     ┌──────────────┐┌────────────┐ │       │        ├───────────┤ »
«q_2: ┤ Ry(0.057146) ├┤ Rz(4.3659) ├─┼───────■────────┤ Rx(4.932) ├─»
«     └──────────────┘└────────────┘ │ ┌────────────┐┌┴───────────┴┐»
«q_3: ───────────────────────────────■─┤ Rx(6.1555) ├┤ Ry(0.98119) ├»
«                                      └────────────┘└─────────────┘»
«                                                                              »
«q_0: ─────────────────────────────────────────────────────────────────────────»
«     ┌────────────┐┌────────────┐                                             »
«q_1: ┤ Ry(2.9838) ├┤ Rz(5.9366) ├─■───────────────────────────────────────────»
«     ├────────────┤├────────────┤ │                                           »
«q_2: ┤ Ry(1.3827) ├┤ Rz(0.9596) ├─┼───────────────────────────────────────────»
«     ├────────────┤└────────────┘ │ ┌────────────┐┌────────────┐┌────────────┐»
«q_3: ┤ Rz(5.2927) ├───────────────■─┤ Rx(4.9878) ├┤ Ry(3.0485) ├┤ Rz(1.2188) ├»
«     └────────────┘                 └────────────┘└────────────┘└────────────┘»
«         ░  ┌────────────┐┌────────────┐ ┌────────────┐   ┌────────────┐»
«q_0: ────░──┤ Rx(2.3965) ├┤ Ry(1.7311) ├─┤ Rz(1.8173) ├─■─┤ Rx(4.7959) ├»
«         ░ ┌┴────────────┤├───────────┬┘ ├────────────┤ │ ├────────────┤»
«q_1: ────░─┤ Rx(0.56964) ├┤ Ry(5.786) ├──┤ Rz(1.7256) ├─■─┤ Rx(4.9488) ├»
«         ░ └┬────────────┤├───────────┤ ┌┴────────────┤   └────────────┘»
«q_2: ─■──░──┤ Rx(3.7935) ├┤ Ry(6.078) ├─┤ Rz(0.20802) ├─────────────────»
«      │  ░  ├───────────┬┘├───────────┤ ├─────────────┤                 »
«q_3: ─■──░──┤ Rx(6.037) ├─┤ Ry(3.873) ├─┤ Rz(0.86274) ├─────────────────»
«         ░  └───────────┘ └───────────┘ └─────────────┘                 »
«     ┌────────────┐┌────────────┐    ┌────────────┐┌─────────────┐»
«q_0: ┤ Ry(5.9738) ├┤ Rz(1.6184) ├─■──┤ Rx(1.1631) ├┤ Ry(0.29013) ├»
«     ├────────────┤├────────────┤ │  └────────────┘└─────────────┘»
«q_1: ┤ Ry(4.7173) ├┤ Rz(3.4091) ├─┼───────────────────────────────»
«     └────────────┘└────────────┘ │ ┌─────────────┐ ┌────────────┐»
«q_2: ─────────────────────────────■─┤ Rx(0.49262) ├─┤ Ry(4.2322) ├»
«                                    └─────────────┘ └────────────┘»
«q_3: ─────────────────────────────────────────────────────────────»
«                                                                  »
«     ┌───────────────┐                                               »
«q_0: ┤ Rz(0.0062692) ├─■─────────────────────────────────────────────»
«     └───────────────┘ │                 ┌───────────┐ ┌────────────┐»
«q_1: ──────────────────┼────────■────────┤ Rx(5.936) ├─┤ Ry(5.4052) ├»
«       ┌────────────┐  │        │        ├───────────┴┐├────────────┤»
«q_2: ──┤ Rz(3.0936) ├──┼────────■────────┤ Rx(3.5551) ├┤ Ry(5.3889) ├»
«       └────────────┘  │ ┌─────────────┐┌┴────────────┤├───────────┬┘»
«q_3: ──────────────────■─┤ Rx(0.82212) ├┤ Ry(0.55549) ├┤ Rz(4.048) ├─»
«                         └─────────────┘└─────────────┘└───────────┘ »
«                                                                     ░ »
«q_0: ────────────────────────────────────────────────────────────────░─»
«      ┌────────────┐                                                 ░ »
«q_1: ─┤ Rz(3.8655) ├─■───────────────────────────────────────────────░─»
«     ┌┴────────────┤ │                                               ░ »
«q_2: ┤ Rz(0.63393) ├─┼────────────────────────────────────────────■──░─»
«     └─────────────┘ │ ┌────────────┐┌────────────┐┌────────────┐ │  ░ »
«q_3: ────────────────■─┤ Rx(4.8765) ├┤ Ry(5.0001) ├┤ Rz(1.5729) ├─■──░─»
«                       └────────────┘└────────────┘└────────────┘    ░ »
«     ┌────────────┐ ┌────────────┐ ┌────────────┐   ┌────────────┐»
«q_0: ┤ Rx(1.4979) ├─┤ Ry(1.6165) ├─┤ Rz(2.0276) ├─■─┤ Rx(3.6126) ├»
«     ├────────────┤ ├────────────┤┌┴────────────┤ │ ├────────────┤»
«q_1: ┤ Rx(2.5743) ├─┤ Ry(5.0904) ├┤ Rz(0.34155) ├─■─┤ Rx(3.5289) ├»
«     ├───────────┬┘┌┴────────────┤└┬────────────┤   └────────────┘»
«q_2: ┤ Rx(6.053) ├─┤ Ry(0.39486) ├─┤ Rz(3.9744) ├─────────────────»
«     ├───────────┤ ├─────────────┤ ├────────────┤                 »
«q_3: ┤ Rx(1.749) ├─┤ Ry(0.96676) ├─┤ Rz(3.3272) ├─────────────────»
«     └───────────┘ └─────────────┘ └────────────┘                 »
«     ┌────────────┐┌────────────┐   ┌────────────┐ ┌────────────┐»
«q_0: ┤ Ry(2.8348) ├┤ Rz(5.6073) ├─■─┤ Rx(3.1029) ├─┤ Ry(5.8291) ├»
«     ├────────────┤├────────────┤ │ └────────────┘ └────────────┘»
«q_1: ┤ Ry(1.0055) ├┤ Rz(5.7509) ├─┼──────────────────────────────»
«     └────────────┘└────────────┘ │ ┌────────────┐┌─────────────┐»
«q_2: ─────────────────────────────■─┤ Rx(6.1766) ├┤ Ry(0.19693) ├»
«                                    └────────────┘└─────────────┘»
«q_3: ────────────────────────────────────────────────────────────»
«                                                                 »
«     ┌────────────┐                                               »
«q_0: ┤ Rz(1.2579) ├─■─────────────────────────────────────────────»
«     └────────────┘ │               ┌─────────────┐┌─────────────┐»
«q_1: ───────────────┼───────■───────┤ Rx(0.11111) ├┤ Ry(0.91827) ├»
«     ┌────────────┐ │       │       └┬────────────┤└┬────────────┤»
«q_2: ┤ Rz(3.2199) ├─┼───────■────────┤ Rx(0.1644) ├─┤ Ry(1.8878) ├»
«     └────────────┘ │ ┌────────────┐ ├────────────┤┌┴────────────┤»
«q_3: ───────────────■─┤ Rx(1.2313) ├─┤ Ry(3.3218) ├┤ Rz(0.72761) ├»
«                      └────────────┘ └────────────┘└─────────────┘»
«                                                                     ░ »
«q_0: ────────────────────────────────────────────────────────────────░─»
«      ┌───────────┐                                                  ░ »
«q_1: ─┤ Rz(5.758) ├──■───────────────────────────────────────────────░─»
«     ┌┴───────────┴┐ │                                               ░ »
«q_2: ┤ Rz(0.95829) ├─┼────────────────────────────────────────────■──░─»
«     └─────────────┘ │ ┌────────────┐┌────────────┐┌────────────┐ │  ░ »
«q_3: ────────────────■─┤ Rx(3.0923) ├┤ Ry(5.1985) ├┤ Rz(1.2277) ├─■──░─»
«                       └────────────┘└────────────┘└────────────┘    ░ »
«     ┌────────────┐
«q_0: ┤ sensing_dm ├
«     ├────────────┤
«q_1: ┤ sensing_dm ├
«     ├────────────┤
«q_2: ┤ sensing_dm ├
«     ├────────────┤
«q_3: ┤ sensing_dm ├
«     └────────────┘
0 0.04448543210976477
5 0.016272130664570634
10 0.015828326630388096
15 0.01584473543344914
20 0.0157805038931288
25 0.015775169914339866
30 0.01579610946493352
35 0.015761096487002704
40 0.0157549517739736
45 0.015814715121771485
50 0.015796536536063867
55 0.015855523902982956
60 0.015836064820299964
65 0.015826540755877187
70 0.015924573016948124
75 0.01587741794313435
80 0.016095781300900964
85 0.015993476915907377
90 0.01610723948313775
95 0.01608169615024059
100 0.015943526113559474
105 0.01581636917659435
110 0.016180202663800516
115 0.01604032412202431
120 0.01630238641208771
125 0.01606926205504807
130 0.016298683357373278
135 0.016084214981044835
140 0.01649248648233441
145 0.016155429913349274
150 0.016367778772369057
155 0.016206558942079
160 0.01604382769079633
165 0.016281941662311082
170 0.016185543400798214
175 0.016262614321366834
180 0.016352575988818473
185 0.016252210096710525
190 0.016559818951650276
195 0.016383404584704275
0.016405479852062303
