     ┌─────────────┐ ┌────────────┐┌───────────────┐   ┌────────────┐»
q_0: ┤ Rx(0.77215) ├─┤ Ry(1.3565) ├┤ Rz(0.0086482) ├─■─┤ Rx(4.5201) ├»
     └┬────────────┤┌┴────────────┤└─┬────────────┬┘ │ ├────────────┤»
q_1: ─┤ Rx(5.3967) ├┤ Ry(0.83828) ├──┤ Rz(4.1702) ├──■─┤ Rx(2.2347) ├»
      ├───────────┬┘└┬────────────┤  ├────────────┤    └────────────┘»
q_2: ─┤ Rx(1.887) ├──┤ Ry(5.0062) ├──┤ Rz(1.8327) ├──────────────────»
      ├───────────┴┐ ├────────────┤  ├────────────┤                  »
q_3: ─┤ Rx(3.3703) ├─┤ Ry(3.9243) ├──┤ Rz(3.5096) ├──────────────────»
      └────────────┘ └────────────┘  └────────────┘                  »
«      ┌────────────┐┌────────────┐   ┌────────────┐┌────────────┐»
«q_0: ─┤ Ry(5.2615) ├┤ Rz(3.5536) ├─■─┤ Rx(4.3623) ├┤ Ry(2.9951) ├»
«     ┌┴────────────┤├────────────┤ │ └────────────┘└────────────┘»
«q_1: ┤ Ry(0.13022) ├┤ Rz(2.5563) ├─┼─────────────────────────────»
«     └─────────────┘└────────────┘ │ ┌────────────┐┌────────────┐»
«q_2: ──────────────────────────────■─┤ Rx(2.7586) ├┤ Ry(5.7718) ├»
«                                     └────────────┘└────────────┘»
«q_3: ────────────────────────────────────────────────────────────»
«                                                                 »
«      ┌────────────┐                                              »
«q_0: ─┤ Rz(1.2611) ├─■────────────────────────────────────────────»
«      └────────────┘ │               ┌────────────┐ ┌────────────┐»
«q_1: ────────────────┼───────■───────┤ Rx(1.9815) ├─┤ Ry(4.9806) ├»
«     ┌─────────────┐ │       │       ├────────────┤┌┴────────────┤»
«q_2: ┤ Rz(0.18378) ├─┼───────■───────┤ Rx(1.2815) ├┤ Ry(0.38479) ├»
«     └─────────────┘ │ ┌────────────┐├────────────┤└┬────────────┤»
«q_3: ────────────────■─┤ Rx(3.8846) ├┤ Ry(3.6196) ├─┤ Rz(2.5023) ├»
«                       └────────────┘└────────────┘ └────────────┘»
«                                                                     ░ »
«q_0: ────────────────────────────────────────────────────────────────░─»
«      ┌────────────┐                                                 ░ »
«q_1: ─┤ Rz(5.9262) ├─■───────────────────────────────────────────────░─»
«     ┌┴────────────┤ │                                               ░ »
«q_2: ┤ Rz(0.60405) ├─┼────────────────────────────────────────────■──░─»
«     └─────────────┘ │ ┌────────────┐┌────────────┐┌────────────┐ │  ░ »
«q_3: ────────────────■─┤ Rx(1.6884) ├┤ Ry(1.0933) ├┤ Rz(0.2553) ├─■──░─»
«                       └────────────┘└────────────┘└────────────┘    ░ »
«       ┌────────────┐ ┌────────────┐ ┌────────────┐    ┌────────────┐»
«q_0: ──┤ Rx(3.7282) ├─┤ Ry(3.9731) ├─┤ Rz(2.5407) ├──■─┤ Rx(1.2719) ├»
«       ├────────────┤ ├────────────┤┌┴────────────┴┐ │ ├────────────┤»
«q_1: ──┤ Rx(2.3033) ├─┤ Ry(1.0595) ├┤ Rz(0.099471) ├─■─┤ Rx(3.9962) ├»
«     ┌─┴────────────┴┐├────────────┤└┬────────────┬┘   └────────────┘»
«q_2: ┤ Rx(0.0013285) ├┤ Ry(4.1879) ├─┤ Rz(4.7611) ├──────────────────»
«     └─┬────────────┬┘├────────────┤ ├────────────┤                  »
«q_3: ──┤ Rx(3.9449) ├─┤ Ry(4.6839) ├─┤ Rz(4.8633) ├──────────────────»
«       └────────────┘ └────────────┘ └────────────┘                  »
«     ┌────────────┐┌─────────────┐   ┌────────────┐ ┌────────────┐»
«q_0: ┤ Ry(5.6518) ├┤ Rz(0.54927) ├─■─┤ Rx(2.6138) ├─┤ Ry(5.5701) ├»
«     ├────────────┤└┬────────────┤ │ └────────────┘ └────────────┘»
«q_1: ┤ Ry(3.7099) ├─┤ Rz(5.6956) ├─┼──────────────────────────────»
«     └────────────┘ └────────────┘ │ ┌────────────┐┌─────────────┐»
«q_2: ──────────────────────────────■─┤ Rx(1.4489) ├┤ Ry(0.29701) ├»
«                                     └────────────┘└─────────────┘»
«q_3: ─────────────────────────────────────────────────────────────»
«                                                                  »
«     ┌────────────┐                                               »
«q_0: ┤ Rz(4.8704) ├─■─────────────────────────────────────────────»
«     └────────────┘ │                 ┌────────────┐┌────────────┐»
«q_1: ───────────────┼────────■────────┤ Rx(1.0218) ├┤ Ry(1.0562) ├»
«     ┌────────────┐ │        │        ├───────────┬┘├────────────┤»
«q_2: ┤ Rz(2.5411) ├─┼────────■────────┤ Rx(3.787) ├─┤ Ry(2.2739) ├»
«     └────────────┘ │ ┌─────────────┐┌┴───────────┴┐├────────────┤»
«q_3: ───────────────■─┤ Rx(0.47063) ├┤ Ry(0.86459) ├┤ Rz(4.6344) ├»
«                      └─────────────┘└─────────────┘└────────────┘»
«                                                                      ░ »
«q_0: ─────────────────────────────────────────────────────────────────░─»
«     ┌────────────┐                                                   ░ »
«q_1: ┤ Rz(3.7832) ├─■─────────────────────────────────────────────────░─»
«     ├────────────┤ │                                                 ░ »
«q_2: ┤ Rz(4.7314) ├─┼──────────────────────────────────────────────■──░─»
«     └────────────┘ │ ┌─────────────┐┌────────────┐┌─────────────┐ │  ░ »
«q_3: ───────────────■─┤ Rx(0.28802) ├┤ Ry(1.4012) ├┤ Rz(0.71786) ├─■──░─»
«                      └─────────────┘└────────────┘└─────────────┘    ░ »
«     ┌────────────┐ ┌────────────┐ ┌────────────┐   ┌────────────┐»
«q_0: ┤ Rx(1.9193) ├─┤ Ry(3.8808) ├─┤ Rz(5.2743) ├─■─┤ Rx(6.2754) ├»
«     ├────────────┤ ├────────────┤ ├────────────┤ │ ├────────────┤»
«q_1: ┤ Rx(4.5677) ├─┤ Ry(5.9419) ├─┤ Rz(1.1062) ├─■─┤ Rx(5.0652) ├»
«     ├────────────┤┌┴────────────┤ ├────────────┤   └────────────┘»
«q_2: ┤ Rx(3.7516) ├┤ Ry(0.42237) ├─┤ Rz(4.9532) ├─────────────────»
«     ├────────────┤└┬────────────┤┌┴────────────┤                 »
«q_3: ┤ Rx(4.6461) ├─┤ Ry(5.8817) ├┤ Rz(0.52096) ├─────────────────»
«     └────────────┘ └────────────┘└─────────────┘                 »
«     ┌─────────────┐┌────────────┐   ┌────────────┐┌────────────┐»
«q_0: ┤ Ry(0.45513) ├┤ Rz(1.0031) ├─■─┤ Rx(1.9074) ├┤ Ry(1.1581) ├»
«     └┬────────────┤├────────────┤ │ └────────────┘└────────────┘»
«q_1: ─┤ Ry(3.8216) ├┤ Rz(0.8409) ├─┼─────────────────────────────»
«      └────────────┘└────────────┘ │ ┌────────────┐┌────────────┐»
«q_2: ──────────────────────────────■─┤ Rx(5.5249) ├┤ Ry(6.0914) ├»
«                                     └────────────┘└────────────┘»
«q_3: ────────────────────────────────────────────────────────────»
«                                                                 »
«      ┌────────────┐                                                »
«q_0: ─┤ Rz(4.0205) ├─■──────────────────────────────────────────────»
«      └────────────┘ │                 ┌────────────┐ ┌────────────┐»
«q_1: ────────────────┼────────■────────┤ Rx(5.1256) ├─┤ Ry(5.2591) ├»
«     ┌─────────────┐ │        │        ├────────────┤ ├────────────┤»
«q_2: ┤ Rz(0.11045) ├─┼────────■────────┤ Rx(5.0823) ├─┤ Ry(1.2456) ├»
«     └─────────────┘ │ ┌─────────────┐┌┴────────────┤┌┴────────────┤»
«q_3: ────────────────■─┤ Rx(0.25908) ├┤ Ry(0.30169) ├┤ Rz(0.84972) ├»
«                       └─────────────┘└─────────────┘└─────────────┘»
«                                                                      ░ »
«q_0: ─────────────────────────────────────────────────────────────────░─»
«     ┌─────────────┐                                                  ░ »
«q_1: ┤ Rz(0.98223) ├─■────────────────────────────────────────────────░─»
«     └┬────────────┤ │                                                ░ »
«q_2: ─┤ Rz(3.9544) ├─┼─────────────────────────────────────────────■──░─»
«      └────────────┘ │ ┌────────────┐┌─────────────┐┌────────────┐ │  ░ »
«q_3: ────────────────■─┤ Rx(5.1618) ├┤ Ry(0.71298) ├┤ Rz(1.3627) ├─■──░─»
«                       └────────────┘└─────────────┘└────────────┘    ░ »
«     ┌────────────┐
«q_0: ┤ sensing_dm ├
«     ├────────────┤
«q_1: ┤ sensing_dm ├
«     ├────────────┤
«q_2: ┤ sensing_dm ├
«     ├────────────┤
«q_3: ┤ sensing_dm ├
«     └────────────┘
0 0.056545977913238406
5 0.027994984849167508
10 0.02102231276978491
15 0.018375637900166348
20 0.017014504301814073
25 0.016443235387071674
30 0.016115617719472265
35 0.015876747022086676
40 0.01584102631650734
45 0.015812449859950024
50 0.01581994211050241
55 0.015802940906089715
60 0.015764819054139123
65 0.01579987266866341
70 0.015791888440069762
75 0.01576420531227263
80 0.015875758846531942
85 0.015825481336051966
90 0.01597500886949509
95 0.015899325495484017
100 0.015974261744241727
105 0.01588961579850738
110 0.01588928975366109
115 0.015849529682140866
120 0.01588659833972492
125 0.015849429008728225
130 0.015929847942828198
135 0.015828022062183714
140 0.016000841517645515
145 0.015870519621136083
150 0.016042968257415482
155 0.015933115714768804
160 0.01607312258515683
165 0.016018192546322266
170 0.0159171876780964
175 0.01616330980706759
180 0.015967798707133156
185 0.016156156257037306
190 0.015952850075461645
195 0.01595510557823777
0.016082523639350886
