
Checkpoint saved at num_k = 100
Mean: 0.03991584744448921
Variance: 0.00016522515856920122
Standard deviation: 0.012853993876192769
True phase: 0.05
QB: 0.015654779006850635
CB: 0.016394978103491404

Checkpoint saved at num_k = 500
Mean: 0.04722059154019344
Variance: 3.213857663887444e-05
Standard deviation: 0.0056690895776018956
True phase: 0.05
QB: 0.015654779006850635
CB: 0.016394978103491404

Checkpoint saved at num_k = 1000
Mean: 0.04821976012117085
Variance: 1.6274644291749086e-05
Standard deviation: 0.004034184464268966
True phase: 0.05
QB: 0.015654779006850635
CB: 0.016394978103491404
