      ┌────────────┐ ┌────────────┐┌─────────────┐    ┌────────────┐»
q_0: ─┤ Rx(3.3114) ├─┤ Ry(3.6961) ├┤ Rz(0.44019) ├─■──┤ Rx(4.2126) ├»
     ┌┴────────────┤ ├────────────┤└┬────────────┤ │ ┌┴────────────┤»
q_1: ┤ Rx(0.17424) ├─┤ Ry(5.7516) ├─┤ Rz(3.2906) ├─■─┤ Rx(0.30989) ├»
     └┬────────────┤ ├────────────┤ ├────────────┤   └─────────────┘»
q_2: ─┤ Rx(5.8854) ├─┤ Ry(4.7556) ├─┤ Rz(4.5189) ├──────────────────»
      ├────────────┤┌┴────────────┤ ├────────────┤                  »
q_3: ─┤ Rx(5.9383) ├┤ Ry(0.52678) ├─┤ Rz(5.9239) ├──────────────────»
      ├────────────┤└┬───────────┬┘ ├────────────┤                  »
q_4: ─┤ Rx(6.1586) ├─┤ Ry(1.817) ├──┤ Rz(5.0038) ├──────────────────»
      ├────────────┤ ├───────────┴┐ ├────────────┤                  »
q_5: ─┤ Rx(1.1359) ├─┤ Ry(5.5706) ├─┤ Rz(3.0066) ├──────────────────»
      ├────────────┤ ├────────────┤ ├────────────┤                  »
q_6: ─┤ Rx(1.8623) ├─┤ Ry(5.8394) ├─┤ Rz(5.9707) ├──────────────────»
      ├────────────┤ ├────────────┤┌┴────────────┤                  »
q_7: ─┤ Rx(1.3544) ├─┤ Ry(1.1579) ├┤ Rz(0.48213) ├──────────────────»
      ├────────────┤ ├────────────┤└┬────────────┤                  »
q_8: ─┤ Rx(4.4895) ├─┤ Ry(5.5196) ├─┤ Rz(3.6319) ├──────────────────»
      └────────────┘ └────────────┘ └────────────┘                  »
«     ┌────────────┐┌────────────┐                                »
«q_0: ┤ Ry(2.9864) ├┤ Rz(5.8532) ├────────────────────────────────»
«     ├────────────┤├────────────┤    ┌────────────┐┌────────────┐»
«q_1: ┤ Ry(6.2652) ├┤ Rz(1.6813) ├─■──┤ Rx(2.5712) ├┤ Ry(3.1009) ├»
«     └────────────┘└────────────┘ │ ┌┴────────────┤├────────────┤»
«q_2: ─────────────────────────────■─┤ Rx(0.28002) ├┤ Ry(0.6988) ├»
«                                    └─────────────┘└────────────┘»
«q_3: ────────────────────────────────────────────────────────────»
«                                                                 »
«q_4: ────────────────────────────────────────────────────────────»
«                                                                 »
«q_5: ────────────────────────────────────────────────────────────»
«                                                                 »
«q_6: ────────────────────────────────────────────────────────────»
«                                                                 »
«q_7: ────────────────────────────────────────────────────────────»
«                                                                 »
«q_8: ────────────────────────────────────────────────────────────»
«                                                                 »
«                                                                    »
«q_0: ───────────────────────────────────────────────────────────────»
«     ┌────────────┐                                                 »
«q_1: ┤ Rz(4.9046) ├─────────────────────────────────────────────────»
«     ├────────────┤   ┌────────────┐┌────────────┐┌─────────────┐   »
«q_2: ┤ Rz(0.8325) ├─■─┤ Rx(2.0483) ├┤ Ry(2.9304) ├┤ Rz(0.15739) ├─■─»
«     └────────────┘ │ └────────────┘└────────────┘└─────────────┘ │ »
«q_3: ───────────────┼─────────────────────────────────────────────■─»
«                    │ ┌────────────┐┌────────────┐ ┌────────────┐   »
«q_4: ───────────────■─┤ Rx(4.6223) ├┤ Ry(2.5134) ├─┤ Rz(5.9488) ├───»
«                      └────────────┘└────────────┘ └────────────┘   »
«q_5: ───────────────────────────────────────────────────────────────»
«                                                                    »
«q_6: ───────────────────────────────────────────────────────────────»
«                                                                    »
«q_7: ───────────────────────────────────────────────────────────────»
«                                                                    »
«q_8: ───────────────────────────────────────────────────────────────»
«                                                                    »
«                                                 ┌────────────┐ ┌────────────┐»
«q_0: ──────────────────────────────────────────■─┤ Rx(2.3918) ├─┤ Ry(4.6011) ├»
«                                               │ └────────────┘ └────────────┘»
«q_1: ──────────────────────────────────────────┼──────────────────────────────»
«     ┌────────────┐┌───────────┐┌────────────┐ │                              »
«q_2: ┤ Rx(3.7321) ├┤ Ry(5.346) ├┤ Rz(3.1687) ├─┼──────────────────────────────»
«     ├────────────┤├───────────┤├────────────┤ │ ┌────────────┐┌─────────────┐»
«q_3: ┤ Rx(3.4606) ├┤ Ry(3.813) ├┤ Rz(2.6641) ├─■─┤ Rx(5.2543) ├┤ Ry(0.49868) ├»
«     └────────────┘└───────────┘└────────────┘   └────────────┘└─────────────┘»
«q_4: ─────────────────────────────────────────────────────────────────────────»
«                                                                              »
«q_5: ─────────────────────────────────────────────────────────────────────────»
«                                                                              »
«q_6: ─────────────────────────────────────────────────────────────────────────»
«                                                                              »
«q_7: ─────────────────────────────────────────────────────────────────────────»
«                                                                              »
«q_8: ─────────────────────────────────────────────────────────────────────────»
«                                                                              »
«     ┌────────────┐                                                »
«q_0: ┤ Rz(6.1701) ├────────────────────────────────────────────────»
«     └────────────┘                                                »
«q_1: ──────────────────────────────────────────────────────────────»
«                                                                   »
«q_2: ──────────────────────────────────────────────────────────────»
«     ┌────────────┐                                                »
«q_3: ┤ Rz(6.1119) ├─■──────────────────────────────────────────────»
«     └────────────┘ │ ┌────────────┐┌────────────┐┌────────────┐   »
«q_4: ───────────────■─┤ Rx(1.9223) ├┤ Ry(5.2028) ├┤ Rz(2.4748) ├─■─»
«                      └────────────┘└────────────┘└────────────┘ │ »
«q_5: ────────────────────────────────────────────────────────────┼─»
«                                                                 │ »
«q_6: ────────────────────────────────────────────────────────────■─»
«                                                                   »
«q_7: ──────────────────────────────────────────────────────────────»
«                                                                   »
«q_8: ──────────────────────────────────────────────────────────────»
«                                                                   »
«                                                                              »
«q_0: ─────────────────────────────────────────────────────────────────────────»
«                                                                              »
«q_1: ─────────────────────────────────────────────────────────────────────────»
«                                                                              »
«q_2: ─────────────────────────────────────────────────────────────────────────»
«                                                                              »
«q_3: ─────────────────────────────────────────────────────────────────────────»
«     ┌───────────┐┌─────────────┐┌────────────┐                               »
«q_4: ┤ Rx(2.482) ├┤ Ry(0.82063) ├┤ Rz(3.7362) ├─■─────────────────────────────»
«     └───────────┘└─────────────┘└────────────┘ │ ┌────────────┐┌────────────┐»
«q_5: ───────────────────────────────────────────■─┤ Rx(3.0148) ├┤ Ry(3.2335) ├»
«     ┌───────────┐ ┌────────────┐┌────────────┐   └────────────┘└────────────┘»
«q_6: ┤ Rx(1.852) ├─┤ Ry(2.0741) ├┤ Rz(4.8195) ├───────────────────────────────»
«     └───────────┘ └────────────┘└────────────┘                               »
«q_7: ─────────────────────────────────────────────────────────────────────────»
«                                                                              »
«q_8: ─────────────────────────────────────────────────────────────────────────»
«                                                                              »
«                      ┌────────────┐┌────────────┐┌─────────────┐   »
«q_0: ───────────────■─┤ Rx(2.7571) ├┤ Ry(3.3131) ├┤ Rz(0.44898) ├───»
«                    │ └────────────┘└────────────┘└─────────────┘   »
«q_1: ───────────────┼───────────────────────────────────────────────»
«                    │                                               »
«q_2: ───────────────┼───────────────────────────────────────────────»
«                    │                                               »
«q_3: ───────────────┼───────────────────────────────────────────────»
«                    │                                               »
«q_4: ───────────────┼───────────────────────────────────────────────»
«     ┌────────────┐ │ ┌────────────┐┌────────────┐ ┌───────────┐    »
«q_5: ┤ Rz(1.7397) ├─■─┤ Rx(2.7851) ├┤ Ry(3.4788) ├─┤ Rz(3.073) ├──■─»
«     └────────────┘   └────────────┘└────────────┘ └───────────┘  │ »
«q_6: ─────────────────────────────────────────────────────────────■─»
«                                                                    »
«q_7: ───────────────────────────────────────────────────────────────»
«                                                                    »
«q_8: ───────────────────────────────────────────────────────────────»
«                                                                    »
«                                                                »
«q_0: ───────────────────────────────────────────────────────────»
«                                                                »
«q_1: ───────────────────────────────────────────────────────────»
«                                                                »
«q_2: ───────────────────────────────────────────────────────────»
«                                                                »
«q_3: ───────────────────────────────────────────────────────────»
«                                                                »
«q_4: ───────────────────────────────────────────────────────────»
«                                                                »
«q_5: ───────────────────────────────────────────────────────────»
«     ┌────────────┐┌────────────┐┌────────────┐   ┌────────────┐»
«q_6: ┤ Rx(1.5765) ├┤ Ry(4.6881) ├┤ Rz(6.2638) ├─■─┤ Rx(4.0686) ├»
«     └────────────┘└────────────┘└────────────┘ │ └────────────┘»
«q_7: ───────────────────────────────────────────┼───────────────»
«                                                │ ┌────────────┐»
«q_8: ───────────────────────────────────────────■─┤ Rx(5.7695) ├»
«                                                  └────────────┘»
«                                                                              »
«q_0: ─────────────────────────────────────────────────────────────────────────»
«                                                                              »
«q_1: ─────────────────────────────────────────────────────────────────────────»
«                                                                              »
«q_2: ─────────────────────────────────────────────────────────────────────────»
«                                                                              »
«q_3: ─────────────────────────────────────────────────────────────────────────»
«                                                                              »
«q_4: ─────────────────────────────────────────────────────────────────────────»
«                                                                              »
«q_5: ─────────────────────────────────────────────────────────────────────────»
«     ┌─────────────┐┌───────────┐                                             »
«q_6: ┤ Ry(0.25266) ├┤ Rz(2.551) ├──■──────────────────────────────────────────»
«     └─────────────┘└───────────┘  │ ┌────────────┐┌────────────┐┌───────────┐»
«q_7: ──────────────────────────────■─┤ Rx(4.9235) ├┤ Ry(4.9806) ├┤ Rz(3.637) ├»
«      ┌────────────┐┌────────────┐   └────────────┘└────────────┘└───────────┘»
«q_8: ─┤ Ry(5.7543) ├┤ Rz(3.8922) ├────────────────────────────────────────────»
«      └────────────┘└────────────┘                                            »
«                                                                   »
«q_0: ─■────────────────────────────────────────────────────────────»
«      │                                                            »
«q_1: ─┼────────────────────────────────────────────────────────────»
«      │                                                            »
«q_2: ─┼────────────────────────────────────────────────────────────»
«      │                                                            »
«q_3: ─┼────────────────────────────────────────────────────────────»
«      │                                                            »
«q_4: ─┼────────────────────────────────────────────────────────────»
«      │                                                            »
«q_5: ─┼────────────────────────────────────────────────────────────»
«      │                                                            »
«q_6: ─┼────────────────────────────────────────────────────────────»
«      │ ┌───────────┐┌────────────┐┌─────────────┐                 »
«q_7: ─■─┤ Rx(5.772) ├┤ Ry(2.3607) ├┤ Rz(0.69943) ├─■───────────────»
«        └───────────┘└────────────┘└─────────────┘ │ ┌────────────┐»
«q_8: ──────────────────────────────────────────────■─┤ Rx(3.6809) ├»
«                                                     └────────────┘»
«                                                                              »
«q_0: ─────────────────────────────────────────────────────────────────────────»
«                                                                              »
«q_1: ─────────────────────────────────────────────────────────────────────────»
«                                                                              »
«q_2: ─────────────────────────────■───────────────────────────────────────────»
«                                  │                                           »
«q_3: ─────────────────────────────┼───────────────────────────────────────────»
«                                  │                                           »
«q_4: ─────────────────────────────┼───────────────────────────────────────────»
«                                  │                                           »
«q_5: ─────────────────────────────┼───────────────────────────────────────────»
«                                  │                                           »
«q_6: ─────────────────────────────┼───────────────────────────────────────────»
«                                  │                                           »
«q_7: ─────────────────────────────┼───────────────────────────────────────────»
«     ┌────────────┐┌────────────┐ │ ┌────────────┐┌────────────┐┌────────────┐»
«q_8: ┤ Ry(2.4408) ├┤ Rz(1.9195) ├─■─┤ Rx(5.0896) ├┤ Ry(2.1308) ├┤ Rz(1.6231) ├»
«     └────────────┘└────────────┘   └────────────┘└────────────┘└────────────┘»
«         ░  ┌────────────┐ ┌────────────┐ ┌────────────┐   ┌────────────┐»
«q_0: ────░──┤ Rx(4.8546) ├─┤ Ry(1.3019) ├─┤ Rz(3.2472) ├─■─┤ Rx(2.9856) ├»
«         ░  ├────────────┤ ├────────────┤ ├────────────┤ │ ├────────────┤»
«q_1: ─■──░──┤ Rx(1.5978) ├─┤ Ry(0.3907) ├─┤ Rz(3.7455) ├─■─┤ Rx(2.6558) ├»
«      │  ░  ├───────────┬┘┌┴────────────┤┌┴────────────┤   └────────────┘»
«q_2: ─┼──░──┤ Rx(3.358) ├─┤ Ry(0.26105) ├┤ Rz(0.47084) ├─────────────────»
«      │  ░  ├───────────┴┐└┬────────────┤└┬────────────┤                 »
«q_3: ─┼──░──┤ Rx(4.4208) ├─┤ Ry(5.2533) ├─┤ Rz(5.7939) ├─────────────────»
«      │  ░  ├────────────┤ ├────────────┤ ├────────────┤                 »
«q_4: ─┼──░──┤ Rx(5.9745) ├─┤ Ry(3.1387) ├─┤ Rz(1.6041) ├─────────────────»
«      │  ░  ├────────────┤ ├────────────┤ ├────────────┤                 »
«q_5: ─┼──░──┤ Rx(4.1801) ├─┤ Ry(2.0656) ├─┤ Rz(3.0972) ├─────────────────»
«      │  ░  ├───────────┬┘ ├────────────┤ ├────────────┤                 »
«q_6: ─┼──░──┤ Rx(2.417) ├──┤ Ry(2.6176) ├─┤ Rz(2.0504) ├─────────────────»
«      │  ░ ┌┴───────────┴┐ ├───────────┬┘ ├────────────┤                 »
«q_7: ─┼──░─┤ Rx(0.37681) ├─┤ Ry(4.637) ├──┤ Rz(2.2825) ├─────────────────»
«      │  ░ └┬────────────┤ ├───────────┴┐ ├────────────┤                 »
«q_8: ─■──░──┤ Rx(3.8758) ├─┤ Ry(1.2138) ├─┤ Rz(1.9247) ├─────────────────»
«         ░  └────────────┘ └────────────┘ └────────────┘                 »
«     ┌────────────┐┌────────────┐                                             »
«q_0: ┤ Ry(5.5331) ├┤ Rz(3.9116) ├─────────────────────────────────────────────»
«     ├────────────┤├────────────┤   ┌────────────┐┌────────────┐┌────────────┐»
«q_1: ┤ Ry(1.9075) ├┤ Rz(2.9838) ├─■─┤ Rx(5.1655) ├┤ Ry(3.4817) ├┤ Rz(5.0265) ├»
«     └────────────┘└────────────┘ │ ├────────────┤├────────────┤├───────────┬┘»
«q_2: ─────────────────────────────■─┤ Rx(4.1462) ├┤ Ry(1.1259) ├┤ Rz(4.739) ├─»
«                                    └────────────┘└────────────┘└───────────┘ »
«q_3: ─────────────────────────────────────────────────────────────────────────»
«                                                                              »
«q_4: ─────────────────────────────────────────────────────────────────────────»
«                                                                              »
«q_5: ─────────────────────────────────────────────────────────────────────────»
«                                                                              »
«q_6: ─────────────────────────────────────────────────────────────────────────»
«                                                                              »
«q_7: ─────────────────────────────────────────────────────────────────────────»
«                                                                              »
«q_8: ─────────────────────────────────────────────────────────────────────────»
«                                                                              »
«                                                                    »
«q_0: ───────────────────────────────────────────────────────────────»
«                                                                    »
«q_1: ───────────────────────────────────────────────────────────────»
«        ┌────────────┐┌─────────────┐┌────────────┐   ┌────────────┐»
«q_2: ─■─┤ Rx(1.3349) ├┤ Ry(0.24544) ├┤ Rz(6.2026) ├─■─┤ Rx(4.5752) ├»
«      │ └────────────┘└─────────────┘└────────────┘ │ ├────────────┤»
«q_3: ─┼─────────────────────────────────────────────■─┤ Rx(2.9393) ├»
«      │ ┌────────────┐ ┌────────────┐┌────────────┐   └────────────┘»
«q_4: ─■─┤ Rx(5.7614) ├─┤ Ry(1.9762) ├┤ Rz(5.1079) ├─────────────────»
«        └────────────┘ └────────────┘└────────────┘                 »
«q_5: ───────────────────────────────────────────────────────────────»
«                                                                    »
«q_6: ───────────────────────────────────────────────────────────────»
«                                                                    »
«q_7: ───────────────────────────────────────────────────────────────»
«                                                                    »
«q_8: ───────────────────────────────────────────────────────────────»
«                                                                    »
«                                     ┌────────────┐┌────────────┐»
«q_0: ──────────────────────────────■─┤ Rx(3.5171) ├┤ Ry(2.2207) ├»
«                                   │ └────────────┘└────────────┘»
«q_1: ──────────────────────────────┼─────────────────────────────»
«     ┌─────────────┐┌────────────┐ │                             »
«q_2: ┤ Ry(0.83165) ├┤ Rz(6.1117) ├─┼─────────────────────────────»
«     └┬────────────┤├────────────┤ │ ┌────────────┐┌────────────┐»
«q_3: ─┤ Ry(1.8631) ├┤ Rz(1.1223) ├─■─┤ Rx(3.1291) ├┤ Ry(6.0582) ├»
«      └────────────┘└────────────┘   └────────────┘└────────────┘»
«q_4: ────────────────────────────────────────────────────────────»
«                                                                 »
«q_5: ────────────────────────────────────────────────────────────»
«                                                                 »
«q_6: ────────────────────────────────────────────────────────────»
«                                                                 »
«q_7: ────────────────────────────────────────────────────────────»
«                                                                 »
«q_8: ────────────────────────────────────────────────────────────»
«                                                                 »
«     ┌────────────┐                                                »
«q_0: ┤ Rz(5.0293) ├────────────────────────────────────────────────»
«     └────────────┘                                                »
«q_1: ──────────────────────────────────────────────────────────────»
«                                                                   »
«q_2: ──────────────────────────────────────────────────────────────»
«     ┌────────────┐                                                »
«q_3: ┤ Rz(2.3792) ├─■──────────────────────────────────────────────»
«     └────────────┘ │ ┌────────────┐┌────────────┐┌────────────┐   »
«q_4: ───────────────■─┤ Rx(3.5584) ├┤ Ry(3.5776) ├┤ Rz(2.6569) ├─■─»
«                      └────────────┘└────────────┘└────────────┘ │ »
«q_5: ────────────────────────────────────────────────────────────┼─»
«                                                                 │ »
«q_6: ────────────────────────────────────────────────────────────■─»
«                                                                   »
«q_7: ──────────────────────────────────────────────────────────────»
«                                                                   »
«q_8: ──────────────────────────────────────────────────────────────»
«                                                                   »
«                                                                  »
«q_0: ─────────────────────────────────────────────────────────────»
«                                                                  »
«q_1: ─────────────────────────────────────────────────────────────»
«                                                                  »
«q_2: ─────────────────────────────────────────────────────────────»
«                                                                  »
«q_3: ─────────────────────────────────────────────────────────────»
«     ┌─────────────┐┌────────────┐┌────────────┐                  »
«q_4: ┤ Rx(0.27062) ├┤ Ry(2.5842) ├┤ Rz(4.4862) ├─■────────────────»
«     └─────────────┘└────────────┘└────────────┘ │ ┌─────────────┐»
«q_5: ────────────────────────────────────────────■─┤ Rx(0.15209) ├»
«      ┌────────────┐┌────────────┐┌────────────┐   └─────────────┘»
«q_6: ─┤ Rx(1.1029) ├┤ Ry(3.1856) ├┤ Rz(3.2041) ├──────────────────»
«      └────────────┘└────────────┘└────────────┘                  »
«q_7: ─────────────────────────────────────────────────────────────»
«                                                                  »
«q_8: ─────────────────────────────────────────────────────────────»
«                                                                  »
«                                    ┌────────────┐┌─────────────┐»
«q_0: ─────────────────────────────■─┤ Rx(6.0874) ├┤ Ry(0.77768) ├»
«                                  │ └────────────┘└─────────────┘»
«q_1: ─────────────────────────────┼──────────────────────────────»
«                                  │                              »
«q_2: ─────────────────────────────┼──────────────────────────────»
«                                  │                              »
«q_3: ─────────────────────────────┼──────────────────────────────»
«                                  │                              »
«q_4: ─────────────────────────────┼──────────────────────────────»
«     ┌────────────┐┌────────────┐ │ ┌────────────┐ ┌────────────┐»
«q_5: ┤ Ry(4.6887) ├┤ Rz(4.4504) ├─■─┤ Rx(2.9034) ├─┤ Ry(1.9554) ├»
«     └────────────┘└────────────┘   └────────────┘ └────────────┘»
«q_6: ────────────────────────────────────────────────────────────»
«                                                                 »
«q_7: ────────────────────────────────────────────────────────────»
«                                                                 »
«q_8: ────────────────────────────────────────────────────────────»
«                                                                 »
«     ┌─────────────┐                                                »
«q_0: ┤ Rz(0.70698) ├────────────────────────────────────────────────»
«     └─────────────┘                                                »
«q_1: ───────────────────────────────────────────────────────────────»
«                                                                    »
«q_2: ───────────────────────────────────────────────────────────────»
«                                                                    »
«q_3: ───────────────────────────────────────────────────────────────»
«                                                                    »
«q_4: ───────────────────────────────────────────────────────────────»
«      ┌────────────┐                                                »
«q_5: ─┤ Rz(1.2332) ├─■──────────────────────────────────────────────»
«      └────────────┘ │ ┌────────────┐┌────────────┐┌────────────┐   »
«q_6: ────────────────■─┤ Rx(1.5846) ├┤ Ry(1.6367) ├┤ Rz(3.9611) ├─■─»
«                       └────────────┘└────────────┘└────────────┘ │ »
«q_7: ─────────────────────────────────────────────────────────────┼─»
«                                                                  │ »
«q_8: ─────────────────────────────────────────────────────────────■─»
«                                                                    »
«                                                                 »
«q_0: ────────────────────────────────────────────────────────────»
«                                                                 »
«q_1: ────────────────────────────────────────────────────────────»
«                                                                 »
«q_2: ────────────────────────────────────────────────────────────»
«                                                                 »
«q_3: ────────────────────────────────────────────────────────────»
«                                                                 »
«q_4: ────────────────────────────────────────────────────────────»
«                                                                 »
«q_5: ────────────────────────────────────────────────────────────»
«      ┌────────────┐┌────────────┐┌────────────┐                 »
«q_6: ─┤ Rx(4.7564) ├┤ Ry(3.4779) ├┤ Rz(4.5968) ├─■───────────────»
«      └────────────┘└────────────┘└────────────┘ │ ┌────────────┐»
«q_7: ────────────────────────────────────────────■─┤ Rx(1.8365) ├»
«     ┌─────────────┐┌────────────┐┌────────────┐   └────────────┘»
«q_8: ┤ Rx(0.27967) ├┤ Ry(5.6858) ├┤ Rz(2.5022) ├─────────────────»
«     └─────────────┘└────────────┘└────────────┘                 »
«                                                                              »
«q_0: ─────────────────────────────■───────────────────────────────────────────»
«                                  │                                           »
«q_1: ─────────────────────────────┼───────────────────────────────────────────»
«                                  │                                           »
«q_2: ─────────────────────────────┼───────────────────────────────────────────»
«                                  │                                           »
«q_3: ─────────────────────────────┼───────────────────────────────────────────»
«                                  │                                           »
«q_4: ─────────────────────────────┼───────────────────────────────────────────»
«                                  │                                           »
«q_5: ─────────────────────────────┼───────────────────────────────────────────»
«                                  │                                           »
«q_6: ─────────────────────────────┼───────────────────────────────────────────»
«     ┌────────────┐┌────────────┐ │ ┌────────────┐┌────────────┐┌────────────┐»
«q_7: ┤ Ry(2.7062) ├┤ Rz(2.5608) ├─■─┤ Rx(1.6703) ├┤ Ry(6.0739) ├┤ Rz(2.4474) ├»
«     └────────────┘└────────────┘   └────────────┘└────────────┘└────────────┘»
«q_8: ─────────────────────────────────────────────────────────────────────────»
«                                                                              »
«                                                                   »
«q_0: ──────────────────────────────────────────────────────────────»
«                                                                   »
«q_1: ──────────────────────────────────────────────────────────────»
«                                                                   »
«q_2: ──────────────────────────────────────────────■───────────────»
«                                                   │               »
«q_3: ──────────────────────────────────────────────┼───────────────»
«                                                   │               »
«q_4: ──────────────────────────────────────────────┼───────────────»
«                                                   │               »
«q_5: ──────────────────────────────────────────────┼───────────────»
«                                                   │               »
«q_6: ──────────────────────────────────────────────┼───────────────»
«                                                   │               »
«q_7: ─■────────────────────────────────────────────┼───────────────»
«      │ ┌─────────────┐┌────────────┐┌───────────┐ │ ┌────────────┐»
«q_8: ─■─┤ Rx(0.17946) ├┤ Ry(5.5836) ├┤ Rz(4.044) ├─■─┤ Rx(5.5151) ├»
«        └─────────────┘└────────────┘└───────────┘   └────────────┘»
«                                     ░ ┌────────────┐
«q_0: ────────────────────────────────░─┤ sensing_dm ├
«                                     ░ ├────────────┤
«q_1: ─────────────────────────────■──░─┤ sensing_dm ├
«                                  │  ░ ├────────────┤
«q_2: ─────────────────────────────┼──░─┤ sensing_dm ├
«                                  │  ░ ├────────────┤
«q_3: ─────────────────────────────┼──░─┤ sensing_dm ├
«                                  │  ░ ├────────────┤
«q_4: ─────────────────────────────┼──░─┤ sensing_dm ├
«                                  │  ░ ├────────────┤
«q_5: ─────────────────────────────┼──░─┤ sensing_dm ├
«                                  │  ░ ├────────────┤
«q_6: ─────────────────────────────┼──░─┤ sensing_dm ├
«                                  │  ░ ├────────────┤
«q_7: ─────────────────────────────┼──░─┤ sensing_dm ├
«     ┌────────────┐┌────────────┐ │  ░ ├────────────┤
«q_8: ┤ Ry(4.2704) ├┤ Rz(1.3692) ├─■──░─┤ sensing_dm ├
«     └────────────┘└────────────┘    ░ └────────────┘
0 0.029329341771641714
5 0.020955421570589897
10 0.017765318606533898
15 0.015640311124963547
20 0.014037299165293875
25 0.012774211275925085
30 0.011710510893881854
35 0.010841704099309901
40 0.01007047401502504
45 0.009338697070215495
50 0.008616403508668699
55 0.00788853604720986
60 0.007150809642351418
65 0.006470955914117854
70 0.005870440754404555
75 0.0053633173838546
80 0.0049210210413737935
85 0.00454348868308775
90 0.004259978438447557
95 0.004026395500539235
100 0.003823616944000436
105 0.003644547495702049
110 0.003496169091156263
115 0.003378726931215931
120 0.003281644700514357
125 0.003220541609155156
130 0.003170021231582251
135 0.0031518778314197494
140 0.003137534486374175
145 0.0031352064342605023
150 0.0031295131603583243
155 0.0031310225749907688
160 0.003127250412002
165 0.00312859989111428
170 0.003126599467280589
175 0.003129164367729602
180 0.003127765520922575
185 0.0031303631043948445
190 0.0031289293581815833
195 0.0031315561592213776
0.003132031888709053
