      ┌────────────┐┌────────────┐┌─────────────┐   ┌────────────┐»
q_0: ─┤ Rx(2.1408) ├┤ Ry(1.8489) ├┤ Rz(0.53079) ├─■─┤ Rx(4.6625) ├»
      ├────────────┤├────────────┤└┬────────────┤ │ ├────────────┤»
q_1: ─┤ Rx(1.6496) ├┤ Ry(3.0451) ├─┤ Rz(5.3037) ├─■─┤ Rx(4.2166) ├»
     ┌┴────────────┤├────────────┤ ├────────────┤   └────────────┘»
q_2: ┤ Rx(0.94998) ├┤ Ry(5.5347) ├─┤ Rz(4.9603) ├─────────────────»
     └┬────────────┤├────────────┤ ├────────────┤                 »
q_3: ─┤ Rx(3.7415) ├┤ Ry(2.5884) ├─┤ Rz(1.6381) ├─────────────────»
      ├────────────┤├────────────┤ ├────────────┤                 »
q_4: ─┤ Rx(5.0092) ├┤ Ry(5.8515) ├─┤ Rz(4.9337) ├─────────────────»
     ┌┴────────────┤├────────────┤ ├────────────┤                 »
q_5: ┤ Rx(0.56881) ├┤ Ry(2.3155) ├─┤ Rz(5.5333) ├─────────────────»
     ├─────────────┤└┬──────────┬┘ ├────────────┤                 »
q_6: ┤ Rx(0.04826) ├─┤ Ry(4.66) ├──┤ Rz(5.4086) ├─────────────────»
     └┬────────────┤┌┴──────────┴┐ ├────────────┤                 »
q_7: ─┤ Rx(3.5581) ├┤ Ry(1.9634) ├─┤ Rz(3.4629) ├─────────────────»
      ├────────────┤├────────────┤ ├────────────┤                 »
q_8: ─┤ Rx(1.2652) ├┤ Ry(2.0014) ├─┤ Rz(6.0668) ├─────────────────»
      └────────────┘└────────────┘ └────────────┘                 »
«     ┌────────────┐┌────────────┐                                             »
«q_0: ┤ Ry(2.8853) ├┤ Rz(3.5001) ├─────────────────────────────────────────────»
«     ├────────────┤├────────────┤   ┌────────────┐┌────────────┐┌────────────┐»
«q_1: ┤ Ry(1.5354) ├┤ Rz(2.4251) ├─■─┤ Rx(1.2328) ├┤ Ry(3.0169) ├┤ Rz(5.3328) ├»
«     └────────────┘└────────────┘ │ ├────────────┤├────────────┤├────────────┤»
«q_2: ─────────────────────────────■─┤ Rx(2.1153) ├┤ Ry(2.3177) ├┤ Rz(4.2643) ├»
«                                    └────────────┘└────────────┘└────────────┘»
«q_3: ─────────────────────────────────────────────────────────────────────────»
«                                                                              »
«q_4: ─────────────────────────────────────────────────────────────────────────»
«                                                                              »
«q_5: ─────────────────────────────────────────────────────────────────────────»
«                                                                              »
«q_6: ─────────────────────────────────────────────────────────────────────────»
«                                                                              »
«q_7: ─────────────────────────────────────────────────────────────────────────»
«                                                                              »
«q_8: ─────────────────────────────────────────────────────────────────────────»
«                                                                              »
«                                                                   »
«q_0: ──────────────────────────────────────────────────────────────»
«                                                                   »
«q_1: ──────────────────────────────────────────────────────────────»
«        ┌────────────┐┌────────────┐┌────────────┐   ┌────────────┐»
«q_2: ─■─┤ Rx(2.1786) ├┤ Ry(3.0267) ├┤ Rz(4.4861) ├─■─┤ Rx(3.0742) ├»
«      │ └────────────┘└────────────┘└────────────┘ │ ├────────────┤»
«q_3: ─┼────────────────────────────────────────────■─┤ Rx(3.0622) ├»
«      │ ┌────────────┐┌────────────┐┌───────────┐    └────────────┘»
«q_4: ─■─┤ Rx(5.3271) ├┤ Ry(3.5745) ├┤ Rz(1.833) ├──────────────────»
«        └────────────┘└────────────┘└───────────┘                  »
«q_5: ──────────────────────────────────────────────────────────────»
«                                                                   »
«q_6: ──────────────────────────────────────────────────────────────»
«                                                                   »
«q_7: ──────────────────────────────────────────────────────────────»
«                                                                   »
«q_8: ──────────────────────────────────────────────────────────────»
«                                                                   »
«                                    ┌────────────┐┌────────────┐┌────────────┐»
«q_0: ─────────────────────────────■─┤ Rx(1.9619) ├┤ Ry(5.6024) ├┤ Rz(3.7076) ├»
«                                  │ └────────────┘└────────────┘└────────────┘»
«q_1: ─────────────────────────────┼───────────────────────────────────────────»
«     ┌────────────┐┌────────────┐ │                                           »
«q_2: ┤ Ry(3.3297) ├┤ Rz(2.5618) ├─┼───────────────────────────────────────────»
«     ├────────────┤├────────────┤ │ ┌────────────┐┌───────────┐ ┌───────────┐ »
«q_3: ┤ Ry(2.5953) ├┤ Rz(2.3209) ├─■─┤ Rx(4.3558) ├┤ Ry(5.033) ├─┤ Rz(2.475) ├─»
«     └────────────┘└────────────┘   └────────────┘└───────────┘ └───────────┘ »
«q_4: ─────────────────────────────────────────────────────────────────────────»
«                                                                              »
«q_5: ─────────────────────────────────────────────────────────────────────────»
«                                                                              »
«q_6: ─────────────────────────────────────────────────────────────────────────»
«                                                                              »
«q_7: ─────────────────────────────────────────────────────────────────────────»
«                                                                              »
«q_8: ─────────────────────────────────────────────────────────────────────────»
«                                                                              »
«                                                                   »
«q_0: ──────────────────────────────────────────────────────────────»
«                                                                   »
«q_1: ──────────────────────────────────────────────────────────────»
«                                                                   »
«q_2: ──────────────────────────────────────────────────────────────»
«                                                                   »
«q_3: ─■────────────────────────────────────────────────────────────»
«      │ ┌────────────┐┌────────────┐┌────────────┐   ┌────────────┐»
«q_4: ─■─┤ Rx(2.8773) ├┤ Ry(2.1644) ├┤ Rz(1.2895) ├─■─┤ Rx(4.7157) ├»
«        └────────────┘└────────────┘└────────────┘ │ └────────────┘»
«q_5: ──────────────────────────────────────────────┼───────────────»
«                                                   │ ┌────────────┐»
«q_6: ──────────────────────────────────────────────■─┤ Rx(3.1101) ├»
«                                                     └────────────┘»
«q_7: ──────────────────────────────────────────────────────────────»
«                                                                   »
«q_8: ──────────────────────────────────────────────────────────────»
«                                                                   »
«                                                                 »
«q_0: ────────────────────────────────────────────────────────────»
«                                                                 »
«q_1: ────────────────────────────────────────────────────────────»
«                                                                 »
«q_2: ────────────────────────────────────────────────────────────»
«                                                                 »
«q_3: ────────────────────────────────────────────────────────────»
«     ┌────────────┐┌────────────┐                                »
«q_4: ┤ Ry(3.1949) ├┤ Rz(3.1502) ├─■──────────────────────────────»
«     └────────────┘└────────────┘ │ ┌─────────────┐┌────────────┐»
«q_5: ─────────────────────────────■─┤ Rx(0.66402) ├┤ Ry(5.2444) ├»
«     ┌────────────┐┌────────────┐   └─────────────┘└────────────┘»
«q_6: ┤ Ry(3.6819) ├┤ Rz(3.1561) ├────────────────────────────────»
«     └────────────┘└────────────┘                                »
«q_7: ────────────────────────────────────────────────────────────»
«                                                                 »
«q_8: ────────────────────────────────────────────────────────────»
«                                                                 »
«                       ┌────────────┐┌────────────┐┌────────────┐   »
«q_0: ────────────────■─┤ Rx(5.8336) ├┤ Ry(2.4287) ├┤ Rz(2.4159) ├───»
«                     │ └────────────┘└────────────┘└────────────┘   »
«q_1: ────────────────┼──────────────────────────────────────────────»
«                     │                                              »
«q_2: ────────────────┼──────────────────────────────────────────────»
«                     │                                              »
«q_3: ────────────────┼──────────────────────────────────────────────»
«                     │                                              »
«q_4: ────────────────┼──────────────────────────────────────────────»
«     ┌─────────────┐ │ ┌────────────┐┌────────────┐┌────────────┐   »
«q_5: ┤ Rz(0.96753) ├─■─┤ Rx(3.9326) ├┤ Ry(1.2187) ├┤ Rz(2.7956) ├─■─»
«     └─────────────┘   └────────────┘└────────────┘└────────────┘ │ »
«q_6: ─────────────────────────────────────────────────────────────■─»
«                                                                    »
«q_7: ───────────────────────────────────────────────────────────────»
«                                                                    »
«q_8: ───────────────────────────────────────────────────────────────»
«                                                                    »
«                                                                              »
«q_0: ─────────────────────────────────────────────────────────────────────────»
«                                                                              »
«q_1: ─────────────────────────────────────────────────────────────────────────»
«                                                                              »
«q_2: ─────────────────────────────────────────────────────────────────────────»
«                                                                              »
«q_3: ─────────────────────────────────────────────────────────────────────────»
«                                                                              »
«q_4: ─────────────────────────────────────────────────────────────────────────»
«                                                                              »
«q_5: ─────────────────────────────────────────────────────────────────────────»
«     ┌────────────┐┌────────────┐┌────────────┐   ┌────────────┐┌────────────┐»
«q_6: ┤ Rx(3.2716) ├┤ Ry(1.0196) ├┤ Rz(4.9551) ├─■─┤ Rx(4.6968) ├┤ Ry(3.7757) ├»
«     └────────────┘└────────────┘└────────────┘ │ └────────────┘└────────────┘»
«q_7: ───────────────────────────────────────────┼─────────────────────────────»
«                                                │ ┌────────────┐┌────────────┐»
«q_8: ───────────────────────────────────────────■─┤ Rx(2.0935) ├┤ Ry(4.7182) ├»
«                                                  └────────────┘└────────────┘»
«                                                                   »
«q_0: ────────────────────────────────────────────────────────────■─»
«                                                                 │ »
«q_1: ────────────────────────────────────────────────────────────┼─»
«                                                                 │ »
«q_2: ────────────────────────────────────────────────────────────┼─»
«                                                                 │ »
«q_3: ────────────────────────────────────────────────────────────┼─»
«                                                                 │ »
«q_4: ────────────────────────────────────────────────────────────┼─»
«                                                                 │ »
«q_5: ────────────────────────────────────────────────────────────┼─»
«     ┌───────────┐                                               │ »
«q_6: ┤ Rz(1.111) ├──■────────────────────────────────────────────┼─»
«     └───────────┘  │ ┌────────────┐┌────────────┐┌────────────┐ │ »
«q_7: ───────────────■─┤ Rx(5.2551) ├┤ Ry(5.5608) ├┤ Rz(4.9263) ├─■─»
«     ┌────────────┐   └────────────┘└────────────┘└────────────┘   »
«q_8: ┤ Rz(5.4164) ├────────────────────────────────────────────────»
«     └────────────┘                                                »
«                                                                              »
«q_0: ─────────────────────────────────────────────────────────────────────────»
«                                                                              »
«q_1: ─────────────────────────────────────────────────────────────────────────»
«                                                                              »
«q_2: ─────────────────────────────────────────────────────────────────────────»
«                                                                              »
«q_3: ─────────────────────────────────────────────────────────────────────────»
«                                                                              »
«q_4: ─────────────────────────────────────────────────────────────────────────»
«                                                                              »
«q_5: ─────────────────────────────────────────────────────────────────────────»
«                                                                              »
«q_6: ─────────────────────────────────────────────────────────────────────────»
«     ┌────────────┐┌────────────┐┌────────────┐                               »
«q_7: ┤ Rx(3.7346) ├┤ Ry(1.4598) ├┤ Rz(3.6529) ├─■─────────────────────────────»
«     └────────────┘└────────────┘└────────────┘ │ ┌────────────┐┌────────────┐»
«q_8: ───────────────────────────────────────────■─┤ Rx(6.1839) ├┤ Ry(6.0039) ├»
«                                                  └────────────┘└────────────┘»
«                                                                     ░ »
«q_0: ────────────────────────────────────────────────────────────────░─»
«                                                                     ░ »
«q_1: ─────────────────────────────────────────────────────────────■──░─»
«                                                                  │  ░ »
«q_2: ────────────────■────────────────────────────────────────────┼──░─»
«                     │                                            │  ░ »
«q_3: ────────────────┼────────────────────────────────────────────┼──░─»
«                     │                                            │  ░ »
«q_4: ────────────────┼────────────────────────────────────────────┼──░─»
«                     │                                            │  ░ »
«q_5: ────────────────┼────────────────────────────────────────────┼──░─»
«                     │                                            │  ░ »
«q_6: ────────────────┼────────────────────────────────────────────┼──░─»
«                     │                                            │  ░ »
«q_7: ────────────────┼────────────────────────────────────────────┼──░─»
«     ┌─────────────┐ │ ┌────────────┐┌────────────┐┌────────────┐ │  ░ »
«q_8: ┤ Rz(0.56926) ├─■─┤ Rx(2.9843) ├┤ Ry(5.6749) ├┤ Rz(4.2117) ├─■──░─»
«     └─────────────┘   └────────────┘└────────────┘└────────────┘    ░ »
«      ┌────────────┐┌─────────────┐ ┌────────────┐   ┌────────────┐»
«q_0: ─┤ Rx(1.5689) ├┤ Ry(0.72507) ├─┤ Rz(5.4003) ├─■─┤ Rx(2.8505) ├»
«      ├────────────┤└┬────────────┤ ├────────────┤ │ ├────────────┤»
«q_1: ─┤ Rx(6.1071) ├─┤ Ry(1.0115) ├─┤ Rz(3.4246) ├─■─┤ Rx(4.3867) ├»
«      ├────────────┤ ├────────────┤ ├────────────┤   └────────────┘»
«q_2: ─┤ Rx(5.8309) ├─┤ Ry(1.5992) ├─┤ Rz(5.8305) ├─────────────────»
«      ├────────────┤ ├────────────┤ ├───────────┬┘                 »
«q_3: ─┤ Rx(5.6435) ├─┤ Ry(1.4864) ├─┤ Rz(3.711) ├──────────────────»
«      ├────────────┤┌┴────────────┤ ├───────────┴┐                 »
«q_4: ─┤ Rx(5.8515) ├┤ Ry(0.82573) ├─┤ Rz(1.5523) ├─────────────────»
«     ┌┴────────────┤└┬────────────┤┌┴────────────┤                 »
«q_5: ┤ Rx(0.74824) ├─┤ Ry(4.7354) ├┤ Rz(0.12155) ├─────────────────»
«     └┬────────────┤ ├────────────┤└┬────────────┤                 »
«q_6: ─┤ Rx(5.8019) ├─┤ Ry(6.0351) ├─┤ Rz(5.3216) ├─────────────────»
«      ├────────────┤┌┴────────────┤┌┴────────────┤                 »
«q_7: ─┤ Rx(3.1472) ├┤ Ry(0.97393) ├┤ Rz(0.80508) ├─────────────────»
«      ├────────────┤├─────────────┤└┬────────────┤                 »
«q_8: ─┤ Rx(4.1214) ├┤ Ry(0.10666) ├─┤ Rz(2.2646) ├─────────────────»
«      └────────────┘└─────────────┘ └────────────┘                 »
«     ┌───────────┐ ┌─────────────┐                                »
«q_0: ┤ Ry(6.077) ├─┤ Rz(0.51864) ├────────────────────────────────»
«     ├───────────┴┐├─────────────┤    ┌────────────┐┌────────────┐»
«q_1: ┤ Ry(2.2578) ├┤ Rz(0.34319) ├─■──┤ Rx(3.5915) ├┤ Ry(5.3706) ├»
«     └────────────┘└─────────────┘ │ ┌┴────────────┤├────────────┤»
«q_2: ──────────────────────────────■─┤ Rx(0.39412) ├┤ Ry(3.3137) ├»
«                                     └─────────────┘└────────────┘»
«q_3: ─────────────────────────────────────────────────────────────»
«                                                                  »
«q_4: ─────────────────────────────────────────────────────────────»
«                                                                  »
«q_5: ─────────────────────────────────────────────────────────────»
«                                                                  »
«q_6: ─────────────────────────────────────────────────────────────»
«                                                                  »
«q_7: ─────────────────────────────────────────────────────────────»
«                                                                  »
«q_8: ─────────────────────────────────────────────────────────────»
«                                                                  »
«                                                                    »
«q_0: ───────────────────────────────────────────────────────────────»
«     ┌───────────┐                                                  »
«q_1: ┤ Rz(5.045) ├──────────────────────────────────────────────────»
«     ├───────────┤   ┌────────────┐┌────────────┐┌──────────────┐   »
«q_2: ┤ Rz(1.143) ├─■─┤ Rx(5.5748) ├┤ Ry(2.6783) ├┤ Rz(0.084285) ├─■─»
«     └───────────┘ │ └────────────┘└────────────┘└──────────────┘ │ »
«q_3: ──────────────┼──────────────────────────────────────────────■─»
«                   │ ┌────────────┐┌────────────┐ ┌────────────┐    »
«q_4: ──────────────■─┤ Rx(2.9081) ├┤ Ry(5.3858) ├─┤ Rz(2.6402) ├────»
«                     └────────────┘└────────────┘ └────────────┘    »
«q_5: ───────────────────────────────────────────────────────────────»
«                                                                    »
«q_6: ───────────────────────────────────────────────────────────────»
«                                                                    »
«q_7: ───────────────────────────────────────────────────────────────»
«                                                                    »
«q_8: ───────────────────────────────────────────────────────────────»
«                                                                    »
«                                                  ┌────────────┐┌────────────┐»
«q_0: ───────────────────────────────────────────■─┤ Rx(0.1376) ├┤ Ry(0.6078) ├»
«                                                │ └────────────┘└────────────┘»
«q_1: ───────────────────────────────────────────┼─────────────────────────────»
«     ┌────────────┐┌────────────┐┌────────────┐ │                             »
«q_2: ┤ Rx(4.5533) ├┤ Ry(5.7256) ├┤ Rz(4.6314) ├─┼─────────────────────────────»
«     ├────────────┤├────────────┤├────────────┤ │ ┌────────────┐┌────────────┐»
«q_3: ┤ Rx(5.5646) ├┤ Ry(1.0465) ├┤ Rz(2.0754) ├─■─┤ Rx(4.5493) ├┤ Ry(1.1054) ├»
«     └────────────┘└────────────┘└────────────┘   └────────────┘└────────────┘»
«q_4: ─────────────────────────────────────────────────────────────────────────»
«                                                                              »
«q_5: ─────────────────────────────────────────────────────────────────────────»
«                                                                              »
«q_6: ─────────────────────────────────────────────────────────────────────────»
«                                                                              »
«q_7: ─────────────────────────────────────────────────────────────────────────»
«                                                                              »
«q_8: ─────────────────────────────────────────────────────────────────────────»
«                                                                              »
«     ┌────────────┐                                                »
«q_0: ┤ Rz(2.1191) ├────────────────────────────────────────────────»
«     └────────────┘                                                »
«q_1: ──────────────────────────────────────────────────────────────»
«                                                                   »
«q_2: ──────────────────────────────────────────────────────────────»
«     ┌────────────┐                                                »
«q_3: ┤ Rz(5.1073) ├─■──────────────────────────────────────────────»
«     └────────────┘ │ ┌────────────┐┌────────────┐┌────────────┐   »
«q_4: ───────────────■─┤ Rx(2.3085) ├┤ Ry(1.4999) ├┤ Rz(6.1716) ├─■─»
«                      └────────────┘└────────────┘└────────────┘ │ »
«q_5: ────────────────────────────────────────────────────────────┼─»
«                                                                 │ »
«q_6: ────────────────────────────────────────────────────────────■─»
«                                                                   »
«q_7: ──────────────────────────────────────────────────────────────»
«                                                                   »
«q_8: ──────────────────────────────────────────────────────────────»
«                                                                   »
«                                                                 »
«q_0: ────────────────────────────────────────────────────────────»
«                                                                 »
«q_1: ────────────────────────────────────────────────────────────»
«                                                                 »
«q_2: ────────────────────────────────────────────────────────────»
«                                                                 »
«q_3: ────────────────────────────────────────────────────────────»
«     ┌─────────────┐┌────────────┐ ┌──────────┐                  »
«q_4: ┤ Rx(0.84835) ├┤ Ry(5.1999) ├─┤ Rz(3.69) ├──■───────────────»
«     └─────────────┘└────────────┘ └──────────┘  │ ┌────────────┐»
«q_5: ────────────────────────────────────────────■─┤ Rx(5.8098) ├»
«     ┌─────────────┐┌────────────┐┌────────────┐   └────────────┘»
«q_6: ┤ Rx(0.28518) ├┤ Ry(3.9713) ├┤ Rz(2.6788) ├─────────────────»
«     └─────────────┘└────────────┘└────────────┘                 »
«q_7: ────────────────────────────────────────────────────────────»
«                                                                 »
«q_8: ────────────────────────────────────────────────────────────»
«                                                                 »
«                                    ┌────────────┐┌────────────┐┌────────────┐»
«q_0: ─────────────────────────────■─┤ Rx(3.3267) ├┤ Ry(3.3916) ├┤ Rz(2.2589) ├»
«                                  │ └────────────┘└────────────┘└────────────┘»
«q_1: ─────────────────────────────┼───────────────────────────────────────────»
«                                  │                                           »
«q_2: ─────────────────────────────┼───────────────────────────────────────────»
«                                  │                                           »
«q_3: ─────────────────────────────┼───────────────────────────────────────────»
«                                  │                                           »
«q_4: ─────────────────────────────┼───────────────────────────────────────────»
«     ┌────────────┐┌────────────┐ │ ┌────────────┐┌───────────┐ ┌────────────┐»
«q_5: ┤ Ry(1.7522) ├┤ Rz(4.0286) ├─■─┤ Rx(3.8629) ├┤ Ry(1.006) ├─┤ Rz(4.1031) ├»
«     └────────────┘└────────────┘   └────────────┘└───────────┘ └────────────┘»
«q_6: ─────────────────────────────────────────────────────────────────────────»
«                                                                              »
«q_7: ─────────────────────────────────────────────────────────────────────────»
«                                                                              »
«q_8: ─────────────────────────────────────────────────────────────────────────»
«                                                                              »
«                                                                   »
«q_0: ──────────────────────────────────────────────────────────────»
«                                                                   »
«q_1: ──────────────────────────────────────────────────────────────»
«                                                                   »
«q_2: ──────────────────────────────────────────────────────────────»
«                                                                   »
«q_3: ──────────────────────────────────────────────────────────────»
«                                                                   »
«q_4: ──────────────────────────────────────────────────────────────»
«                                                                   »
«q_5: ─■────────────────────────────────────────────────────────────»
«      │ ┌────────────┐┌────────────┐┌────────────┐   ┌────────────┐»
«q_6: ─■─┤ Rx(1.3497) ├┤ Ry(2.3856) ├┤ Rz(3.2652) ├─■─┤ Rx(5.4189) ├»
«        └────────────┘└────────────┘└────────────┘ │ └────────────┘»
«q_7: ──────────────────────────────────────────────┼───────────────»
«                                                   │ ┌────────────┐»
«q_8: ──────────────────────────────────────────────■─┤ Rx(1.4276) ├»
«                                                     └────────────┘»
«                                                                 »
«q_0: ────────────────────────────────────────────────────────────»
«                                                                 »
«q_1: ────────────────────────────────────────────────────────────»
«                                                                 »
«q_2: ────────────────────────────────────────────────────────────»
«                                                                 »
«q_3: ────────────────────────────────────────────────────────────»
«                                                                 »
«q_4: ────────────────────────────────────────────────────────────»
«                                                                 »
«q_5: ────────────────────────────────────────────────────────────»
«     ┌────────────┐┌─────────────┐                               »
«q_6: ┤ Ry(1.8084) ├┤ Rz(0.53258) ├─■─────────────────────────────»
«     └────────────┘└─────────────┘ │ ┌────────────┐┌────────────┐»
«q_7: ──────────────────────────────■─┤ Rx(1.5419) ├┤ Ry(1.8421) ├»
«     ┌────────────┐ ┌────────────┐   └────────────┘└────────────┘»
«q_8: ┤ Ry(1.9174) ├─┤ Rz(5.6258) ├───────────────────────────────»
«     └────────────┘ └────────────┘                               »
«                                                                      »
«q_0: ───────────────■─────────────────────────────────────────────────»
«                    │                                                 »
«q_1: ───────────────┼─────────────────────────────────────────────────»
«                    │                                                 »
«q_2: ───────────────┼─────────────────────────────────────────────────»
«                    │                                                 »
«q_3: ───────────────┼─────────────────────────────────────────────────»
«                    │                                                 »
«q_4: ───────────────┼─────────────────────────────────────────────────»
«                    │                                                 »
«q_5: ───────────────┼─────────────────────────────────────────────────»
«                    │                                                 »
«q_6: ───────────────┼─────────────────────────────────────────────────»
«     ┌────────────┐ │ ┌──────────────┐┌─────────────┐┌────────────┐   »
«q_7: ┤ Rz(5.1148) ├─■─┤ Rx(0.011184) ├┤ Ry(0.61589) ├┤ Rz(2.5965) ├─■─»
«     └────────────┘   └──────────────┘└─────────────┘└────────────┘ │ »
«q_8: ───────────────────────────────────────────────────────────────■─»
«                                                                      »
«                                                                           »
«q_0: ──────────────────────────────────────────────────────────────────────»
«                                                                           »
«q_1: ──────────────────────────────────────────────────────────────────────»
«                                                                           »
«q_2: ──────────────────────────────────────────■───────────────────────────»
«                                               │                           »
«q_3: ──────────────────────────────────────────┼───────────────────────────»
«                                               │                           »
«q_4: ──────────────────────────────────────────┼───────────────────────────»
«                                               │                           »
«q_5: ──────────────────────────────────────────┼───────────────────────────»
«                                               │                           »
«q_6: ──────────────────────────────────────────┼───────────────────────────»
«                                               │                           »
«q_7: ──────────────────────────────────────────┼───────────────────────────»
«     ┌────────────┐┌────────────┐┌───────────┐ │ ┌──────────┐┌────────────┐»
«q_8: ┤ Rx(5.0485) ├┤ Ry(1.0212) ├┤ Rz(2.371) ├─■─┤ Rx(3.33) ├┤ Ry(4.6609) ├»
«     └────────────┘└────────────┘└───────────┘   └──────────┘└────────────┘»
«                       ░ ┌─────────────┐┌─────────────┐┌────────────┐   »
«q_0: ──────────────────░─┤ Rx(0.80205) ├┤ Ry(0.82162) ├┤ Rz(1.5043) ├─■─»
«                       ░ └┬────────────┤├─────────────┤├────────────┤ │ »
«q_1: ───────────────■──░──┤ Rx(4.8672) ├┤ Ry(0.78593) ├┤ Rz(2.7849) ├─■─»
«                    │  ░  ├────────────┤└┬────────────┤├────────────┤   »
«q_2: ───────────────┼──░──┤ Rx(4.7014) ├─┤ Ry(4.3063) ├┤ Rz(3.5717) ├───»
«                    │  ░  ├────────────┤ ├────────────┤├────────────┤   »
«q_3: ───────────────┼──░──┤ Rx(3.5495) ├─┤ Ry(1.9975) ├┤ Rz(3.9189) ├───»
«                    │  ░  ├────────────┤ ├────────────┤├────────────┤   »
«q_4: ───────────────┼──░──┤ Rx(4.3977) ├─┤ Ry(1.6012) ├┤ Rz(4.9004) ├───»
«                    │  ░  ├────────────┤ ├────────────┤├────────────┤   »
«q_5: ───────────────┼──░──┤ Rx(5.3401) ├─┤ Ry(1.4245) ├┤ Rz(1.4128) ├───»
«                    │  ░  ├────────────┤┌┴────────────┤├────────────┤   »
«q_6: ───────────────┼──░──┤ Rx(5.2718) ├┤ Ry(0.90197) ├┤ Rz(4.7272) ├───»
«                    │  ░  ├────────────┤└┬────────────┤├────────────┤   »
«q_7: ───────────────┼──░──┤ Rx(1.3246) ├─┤ Ry(4.8512) ├┤ Rz(1.4781) ├───»
«     ┌────────────┐ │  ░  ├────────────┤ ├───────────┬┘├────────────┤   »
«q_8: ┤ Rz(3.4262) ├─■──░──┤ Rx(4.8404) ├─┤ Ry(5.108) ├─┤ Rz(5.7909) ├───»
«     └────────────┘    ░  └────────────┘ └───────────┘ └────────────┘   »
«     ┌────────────┐┌─────────────┐┌────────────┐                 »
«q_0: ┤ Rx(3.8997) ├┤ Ry(0.53987) ├┤ Rz(6.0876) ├─────────────────»
«     ├────────────┤└┬────────────┤├────────────┤   ┌───────────┐ »
«q_1: ┤ Rx(2.1458) ├─┤ Ry(4.9715) ├┤ Rz(1.5413) ├─■─┤ Rx(5.052) ├─»
«     └────────────┘ └────────────┘└────────────┘ │ ├───────────┴┐»
«q_2: ────────────────────────────────────────────■─┤ Rx(1.0901) ├»
«                                                   └────────────┘»
«q_3: ────────────────────────────────────────────────────────────»
«                                                                 »
«q_4: ────────────────────────────────────────────────────────────»
«                                                                 »
«q_5: ────────────────────────────────────────────────────────────»
«                                                                 »
«q_6: ────────────────────────────────────────────────────────────»
«                                                                 »
«q_7: ────────────────────────────────────────────────────────────»
«                                                                 »
«q_8: ────────────────────────────────────────────────────────────»
«                                                                 »
«                                                                 »
«q_0: ────────────────────────────────────────────────────────────»
«      ┌──────────┐ ┌────────────┐                                »
«q_1: ─┤ Ry(3.14) ├─┤ Rz(3.1578) ├────────────────────────────────»
«     ┌┴──────────┴┐├────────────┤    ┌────────────┐┌────────────┐»
«q_2: ┤ Ry(3.1805) ├┤ Rz(5.0573) ├─■──┤ Rx(1.8413) ├┤ Ry(1.6234) ├»
«     └────────────┘└────────────┘ │  └────────────┘└────────────┘»
«q_3: ─────────────────────────────┼──────────────────────────────»
«                                  │ ┌─────────────┐┌────────────┐»
«q_4: ─────────────────────────────■─┤ Rx(0.83088) ├┤ Ry(2.4548) ├»
«                                    └─────────────┘└────────────┘»
«q_5: ────────────────────────────────────────────────────────────»
«                                                                 »
«q_6: ────────────────────────────────────────────────────────────»
«                                                                 »
«q_7: ────────────────────────────────────────────────────────────»
«                                                                 »
«q_8: ────────────────────────────────────────────────────────────»
«                                                                 »
«                                                                    »
«q_0: ─────────────────────────────────────────────────────────────■─»
«                                                                  │ »
«q_1: ─────────────────────────────────────────────────────────────┼─»
«     ┌────────────┐   ┌────────────┐┌────────────┐┌─────────────┐ │ »
«q_2: ┤ Rz(5.7681) ├─■─┤ Rx(5.0091) ├┤ Ry(2.9379) ├┤ Rz(0.65512) ├─┼─»
«     └────────────┘ │ ├────────────┤├────────────┤└┬────────────┤ │ »
«q_3: ───────────────■─┤ Rx(2.3985) ├┤ Ry(5.4666) ├─┤ Rz(2.6717) ├─■─»
«     ┌────────────┐   └────────────┘└────────────┘ └────────────┘   »
«q_4: ┤ Rz(2.7882) ├─────────────────────────────────────────────────»
«     └────────────┘                                                 »
«q_5: ───────────────────────────────────────────────────────────────»
«                                                                    »
«q_6: ───────────────────────────────────────────────────────────────»
«                                                                    »
«q_7: ───────────────────────────────────────────────────────────────»
«                                                                    »
«q_8: ───────────────────────────────────────────────────────────────»
«                                                                    »
«     ┌────────────┐┌────────────┐┌────────────┐                               »
«q_0: ┤ Rx(2.2744) ├┤ Ry(2.0724) ├┤ Rz(4.5227) ├───────────────────────────────»
«     └────────────┘└────────────┘└────────────┘                               »
«q_1: ─────────────────────────────────────────────────────────────────────────»
«                                                                              »
«q_2: ─────────────────────────────────────────────────────────────────────────»
«     ┌────────────┐┌────────────┐┌────────────┐                               »
«q_3: ┤ Rx(4.6132) ├┤ Ry(6.2081) ├┤ Rz(4.6902) ├─■─────────────────────────────»
«     └────────────┘└────────────┘└────────────┘ │ ┌────────────┐┌────────────┐»
«q_4: ───────────────────────────────────────────■─┤ Rx(1.9766) ├┤ Ry(6.1715) ├»
«                                                  └────────────┘└────────────┘»
«q_5: ─────────────────────────────────────────────────────────────────────────»
«                                                                              »
«q_6: ─────────────────────────────────────────────────────────────────────────»
«                                                                              »
«q_7: ─────────────────────────────────────────────────────────────────────────»
«                                                                              »
«q_8: ─────────────────────────────────────────────────────────────────────────»
«                                                                              »
«                                                                   »
«q_0: ──────────────────────────────────────────────────────────────»
«                                                                   »
«q_1: ──────────────────────────────────────────────────────────────»
«                                                                   »
«q_2: ──────────────────────────────────────────────────────────────»
«                                                                   »
«q_3: ──────────────────────────────────────────────────────────────»
«     ┌────────────┐   ┌───────────┐ ┌────────────┐┌────────────┐   »
«q_4: ┤ Rz(2.7625) ├─■─┤ Rx(2.265) ├─┤ Ry(6.1161) ├┤ Rz(4.3674) ├─■─»
«     └────────────┘ │ └───────────┘ └────────────┘└────────────┘ │ »
«q_5: ───────────────┼────────────────────────────────────────────■─»
«                    │ ┌────────────┐┌────────────┐┌────────────┐   »
«q_6: ───────────────■─┤ Rx(4.5778) ├┤ Ry(3.7718) ├┤ Rz(3.9289) ├───»
«                      └────────────┘└────────────┘└────────────┘   »
«q_7: ──────────────────────────────────────────────────────────────»
«                                                                   »
«q_8: ──────────────────────────────────────────────────────────────»
«                                                                   »
«                                                 ┌────────────┐┌────────────┐»
«q_0: ──────────────────────────────────────────■─┤ Rx(3.6454) ├┤ Ry(4.2769) ├»
«                                               │ └────────────┘└────────────┘»
«q_1: ──────────────────────────────────────────┼─────────────────────────────»
«                                               │                             »
«q_2: ──────────────────────────────────────────┼─────────────────────────────»
«                                               │                             »
«q_3: ──────────────────────────────────────────┼─────────────────────────────»
«                                               │                             »
«q_4: ──────────────────────────────────────────┼─────────────────────────────»
«     ┌────────────┐┌────────────┐┌───────────┐ │ ┌────────────┐┌────────────┐»
«q_5: ┤ Rx(2.4526) ├┤ Ry(4.9605) ├┤ Rz(3.634) ├─■─┤ Rx(3.4446) ├┤ Ry(3.4391) ├»
«     └────────────┘└────────────┘└───────────┘   └────────────┘└────────────┘»
«q_6: ────────────────────────────────────────────────────────────────────────»
«                                                                             »
«q_7: ────────────────────────────────────────────────────────────────────────»
«                                                                             »
«q_8: ────────────────────────────────────────────────────────────────────────»
«                                                                             »
«      ┌────────────┐                                                »
«q_0: ─┤ Rz(1.4544) ├────────────────────────────────────────────────»
«      └────────────┘                                                »
«q_1: ───────────────────────────────────────────────────────────────»
«                                                                    »
«q_2: ───────────────────────────────────────────────────────────────»
«                                                                    »
«q_3: ───────────────────────────────────────────────────────────────»
«                                                                    »
«q_4: ───────────────────────────────────────────────────────────────»
«     ┌─────────────┐                                                »
«q_5: ┤ Rz(0.34201) ├─■──────────────────────────────────────────────»
«     └─────────────┘ │ ┌────────────┐┌────────────┐┌────────────┐   »
«q_6: ────────────────■─┤ Rx(4.7159) ├┤ Ry(4.7757) ├┤ Rz(1.3431) ├─■─»
«                       └────────────┘└────────────┘└────────────┘ │ »
«q_7: ─────────────────────────────────────────────────────────────┼─»
«                                                                  │ »
«q_8: ─────────────────────────────────────────────────────────────■─»
«                                                                    »
«                                                                  »
«q_0: ─────────────────────────────────────────────────────────────»
«                                                                  »
«q_1: ─────────────────────────────────────────────────────────────»
«                                                                  »
«q_2: ─────────────────────────────────────────────────────────────»
«                                                                  »
«q_3: ─────────────────────────────────────────────────────────────»
«                                                                  »
«q_4: ─────────────────────────────────────────────────────────────»
«                                                                  »
«q_5: ─────────────────────────────────────────────────────────────»
«     ┌────────────┐┌────────────┐ ┌────────────┐                  »
«q_6: ┤ Rx(1.3128) ├┤ Ry(2.0159) ├─┤ Rz(2.1059) ├─■────────────────»
«     └────────────┘└────────────┘ └────────────┘ │ ┌─────────────┐»
«q_7: ────────────────────────────────────────────■─┤ Rx(0.57461) ├»
«     ┌────────────┐┌────────────┐┌─────────────┐   └─────────────┘»
«q_8: ┤ Rx(3.3417) ├┤ Ry(3.5493) ├┤ Rz(0.27964) ├──────────────────»
«     └────────────┘└────────────┘└─────────────┘                  »
«                                                                              »
«q_0: ─────────────────────────────■───────────────────────────────────────────»
«                                  │                                           »
«q_1: ─────────────────────────────┼───────────────────────────────────────────»
«                                  │                                           »
«q_2: ─────────────────────────────┼───────────────────────────────────────────»
«                                  │                                           »
«q_3: ─────────────────────────────┼───────────────────────────────────────────»
«                                  │                                           »
«q_4: ─────────────────────────────┼───────────────────────────────────────────»
«                                  │                                           »
«q_5: ─────────────────────────────┼───────────────────────────────────────────»
«                                  │                                           »
«q_6: ─────────────────────────────┼───────────────────────────────────────────»
«     ┌────────────┐┌────────────┐ │ ┌────────────┐┌────────────┐┌────────────┐»
«q_7: ┤ Ry(6.1991) ├┤ Rz(1.1381) ├─■─┤ Rx(4.1459) ├┤ Ry(6.1646) ├┤ Rz(4.6268) ├»
«     └────────────┘└────────────┘   └────────────┘└────────────┘└────────────┘»
«q_8: ─────────────────────────────────────────────────────────────────────────»
«                                                                              »
«                                                                    »
«q_0: ───────────────────────────────────────────────────────────────»
«                                                                    »
«q_1: ───────────────────────────────────────────────────────────────»
«                                                                    »
«q_2: ───────────────────────────────────────────────■───────────────»
«                                                    │               »
«q_3: ───────────────────────────────────────────────┼───────────────»
«                                                    │               »
«q_4: ───────────────────────────────────────────────┼───────────────»
«                                                    │               »
«q_5: ───────────────────────────────────────────────┼───────────────»
«                                                    │               »
«q_6: ───────────────────────────────────────────────┼───────────────»
«                                                    │               »
«q_7: ─■─────────────────────────────────────────────┼───────────────»
«      │ ┌────────────┐┌────────────┐┌─────────────┐ │ ┌────────────┐»
«q_8: ─■─┤ Rx(0.7868) ├┤ Ry(6.1381) ├┤ Rz(0.89891) ├─■─┤ Rx(3.7094) ├»
«        └────────────┘└────────────┘└─────────────┘   └────────────┘»
«                                   ░ ┌────────────┐
«q_0: ──────────────────────────────░─┤ sensing_dm ├
«                                   ░ ├────────────┤
«q_1: ───────────────────────────■──░─┤ sensing_dm ├
«                                │  ░ ├────────────┤
«q_2: ───────────────────────────┼──░─┤ sensing_dm ├
«                                │  ░ ├────────────┤
«q_3: ───────────────────────────┼──░─┤ sensing_dm ├
«                                │  ░ ├────────────┤
«q_4: ───────────────────────────┼──░─┤ sensing_dm ├
«                                │  ░ ├────────────┤
«q_5: ───────────────────────────┼──░─┤ sensing_dm ├
«                                │  ░ ├────────────┤
«q_6: ───────────────────────────┼──░─┤ sensing_dm ├
«                                │  ░ ├────────────┤
«q_7: ───────────────────────────┼──░─┤ sensing_dm ├
«     ┌───────────┐┌───────────┐ │  ░ ├────────────┤
«q_8: ┤ Ry(2.181) ├┤ Rz(3.396) ├─■──░─┤ sensing_dm ├
«     └───────────┘└───────────┘    ░ └────────────┘
0 0.02346962362377647
5 0.015452714945959681
10 0.012712885117138594
15 0.011316039188008576
20 0.01042104814912325
25 0.00971085234316285
30 0.009172232849226376
35 0.008775020511111635
40 0.00850523736438755
45 0.008298208203230233
50 0.008138471136831858
55 0.008030706382671338
60 0.007937160153713829
65 0.007857752436272333
70 0.007768036716998635
75 0.00771219272187726
80 0.007634080013108101
85 0.007566943026200953
90 0.007495888786312083
95 0.007462702768218462
100 0.007418957106370506
105 0.007414930343176058
110 0.007386229901964812
115 0.007417734550118182
120 0.007391681868538896
125 0.007424968196142033
130 0.007397803252002345
135 0.007432228419684605
140 0.007403982391219484
145 0.00743949950817327
150 0.007410204842598017
155 0.007446771336882067
160 0.007416460427801166
165 0.0074540375686264785
170 0.007422741965512184
175 0.007461294387709762
180 0.0074290443578829525
185 0.007468539627074798
190 0.0074353639451768955
195 0.007475772177279961
0.0074786615288310355
