     ┌────────────┐ ┌────────────┐ ┌────────────┐    ┌────────────┐»
q_0: ┤ Rx(2.9353) ├─┤ Ry(2.0929) ├─┤ Rz(1.6502) ├──■─┤ Rx(4.8614) ├»
     ├────────────┤ ├────────────┤ ├────────────┤  │ ├────────────┤»
q_1: ┤ Rx(5.0709) ├─┤ Ry(1.8487) ├─┤ Rz(1.7137) ├──■─┤ Rx(6.1948) ├»
     ├───────────┬┘┌┴────────────┤ ├────────────┤    └────────────┘»
q_2: ┤ Rx(5.769) ├─┤ Ry(0.14911) ├─┤ Rz(5.1558) ├──────────────────»
     ├───────────┴┐└┬────────────┤ ├────────────┤                  »
q_3: ┤ Rx(2.2623) ├─┤ Ry(2.7215) ├─┤ Rz(4.6515) ├──────────────────»
     ├────────────┤ ├────────────┤ ├────────────┤                  »
q_4: ┤ Rx(2.7868) ├─┤ Ry(1.8991) ├─┤ Rz(4.6918) ├──────────────────»
     ├────────────┤ ├────────────┤ ├────────────┤                  »
q_5: ┤ Rx(3.6082) ├─┤ Ry(4.3651) ├─┤ Rz(2.1235) ├──────────────────»
     ├────────────┤ ├────────────┤┌┴────────────┴┐                 »
q_6: ┤ Rx(3.1573) ├─┤ Ry(5.6551) ├┤ Rz(0.040113) ├─────────────────»
     ├───────────┬┘ ├────────────┤└┬────────────┬┘                 »
q_7: ┤ Rx(1.328) ├──┤ Ry(3.3051) ├─┤ Rz(1.7662) ├──────────────────»
     ├───────────┴┐ ├────────────┤ ├────────────┤                  »
q_8: ┤ Rx(4.2811) ├─┤ Ry(4.8221) ├─┤ Rz(5.2636) ├──────────────────»
     └────────────┘ └────────────┘ └────────────┘                  »
«     ┌────────────┐ ┌────────────┐                                »
«q_0: ┤ Ry(4.2973) ├─┤ Rz(6.1669) ├────────────────────────────────»
«     ├────────────┤┌┴────────────┤    ┌────────────┐┌────────────┐»
«q_1: ┤ Ry(3.4161) ├┤ Rz(0.75892) ├─■──┤ Rx(4.0166) ├┤ Ry(2.9318) ├»
«     └────────────┘└─────────────┘ │ ┌┴────────────┤├────────────┤»
«q_2: ──────────────────────────────■─┤ Rx(0.80166) ├┤ Ry(4.3504) ├»
«                                     └─────────────┘└────────────┘»
«q_3: ─────────────────────────────────────────────────────────────»
«                                                                  »
«q_4: ─────────────────────────────────────────────────────────────»
«                                                                  »
«q_5: ─────────────────────────────────────────────────────────────»
«                                                                  »
«q_6: ─────────────────────────────────────────────────────────────»
«                                                                  »
«q_7: ─────────────────────────────────────────────────────────────»
«                                                                  »
«q_8: ─────────────────────────────────────────────────────────────»
«                                                                  »
«                                                                   »
«q_0: ──────────────────────────────────────────────────────────────»
«     ┌────────────┐                                                »
«q_1: ┤ Rz(1.5058) ├────────────────────────────────────────────────»
«     ├────────────┤   ┌────────────┐┌────────────┐┌────────────┐   »
«q_2: ┤ Rz(1.5855) ├─■─┤ Rx(1.5105) ├┤ Ry(5.2522) ├┤ Rz(6.0014) ├─■─»
«     └────────────┘ │ └────────────┘└────────────┘└────────────┘ │ »
«q_3: ───────────────┼────────────────────────────────────────────■─»
«                    │ ┌────────────┐┌────────────┐┌────────────┐   »
«q_4: ───────────────■─┤ Rx(3.7558) ├┤ Ry(4.6354) ├┤ Rz(6.0704) ├───»
«                      └────────────┘└────────────┘└────────────┘   »
«q_5: ──────────────────────────────────────────────────────────────»
«                                                                   »
«q_6: ──────────────────────────────────────────────────────────────»
«                                                                   »
«q_7: ──────────────────────────────────────────────────────────────»
«                                                                   »
«q_8: ──────────────────────────────────────────────────────────────»
«                                                                   »
«                                                  ┌─────────────┐»
«q_0: ───────────────────────────────────────────■─┤ Rx(0.68622) ├»
«                                                │ └─────────────┘»
«q_1: ───────────────────────────────────────────┼────────────────»
«     ┌────────────┐┌────────────┐┌────────────┐ │                »
«q_2: ┤ Rx(1.2658) ├┤ Ry(2.1668) ├┤ Rz(6.2053) ├─┼────────────────»
«     ├────────────┤├────────────┤├───────────┬┘ │  ┌────────────┐»
«q_3: ┤ Rx(3.5829) ├┤ Ry(3.8845) ├┤ Rz(1.339) ├──■──┤ Rx(6.0581) ├»
«     └────────────┘└────────────┘└───────────┘     └────────────┘»
«q_4: ────────────────────────────────────────────────────────────»
«                                                                 »
«q_5: ────────────────────────────────────────────────────────────»
«                                                                 »
«q_6: ────────────────────────────────────────────────────────────»
«                                                                 »
«q_7: ────────────────────────────────────────────────────────────»
«                                                                 »
«q_8: ────────────────────────────────────────────────────────────»
«                                                                 »
«     ┌────────────┐┌────────────┐                                             »
«q_0: ┤ Ry(3.2742) ├┤ Rz(5.9151) ├─────────────────────────────────────────────»
«     └────────────┘└────────────┘                                             »
«q_1: ─────────────────────────────────────────────────────────────────────────»
«                                                                              »
«q_2: ─────────────────────────────────────────────────────────────────────────»
«     ┌────────────┐┌────────────┐                                             »
«q_3: ┤ Ry(4.8664) ├┤ Rz(1.3307) ├─■───────────────────────────────────────────»
«     └────────────┘└────────────┘ │ ┌────────────┐┌────────────┐┌────────────┐»
«q_4: ─────────────────────────────■─┤ Rx(1.5831) ├┤ Ry(1.8299) ├┤ Rz(1.8193) ├»
«                                    └────────────┘└────────────┘└────────────┘»
«q_5: ─────────────────────────────────────────────────────────────────────────»
«                                                                              »
«q_6: ─────────────────────────────────────────────────────────────────────────»
«                                                                              »
«q_7: ─────────────────────────────────────────────────────────────────────────»
«                                                                              »
«q_8: ─────────────────────────────────────────────────────────────────────────»
«                                                                              »
«                                                                   »
«q_0: ──────────────────────────────────────────────────────────────»
«                                                                   »
«q_1: ──────────────────────────────────────────────────────────────»
«                                                                   »
«q_2: ──────────────────────────────────────────────────────────────»
«                                                                   »
«q_3: ──────────────────────────────────────────────────────────────»
«        ┌────────────┐┌────────────┐┌────────────┐                 »
«q_4: ─■─┤ Rx(1.0255) ├┤ Ry(5.4695) ├┤ Rz(4.2935) ├─■───────────────»
«      │ └────────────┘└────────────┘└────────────┘ │ ┌────────────┐»
«q_5: ─┼────────────────────────────────────────────■─┤ Rx(3.4267) ├»
«      │ ┌────────────┐┌────────────┐┌────────────┐   └────────────┘»
«q_6: ─■─┤ Rx(5.0663) ├┤ Ry(1.1276) ├┤ Rz(1.3123) ├─────────────────»
«        └────────────┘└────────────┘└────────────┘                 »
«q_7: ──────────────────────────────────────────────────────────────»
«                                                                   »
«q_8: ──────────────────────────────────────────────────────────────»
«                                                                   »
«                                    ┌────────────┐┌────────────┐┌────────────┐»
«q_0: ─────────────────────────────■─┤ Rx(4.7436) ├┤ Ry(4.7657) ├┤ Rz(1.8423) ├»
«                                  │ └────────────┘└────────────┘└────────────┘»
«q_1: ─────────────────────────────┼───────────────────────────────────────────»
«                                  │                                           »
«q_2: ─────────────────────────────┼───────────────────────────────────────────»
«                                  │                                           »
«q_3: ─────────────────────────────┼───────────────────────────────────────────»
«                                  │                                           »
«q_4: ─────────────────────────────┼───────────────────────────────────────────»
«     ┌────────────┐┌────────────┐ │ ┌────────────┐┌────────────┐┌────────────┐»
«q_5: ┤ Ry(1.0488) ├┤ Rz(2.2569) ├─■─┤ Rx(6.2658) ├┤ Ry(4.9836) ├┤ Rz(1.2246) ├»
«     └────────────┘└────────────┘   └────────────┘└────────────┘└────────────┘»
«q_6: ─────────────────────────────────────────────────────────────────────────»
«                                                                              »
«q_7: ─────────────────────────────────────────────────────────────────────────»
«                                                                              »
«q_8: ─────────────────────────────────────────────────────────────────────────»
«                                                                              »
«                                                                    »
«q_0: ───────────────────────────────────────────────────────────────»
«                                                                    »
«q_1: ───────────────────────────────────────────────────────────────»
«                                                                    »
«q_2: ───────────────────────────────────────────────────────────────»
«                                                                    »
«q_3: ───────────────────────────────────────────────────────────────»
«                                                                    »
«q_4: ───────────────────────────────────────────────────────────────»
«                                                                    »
«q_5: ─■─────────────────────────────────────────────────────────────»
«      │ ┌────────────┐┌────────────┐┌────────────┐    ┌────────────┐»
«q_6: ─■─┤ Rx(3.7693) ├┤ Ry(2.2428) ├┤ Rz(6.0679) ├─■──┤ Rx(6.2745) ├»
«        └────────────┘└────────────┘└────────────┘ │  └────────────┘»
«q_7: ──────────────────────────────────────────────┼────────────────»
«                                                   │ ┌─────────────┐»
«q_8: ──────────────────────────────────────────────■─┤ Rx(0.75298) ├»
«                                                     └─────────────┘»
«                                                                             »
«q_0: ────────────────────────────────────────────────────────────────────────»
«                                                                             »
«q_1: ────────────────────────────────────────────────────────────────────────»
«                                                                             »
«q_2: ────────────────────────────────────────────────────────────────────────»
«                                                                             »
«q_3: ────────────────────────────────────────────────────────────────────────»
«                                                                             »
«q_4: ────────────────────────────────────────────────────────────────────────»
«                                                                             »
«q_5: ────────────────────────────────────────────────────────────────────────»
«     ┌────────────┐┌────────────┐                                            »
«q_6: ┤ Ry(5.5141) ├┤ Rz(3.5809) ├─■──────────────────────────────────────────»
«     └────────────┘└────────────┘ │ ┌───────────┐┌────────────┐┌────────────┐»
«q_7: ─────────────────────────────■─┤ Rx(3.601) ├┤ Ry(2.8377) ├┤ Rz(4.6097) ├»
«     ┌────────────┐┌────────────┐   └───────────┘└────────────┘└────────────┘»
«q_8: ┤ Ry(3.1553) ├┤ Rz(4.1859) ├────────────────────────────────────────────»
«     └────────────┘└────────────┘                                            »
«                                                                    »
«q_0: ─■─────────────────────────────────────────────────────────────»
«      │                                                             »
«q_1: ─┼─────────────────────────────────────────────────────────────»
«      │                                                             »
«q_2: ─┼─────────────────────────────────────────────────────────────»
«      │                                                             »
«q_3: ─┼─────────────────────────────────────────────────────────────»
«      │                                                             »
«q_4: ─┼─────────────────────────────────────────────────────────────»
«      │                                                             »
«q_5: ─┼─────────────────────────────────────────────────────────────»
«      │                                                             »
«q_6: ─┼─────────────────────────────────────────────────────────────»
«      │ ┌─────────────┐┌────────────┐┌────────────┐                 »
«q_7: ─■─┤ Rx(0.84744) ├┤ Ry(4.8105) ├┤ Rz(1.4224) ├─■───────────────»
«        └─────────────┘└────────────┘└────────────┘ │ ┌────────────┐»
«q_8: ───────────────────────────────────────────────■─┤ Rx(3.7829) ├»
«                                                      └────────────┘»
«                                                                              »
«q_0: ─────────────────────────────────────────────────────────────────────────»
«                                                                              »
«q_1: ─────────────────────────────────────────────────────────────────────────»
«                                                                              »
«q_2: ─────────────────────────────■───────────────────────────────────────────»
«                                  │                                           »
«q_3: ─────────────────────────────┼───────────────────────────────────────────»
«                                  │                                           »
«q_4: ─────────────────────────────┼───────────────────────────────────────────»
«                                  │                                           »
«q_5: ─────────────────────────────┼───────────────────────────────────────────»
«                                  │                                           »
«q_6: ─────────────────────────────┼───────────────────────────────────────────»
«                                  │                                           »
«q_7: ─────────────────────────────┼───────────────────────────────────────────»
«     ┌────────────┐┌────────────┐ │ ┌────────────┐┌────────────┐┌────────────┐»
«q_8: ┤ Ry(3.7639) ├┤ Rz(1.3225) ├─■─┤ Rx(5.6413) ├┤ Ry(0.2053) ├┤ Rz(1.4608) ├»
«     └────────────┘└────────────┘   └────────────┘└────────────┘└────────────┘»
«         ░ ┌────────────┐
«q_0: ────░─┤ sensing_dm ├
«         ░ ├────────────┤
«q_1: ─■──░─┤ sensing_dm ├
«      │  ░ ├────────────┤
«q_2: ─┼──░─┤ sensing_dm ├
«      │  ░ ├────────────┤
«q_3: ─┼──░─┤ sensing_dm ├
«      │  ░ ├────────────┤
«q_4: ─┼──░─┤ sensing_dm ├
«      │  ░ ├────────────┤
«q_5: ─┼──░─┤ sensing_dm ├
«      │  ░ ├────────────┤
«q_6: ─┼──░─┤ sensing_dm ├
«      │  ░ ├────────────┤
«q_7: ─┼──░─┤ sensing_dm ├
«      │  ░ ├────────────┤
«q_8: ─■──░─┤ sensing_dm ├
«         ░ └────────────┘
0 0.02630677157110928
5 0.02313784479518424
10 0.021107620825068903
15 0.019468716421688407
20 0.017993977566752924
25 0.016750719675819585
30 0.015708634003193014
35 0.014773400910119725
40 0.013911078501338346
45 0.0131148112998291
50 0.012390246450708915
55 0.011747680637176678
60 0.01117847765763774
65 0.010670919768064181
70 0.010196443117133906
75 0.00972670461917266
80 0.009308411750707263
85 0.008897720154005773
90 0.008478772837038656
95 0.008127172624094266
100 0.007817768306787754
105 0.007499498600862767
110 0.007160739192583193
115 0.006823187959058369
120 0.006500605358149215
125 0.006194908334416019
130 0.005916578843613685
135 0.00567190860082699
140 0.005465487003657556
145 0.005292100390739222
150 0.005155636177166146
155 0.005044537354244555
160 0.004974548284845873
165 0.004932451267764164
170 0.004917191184743214
175 0.004908974417634942
180 0.00491068969562571
185 0.004909255539480703
190 0.0049116226981420355
195 0.0049104586747739905
0.004910686283855245
