      ┌────────────┐ ┌────────────┐┌────────────┐   ┌─────────────┐»
q_0: ─┤ Rx(1.9548) ├─┤ Ry(1.5689) ├┤ Rz(4.5104) ├─■─┤ Rx(0.84252) ├»
      ├────────────┤ ├────────────┤├────────────┤ │ └┬────────────┤»
q_1: ─┤ Rx(1.4426) ├─┤ Ry(4.7199) ├┤ Rz(5.9795) ├─■──┤ Rx(5.4033) ├»
     ┌┴────────────┴┐├────────────┤├────────────┤    └────────────┘»
q_2: ┤ Rx(0.015993) ├┤ Ry(3.1594) ├┤ Rz(5.0082) ├──────────────────»
     └┬────────────┬┘├────────────┤├────────────┤                  »
q_3: ─┤ Rx(2.2128) ├─┤ Ry(4.7236) ├┤ Rz(2.8318) ├──────────────────»
      └────────────┘ └────────────┘└────────────┘                  »
«     ┌────────────┐┌───────────┐    ┌─────────────┐┌────────────┐»
«q_0: ┤ Ry(3.0023) ├┤ Rz(2.683) ├──■─┤ Rx(0.27067) ├┤ Ry(5.1453) ├»
«     └┬──────────┬┘├───────────┴┐ │ └─────────────┘└────────────┘»
«q_1: ─┤ Ry(3.47) ├─┤ Rz(4.0838) ├─┼──────────────────────────────»
«      └──────────┘ └────────────┘ │  ┌────────────┐┌────────────┐»
«q_2: ─────────────────────────────■──┤ Rx(1.2588) ├┤ Ry(4.7003) ├»
«                                     └────────────┘└────────────┘»
«q_3: ────────────────────────────────────────────────────────────»
«                                                                 »
«     ┌────────────┐                                                           »
«q_0: ┤ Rz(2.6484) ├─■─────────────────────────────────────────────────────────»
«     └────────────┘ │               ┌────────────┐┌────────────┐┌────────────┐»
«q_1: ───────────────┼───────■───────┤ Rx(6.7465) ├┤ Ry(4.6741) ├┤ Rz(5.7966) ├»
«     ┌────────────┐ │       │       ├────────────┤├───────────┬┘├────────────┤»
«q_2: ┤ Rz(4.1392) ├─┼───────■───────┤ Rx(4.8632) ├┤ Ry(4.674) ├─┤ Rz(2.9884) ├»
«     └────────────┘ │ ┌────────────┐└┬──────────┬┘├───────────┴┐└────────────┘»
«q_3: ───────────────■─┤ Rx(5.8661) ├─┤ Ry(4.05) ├─┤ Rz(2.6626) ├──────────────»
«                      └────────────┘ └──────────┘ └────────────┘              »
«                                                       ░ ┌────────────┐ ░    »
«q_0: ──────────────────────────────────────────────────░─┤ sensing_dm ├─░────»
«                                                       ░ ├────────────┤ ░    »
«q_1: ─■────────────────────────────────────────────────░─┤ sensing_dm ├─░────»
«      │                                                ░ ├────────────┤ ░    »
«q_2: ─┼─────────────────────────────────────────────■──░─┤ sensing_dm ├─░──■─»
«      │ ┌─────────────┐┌────────────┐┌────────────┐ │  ░ ├────────────┤ ░  │ »
«q_3: ─■─┤ Rx(0.59255) ├┤ Ry(3.4982) ├┤ Rz(5.2085) ├─■──░─┤ sensing_dm ├─░──■─»
«        └─────────────┘└────────────┘└────────────┘    ░ └────────────┘ ░    »
«                                                                     »
«q_0: ────────────────────────────────────────────────────────────────»
«                                                      ┌─────────────┐»
«q_1: ───────────────────────────────────────────────■─┤ Rz(-1.5904) ├»
«     ┌─────────────┐ ┌─────────────┐┌─────────────┐ │ └─────────────┘»
«q_2: ┤ Rz(-1.0134) ├─┤ Ry(-3.3694) ├┤ Rx(-6.2746) ├─┼────────────────»
«     ├─────────────┴┐├─────────────┤├─────────────┤ │ ┌─────────────┐»
«q_3: ┤ Rz(-0.61834) ├┤ Ry(-5.4403) ├┤ Rx(-1.3901) ├─■─┤ Rz(-4.9009) ├»
«     └──────────────┘└─────────────┘└─────────────┘   └─────────────┘»
«                                          ┌─────────────┐ ┌─────────────┐ »
«q_0: ───────────────────────────────────■─┤ Rz(-0.1739) ├─┤ Ry(-1.9878) ├─»
«     ┌─────────────┐ ┌─────────────┐    │ ├─────────────┤ ├─────────────┤ »
«q_1: ┤ Ry(-5.4963) ├─┤ Rx(-1.6619) ├─■──┼─┤ Rz(-4.2503) ├─┤ Ry(-3.2286) ├─»
«     └─────────────┘ └─────────────┘ │  │ └┬────────────┤ ├─────────────┴┐»
«q_2: ────────────────────────────────■──┼──┤ Rz(-5.396) ├─┤ Ry(-0.58626) ├»
«     ┌──────────────┐┌─────────────┐    │ ┌┴────────────┤┌┴──────────────┤»
«q_3: ┤ Ry(-0.67377) ├┤ Rx(-4.8093) ├────■─┤ Rz(-2.8555) ├┤ Ry(-0.030456) ├»
«     └──────────────┘└─────────────┘      └─────────────┘└───────────────┘»
«     ┌─────────────┐   ┌──────────────┐┌─────────────┐┌─────────────┐    »
«q_0: ┤ Rx(-2.7039) ├─■─┤ Rz(-0.91761) ├┤ Ry(-1.3101) ├┤ Rx(-5.4567) ├──■─»
«     ├─────────────┤ │ └──────────────┘└─────────────┘└─────────────┘  │ »
«q_1: ┤ Rx(-3.8505) ├─┼─────────────────────────────────────────────────■─»
«     ├─────────────┤ │ ┌─────────────┐ ┌─────────────┐┌──────────────┐   »
«q_2: ┤ Rx(-4.1586) ├─■─┤ Rz(-1.5145) ├─┤ Ry(-5.5975) ├┤ Rx(-0.31956) ├───»
«     ├─────────────┤   └─────────────┘ └─────────────┘└──────────────┘   »
«q_3: ┤ Rx(-2.4885) ├─────────────────────────────────────────────────────»
«     └─────────────┘                                                     »
«      ┌────────────┐┌─────────────┐┌─────────────┐ ░                   »
«q_0: ─┤ Rz(-1.867) ├┤ Ry(-5.9316) ├┤ Rx(-3.2524) ├─░───────────────────»
«     ┌┴────────────┤├─────────────┤├─────────────┤ ░                   »
«q_1: ┤ Rz(-3.0834) ├┤ Ry(-1.4392) ├┤ Rx(-1.3097) ├─░───────────────────»
«     └─────────────┘└─────────────┘└─────────────┘ ░    ┌─────────────┐»
«q_2: ──────────────────────────────────────────────░──■─┤ Rz(-1.5187) ├»
«                                                   ░  │ ├─────────────┤»
«q_3: ──────────────────────────────────────────────░──■─┤ Rz(-2.5549) ├»
«                                                   ░    └─────────────┘»
«                                                                       »
«q_0: ──────────────────────────────────────────────────────────────────»
«                                       ┌───────────────┐┌─────────────┐»
«q_1: ────────────────────────────────■─┤ Rz(-0.018654) ├┤ Ry(-5.9117) ├»
«     ┌─────────────┐┌──────────────┐ │ └───────────────┘└─────────────┘»
«q_2: ┤ Ry(-3.2063) ├┤ Rx(-0.88526) ├─┼─────────────────────────────────»
«     └┬────────────┤├─────────────┬┘ │  ┌─────────────┐ ┌─────────────┐»
«q_3: ─┤ Ry(-4.296) ├┤ Rx(-1.9625) ├──■──┤ Rz(-1.4121) ├─┤ Ry(-3.9113) ├»
«      └────────────┘└─────────────┘     └─────────────┘ └─────────────┘»
«                          ┌──────────────┐┌─────────────┐ ┌─────────────┐   »
«q_0: ───────────────────■─┤ Rz(-0.97204) ├┤ Ry(-2.7874) ├─┤ Rx(-5.2727) ├─■─»
«     ┌─────────────┐    │ ├─────────────┬┘├─────────────┴┐├─────────────┤ │ »
«q_1: ┤ Rx(-6.2384) ├─■──┼─┤ Rz(-1.7412) ├─┤ Ry(-0.30319) ├┤ Rx(-3.1853) ├─┼─»
«     └─────────────┘ │  │ ├─────────────┤ ├─────────────┬┘├─────────────┤ │ »
«q_2: ────────────────■──┼─┤ Rz(-3.0839) ├─┤ Ry(-1.1946) ├─┤ Rx(-4.0041) ├─■─»
«     ┌─────────────┐    │ ├─────────────┤ ├─────────────┤ ├─────────────┤   »
«q_3: ┤ Rx(-1.1584) ├────■─┤ Rz(-3.2208) ├─┤ Ry(-2.7857) ├─┤ Rx(-2.7416) ├───»
«     └─────────────┘      └─────────────┘ └─────────────┘ └─────────────┘   »
«     ┌─────────────┐ ┌─────────────┐┌─────────────┐    ┌──────────────┐»
«q_0: ┤ Rz(-1.7626) ├─┤ Ry(-6.0127) ├┤ Rx(-3.3704) ├──■─┤ Rz(-0.45271) ├»
«     └─────────────┘ └─────────────┘└─────────────┘  │ ├─────────────┬┘»
«q_1: ────────────────────────────────────────────────■─┤ Rz(-1.6027) ├─»
«     ┌──────────────┐┌─────────────┐┌──────────────┐   └─────────────┘ »
«q_2: ┤ Rz(-0.27175) ├┤ Ry(-5.1195) ├┤ Rx(-0.30098) ├───────────────────»
«     └──────────────┘└─────────────┘└──────────────┘                   »
«q_3: ──────────────────────────────────────────────────────────────────»
«                                                                       »
«     ┌──────────────┐┌─────────────┐ ░                                  »
«q_0: ┤ Ry(-0.68718) ├┤ Rx(-5.2121) ├─░──────────────────────────────────»
«     ├─────────────┬┘├─────────────┤ ░                                  »
«q_1: ┤ Ry(-4.9371) ├─┤ Rx(-1.9741) ├─░──────────────────────────────────»
«     └─────────────┘ └─────────────┘ ░    ┌─────────────┐┌─────────────┐»
«q_2: ────────────────────────────────░──■─┤ Rz(-4.3883) ├┤ Ry(-1.9993) ├»
«                                     ░  │ ├─────────────┤├─────────────┤»
«q_3: ────────────────────────────────░──■─┤ Rz(-5.4233) ├┤ Ry(-2.4428) ├»
«                                     ░    └─────────────┘└─────────────┘»
«                                                                           »
«q_0: ────────────────────────────────────────────────────────────────────■─»
«                       ┌─────────────┐  ┌────────────┐ ┌────────────┐    │ »
«q_1: ────────────────■─┤ Rz(-5.8308) ├──┤ Ry(-5.609) ├─┤ Rx(-1.575) ├─■──┼─»
«      ┌────────────┐ │ └─────────────┘  └────────────┘ └────────────┘ │  │ »
«q_2: ─┤ Rx(-1.525) ├─┼────────────────────────────────────────────────■──┼─»
«     ┌┴────────────┤ │ ┌──────────────┐┌─────────────┐┌─────────────┐    │ »
«q_3: ┤ Rx(-3.7385) ├─■─┤ Rz(-0.98765) ├┤ Ry(-1.7421) ├┤ Rx(-5.5261) ├────■─»
«     └─────────────┘   └──────────────┘└─────────────┘└─────────────┘      »
«     ┌─────────────┐┌─────────────┐┌─────────────┐    ┌─────────────┐»
«q_0: ┤ Rz(-5.5984) ├┤ Ry(-4.8554) ├┤ Rx(-5.8949) ├──■─┤ Rz(-1.9308) ├»
«     ├─────────────┤├─────────────┤├─────────────┤  │ └─────────────┘»
«q_1: ┤ Rz(-2.9415) ├┤ Ry(-3.3165) ├┤ Rx(-5.0495) ├──┼────────────────»
«     ├─────────────┤├─────────────┤├─────────────┴┐ │ ┌─────────────┐»
«q_2: ┤ Rz(-5.1874) ├┤ Ry(-4.5402) ├┤ Rx(-0.50023) ├─■─┤ Rz(-1.2631) ├»
«     ├─────────────┤├─────────────┤├─────────────┬┘   └─────────────┘»
«q_3: ┤ Rz(-2.9517) ├┤ Ry(-1.2427) ├┤ Rx(-4.0527) ├───────────────────»
«     └─────────────┘└─────────────┘└─────────────┘                   »
«     ┌─────────────┐┌─────────────┐   ┌─────────────┐┌─────────────┐»
«q_0: ┤ Ry(-5.7129) ├┤ Rx(-4.9492) ├─■─┤ Rz(-1.8076) ├┤ Ry(-1.9422) ├»
«     └─────────────┘└─────────────┘ │ ├─────────────┤├─────────────┤»
«q_1: ───────────────────────────────■─┤ Rz(-4.5434) ├┤ Ry(-4.7573) ├»
«     ┌─────────────┐┌─────────────┐   └─────────────┘└─────────────┘»
«q_2: ┤ Ry(-2.1808) ├┤ Rx(-3.0177) ├─────────────────────────────────»
«     └─────────────┘└─────────────┘                                 »
«q_3: ───────────────────────────────────────────────────────────────»
«                                                                    »
«     ┌─────────────┐ ░                                                      »
«q_0: ┤ Rx(-3.4968) ├─░──────────────────────────────────────────────────────»
«     ├─────────────┤ ░                                                      »
«q_1: ┤ Rx(-6.1212) ├─░────────────────────────────────────────────────────■─»
«     └─────────────┘ ░    ┌─────────────┐ ┌─────────────┐┌──────────────┐ │ »
«q_2: ────────────────░──■─┤ Rz(-5.9439) ├─┤ Ry(-6.2153) ├┤ Rx(-0.62497) ├─┼─»
«                     ░  │ ├─────────────┴┐├─────────────┤├─────────────┬┘ │ »
«q_3: ────────────────░──■─┤ Rz(-0.34277) ├┤ Ry(-2.0686) ├┤ Rx(-4.7669) ├──■─»
«                     ░    └──────────────┘└─────────────┘└─────────────┘    »
«                                                          ┌─────────────┐»
«q_0: ───────────────────────────────────────────────────■─┤ Rz(-2.1141) ├»
«     ┌─────────────┐┌──────────────┐ ┌────────────┐     │ ├─────────────┤»
«q_1: ┤ Rz(-3.5322) ├┤ Ry(-0.97894) ├─┤ Rx(-3.833) ├──■──┼─┤ Rz(-3.8623) ├»
«     └─────────────┘└──────────────┘ └────────────┘  │  │ ├─────────────┤»
«q_2: ────────────────────────────────────────────────■──┼─┤ Rz(-1.8131) ├»
«     ┌─────────────┐┌─────────────┐ ┌──────────────┐    │ ├─────────────┤»
«q_3: ┤ Rz(-5.5759) ├┤ Ry(-3.2882) ├─┤ Rx(-0.93214) ├────■─┤ Rz(-3.7573) ├»
«     └─────────────┘└─────────────┘ └──────────────┘      └─────────────┘»
«     ┌──────────────┐┌─────────────┐    ┌─────────────┐┌─────────────┐»
«q_0: ┤ Ry(-0.24994) ├┤ Rx(-3.0532) ├──■─┤ Rz(-5.9364) ├┤ Ry(-5.9206) ├»
«     └┬───────────┬─┘├─────────────┤  │ └─────────────┘└─────────────┘»
«q_1: ─┤ Ry(-5.22) ├──┤ Rx(-5.8556) ├──┼───────────────────────────────»
«     ┌┴───────────┴┐ ├─────────────┤  │ ┌─────────────┐┌─────────────┐»
«q_2: ┤ Ry(-5.2479) ├─┤ Rx(-1.0461) ├──■─┤ Rz(-2.6203) ├┤ Ry(-3.9936) ├»
«     ├─────────────┤ ├─────────────┴┐   └─────────────┘└─────────────┘»
«q_3: ┤ Ry(-1.7945) ├─┤ Rx(-0.75456) ├─────────────────────────────────»
«     └─────────────┘ └──────────────┘                                 »
«     ┌─────────────┐   ┌─────────────┐┌──────────────┐┌─────────────┐ ░    »
«q_0: ┤ Rx(-2.7825) ├─■─┤ Rz(-5.7985) ├┤ Ry(-0.12779) ├┤ Rx(-5.1084) ├─░────»
«     └─────────────┘ │ ├─────────────┤├─────────────┬┘├─────────────┤ ░    »
«q_1: ────────────────■─┤ Rz(-1.6292) ├┤ Ry(-4.2267) ├─┤ Rx(-5.1755) ├─░────»
«     ┌─────────────┐   └─────────────┘└─────────────┘ └─────────────┘ ░    »
«q_2: ┤ Rx(-1.2769) ├──────────────────────────────────────────────────░──■─»
«     └─────────────┘                                                  ░  │ »
«q_3: ─────────────────────────────────────────────────────────────────░──■─»
«                                                                      ░    »
«                                                                      »
«q_0: ─────────────────────────────────────────────────────────────────»
«                                                       ┌─────────────┐»
«q_1: ────────────────────────────────────────────────■─┤ Rz(-4.3377) ├»
«     ┌──────────────┐┌─────────────┐ ┌─────────────┐ │ └─────────────┘»
«q_2: ┤ Rz(-0.20855) ├┤ Ry(-4.3852) ├─┤ Rx(-5.9881) ├─┼────────────────»
«     ├─────────────┬┘├─────────────┴┐├─────────────┤ │ ┌─────────────┐»
«q_3: ┤ Rz(-1.7836) ├─┤ Ry(-0.84346) ├┤ Rx(-2.7824) ├─■─┤ Rz(-4.9717) ├»
«     └─────────────┘ └──────────────┘└─────────────┘   └─────────────┘»
«                                         ┌─────────────┐┌─────────────┐»
«q_0: ──────────────────────────────────■─┤ Rz(-1.8437) ├┤ Ry(-1.6981) ├»
«     ┌─────────────┐┌─────────────┐    │ ├─────────────┤├─────────────┤»
«q_1: ┤ Ry(-3.3699) ├┤ Rx(-1.5559) ├─■──┼─┤ Rz(-4.1069) ├┤ Ry(-3.3102) ├»
«     └─────────────┘└─────────────┘ │  │ ├─────────────┤├─────────────┤»
«q_2: ───────────────────────────────■──┼─┤ Rz(-1.4824) ├┤ Ry(-1.6707) ├»
«     ┌─────────────┐┌─────────────┐    │ └┬────────────┤├─────────────┤»
«q_3: ┤ Ry(-1.5664) ├┤ Rx(-5.4112) ├────■──┤ Rz(-5.007) ├┤ Ry(-2.2719) ├»
«     └─────────────┘└─────────────┘       └────────────┘└─────────────┘»
«     ┌─────────────┐   ┌─────────────┐┌──────────────┐┌─────────────┐   »
«q_0: ┤ Rx(-3.0887) ├─■─┤ Rz(-2.6014) ├┤ Ry(-0.57581) ├┤ Rx(-1.2381) ├─■─»
«     ├─────────────┤ │ └─────────────┘└──────────────┘└─────────────┘ │ »
«q_1: ┤ Rx(-2.9513) ├─┼────────────────────────────────────────────────■─»
«     ├─────────────┤ │ ┌─────────────┐┌──────────────┐┌─────────────┐   »
«q_2: ┤ Rx(-4.6338) ├─■─┤ Rz(-1.3775) ├┤ Ry(-0.74141) ├┤ Rx(-2.9228) ├───»
«     └┬────────────┤   └─────────────┘└──────────────┘└─────────────┘   »
«q_3: ─┤ Rx(-1.521) ├────────────────────────────────────────────────────»
«      └────────────┘                                                    »
«     ┌─────────────┐ ┌─────────────┐┌─────────────┐ ░                    »
«q_0: ┤ Rz(-2.7187) ├─┤ Ry(-1.6108) ├┤ Rx(-4.0214) ├─░────────────────────»
«     ├─────────────┴┐├─────────────┤├─────────────┤ ░                    »
«q_1: ┤ Rz(-0.40001) ├┤ Ry(-3.7205) ├┤ Rx(-4.4043) ├─░────────────────────»
«     └──────────────┘└─────────────┘└─────────────┘ ░    ┌──────────────┐»
«q_2: ───────────────────────────────────────────────░──■─┤ Rz(-0.80314) ├»
«                                                    ░  │ └┬────────────┬┘»
«q_3: ───────────────────────────────────────────────░──■──┤ Rz(-2.247) ├─»
«                                                    ░     └────────────┘ »
«                                                                     »
«q_0: ────────────────────────────────────────────────────────────────»
«                                      ┌─────────────┐ ┌─────────────┐»
«q_1: ───────────────────────────────■─┤ Rz(-3.0911) ├─┤ Ry(-2.9557) ├»
«     ┌─────────────┐ ┌────────────┐ │ └─────────────┘ └─────────────┘»
«q_2: ┤ Ry(-2.6465) ├─┤ Rx(-1.151) ├─┼────────────────────────────────»
«     ├─────────────┤┌┴────────────┤ │ ┌──────────────┐┌─────────────┐»
«q_3: ┤ Ry(-1.6259) ├┤ Rx(-1.3769) ├─■─┤ Rz(-0.92363) ├┤ Ry(-3.4095) ├»
«     └─────────────┘└─────────────┘   └──────────────┘└─────────────┘»
«                           ┌────────────┐┌─────────────┐┌─────────────┐   »
«q_0: ───────────────────■──┤ Rz(-5.965) ├┤ Ry(-1.6156) ├┤ Rx(-1.4926) ├─■─»
«     ┌─────────────┐    │ ┌┴────────────┤├─────────────┤├─────────────┤ │ »
«q_1: ┤ Rx(-3.7268) ├─■──┼─┤ Rz(-3.9706) ├┤ Ry(-5.7224) ├┤ Rx(-6.2533) ├─┼─»
«     └─────────────┘ │  │ ├─────────────┤├─────────────┤└┬────────────┤ │ »
«q_2: ────────────────■──┼─┤ Rz(-2.9273) ├┤ Ry(-1.3151) ├─┤ Rx(-2.921) ├─■─»
«     ┌─────────────┐    │ └┬────────────┤└┬────────────┤ ├────────────┤   »
«q_3: ┤ Rx(-4.7495) ├────■──┤ Rz(-1.139) ├─┤ Ry(-4.541) ├─┤ Rx(-6.002) ├───»
«     └─────────────┘       └────────────┘ └────────────┘ └────────────┘   »
«     ┌─────────────┐┌─────────────┐┌─────────────┐   ┌──────────────┐»
«q_0: ┤ Rz(-5.4743) ├┤ Ry(-4.9468) ├┤ Rx(-3.1358) ├─■─┤ Rz(-0.71492) ├»
«     └─────────────┘└─────────────┘└─────────────┘ │ ├─────────────┬┘»
«q_1: ──────────────────────────────────────────────■─┤ Rz(-3.2044) ├─»
«     ┌─────────────┐┌─────────────┐┌─────────────┐   └─────────────┘ »
«q_2: ┤ Rz(-3.8926) ├┤ Ry(-6.2673) ├┤ Rx(-5.7177) ├───────────────────»
«     └─────────────┘└─────────────┘└─────────────┘                   »
«q_3: ────────────────────────────────────────────────────────────────»
«                                                                     »
«     ┌──────────────┐┌─────────────┐
«q_0: ┤ Ry(-0.85337) ├┤ Rx(-3.4059) ├
«     ├─────────────┬┘├─────────────┤
«q_1: ┤ Ry(-2.0438) ├─┤ Rx(-1.0695) ├
«     └─────────────┘ └─────────────┘
«q_2: ───────────────────────────────
«                                    
«q_3: ───────────────────────────────
«                                    
0 0.022218613569761365
5 0.01687840981413694
10 0.01728626250784687
15 0.01674045311608665
20 0.016558262355715
25 0.01646174808067066
30 0.016279402239793062
35 0.016188554747642553
40 0.016104942238918316
45 0.016329543651073225
50 0.016125471245427854
55 0.016488461870392355
60 0.016717419323999
65 0.016876107206824777
70 0.01670282578437413
75 0.01667598135791367
80 0.016470535250983395
85 0.01650197230241762
90 0.016435453393845303
95 0.016399570900205333
100 0.016463634707173925
105 0.016039481471415266
110 0.016743732451448088
115 0.016436617883104226
120 0.01666590293948935
125 0.01679914214371478
130 0.0161142101614732
135 0.016753012987941837
140 0.01616713990156718
145 0.016098977053713985
150 0.016388183295038578
155 0.01614540485410071
160 0.016062296269332615
165 0.016834495383350277
170 0.016810108071269262
175 0.016744359521565104
180 0.016094119521372324
185 0.016694162427243222
190 0.016689344200982996
195 0.016660702388932795
0.01659289721144753
