      ┌────────────┐ ┌────────────┐┌────────────┐   ┌─────────────┐»
q_0: ─┤ Rx(1.9548) ├─┤ Ry(1.5689) ├┤ Rz(4.5104) ├─■─┤ Rx(0.84252) ├»
      ├────────────┤ ├────────────┤├────────────┤ │ └┬────────────┤»
q_1: ─┤ Rx(1.4426) ├─┤ Ry(4.7199) ├┤ Rz(5.9795) ├─■──┤ Rx(5.4033) ├»
     ┌┴────────────┴┐├────────────┤├────────────┤    └────────────┘»
q_2: ┤ Rx(0.015993) ├┤ Ry(3.1594) ├┤ Rz(5.0082) ├──────────────────»
     └┬────────────┬┘├────────────┤├────────────┤                  »
q_3: ─┤ Rx(2.2128) ├─┤ Ry(4.7236) ├┤ Rz(2.8318) ├──────────────────»
      └────────────┘ └────────────┘└────────────┘                  »
«     ┌────────────┐┌───────────┐    ┌─────────────┐┌────────────┐»
«q_0: ┤ Ry(3.0023) ├┤ Rz(2.683) ├──■─┤ Rx(0.27067) ├┤ Ry(5.1453) ├»
«     └┬──────────┬┘├───────────┴┐ │ └─────────────┘└────────────┘»
«q_1: ─┤ Ry(3.47) ├─┤ Rz(4.0838) ├─┼──────────────────────────────»
«      └──────────┘ └────────────┘ │  ┌────────────┐┌────────────┐»
«q_2: ─────────────────────────────■──┤ Rx(1.2588) ├┤ Ry(4.7003) ├»
«                                     └────────────┘└────────────┘»
«q_3: ────────────────────────────────────────────────────────────»
«                                                                 »
«     ┌────────────┐                                                           »
«q_0: ┤ Rz(2.6484) ├─■─────────────────────────────────────────────────────────»
«     └────────────┘ │               ┌────────────┐┌────────────┐┌────────────┐»
«q_1: ───────────────┼───────■───────┤ Rx(6.7465) ├┤ Ry(4.6741) ├┤ Rz(5.7966) ├»
«     ┌────────────┐ │       │       ├────────────┤├───────────┬┘├────────────┤»
«q_2: ┤ Rz(4.1392) ├─┼───────■───────┤ Rx(4.8632) ├┤ Ry(4.674) ├─┤ Rz(2.9884) ├»
«     └────────────┘ │ ┌────────────┐└┬──────────┬┘├───────────┴┐└────────────┘»
«q_3: ───────────────■─┤ Rx(5.8661) ├─┤ Ry(4.05) ├─┤ Rz(2.6626) ├──────────────»
«                      └────────────┘ └──────────┘ └────────────┘              »
«                                                       ░ ┌────────────┐ ░    »
«q_0: ──────────────────────────────────────────────────░─┤ sensing_dm ├─░────»
«                                                       ░ ├────────────┤ ░    »
«q_1: ─■────────────────────────────────────────────────░─┤ sensing_dm ├─░────»
«      │                                                ░ ├────────────┤ ░    »
«q_2: ─┼─────────────────────────────────────────────■──░─┤ sensing_dm ├─░──■─»
«      │ ┌─────────────┐┌────────────┐┌────────────┐ │  ░ ├────────────┤ ░  │ »
«q_3: ─■─┤ Rx(0.59255) ├┤ Ry(3.4982) ├┤ Rz(5.2085) ├─■──░─┤ sensing_dm ├─░──■─»
«        └─────────────┘└────────────┘└────────────┘    ░ └────────────┘ ░    »
«                                                                      »
«q_0: ─────────────────────────────────────────────────────────────────»
«                                                      ┌─────────────┐ »
«q_1: ───────────────────────────────────────────────■─┤ Rz(-1.9088) ├─»
«     ┌─────────────┐┌─────────────┐┌──────────────┐ │ └─────────────┘ »
«q_2: ┤ Rz(-0.4697) ├┤ Ry(-4.5075) ├┤ Rx(-0.95384) ├─┼─────────────────»
«     ├─────────────┤├─────────────┤├─────────────┬┘ │ ┌──────────────┐»
«q_3: ┤ Rz(-1.4415) ├┤ Ry(-5.2567) ├┤ Rx(-1.0493) ├──■─┤ Rz(-0.62943) ├»
«     └─────────────┘└─────────────┘└─────────────┘    └──────────────┘»
«                                          ┌─────────────┐ ┌─────────────┐ »
«q_0: ───────────────────────────────────■─┤ Rz(-3.6814) ├─┤ Ry(-2.4639) ├─»
«     ┌─────────────┐┌─────────────┐     │ ├─────────────┤ ├─────────────┴┐»
«q_1: ┤ Ry(-3.9267) ├┤ Rx(-4.7167) ├──■──┼─┤ Rz(-2.0727) ├─┤ Ry(-0.27615) ├»
«     └─────────────┘└─────────────┘  │  │ ├─────────────┴┐├─────────────┬┘»
«q_2: ────────────────────────────────■──┼─┤ Rz(-0.22474) ├┤ Ry(-6.0881) ├─»
«      ┌────────────┐┌──────────────┐    │ ├─────────────┬┘├─────────────┤ »
«q_3: ─┤ Ry(-4.904) ├┤ Rx(-0.46902) ├────■─┤ Rz(-5.3936) ├─┤ Ry(-3.7795) ├─»
«      └────────────┘└──────────────┘      └─────────────┘ └─────────────┘ »
«     ┌─────────────┐   ┌─────────────┐┌─────────────┐┌─────────────┐   »
«q_0: ┤ Rx(-2.1135) ├─■─┤ Rz(-5.5307) ├┤ Ry(-3.1151) ├┤ Rx(-2.7073) ├─■─»
«     ├─────────────┤ │ └─────────────┘└─────────────┘└─────────────┘ │ »
«q_1: ┤ Rx(-3.9893) ├─┼───────────────────────────────────────────────■─»
«     ├─────────────┤ │ ┌─────────────┐┌─────────────┐┌─────────────┐   »
«q_2: ┤ Rx(-1.6879) ├─■─┤ Rz(-1.7234) ├┤ Ry(-4.9722) ├┤ Rx(-3.8587) ├───»
«     ├─────────────┤   └─────────────┘└─────────────┘└─────────────┘   »
«q_3: ┤ Rx(-4.5031) ├───────────────────────────────────────────────────»
«     └─────────────┘                                                   »
«     ┌─────────────┐┌──────────────┐┌─────────────┐ ░                   »
«q_0: ┤ Rz(-1.1374) ├┤ Ry(-0.41194) ├┤ Rx(-4.7714) ├─░───────────────────»
«     ├─────────────┤├─────────────┬┘├─────────────┤ ░                   »
«q_1: ┤ Rz(-6.0586) ├┤ Ry(-1.8574) ├─┤ Rx(-6.0231) ├─░───────────────────»
«     └─────────────┘└─────────────┘ └─────────────┘ ░    ┌─────────────┐»
«q_2: ───────────────────────────────────────────────░──■─┤ Rz(-1.7112) ├»
«                                                    ░  │ ├─────────────┤»
«q_3: ───────────────────────────────────────────────░──■─┤ Rz(-4.4617) ├»
«                                                    ░    └─────────────┘»
«                                                                    »
«q_0: ───────────────────────────────────────────────────────────────»
«                                      ┌─────────────┐ ┌────────────┐»
«q_1: ───────────────────────────────■─┤ Rz(-5.6971) ├─┤ Ry(-1.206) ├»
«     ┌─────────────┐┌─────────────┐ │ └─────────────┘ └────────────┘»
«q_2: ┤ Ry(-3.9054) ├┤ Rx(-5.7872) ├─┼───────────────────────────────»
«     ├─────────────┤├─────────────┤ │ ┌─────────────┐┌─────────────┐»
«q_3: ┤ Ry(-3.4792) ├┤ Rx(-5.3162) ├─■─┤ Rz(-2.6362) ├┤ Ry(-4.7161) ├»
«     └─────────────┘└─────────────┘   └─────────────┘└─────────────┘»
«                          ┌─────────────┐ ┌─────────────┐┌──────────────┐   »
«q_0: ───────────────────■─┤ Rz(-3.5328) ├─┤ Ry(-5.9922) ├┤ Rx(-0.95807) ├─■─»
«     ┌─────────────┐    │ ├─────────────┤ ├─────────────┤└┬───────────┬─┘ │ »
«q_1: ┤ Rx(-2.2791) ├─■──┼─┤ Rz(-3.7334) ├─┤ Ry(-3.0137) ├─┤ Rx(-1.84) ├───┼─»
«     └─────────────┘ │  │ ├─────────────┴┐├─────────────┤┌┴───────────┴┐  │ »
«q_2: ────────────────■──┼─┤ Rz(-0.60538) ├┤ Ry(-1.3803) ├┤ Rx(-6.0985) ├──■─»
«     ┌─────────────┐    │ ├──────────────┤├─────────────┤├─────────────┤    »
«q_3: ┤ Rx(-2.8821) ├────■─┤ Rz(-0.88915) ├┤ Ry(-1.6666) ├┤ Rx(-1.9142) ├────»
«     └─────────────┘      └──────────────┘└─────────────┘└─────────────┘    »
«     ┌──────────────┐┌──────────────┐┌─────────────┐   ┌────────────┐»
«q_0: ┤ Rz(-0.60338) ├┤ Ry(-0.63411) ├┤ Rx(-4.9499) ├─■─┤ Rz(-2.588) ├»
«     └──────────────┘└──────────────┘└─────────────┘ │ ├────────────┤»
«q_1: ────────────────────────────────────────────────■─┤ Rz(-5.666) ├»
«     ┌─────────────┐ ┌─────────────┐ ┌─────────────┐   └────────────┘»
«q_2: ┤ Rz(-5.7973) ├─┤ Ry(-3.8661) ├─┤ Rx(-4.2977) ├─────────────────»
«     └─────────────┘ └─────────────┘ └─────────────┘                 »
«q_3: ────────────────────────────────────────────────────────────────»
«                                                                     »
«     ┌─────────────┐┌─────────────┐ ░                                   »
«q_0: ┤ Ry(-1.6254) ├┤ Rx(-1.0981) ├─░───────────────────────────────────»
«     ├─────────────┤├─────────────┤ ░                                   »
«q_1: ┤ Ry(-3.5914) ├┤ Rx(-5.1802) ├─░───────────────────────────────────»
«     └─────────────┘└─────────────┘ ░    ┌──────────────┐┌─────────────┐»
«q_2: ───────────────────────────────░──■─┤ Rz(-0.81192) ├┤ Ry(-2.5264) ├»
«                                    ░  │ ├─────────────┬┘├─────────────┤»
«q_3: ───────────────────────────────░──■─┤ Rz(-2.8044) ├─┤ Ry(-4.5002) ├»
«                                    ░    └─────────────┘ └─────────────┘»
«                                                                           »
«q_0: ────────────────────────────────────────────────────────────────────■─»
«                       ┌─────────────┐┌─────────────┐┌──────────────┐    │ »
«q_1: ────────────────■─┤ Rz(-5.7886) ├┤ Ry(-6.2358) ├┤ Rx(-0.95495) ├─■──┼─»
«     ┌─────────────┐ │ └─────────────┘└─────────────┘└──────────────┘ │  │ »
«q_2: ┤ Rx(-5.8087) ├─┼────────────────────────────────────────────────■──┼─»
«     ├─────────────┤ │ ┌─────────────┐┌─────────────┐┌─────────────┐     │ »
«q_3: ┤ Rx(-4.2045) ├─■─┤ Rz(-3.2039) ├┤ Ry(-5.3801) ├┤ Rx(-5.2536) ├─────■─»
«     └─────────────┘   └─────────────┘└─────────────┘└─────────────┘       »
«     ┌─────────────┐┌──────────────┐┌─────────────┐   ┌─────────────┐»
«q_0: ┤ Rz(-2.7281) ├┤ Ry(-0.77503) ├┤ Rx(-5.3126) ├─■─┤ Rz(-3.9425) ├»
«     ├─────────────┤├─────────────┬┘├─────────────┤ │ └─────────────┘»
«q_1: ┤ Rz(-3.0339) ├┤ Ry(-5.3695) ├─┤ Rx(-3.5653) ├─┼────────────────»
«     ├─────────────┤├─────────────┤ ├─────────────┤ │  ┌────────────┐»
«q_2: ┤ Rz(-4.0923) ├┤ Ry(-2.9654) ├─┤ Rx(-2.9883) ├─■──┤ Rz(-1.749) ├»
«     ├─────────────┤├─────────────┤ ├─────────────┤    └────────────┘»
«q_3: ┤ Rz(-3.6982) ├┤ Ry(-3.1495) ├─┤ Rx(-3.0728) ├──────────────────»
«     └─────────────┘└─────────────┘ └─────────────┘                  »
«     ┌─────────────┐ ┌─────────────┐   ┌─────────────┐ ┌─────────────┐»
«q_0: ┤ Ry(-1.4839) ├─┤ Rx(-3.6297) ├─■─┤ Rz(-4.6269) ├─┤ Ry(-5.9349) ├»
«     └─────────────┘ └─────────────┘ │ ├─────────────┴┐├─────────────┤»
«q_1: ────────────────────────────────■─┤ Rz(-0.86532) ├┤ Ry(-5.8208) ├»
«     ┌──────────────┐┌─────────────┐   └──────────────┘└─────────────┘»
«q_2: ┤ Ry(-0.15025) ├┤ Rx(-4.1967) ├──────────────────────────────────»
«     └──────────────┘└─────────────┘                                  »
«q_3: ─────────────────────────────────────────────────────────────────»
«                                                                      »
«     ┌─────────────┐  ░                                                     »
«q_0: ┤ Rx(-4.8883) ├──░─────────────────────────────────────────────────────»
«     ├─────────────┴┐ ░                                                     »
«q_1: ┤ Rx(-0.67244) ├─░───────────────────────────────────────────────────■─»
«     └──────────────┘ ░    ┌─────────────┐┌─────────────┐┌─────────────┐  │ »
«q_2: ─────────────────░──■─┤ Rz(-1.7147) ├┤ Ry(-6.0599) ├┤ Rx(-3.1696) ├──┼─»
«                      ░  │ ├─────────────┤├─────────────┤├─────────────┴┐ │ »
«q_3: ─────────────────░──■─┤ Rz(-1.1455) ├┤ Ry(-1.5782) ├┤ Rx(-0.76684) ├─■─»
«                      ░    └─────────────┘└─────────────┘└──────────────┘   »
«                                                         ┌─────────────┐»
«q_0: ──────────────────────────────────────────────────■─┤ Rz(-1.7716) ├»
«     ┌──────────────┐┌─────────────┐┌─────────────┐    │ ├─────────────┤»
«q_1: ┤ Rz(-0.62418) ├┤ Ry(-1.0524) ├┤ Rx(-1.0466) ├─■──┼─┤ Rz(-2.5118) ├»
«     └──────────────┘└─────────────┘└─────────────┘ │  │ ├─────────────┤»
«q_2: ───────────────────────────────────────────────■──┼─┤ Rz(-3.0173) ├»
«     ┌─────────────┐ ┌─────────────┐┌─────────────┐    │ ├─────────────┤»
«q_3: ┤ Rz(-5.6621) ├─┤ Ry(-1.7254) ├┤ Rx(-2.8483) ├────■─┤ Rz(-6.1084) ├»
«     └─────────────┘ └─────────────┘└─────────────┘      └─────────────┘»
«      ┌────────────┐┌─────────────┐    ┌─────────────┐ ┌────────────┐»
«q_0: ─┤ Ry(-3.195) ├┤ Rx(-3.8564) ├──■─┤ Rz(-3.1869) ├─┤ Ry(-4.772) ├»
«     ┌┴────────────┤└┬────────────┤  │ └─────────────┘ └────────────┘»
«q_1: ┤ Ry(-4.9635) ├─┤ Rx(-3.661) ├──┼───────────────────────────────»
«     ├─────────────┤┌┴────────────┴┐ │ ┌─────────────┐┌─────────────┐»
«q_2: ┤ Ry(-6.0873) ├┤ Rx(-0.99209) ├─■─┤ Rz(-4.9569) ├┤ Ry(-2.5121) ├»
«     ├─────────────┤├──────────────┤   └─────────────┘└─────────────┘»
«q_3: ┤ Ry(-2.1402) ├┤ Rx(-0.25752) ├─────────────────────────────────»
«     └─────────────┘└──────────────┘                                 »
«     ┌─────────────┐    ┌─────────────┐┌─────────────┐┌─────────────┐ ░    »
«q_0: ┤ Rx(-4.5634) ├──■─┤ Rz(-4.1356) ├┤ Ry(-1.4944) ├┤ Rx(-4.2757) ├─░────»
«     └─────────────┘  │ ├─────────────┤├─────────────┤├─────────────┤ ░    »
«q_1: ─────────────────■─┤ Rz(-5.9364) ├┤ Ry(-5.5791) ├┤ Rx(-5.5006) ├─░────»
«     ┌──────────────┐   └─────────────┘└─────────────┘└─────────────┘ ░    »
«q_2: ┤ Rx(-0.44958) ├─────────────────────────────────────────────────░──■─»
«     └──────────────┘                                                 ░  │ »
«q_3: ─────────────────────────────────────────────────────────────────░──■─»
«                                                                      ░    »
«                                                                    »
«q_0: ───────────────────────────────────────────────────────────────»
«                                                     ┌─────────────┐»
«q_1: ──────────────────────────────────────────────■─┤ Rz(-4.1615) ├»
«     ┌─────────────┐ ┌────────────┐┌─────────────┐ │ └─────────────┘»
«q_2: ┤ Rz(-4.9237) ├─┤ Ry(-2.932) ├┤ Rx(-1.2491) ├─┼────────────────»
«     ├─────────────┤┌┴────────────┤├─────────────┤ │ ┌─────────────┐»
«q_3: ┤ Rz(-1.9665) ├┤ Ry(-4.6919) ├┤ Rx(-2.5563) ├─■─┤ Rz(-3.6393) ├»
«     └─────────────┘└─────────────┘└─────────────┘   └─────────────┘»
«                                         ┌─────────────┐┌─────────────┐ »
«q_0: ──────────────────────────────────■─┤ Rz(-1.5899) ├┤ Ry(-3.8529) ├─»
«     ┌─────────────┐┌─────────────┐    │ ├─────────────┤├─────────────┤ »
«q_1: ┤ Ry(-5.6153) ├┤ Rx(-4.0251) ├─■──┼─┤ Rz(-1.8452) ├┤ Ry(-2.0304) ├─»
«     └─────────────┘└─────────────┘ │  │ └┬────────────┤├─────────────┤ »
«q_2: ───────────────────────────────■──┼──┤ Rz(-2.117) ├┤ Ry(-2.1194) ├─»
«     ┌─────────────┐┌─────────────┐    │ ┌┴────────────┤├─────────────┴┐»
«q_3: ┤ Ry(-1.3746) ├┤ Rx(-3.8822) ├────■─┤ Rz(-6.2736) ├┤ Ry(-0.17234) ├»
«     └─────────────┘└─────────────┘      └─────────────┘└──────────────┘»
«     ┌─────────────┐    ┌─────────────┐┌──────────────┐┌──────────────┐   »
«q_0: ┤ Rx(-1.8361) ├──■─┤ Rz(-4.3111) ├┤ Ry(-0.41644) ├┤ Rx(-0.55435) ├─■─»
«     ├─────────────┤  │ └─────────────┘└──────────────┘└──────────────┘ │ »
«q_1: ┤ Rx(-3.2261) ├──┼─────────────────────────────────────────────────■─»
«     ├─────────────┴┐ │ ┌─────────────┐┌─────────────┐ ┌─────────────┐    »
«q_2: ┤ Rx(-0.77918) ├─■─┤ Rz(-4.7055) ├┤ Ry(-6.0942) ├─┤ Rx(-3.2605) ├────»
«     └┬────────────┬┘   └─────────────┘└─────────────┘ └─────────────┘    »
«q_3: ─┤ Rx(-6.045) ├──────────────────────────────────────────────────────»
«      └────────────┘                                                      »
«     ┌─────────────┐ ┌─────────────┐┌─────────────┐
«q_0: ┤ Rz(-5.5127) ├─┤ Ry(-5.1808) ├┤ Rx(-2.9771) ├
«     ├─────────────┴┐├─────────────┤├─────────────┤
«q_1: ┤ Rz(-0.11803) ├┤ Ry(-1.9548) ├┤ Rx(-3.2648) ├
«     └──────────────┘└─────────────┘└─────────────┘
«q_2: ──────────────────────────────────────────────
«                                                   
«q_3: ──────────────────────────────────────────────
«                                                   
0 0.037447090419651746
5 0.018474811846792158
10 0.016671769936052988
15 0.017390429003797482
20 0.01711413595218252
25 0.017122022359228453
30 0.01656297743033328
35 0.016915265945109285
40 0.017193154105445328
45 0.0169519718418677
50 0.016539873236548434
55 0.016523150575655534
60 0.016582575531254046
65 0.016322114210254698
70 0.016298193656857494
75 0.016172526978208458
80 0.015887572321648308
85 0.016287182974035596
90 0.016013891272735815
95 0.015871694959968877
100 0.015901852617847323
105 0.016486270374670788
110 0.016739205829043247
115 0.01681257999198846
120 0.016715440519764056
125 0.016398150319808763
130 0.016464995337836717
135 0.016389866909349196
140 0.016607377227387768
145 0.017638839410056124
150 0.017571524728278286
155 0.01646470312819461
160 0.016588817333016943
165 0.016757998399745934
170 0.016528695651968336
175 0.01637637930849471
180 0.016028841088691567
185 0.016128840121323706
190 0.01646178408538201
195 0.016550611871729383
0.01642358661206788
