      ┌────────────┐ ┌────────────┐┌────────────┐   ┌─────────────┐»
q_0: ─┤ Rx(1.9548) ├─┤ Ry(1.5689) ├┤ Rz(4.5104) ├─■─┤ Rx(0.84252) ├»
      ├────────────┤ ├────────────┤├────────────┤ │ └┬────────────┤»
q_1: ─┤ Rx(1.4426) ├─┤ Ry(4.7199) ├┤ Rz(5.9795) ├─■──┤ Rx(5.4033) ├»
     ┌┴────────────┴┐├────────────┤├────────────┤    └────────────┘»
q_2: ┤ Rx(0.015993) ├┤ Ry(3.1594) ├┤ Rz(5.0082) ├──────────────────»
     └┬────────────┬┘├────────────┤├────────────┤                  »
q_3: ─┤ Rx(2.2128) ├─┤ Ry(4.7236) ├┤ Rz(2.8318) ├──────────────────»
      └────────────┘ └────────────┘└────────────┘                  »
«     ┌────────────┐┌───────────┐    ┌─────────────┐┌────────────┐»
«q_0: ┤ Ry(3.0023) ├┤ Rz(2.683) ├──■─┤ Rx(0.27067) ├┤ Ry(5.1453) ├»
«     └┬──────────┬┘├───────────┴┐ │ └─────────────┘└────────────┘»
«q_1: ─┤ Ry(3.47) ├─┤ Rz(4.0838) ├─┼──────────────────────────────»
«      └──────────┘ └────────────┘ │  ┌────────────┐┌────────────┐»
«q_2: ─────────────────────────────■──┤ Rx(1.2588) ├┤ Ry(4.7003) ├»
«                                     └────────────┘└────────────┘»
«q_3: ────────────────────────────────────────────────────────────»
«                                                                 »
«     ┌────────────┐                                                           »
«q_0: ┤ Rz(2.6484) ├─■─────────────────────────────────────────────────────────»
«     └────────────┘ │               ┌────────────┐┌────────────┐┌────────────┐»
«q_1: ───────────────┼───────■───────┤ Rx(6.7465) ├┤ Ry(4.6741) ├┤ Rz(5.7966) ├»
«     ┌────────────┐ │       │       ├────────────┤├───────────┬┘├────────────┤»
«q_2: ┤ Rz(4.1392) ├─┼───────■───────┤ Rx(4.8632) ├┤ Ry(4.674) ├─┤ Rz(2.9884) ├»
«     └────────────┘ │ ┌────────────┐└┬──────────┬┘├───────────┴┐└────────────┘»
«q_3: ───────────────■─┤ Rx(5.8661) ├─┤ Ry(4.05) ├─┤ Rz(2.6626) ├──────────────»
«                      └────────────┘ └──────────┘ └────────────┘              »
«                                                       ░ ┌────────────┐ ░    »
«q_0: ──────────────────────────────────────────────────░─┤ sensing_dm ├─░────»
«                                                       ░ ├────────────┤ ░    »
«q_1: ─■────────────────────────────────────────────────░─┤ sensing_dm ├─░────»
«      │                                                ░ ├────────────┤ ░    »
«q_2: ─┼─────────────────────────────────────────────■──░─┤ sensing_dm ├─░──■─»
«      │ ┌─────────────┐┌────────────┐┌────────────┐ │  ░ ├────────────┤ ░  │ »
«q_3: ─■─┤ Rx(0.59255) ├┤ Ry(3.4982) ├┤ Rz(5.2085) ├─■──░─┤ sensing_dm ├─░──■─»
«        └─────────────┘└────────────┘└────────────┘    ░ └────────────┘ ░    »
«                                                                      »
«q_0: ─────────────────────────────────────────────────────────────────»
«                                                       ┌─────────────┐»
«q_1: ────────────────────────────────────────────────■─┤ Rz(-2.9763) ├»
«     ┌─────────────┐┌─────────────┐ ┌─────────────┐  │ └─────────────┘»
«q_2: ┤ Rz(-4.9667) ├┤ Ry(-3.3915) ├─┤ Rx(-3.5952) ├──┼────────────────»
«     └┬────────────┤├─────────────┴┐├─────────────┴┐ │ ┌─────────────┐»
«q_3: ─┤ Rz(-4.671) ├┤ Ry(-0.41543) ├┤ Rx(-0.34169) ├─■─┤ Rz(-4.3844) ├»
«      └────────────┘└──────────────┘└──────────────┘   └─────────────┘»
«                                         ┌─────────────┐┌─────────────┐ »
«q_0: ──────────────────────────────────■─┤ Rz(-6.2279) ├┤ Ry(-1.8941) ├─»
«     ┌─────────────┐┌─────────────┐    │ ├─────────────┤├─────────────┴┐»
«q_1: ┤ Ry(-5.8143) ├┤ Rx(-3.8293) ├─■──┼─┤ Rz(-3.6784) ├┤ Ry(-0.98252) ├»
«     └─────────────┘└─────────────┘ │  │ └┬────────────┤├─────────────┬┘»
«q_2: ───────────────────────────────■──┼──┤ Rz(-6.029) ├┤ Ry(-4.6949) ├─»
«     ┌─────────────┐┌─────────────┐    │ ┌┴────────────┤├─────────────┴┐»
«q_3: ┤ Ry(-2.9444) ├┤ Rx(-2.3662) ├────■─┤ Rz(-4.6215) ├┤ Ry(-0.17462) ├»
«     └─────────────┘└─────────────┘      └─────────────┘└──────────────┘»
«     ┌─────────────┐   ┌──────────────┐┌──────────────┐ ┌────────────┐    »
«q_0: ┤ Rx(-1.8465) ├─■─┤ Rz(-0.94809) ├┤ Ry(-0.69035) ├─┤ Rx(-1.209) ├──■─»
«     └┬────────────┤ │ └──────────────┘└──────────────┘ └────────────┘  │ »
«q_1: ─┤ Rx(-4.866) ├─┼──────────────────────────────────────────────────■─»
«     ┌┴────────────┤ │ ┌─────────────┐ ┌─────────────┐ ┌──────────────┐   »
«q_2: ┤ Rx(-1.6229) ├─■─┤ Rz(-6.1315) ├─┤ Ry(-2.2268) ├─┤ Rx(-0.41873) ├───»
«     ├─────────────┤   └─────────────┘ └─────────────┘ └──────────────┘   »
«q_3: ┤ Rx(-2.4013) ├──────────────────────────────────────────────────────»
«     └─────────────┘                                                      »
«     ┌─────────────┐┌─────────────┐  ┌────────────┐ ░                   »
«q_0: ┤ Rz(-4.3498) ├┤ Ry(-6.2281) ├──┤ Rx(-2.569) ├─░───────────────────»
«     ├─────────────┤├─────────────┴┐┌┴────────────┤ ░                   »
«q_1: ┤ Rz(-3.5255) ├┤ Ry(-0.30441) ├┤ Rx(-3.1872) ├─░───────────────────»
«     └─────────────┘└──────────────┘└─────────────┘ ░    ┌─────────────┐»
«q_2: ───────────────────────────────────────────────░──■─┤ Rz(-5.1822) ├»
«                                                    ░  │ └┬────────────┤»
«q_3: ───────────────────────────────────────────────░──■──┤ Rz(-5.322) ├»
«                                                    ░     └────────────┘»
«                                                                     »
«q_0: ────────────────────────────────────────────────────────────────»
«                                       ┌─────────────┐┌─────────────┐»
«q_1: ────────────────────────────────■─┤ Rz(-1.7988) ├┤ Ry(-2.9433) ├»
«     ┌─────────────┐ ┌─────────────┐ │ └─────────────┘└─────────────┘»
«q_2: ┤ Ry(-2.1298) ├─┤ Rx(-4.0491) ├─┼───────────────────────────────»
«     ├─────────────┴┐├─────────────┤ │ ┌─────────────┐┌─────────────┐»
«q_3: ┤ Ry(-0.63435) ├┤ Rx(-3.1782) ├─■─┤ Rz(-6.0407) ├┤ Ry(-5.6169) ├»
«     └──────────────┘└─────────────┘   └─────────────┘└─────────────┘»
«                          ┌─────────────┐ ┌──────────────┐┌─────────────┐    »
«q_0: ───────────────────■─┤ Rz(-1.8372) ├─┤ Ry(-0.92818) ├┤ Rx(-2.0766) ├──■─»
«      ┌────────────┐    │ ├─────────────┴┐├─────────────┬┘├─────────────┤  │ »
«q_1: ─┤ Rx(-1.365) ├─■──┼─┤ Rz(-0.53595) ├┤ Ry(-4.7181) ├─┤ Rx(-3.9498) ├──┼─»
«      └────────────┘ │  │ ├─────────────┬┘├─────────────┴┐├─────────────┤  │ »
«q_2: ────────────────■──┼─┤ Rz(-3.9267) ├─┤ Ry(-0.75163) ├┤ Rx(-3.3919) ├──■─»
«     ┌─────────────┐    │ ├─────────────┤ ├─────────────┬┘├─────────────┴┐   »
«q_3: ┤ Rx(-3.5835) ├────■─┤ Rz(-1.4906) ├─┤ Ry(-5.6678) ├─┤ Rx(-0.97693) ├───»
«     └─────────────┘      └─────────────┘ └─────────────┘ └──────────────┘   »
«      ┌────────────┐ ┌────────────┐┌──────────────┐   ┌─────────────┐»
«q_0: ─┤ Rz(-3.909) ├─┤ Ry(-3.605) ├┤ Rx(-0.20339) ├─■─┤ Rz(-1.5779) ├»
«      └────────────┘ └────────────┘└──────────────┘ │ └┬───────────┬┘»
«q_1: ───────────────────────────────────────────────■──┤ Rz(-3.95) ├─»
«     ┌─────────────┐┌─────────────┐┌─────────────┐     └───────────┘ »
«q_2: ┤ Rz(-5.0305) ├┤ Ry(-4.1125) ├┤ Rx(-5.6685) ├───────────────────»
«     └─────────────┘└─────────────┘└─────────────┘                   »
«q_3: ────────────────────────────────────────────────────────────────»
«                                                                     »
«     ┌─────────────┐┌─────────────┐ ░                                  »
«q_0: ┤ Ry(-1.5849) ├┤ Rx(-5.1149) ├─░──────────────────────────────────»
«     ├─────────────┤├─────────────┤ ░                                  »
«q_1: ┤ Ry(-3.6434) ├┤ Rx(-1.6862) ├─░──────────────────────────────────»
«     └─────────────┘└─────────────┘ ░    ┌─────────────┐┌─────────────┐»
«q_2: ───────────────────────────────░──■─┤ Rz(-2.6453) ├┤ Ry(-4.1874) ├»
«                                    ░  │ ├─────────────┤├─────────────┤»
«q_3: ───────────────────────────────░──■─┤ Rz(-3.5594) ├┤ Ry(-4.9037) ├»
«                                    ░    └─────────────┘└─────────────┘»
«                                                                           »
«q_0: ────────────────────────────────────────────────────────────────────■─»
«                        ┌─────────────┐┌─────────────┐┌─────────────┐    │ »
«q_1: ─────────────────■─┤ Rz(-1.9384) ├┤ Ry(-5.7705) ├┤ Rx(-1.9599) ├─■──┼─»
«     ┌─────────────┐  │ └─────────────┘└─────────────┘└─────────────┘ │  │ »
«q_2: ┤ Rx(-5.7684) ├──┼───────────────────────────────────────────────■──┼─»
«     ├─────────────┴┐ │ ┌─────────────┐┌─────────────┐ ┌────────────┐    │ »
«q_3: ┤ Rx(-0.70708) ├─■─┤ Rz(-4.7315) ├┤ Ry(-5.4236) ├─┤ Rx(-1.259) ├────■─»
«     └──────────────┘   └─────────────┘└─────────────┘ └────────────┘      »
«     ┌──────────────┐┌──────────────┐┌─────────────┐    ┌─────────────┐»
«q_0: ┤ Rz(-0.30029) ├┤ Ry(-0.84119) ├┤ Rx(-1.0159) ├──■─┤ Rz(-5.1031) ├»
«     ├─────────────┬┘├─────────────┬┘├─────────────┤  │ └─────────────┘»
«q_1: ┤ Rz(-2.1175) ├─┤ Ry(-1.7494) ├─┤ Rx(-6.1016) ├──┼────────────────»
«     ├─────────────┤ ├─────────────┴┐├─────────────┴┐ │ ┌─────────────┐»
«q_2: ┤ Rz(-1.2544) ├─┤ Ry(-0.36557) ├┤ Rx(-0.03821) ├─■─┤ Rz(-5.9204) ├»
«     ├─────────────┤ ├─────────────┬┘├─────────────┬┘   └─────────────┘»
«q_3: ┤ Rz(-5.9834) ├─┤ Ry(-1.5475) ├─┤ Rx(-2.7623) ├───────────────────»
«     └─────────────┘ └─────────────┘ └─────────────┘                   »
«     ┌─────────────┐┌──────────────┐   ┌─────────────┐┌──────────────┐»
«q_0: ┤ Ry(-2.3086) ├┤ Rx(-0.18788) ├─■─┤ Rz(-5.4791) ├┤ Ry(-0.41125) ├»
«     └─────────────┘└──────────────┘ │ ├─────────────┤├─────────────┬┘»
«q_1: ────────────────────────────────■─┤ Rz(-3.6238) ├┤ Ry(-5.9223) ├─»
«     ┌─────────────┐┌─────────────┐    └─────────────┘└─────────────┘ »
«q_2: ┤ Ry(-5.6078) ├┤ Rx(-0.5785) ├───────────────────────────────────»
«     └─────────────┘└─────────────┘                                   »
«q_3: ─────────────────────────────────────────────────────────────────»
«                                                                      »
«     ┌──────────────┐ ░                                                    »
«q_0: ┤ Rx(-0.95965) ├─░────────────────────────────────────────────────────»
«     ├──────────────┤ ░                                                    »
«q_1: ┤ Rx(-0.95208) ├─░──────────────────────────────────────────────────■─»
«     └──────────────┘ ░    ┌─────────────┐┌─────────────┐┌─────────────┐ │ »
«q_2: ─────────────────░──■─┤ Rz(-5.3101) ├┤ Ry(-3.6654) ├┤ Rx(-1.0754) ├─┼─»
«                      ░  │ ├─────────────┤├─────────────┤├─────────────┤ │ »
«q_3: ─────────────────░──■─┤ Rz(-6.2566) ├┤ Ry(-2.3032) ├┤ Rx(-5.9952) ├─■─»
«                      ░    └─────────────┘└─────────────┘└─────────────┘   »
«                                                        ┌─────────────┐»
«q_0: ─────────────────────────────────────────────────■─┤ Rz(-4.4562) ├»
«     ┌─────────────┐┌─────────────┐┌─────────────┐    │ ├─────────────┤»
«q_1: ┤ Rz(-1.6901) ├┤ Ry(-2.9932) ├┤ Rx(-3.3224) ├─■──┼─┤ Rz(-5.1379) ├»
«     └─────────────┘└─────────────┘└─────────────┘ │  │ ├─────────────┤»
«q_2: ──────────────────────────────────────────────■──┼─┤ Rz(-4.6061) ├»
«     ┌─────────────┐┌─────────────┐┌─────────────┐    │ └┬────────────┤»
«q_3: ┤ Rz(-4.7102) ├┤ Ry(-2.3216) ├┤ Rx(-3.6635) ├────■──┤ Rz(-6.034) ├»
«     └─────────────┘└─────────────┘└─────────────┘       └────────────┘»
«     ┌─────────────┐ ┌────────────┐   ┌─────────────┐┌─────────────┐»
«q_0: ┤ Ry(-4.3459) ├─┤ Rx(-3.274) ├─■─┤ Rz(-4.5341) ├┤ Ry(-2.4579) ├»
«     ├─────────────┤┌┴────────────┤ │ └─────────────┘└─────────────┘»
«q_1: ┤ Ry(-5.1809) ├┤ Rx(-4.5865) ├─┼───────────────────────────────»
«     ├─────────────┤├─────────────┤ │ ┌─────────────┐┌─────────────┐»
«q_2: ┤ Ry(-3.6588) ├┤ Rx(-3.7328) ├─■─┤ Rz(-3.4847) ├┤ Ry(-4.8052) ├»
«     ├─────────────┤├─────────────┤   └─────────────┘└─────────────┘»
«q_3: ┤ Ry(-3.7228) ├┤ Rx(-3.8792) ├─────────────────────────────────»
«     └─────────────┘└─────────────┘                                 »
«     ┌─────────────┐   ┌─────────────┐┌─────────────┐┌─────────────┐
«q_0: ┤ Rx(-5.1272) ├─■─┤ Rz(-4.0356) ├┤ Ry(-1.5336) ├┤ Rx(-1.1074) ├
«     └─────────────┘ │ ├─────────────┤├─────────────┤├─────────────┤
«q_1: ────────────────■─┤ Rz(-1.7413) ├┤ Ry(-6.0652) ├┤ Rx(-2.4646) ├
«     ┌─────────────┐   └─────────────┘└─────────────┘└─────────────┘
«q_2: ┤ Rx(-4.9663) ├────────────────────────────────────────────────
«     └─────────────┘                                                
«q_3: ───────────────────────────────────────────────────────────────
«                                                                    
0 0.04241307170387981
5 0.0215891055040187
10 0.017969271421632575
15 0.01672321791249447
20 0.016730413181378863
25 0.016745972488868364
30 0.016211850815017803
35 0.0161636225206275
40 0.0160710158318598
45 0.01599514234462504
50 0.016019877681152022
55 0.016276333611095272
60 0.01658315813337045
65 0.01646723512893051
70 0.016302039714020538
75 0.016464045836221002
80 0.016392683001480026
85 0.017439788341330028
90 0.01736182531327874
95 0.016432528077059673
100 0.015975918749315254
105 0.016385176133794845
110 0.016450047163274275
115 0.016795955039227393
120 0.01641859524114165
125 0.016214714612857672
130 0.016200719318249332
135 0.01624161125698181
140 0.016943629554257152
145 0.017663348610656774
150 0.01719124760489367
155 0.016695536910387505
160 0.016713771864635775
165 0.016668654769569146
170 0.01773839581028284
175 0.016644981242243277
180 0.016368446662707484
185 0.016991431635266476
190 0.016589417416222395
195 0.016751994018762963
0.01752282772169752
