      ┌────────────┐ ┌────────────┐┌────────────┐   ┌─────────────┐»
q_0: ─┤ Rx(1.9548) ├─┤ Ry(1.5689) ├┤ Rz(4.5104) ├─■─┤ Rx(0.84252) ├»
      ├────────────┤ ├────────────┤├────────────┤ │ └┬────────────┤»
q_1: ─┤ Rx(1.4426) ├─┤ Ry(4.7199) ├┤ Rz(5.9795) ├─■──┤ Rx(5.4033) ├»
     ┌┴────────────┴┐├────────────┤├────────────┤    └────────────┘»
q_2: ┤ Rx(0.015993) ├┤ Ry(3.1594) ├┤ Rz(5.0082) ├──────────────────»
     └┬────────────┬┘├────────────┤├────────────┤                  »
q_3: ─┤ Rx(2.2128) ├─┤ Ry(4.7236) ├┤ Rz(2.8318) ├──────────────────»
      └────────────┘ └────────────┘└────────────┘                  »
«     ┌────────────┐┌───────────┐    ┌─────────────┐┌────────────┐»
«q_0: ┤ Ry(3.0023) ├┤ Rz(2.683) ├──■─┤ Rx(0.27067) ├┤ Ry(5.1453) ├»
«     └┬──────────┬┘├───────────┴┐ │ └─────────────┘└────────────┘»
«q_1: ─┤ Ry(3.47) ├─┤ Rz(4.0838) ├─┼──────────────────────────────»
«      └──────────┘ └────────────┘ │  ┌────────────┐┌────────────┐»
«q_2: ─────────────────────────────■──┤ Rx(1.2588) ├┤ Ry(4.7003) ├»
«                                     └────────────┘└────────────┘»
«q_3: ────────────────────────────────────────────────────────────»
«                                                                 »
«     ┌────────────┐                                                           »
«q_0: ┤ Rz(2.6484) ├─■─────────────────────────────────────────────────────────»
«     └────────────┘ │               ┌────────────┐┌────────────┐┌────────────┐»
«q_1: ───────────────┼───────■───────┤ Rx(6.7465) ├┤ Ry(4.6741) ├┤ Rz(5.7966) ├»
«     ┌────────────┐ │       │       ├────────────┤├───────────┬┘├────────────┤»
«q_2: ┤ Rz(4.1392) ├─┼───────■───────┤ Rx(4.8632) ├┤ Ry(4.674) ├─┤ Rz(2.9884) ├»
«     └────────────┘ │ ┌────────────┐└┬──────────┬┘├───────────┴┐└────────────┘»
«q_3: ───────────────■─┤ Rx(5.8661) ├─┤ Ry(4.05) ├─┤ Rz(2.6626) ├──────────────»
«                      └────────────┘ └──────────┘ └────────────┘              »
«                                                       ░ ┌────────────┐ ░    »
«q_0: ──────────────────────────────────────────────────░─┤ sensing_dm ├─░────»
«                                                       ░ ├────────────┤ ░    »
«q_1: ─■────────────────────────────────────────────────░─┤ sensing_dm ├─░────»
«      │                                                ░ ├────────────┤ ░    »
«q_2: ─┼─────────────────────────────────────────────■──░─┤ sensing_dm ├─░──■─»
«      │ ┌─────────────┐┌────────────┐┌────────────┐ │  ░ ├────────────┤ ░  │ »
«q_3: ─■─┤ Rx(0.59255) ├┤ Ry(3.4982) ├┤ Rz(5.2085) ├─■──░─┤ sensing_dm ├─░──■─»
«        └─────────────┘└────────────┘└────────────┘    ░ └────────────┘ ░    »
«                                                                    »
«q_0: ───────────────────────────────────────────────────────────────»
«                                                     ┌─────────────┐»
«q_1: ──────────────────────────────────────────────■─┤ Rz(-2.5885) ├»
«     ┌─────────────┐┌─────────────┐┌─────────────┐ │ └─────────────┘»
«q_2: ┤ Rz(-1.8101) ├┤ Ry(-5.3643) ├┤ Rx(-3.5005) ├─┼────────────────»
«     ├─────────────┤├─────────────┤└┬───────────┬┘ │ ┌─────────────┐»
«q_3: ┤ Rz(-5.4422) ├┤ Ry(-1.4511) ├─┤ Rx(-3.16) ├──■─┤ Rz(-1.6655) ├»
«     └─────────────┘└─────────────┘ └───────────┘    └─────────────┘»
«                                          ┌─────────────┐┌─────────────┐»
«q_0: ───────────────────────────────────■─┤ Rz(-4.5769) ├┤ Ry(-6.1281) ├»
«     ┌─────────────┐ ┌─────────────┐    │ ├─────────────┤├─────────────┤»
«q_1: ┤ Ry(-4.6676) ├─┤ Rx(-4.9422) ├─■──┼─┤ Rz(-3.7394) ├┤ Ry(-1.2303) ├»
«     └─────────────┘ └─────────────┘ │  │ └┬────────────┤├─────────────┤»
«q_2: ────────────────────────────────■──┼──┤ Rz(-2.311) ├┤ Ry(-1.0714) ├»
«     ┌──────────────┐┌─────────────┐    │ ┌┴────────────┤├─────────────┤»
«q_3: ┤ Ry(-0.16637) ├┤ Rx(-4.6276) ├────■─┤ Rz(-3.2727) ├┤ Ry(-5.9488) ├»
«     └──────────────┘└─────────────┘      └─────────────┘└─────────────┘»
«     ┌─────────────┐   ┌─────────────┐┌─────────────┐┌──────────────┐   »
«q_0: ┤ Rx(-3.0296) ├─■─┤ Rz(-2.7689) ├┤ Ry(-1.1821) ├┤ Rx(-0.70042) ├─■─»
«     ├─────────────┤ │ └─────────────┘└─────────────┘└──────────────┘ │ »
«q_1: ┤ Rx(-1.1968) ├─┼────────────────────────────────────────────────■─»
«     ├─────────────┤ │ ┌─────────────┐┌─────────────┐┌─────────────┐    »
«q_2: ┤ Rx(-5.5425) ├─■─┤ Rz(-3.7774) ├┤ Ry(-2.1122) ├┤ Rx(-2.0816) ├────»
«     ├─────────────┤   └─────────────┘└─────────────┘└─────────────┘    »
«q_3: ┤ Rx(-3.7779) ├────────────────────────────────────────────────────»
«     └─────────────┘                                                    »
«     ┌──────────────┐┌─────────────┐┌──────────────┐
«q_0: ┤ Rz(-0.18962) ├┤ Ry(-3.8133) ├┤ Rx(-0.76728) ├
«     └┬────────────┬┘├─────────────┤├─────────────┬┘
«q_1: ─┤ Rz(-2.133) ├─┤ Ry(-5.2846) ├┤ Rx(-1.3796) ├─
«      └────────────┘ └─────────────┘└─────────────┘ 
«q_2: ───────────────────────────────────────────────
«                                                    
«q_3: ───────────────────────────────────────────────
«                                                    
0 0.02117087316032448
5 0.02014935489600221
10 0.018882674952542703
15 0.020086387401113532
20 0.021231906438843873
25 0.020641422734195017
30 0.020220808417394265
35 0.02022998803630312
40 0.019138278888308255
45 0.01828336783073477
50 0.017975247294756417
55 0.016985912818740637
60 0.01710546932562568
65 0.017611773780643093
70 0.016979919643206186
75 0.016451555575375146
80 0.016263989703703404
85 0.016225867485898323
90 0.017100709536598944
95 0.01882342309985981
100 0.01896115918260971
105 0.018092283848155935
110 0.01749668107388799
115 0.017247326799001195
120 0.017156663974845044
125 0.017173540701540476
130 0.017458132729651167
135 0.017713276180813916
140 0.01757211626808525
145 0.017243469869631243
150 0.01625309886102534
155 0.01585785320363152
160 0.016076108286079575
165 0.015968591912105132
170 0.01607313599062652
175 0.01631779528733536
180 0.016460607512191524
185 0.01687952323310648
190 0.01863313166800401
195 0.01800060360487867
0.018696546006731787
