      ┌────────────┐ ┌────────────┐┌────────────┐   ┌─────────────┐»
q_0: ─┤ Rx(1.9548) ├─┤ Ry(1.5689) ├┤ Rz(4.5104) ├─■─┤ Rx(0.84252) ├»
      ├────────────┤ ├────────────┤├────────────┤ │ └┬────────────┤»
q_1: ─┤ Rx(1.4426) ├─┤ Ry(4.7199) ├┤ Rz(5.9795) ├─■──┤ Rx(5.4033) ├»
     ┌┴────────────┴┐├────────────┤├────────────┤    └────────────┘»
q_2: ┤ Rx(0.015993) ├┤ Ry(3.1594) ├┤ Rz(5.0082) ├──────────────────»
     └┬────────────┬┘├────────────┤├────────────┤                  »
q_3: ─┤ Rx(2.2128) ├─┤ Ry(4.7236) ├┤ Rz(2.8318) ├──────────────────»
      └────────────┘ └────────────┘└────────────┘                  »
«     ┌────────────┐┌───────────┐    ┌─────────────┐┌────────────┐»
«q_0: ┤ Ry(3.0023) ├┤ Rz(2.683) ├──■─┤ Rx(0.27067) ├┤ Ry(5.1453) ├»
«     └┬──────────┬┘├───────────┴┐ │ └─────────────┘└────────────┘»
«q_1: ─┤ Ry(3.47) ├─┤ Rz(4.0838) ├─┼──────────────────────────────»
«      └──────────┘ └────────────┘ │  ┌────────────┐┌────────────┐»
«q_2: ─────────────────────────────■──┤ Rx(1.2588) ├┤ Ry(4.7003) ├»
«                                     └────────────┘└────────────┘»
«q_3: ────────────────────────────────────────────────────────────»
«                                                                 »
«     ┌────────────┐                                                           »
«q_0: ┤ Rz(2.6484) ├─■─────────────────────────────────────────────────────────»
«     └────────────┘ │               ┌────────────┐┌────────────┐┌────────────┐»
«q_1: ───────────────┼───────■───────┤ Rx(6.7465) ├┤ Ry(4.6741) ├┤ Rz(5.7966) ├»
«     ┌────────────┐ │       │       ├────────────┤├───────────┬┘├────────────┤»
«q_2: ┤ Rz(4.1392) ├─┼───────■───────┤ Rx(4.8632) ├┤ Ry(4.674) ├─┤ Rz(2.9884) ├»
«     └────────────┘ │ ┌────────────┐└┬──────────┬┘├───────────┴┐└────────────┘»
«q_3: ───────────────■─┤ Rx(5.8661) ├─┤ Ry(4.05) ├─┤ Rz(2.6626) ├──────────────»
«                      └────────────┘ └──────────┘ └────────────┘              »
«                                                       ░ ┌────────────┐ ░    »
«q_0: ──────────────────────────────────────────────────░─┤ sensing_dm ├─░────»
«                                                       ░ ├────────────┤ ░    »
«q_1: ─■────────────────────────────────────────────────░─┤ sensing_dm ├─░────»
«      │                                                ░ ├────────────┤ ░    »
«q_2: ─┼─────────────────────────────────────────────■──░─┤ sensing_dm ├─░──■─»
«      │ ┌─────────────┐┌────────────┐┌────────────┐ │  ░ ├────────────┤ ░  │ »
«q_3: ─■─┤ Rx(0.59255) ├┤ Ry(3.4982) ├┤ Rz(5.2085) ├─■──░─┤ sensing_dm ├─░──■─»
«        └─────────────┘└────────────┘└────────────┘    ░ └────────────┘ ░    »
«                                                                     »
«q_0: ────────────────────────────────────────────────────────────────»
«                                                      ┌─────────────┐»
«q_1: ───────────────────────────────────────────────■─┤ Rz(-3.4795) ├»
«     ┌─────────────┐┌─────────────┐┌──────────────┐ │ └─────────────┘»
«q_2: ┤ Rz(-2.1277) ├┤ Ry(-4.3254) ├┤ Rx(-0.66997) ├─┼────────────────»
«     ├─────────────┤├─────────────┤└┬────────────┬┘ │ ┌─────────────┐»
«q_3: ┤ Rz(-5.8831) ├┤ Ry(-1.2362) ├─┤ Rx(-5.289) ├──■─┤ Rz(-5.4723) ├»
«     └─────────────┘└─────────────┘ └────────────┘    └─────────────┘»
«                                            ┌─────────────┐  ┌────────────┐»
«q_0: ─────────────────────────────────────■─┤ Rz(-0.7502) ├──┤ Ry(-4.095) ├»
«     ┌─────────────┐┌────────────────┐    │ ├─────────────┤  ├────────────┤»
«q_1: ┤ Ry(-4.3989) ├┤ Rx(-0.0063135) ├─■──┼─┤ Rz(-3.8986) ├──┤ Ry(-2.447) ├»
«     └─────────────┘└────────────────┘ │  │ ├─────────────┤ ┌┴────────────┤»
«q_2: ──────────────────────────────────■──┼─┤ Rz(-4.3051) ├─┤ Ry(-4.3214) ├»
«     ┌─────────────┐ ┌─────────────┐      │ ├─────────────┴┐├─────────────┤»
«q_3: ┤ Ry(-3.2274) ├─┤ Rx(-4.3266) ├──────■─┤ Rz(-0.38009) ├┤ Ry(-4.5888) ├»
«     └─────────────┘ └─────────────┘        └──────────────┘└─────────────┘»
«     ┌─────────────┐    ┌─────────────┐┌─────────────┐┌─────────────┐   »
«q_0: ┤ Rx(-3.3737) ├──■─┤ Rz(-1.4161) ├┤ Ry(-5.4859) ├┤ Rx(-5.9349) ├─■─»
«     ├─────────────┤  │ └─────────────┘└─────────────┘└─────────────┘ │ »
«q_1: ┤ Rx(-5.4502) ├──┼───────────────────────────────────────────────■─»
«     ├─────────────┴┐ │  ┌───────────┐ ┌─────────────┐┌─────────────┐   »
«q_2: ┤ Rx(-0.76034) ├─■──┤ Rz(-1.49) ├─┤ Ry(-1.1449) ├┤ Rx(-1.0145) ├───»
«     ├─────────────┬┘    └───────────┘ └─────────────┘└─────────────┘   »
«q_3: ┤ Rx(-2.6516) ├────────────────────────────────────────────────────»
«     └─────────────┘                                                    »
«      ┌────────────┐ ┌───────────┐ ┌─────────────┐ ░                   »
«q_0: ─┤ Rz(-5.271) ├─┤ Ry(-2.68) ├─┤ Rx(-2.7163) ├─░───────────────────»
«     ┌┴────────────┤┌┴───────────┴┐├─────────────┤ ░                   »
«q_1: ┤ Rz(-5.2529) ├┤ Ry(-1.2606) ├┤ Rx(-2.5166) ├─░───────────────────»
«     └─────────────┘└─────────────┘└─────────────┘ ░    ┌─────────────┐»
«q_2: ──────────────────────────────────────────────░──■─┤ Rz(-1.8856) ├»
«                                                   ░  │ ├─────────────┤»
«q_3: ──────────────────────────────────────────────░──■─┤ Rz(-5.2283) ├»
«                                                   ░    └─────────────┘»
«                                                                     »
«q_0: ────────────────────────────────────────────────────────────────»
«                                        ┌────────────┐ ┌────────────┐»
«q_1: ────────────────────────────────■──┤ Rz(-5.767) ├─┤ Ry(-2.544) ├»
«      ┌────────────┐┌──────────────┐ │  └────────────┘ └────────────┘»
«q_2: ─┤ Ry(-4.539) ├┤ Rx(-0.57865) ├─┼───────────────────────────────»
«     ┌┴────────────┤├─────────────┬┘ │ ┌─────────────┐┌─────────────┐»
«q_3: ┤ Ry(-1.1844) ├┤ Rx(-2.3403) ├──■─┤ Rz(-4.7784) ├┤ Ry(-5.8609) ├»
«     └─────────────┘└─────────────┘    └─────────────┘└─────────────┘»
«                          ┌─────────────┐┌─────────────┐ ┌──────────────┐   »
«q_0: ───────────────────■─┤ Rz(-5.5658) ├┤ Ry(-4.2515) ├─┤ Rx(-0.49888) ├─■─»
«     ┌─────────────┐    │ ├─────────────┤├─────────────┤ ├─────────────┬┘ │ »
«q_1: ┤ Rx(-5.7155) ├─■──┼─┤ Rz(-4.8203) ├┤ Ry(-1.1767) ├─┤ Rx(-4.6845) ├──┼─»
«     └─────────────┘ │  │ ├─────────────┤├─────────────┴┐├─────────────┤  │ »
«q_2: ────────────────■──┼─┤ Rz(-1.8778) ├┤ Ry(-0.11699) ├┤ Rx(-4.2932) ├──■─»
«     ┌─────────────┐    │ ├─────────────┤├─────────────┬┘├─────────────┤    »
«q_3: ┤ Rx(-4.2261) ├────■─┤ Rz(-4.7195) ├┤ Ry(-2.6257) ├─┤ Rx(-4.7572) ├────»
«     └─────────────┘      └─────────────┘└─────────────┘ └─────────────┘    »
«     ┌─────────────┐┌─────────────┐┌─────────────┐    ┌────────────┐»
«q_0: ┤ Rz(-2.8946) ├┤ Ry(-5.5271) ├┤ Rx(-5.4802) ├─■──┤ Rz(-2.044) ├»
«     └─────────────┘└─────────────┘└─────────────┘ │ ┌┴────────────┤»
«q_1: ──────────────────────────────────────────────■─┤ Rz(-5.8471) ├»
«     ┌─────────────┐┌─────────────┐┌─────────────┐   └─────────────┘»
«q_2: ┤ Rz(-3.6708) ├┤ Ry(-5.4851) ├┤ Rx(-3.7072) ├──────────────────»
«     └─────────────┘└─────────────┘└─────────────┘                  »
«q_3: ───────────────────────────────────────────────────────────────»
«                                                                    »
«      ┌────────────┐┌─────────────┐
«q_0: ─┤ Ry(-2.487) ├┤ Rx(-3.0076) ├
«     ┌┴────────────┤├─────────────┤
«q_1: ┤ Ry(-3.4819) ├┤ Rx(-4.1744) ├
«     └─────────────┘└─────────────┘
«q_2: ──────────────────────────────
«                                   
«q_3: ──────────────────────────────
«                                   
0 1.3641367769382237e-06
5 2.127754810759146e-06
10 1.8909859966823854e-06
15 1.0291993428276551e-06
20 1.3753923410373023e-06
25 1.2960365017041935e-06
30 1.9438670984360238e-06
35 1.6984282079922528e-06
40 7.260425534978132e-07
45 9.49809340177051e-07
50 2.328764041844001e-06
55 1.1527313886822803e-06
60 1.082268874605775e-06
65 1.1332250477138151e-06
70 2.9103515035160163e-06
75 2.5737223153678153e-06
80 1.9601840279669377e-06
85 1.2648806817219394e-06
90 1.2809990526095417e-06
95 1.463613066428903e-06
100 1.0164796786910555e-06
105 2.39797432873936e-06
110 1.5560110794184922e-06
115 1.077069407909362e-06
2.2229314833525956e-09
1.0257116146663993e-06
