      ┌────────────┐ ┌────────────┐┌────────────┐   ┌─────────────┐»
q_0: ─┤ Rx(1.9548) ├─┤ Ry(1.5689) ├┤ Rz(4.5104) ├─■─┤ Rx(0.84252) ├»
      ├────────────┤ ├────────────┤├────────────┤ │ └┬────────────┤»
q_1: ─┤ Rx(1.4426) ├─┤ Ry(4.7199) ├┤ Rz(5.9795) ├─■──┤ Rx(5.4033) ├»
     ┌┴────────────┴┐├────────────┤├────────────┤    └────────────┘»
q_2: ┤ Rx(0.015993) ├┤ Ry(3.1594) ├┤ Rz(5.0082) ├──────────────────»
     └┬────────────┬┘├────────────┤├────────────┤                  »
q_3: ─┤ Rx(2.2128) ├─┤ Ry(4.7236) ├┤ Rz(2.8318) ├──────────────────»
      └────────────┘ └────────────┘└────────────┘                  »
«     ┌────────────┐┌───────────┐    ┌─────────────┐┌────────────┐»
«q_0: ┤ Ry(3.0023) ├┤ Rz(2.683) ├──■─┤ Rx(0.27067) ├┤ Ry(5.1453) ├»
«     └┬──────────┬┘├───────────┴┐ │ └─────────────┘└────────────┘»
«q_1: ─┤ Ry(3.47) ├─┤ Rz(4.0838) ├─┼──────────────────────────────»
«      └──────────┘ └────────────┘ │  ┌────────────┐┌────────────┐»
«q_2: ─────────────────────────────■──┤ Rx(1.2588) ├┤ Ry(4.7003) ├»
«                                     └────────────┘└────────────┘»
«q_3: ────────────────────────────────────────────────────────────»
«                                                                 »
«     ┌────────────┐                                                           »
«q_0: ┤ Rz(2.6484) ├─■─────────────────────────────────────────────────────────»
«     └────────────┘ │               ┌────────────┐┌────────────┐┌────────────┐»
«q_1: ───────────────┼───────■───────┤ Rx(6.7465) ├┤ Ry(4.6741) ├┤ Rz(5.7966) ├»
«     ┌────────────┐ │       │       ├────────────┤├───────────┬┘├────────────┤»
«q_2: ┤ Rz(4.1392) ├─┼───────■───────┤ Rx(4.8632) ├┤ Ry(4.674) ├─┤ Rz(2.9884) ├»
«     └────────────┘ │ ┌────────────┐└┬──────────┬┘├───────────┴┐└────────────┘»
«q_3: ───────────────■─┤ Rx(5.8661) ├─┤ Ry(4.05) ├─┤ Rz(2.6626) ├──────────────»
«                      └────────────┘ └──────────┘ └────────────┘              »
«                                                       ░ ┌────────────┐ ░    »
«q_0: ──────────────────────────────────────────────────░─┤ sensing_dm ├─░────»
«                                                       ░ ├────────────┤ ░    »
«q_1: ─■────────────────────────────────────────────────░─┤ sensing_dm ├─░────»
«      │                                                ░ ├────────────┤ ░    »
«q_2: ─┼─────────────────────────────────────────────■──░─┤ sensing_dm ├─░──■─»
«      │ ┌─────────────┐┌────────────┐┌────────────┐ │  ░ ├────────────┤ ░  │ »
«q_3: ─■─┤ Rx(0.59255) ├┤ Ry(3.4982) ├┤ Rz(5.2085) ├─■──░─┤ sensing_dm ├─░──■─»
«        └─────────────┘└────────────┘└────────────┘    ░ └────────────┘ ░    »
«                                                                    »
«q_0: ───────────────────────────────────────────────────────────────»
«                                                     ┌─────────────┐»
«q_1: ──────────────────────────────────────────────■─┤ Rz(-5.9283) ├»
«      ┌────────────┐┌─────────────┐┌─────────────┐ │ └─────────────┘»
«q_2: ─┤ Rz(-2.957) ├┤ Ry(-4.2143) ├┤ Rx(-5.8433) ├─┼────────────────»
«     ┌┴────────────┤├─────────────┤├─────────────┤ │ ┌─────────────┐»
«q_3: ┤ Rz(-0.8446) ├┤ Ry(-1.8197) ├┤ Rx(-5.9268) ├─■─┤ Rz(-5.1334) ├»
«     └─────────────┘└─────────────┘└─────────────┘   └─────────────┘»
«                                           ┌───────────────┐┌─────────────┐ »
«q_0: ────────────────────────────────────■─┤ Rz(-0.076408) ├┤ Ry(-5.3634) ├─»
«     ┌──────────────┐┌─────────────┐     │ └┬─────────────┬┘├─────────────┴┐»
«q_1: ┤ Ry(-0.43686) ├┤ Rx(-3.3867) ├──■──┼──┤ Rz(-5.5828) ├─┤ Ry(-0.87061) ├»
«     └──────────────┘└─────────────┘  │  │  ├─────────────┴┐├─────────────┬┘»
«q_2: ─────────────────────────────────■──┼──┤ Rz(-0.11655) ├┤ Ry(-0.2389) ├─»
«     ┌─────────────┐ ┌──────────────┐    │  ├─────────────┬┘├─────────────┤ »
«q_3: ┤ Ry(-2.9993) ├─┤ Rx(-0.25528) ├────■──┤ Rz(-4.4997) ├─┤ Ry(-2.4308) ├─»
«     └─────────────┘ └──────────────┘       └─────────────┘ └─────────────┘ »
«     ┌─────────────┐   ┌─────────────┐┌─────────────┐ ┌─────────────┐   »
«q_0: ┤ Rx(-2.9653) ├─■─┤ Rz(-4.9504) ├┤ Ry(-3.4108) ├─┤ Rx(-6.1714) ├─■─»
«     ├─────────────┤ │ └─────────────┘└─────────────┘ └─────────────┘ │ »
«q_1: ┤ Rx(-4.4362) ├─┼────────────────────────────────────────────────■─»
«     ├─────────────┤ │ ┌─────────────┐┌──────────────┐┌─────────────┐   »
«q_2: ┤ Rx(-4.0326) ├─■─┤ Rz(-1.7228) ├┤ Ry(-0.26107) ├┤ Rx(-2.1555) ├───»
«     └┬────────────┤   └─────────────┘└──────────────┘└─────────────┘   »
«q_3: ─┤ Rx(-3.372) ├────────────────────────────────────────────────────»
«      └────────────┘                                                    »
«     ┌─────────────┐┌─────────────┐┌─────────────┐ ░                   »
«q_0: ┤ Rz(-3.6002) ├┤ Ry(-1.6089) ├┤ Rx(-3.9932) ├─░───────────────────»
«     ├─────────────┤└┬────────────┤├─────────────┤ ░                   »
«q_1: ┤ Rz(-5.3164) ├─┤ Ry(-6.041) ├┤ Rx(-4.1387) ├─░───────────────────»
«     └─────────────┘ └────────────┘└─────────────┘ ░    ┌─────────────┐»
«q_2: ──────────────────────────────────────────────░──■─┤ Rz(-6.1649) ├»
«                                                   ░  │ ├─────────────┤»
«q_3: ──────────────────────────────────────────────░──■─┤ Rz(-4.1328) ├»
«                                                   ░    └─────────────┘»
«                                                                      »
«q_0: ─────────────────────────────────────────────────────────────────»
«                                       ┌─────────────┐ ┌────────────┐ »
«q_1: ────────────────────────────────■─┤ Rz(-3.3163) ├─┤ Ry(-1.804) ├─»
«     ┌─────────────┐┌──────────────┐ │ └─────────────┘ └────────────┘ »
«q_2: ┤ Ry(-1.7268) ├┤ Rx(-0.60073) ├─┼────────────────────────────────»
«     ├─────────────┤├──────────────┤ │ ┌─────────────┐┌──────────────┐»
«q_3: ┤ Ry(-5.9942) ├┤ Rx(-0.39435) ├─■─┤ Rz(-6.2055) ├┤ Ry(-0.67046) ├»
«     └─────────────┘└──────────────┘   └─────────────┘└──────────────┘»
«                           ┌────────────┐┌─────────────┐┌──────────────┐   »
«q_0: ───────────────────■──┤ Rz(-2.054) ├┤ Ry(-3.8262) ├┤ Rx(-0.64985) ├─■─»
«     ┌─────────────┐    │ ┌┴────────────┤├─────────────┤├─────────────┬┘ │ »
«q_1: ┤ Rx(-1.6779) ├─■──┼─┤ Rz(-1.4784) ├┤ Ry(-1.0321) ├┤ Rx(-2.3702) ├──┼─»
«     └─────────────┘ │  │ └┬────────────┤├─────────────┤├─────────────┴┐ │ »
«q_2: ────────────────■──┼──┤ Rz(-4.796) ├┤ Ry(-1.4944) ├┤ Rx(-0.89697) ├─■─»
«     ┌─────────────┐    │ ┌┴────────────┤├─────────────┤├─────────────┬┘   »
«q_3: ┤ Rx(-2.6799) ├────■─┤ Rz(-1.1009) ├┤ Ry(-5.5025) ├┤ Rx(-2.6623) ├────»
«     └─────────────┘      └─────────────┘└─────────────┘└─────────────┘    »
«     ┌─────────────┐┌─────────────┐┌─────────────┐   ┌─────────────┐»
«q_0: ┤ Rz(-3.3884) ├┤ Ry(-2.1816) ├┤ Rx(-4.5661) ├─■─┤ Rz(-2.5588) ├»
«     └─────────────┘└─────────────┘└─────────────┘ │ ├─────────────┤»
«q_1: ──────────────────────────────────────────────■─┤ Rz(-1.9918) ├»
«     ┌─────────────┐ ┌────────────┐ ┌───────────┐    └─────────────┘»
«q_2: ┤ Rz(-2.0189) ├─┤ Ry(-5.644) ├─┤ Rx(-3.49) ├───────────────────»
«     └─────────────┘ └────────────┘ └───────────┘                   »
«q_3: ───────────────────────────────────────────────────────────────»
«                                                                    »
«     ┌─────────────┐ ┌────────────┐ ░                                  »
«q_0: ┤ Ry(-1.1395) ├─┤ Rx(-4.947) ├─░──────────────────────────────────»
«     └┬───────────┬┘┌┴────────────┤ ░                                  »
«q_1: ─┤ Ry(-4.74) ├─┤ Rx(-5.0961) ├─░──────────────────────────────────»
«      └───────────┘ └─────────────┘ ░    ┌─────────────┐┌─────────────┐»
«q_2: ───────────────────────────────░──■─┤ Rz(-1.4504) ├┤ Ry(-3.1219) ├»
«                                    ░  │ ├─────────────┤├─────────────┤»
«q_3: ───────────────────────────────░──■─┤ Rz(-5.3988) ├┤ Ry(-3.8908) ├»
«                                    ░    └─────────────┘└─────────────┘»
«                                                                           »
«q_0: ────────────────────────────────────────────────────────────────────■─»
«                       ┌─────────────┐┌─────────────┐┌──────────────┐    │ »
«q_1: ────────────────■─┤ Rz(-4.7012) ├┤ Ry(-5.5832) ├┤ Rx(-0.10767) ├─■──┼─»
«     ┌─────────────┐ │ └─────────────┘└─────────────┘└──────────────┘ │  │ »
«q_2: ┤ Rx(-3.0104) ├─┼────────────────────────────────────────────────■──┼─»
«     ├─────────────┤ │ ┌─────────────┐┌─────────────┐┌─────────────┐     │ »
«q_3: ┤ Rx(-3.0828) ├─■─┤ Rz(-3.7317) ├┤ Ry(-1.8815) ├┤ Rx(-5.2618) ├─────■─»
«     └─────────────┘   └─────────────┘└─────────────┘└─────────────┘       »
«     ┌─────────────┐ ┌─────────────┐ ┌─────────────┐   ┌─────────────┐»
«q_0: ┤ Rz(-5.8062) ├─┤ Ry(-3.6234) ├─┤ Rx(-3.3559) ├─■─┤ Rz(-5.5629) ├»
«     ├─────────────┴┐├─────────────┤ ├─────────────┤ │ └─────────────┘»
«q_1: ┤ Rz(-0.45989) ├┤ Ry(-2.7598) ├─┤ Rx(-2.8565) ├─┼────────────────»
«     ├──────────────┤├─────────────┤ ├─────────────┤ │ ┌─────────────┐»
«q_2: ┤ Rz(-0.22092) ├┤ Ry(-3.0023) ├─┤ Rx(-5.6533) ├─■─┤ Rz(-1.4929) ├»
«     ├─────────────┬┘├─────────────┴┐├─────────────┤   └─────────────┘»
«q_3: ┤ Rz(-5.5889) ├─┤ Ry(-0.53245) ├┤ Rx(-0.9269) ├──────────────────»
«     └─────────────┘ └──────────────┘└─────────────┘                  »
«     ┌─────────────┐┌─────────────┐   ┌─────────────┐┌──────────────┐»
«q_0: ┤ Ry(-4.3366) ├┤ Rx(-5.3451) ├─■─┤ Rz(-5.0121) ├┤ Ry(-0.85755) ├»
«     └─────────────┘└─────────────┘ │ ├─────────────┤├─────────────┬┘»
«q_1: ───────────────────────────────■─┤ Rz(-1.6306) ├┤ Ry(-3.5501) ├─»
«     ┌─────────────┐┌─────────────┐   └─────────────┘└─────────────┘ »
«q_2: ┤ Ry(-2.5358) ├┤ Rx(-4.4053) ├──────────────────────────────────»
«     └─────────────┘└─────────────┘                                  »
«q_3: ────────────────────────────────────────────────────────────────»
«                                                                     »
«     ┌─────────────┐
«q_0: ┤ Rx(-1.8497) ├
«     ├─────────────┤
«q_1: ┤ Rx(-1.3927) ├
«     └─────────────┘
«q_2: ───────────────
«                    
«q_3: ───────────────
«                    
0 3.3194831971332113e-06
5 6.262301740772811e-07
10 1.6707535703713855e-06
15 1.9703861328590688e-06
20 1.7736106785841542e-06
25 2.4297917550402255e-06
30 1.7195540636155218e-06
35 1.4110793467484192e-06
40 1.6235723123224453e-06
45 1.2044299100126548e-06
50 1.1787137357252027e-06
2.6702946365865704e-09
6.812506871448418e-07
