      ┌────────────┐ ┌────────────┐┌────────────┐   ┌─────────────┐»
q_0: ─┤ Rx(1.9548) ├─┤ Ry(1.5689) ├┤ Rz(4.5104) ├─■─┤ Rx(0.84252) ├»
      ├────────────┤ ├────────────┤├────────────┤ │ └┬────────────┤»
q_1: ─┤ Rx(1.4426) ├─┤ Ry(4.7199) ├┤ Rz(5.9795) ├─■──┤ Rx(5.4033) ├»
     ┌┴────────────┴┐├────────────┤├────────────┤    └────────────┘»
q_2: ┤ Rx(0.015993) ├┤ Ry(3.1594) ├┤ Rz(5.0082) ├──────────────────»
     └┬────────────┬┘├────────────┤├────────────┤                  »
q_3: ─┤ Rx(2.2128) ├─┤ Ry(4.7236) ├┤ Rz(2.8318) ├──────────────────»
      └────────────┘ └────────────┘└────────────┘                  »
«     ┌────────────┐┌───────────┐    ┌─────────────┐┌────────────┐»
«q_0: ┤ Ry(3.0023) ├┤ Rz(2.683) ├──■─┤ Rx(0.27067) ├┤ Ry(5.1453) ├»
«     └┬──────────┬┘├───────────┴┐ │ └─────────────┘└────────────┘»
«q_1: ─┤ Ry(3.47) ├─┤ Rz(4.0838) ├─┼──────────────────────────────»
«      └──────────┘ └────────────┘ │  ┌────────────┐┌────────────┐»
«q_2: ─────────────────────────────■──┤ Rx(1.2588) ├┤ Ry(4.7003) ├»
«                                     └────────────┘└────────────┘»
«q_3: ────────────────────────────────────────────────────────────»
«                                                                 »
«     ┌────────────┐                                                           »
«q_0: ┤ Rz(2.6484) ├─■─────────────────────────────────────────────────────────»
«     └────────────┘ │               ┌────────────┐┌────────────┐┌────────────┐»
«q_1: ───────────────┼───────■───────┤ Rx(6.7465) ├┤ Ry(4.6741) ├┤ Rz(5.7966) ├»
«     ┌────────────┐ │       │       ├────────────┤├───────────┬┘├────────────┤»
«q_2: ┤ Rz(4.1392) ├─┼───────■───────┤ Rx(4.8632) ├┤ Ry(4.674) ├─┤ Rz(2.9884) ├»
«     └────────────┘ │ ┌────────────┐└┬──────────┬┘├───────────┴┐└────────────┘»
«q_3: ───────────────■─┤ Rx(5.8661) ├─┤ Ry(4.05) ├─┤ Rz(2.6626) ├──────────────»
«                      └────────────┘ └──────────┘ └────────────┘              »
«                                                       ░ ┌────────────┐ ░    »
«q_0: ──────────────────────────────────────────────────░─┤ sensing_dm ├─░────»
«                                                       ░ ├────────────┤ ░    »
«q_1: ─■────────────────────────────────────────────────░─┤ sensing_dm ├─░────»
«      │                                                ░ ├────────────┤ ░    »
«q_2: ─┼─────────────────────────────────────────────■──░─┤ sensing_dm ├─░──■─»
«      │ ┌─────────────┐┌────────────┐┌────────────┐ │  ░ ├────────────┤ ░  │ »
«q_3: ─■─┤ Rx(0.59255) ├┤ Ry(3.4982) ├┤ Rz(5.2085) ├─■──░─┤ sensing_dm ├─░──■─»
«        └─────────────┘└────────────┘└────────────┘    ░ └────────────┘ ░    »
«                                                                    »
«q_0: ───────────────────────────────────────────────────────────────»
«                                                     ┌─────────────┐»
«q_1: ──────────────────────────────────────────────■─┤ Rz(-2.6683) ├»
«     ┌─────────────┐┌─────────────┐┌─────────────┐ │ └─────────────┘»
«q_2: ┤ Rz(-4.6506) ├┤ Ry(-2.0583) ├┤ Rx(-4.4586) ├─┼────────────────»
«     ├─────────────┤├─────────────┤├─────────────┤ │ ┌─────────────┐»
«q_3: ┤ Rz(-2.5956) ├┤ Ry(-6.0593) ├┤ Rx(-3.3931) ├─■─┤ Rz(-4.5586) ├»
«     └─────────────┘└─────────────┘└─────────────┘   └─────────────┘»
«                                         ┌─────────────┐ ┌─────────────┐»
«q_0: ──────────────────────────────────■─┤ Rz(-5.2844) ├─┤ Ry(-4.1669) ├»
«     ┌─────────────┐ ┌────────────┐    │ ├─────────────┤ ├─────────────┤»
«q_1: ┤ Ry(-6.1477) ├─┤ Rx(-3.874) ├─■──┼─┤ Rz(-5.9297) ├─┤ Ry(-4.7971) ├»
«     └─────────────┘ └────────────┘ │  │ ├─────────────┴┐├─────────────┤»
«q_2: ───────────────────────────────■──┼─┤ Rz(-0.79834) ├┤ Ry(-4.6998) ├»
«     ┌─────────────┐┌─────────────┐    │ ├──────────────┤├─────────────┤»
«q_3: ┤ Ry(-4.5259) ├┤ Rx(-1.3188) ├────■─┤ Rz(-0.90685) ├┤ Ry(-2.1596) ├»
«     └─────────────┘└─────────────┘      └──────────────┘└─────────────┘»
«     ┌─────────────┐    ┌─────────────┐┌─────────────┐┌─────────────┐   »
«q_0: ┤ Rx(-1.7065) ├──■─┤ Rz(-0.2434) ├┤ Ry(-1.8693) ├┤ Rx(-5.5484) ├─■─»
«     ├─────────────┴┐ │ └─────────────┘└─────────────┘└─────────────┘ │ »
«q_1: ┤ Rx(-0.98729) ├─┼───────────────────────────────────────────────■─»
«     ├─────────────┬┘ │ ┌─────────────┐ ┌────────────┐┌─────────────┐   »
«q_2: ┤ Rx(-1.1831) ├──■─┤ Rz(-1.8869) ├─┤ Ry(-6.213) ├┤ Rx(-2.7446) ├───»
«     ├─────────────┤    └─────────────┘ └────────────┘└─────────────┘   »
«q_3: ┤ Rx(-4.6342) ├────────────────────────────────────────────────────»
«     └─────────────┘                                                    »
«     ┌─────────────┐┌─────────────┐┌─────────────┐ ░                   »
«q_0: ┤ Rz(-2.3799) ├┤ Ry(-3.0745) ├┤ Rx(-5.8644) ├─░───────────────────»
«     ├─────────────┤├─────────────┤├─────────────┤ ░                   »
«q_1: ┤ Rz(-3.4111) ├┤ Ry(-5.1224) ├┤ Rx(-5.1377) ├─░───────────────────»
«     └─────────────┘└─────────────┘└─────────────┘ ░    ┌─────────────┐»
«q_2: ──────────────────────────────────────────────░──■─┤ Rz(-1.2162) ├»
«                                                   ░  │ ├─────────────┤»
«q_3: ──────────────────────────────────────────────░──■─┤ Rz(-5.1808) ├»
«                                                   ░    └─────────────┘»
«                                                                     »
«q_0: ────────────────────────────────────────────────────────────────»
«                                      ┌─────────────┐┌──────────────┐»
«q_1: ───────────────────────────────■─┤ Rz(-2.2415) ├┤ Ry(-0.77473) ├»
«     ┌─────────────┐ ┌────────────┐ │ └─────────────┘└──────────────┘»
«q_2: ┤ Ry(-3.9101) ├─┤ Rx(-5.509) ├─┼────────────────────────────────»
«     ├─────────────┤┌┴────────────┤ │ ┌─────────────┐┌─────────────┐ »
«q_3: ┤ Ry(-3.5706) ├┤ Rx(-6.1993) ├─■─┤ Rz(-5.2255) ├┤ Ry(-4.6241) ├─»
«     └─────────────┘└─────────────┘   └─────────────┘└─────────────┘ »
«                          ┌──────────────┐┌─────────────┐┌─────────────┐    »
«q_0: ───────────────────■─┤ Rz(-0.86381) ├┤ Ry(-5.9442) ├┤ Rx(-6.1819) ├──■─»
«     ┌─────────────┐    │ ├─────────────┬┘└┬────────────┤├─────────────┤  │ »
«q_1: ┤ Rx(-4.4509) ├─■──┼─┤ Rz(-6.1692) ├──┤ Ry(-2.115) ├┤ Rx(-5.4122) ├──┼─»
«     └─────────────┘ │  │ ├─────────────┴┐┌┴────────────┤├─────────────┤  │ »
«q_2: ────────────────■──┼─┤ Rz(-0.45901) ├┤ Ry(-3.6659) ├┤ Rx(-5.0252) ├──■─»
«     ┌─────────────┐    │ ├─────────────┬┘├─────────────┤├─────────────┴┐   »
«q_3: ┤ Rx(-4.8373) ├────■─┤ Rz(-5.9605) ├─┤ Ry(-4.9586) ├┤ Rx(-0.58613) ├───»
«     └─────────────┘      └─────────────┘ └─────────────┘└──────────────┘   »
«     ┌─────────────┐┌─────────────┐ ┌──────────────┐   ┌──────────────┐»
«q_0: ┤ Rz(-6.2228) ├┤ Ry(-6.0306) ├─┤ Rx(-0.91849) ├─■─┤ Rz(-0.99246) ├»
«     └─────────────┘└─────────────┘ └──────────────┘ │ ├─────────────┬┘»
«q_1: ────────────────────────────────────────────────■─┤ Rz(-2.3222) ├─»
«     ┌─────────────┐┌──────────────┐┌─────────────┐    └─────────────┘ »
«q_2: ┤ Rz(-3.0487) ├┤ Ry(-0.37675) ├┤ Rx(-1.5618) ├────────────────────»
«     └─────────────┘└──────────────┘└─────────────┘                    »
«q_3: ──────────────────────────────────────────────────────────────────»
«                                                                       »
«      ┌────────────┐ ┌─────────────┐ ░                                  »
«q_0: ─┤ Ry(-2.231) ├─┤ Rx(-3.2406) ├─░──────────────────────────────────»
«     ┌┴────────────┴┐├─────────────┤ ░                                  »
«q_1: ┤ Ry(-0.85813) ├┤ Rx(-2.8749) ├─░──────────────────────────────────»
«     └──────────────┘└─────────────┘ ░    ┌─────────────┐┌─────────────┐»
«q_2: ────────────────────────────────░──■─┤ Rz(-5.6904) ├┤ Ry(-5.4636) ├»
«                                     ░  │ ├─────────────┤├─────────────┤»
«q_3: ────────────────────────────────░──■─┤ Rz(-2.1017) ├┤ Ry(-0.7051) ├»
«                                     ░    └─────────────┘└─────────────┘»
«                                                                           »
«q_0: ────────────────────────────────────────────────────────────────────■─»
«                       ┌──────────────┐┌─────────────┐┌─────────────┐    │ »
«q_1: ────────────────■─┤ Rz(-0.17319) ├┤ Ry(-2.1483) ├┤ Rx(-1.8953) ├─■──┼─»
«     ┌─────────────┐ │ └──────────────┘└─────────────┘└─────────────┘ │  │ »
«q_2: ┤ Rx(-3.9774) ├─┼────────────────────────────────────────────────■──┼─»
«     ├─────────────┤ │ ┌─────────────┐ ┌─────────────┐ ┌────────────┐    │ »
«q_3: ┤ Rx(-1.6512) ├─■─┤ Rz(-2.7743) ├─┤ Ry(-1.2784) ├─┤ Rx(-5.959) ├────■─»
«     └─────────────┘   └─────────────┘ └─────────────┘ └────────────┘      »
«     ┌──────────────┐┌─────────────┐ ┌─────────────┐    ┌─────────────┐»
«q_0: ┤ Rz(-0.65856) ├┤ Ry(-6.0441) ├─┤ Rx(-3.9926) ├──■─┤ Rz(-5.7968) ├»
«     ├─────────────┬┘├─────────────┤ ├─────────────┴┐ │ └─────────────┘»
«q_1: ┤ Rz(-5.2885) ├─┤ Ry(-2.2935) ├─┤ Rx(-0.90874) ├─┼────────────────»
«     └┬────────────┤ ├─────────────┴┐├─────────────┬┘ │ ┌─────────────┐»
«q_2: ─┤ Rz(-3.435) ├─┤ Ry(-0.79479) ├┤ Rx(-3.9868) ├──■─┤ Rz(-2.9604) ├»
«     ┌┴────────────┴┐├─────────────┬┘├─────────────┤    └─────────────┘»
«q_3: ┤ Rz(-0.50551) ├┤ Ry(-1.1521) ├─┤ Rx(-3.3043) ├───────────────────»
«     └──────────────┘└─────────────┘ └─────────────┘                   »
«     ┌─────────────┐┌─────────────┐   ┌─────────────┐ ┌─────────────┐»
«q_0: ┤ Ry(-3.3592) ├┤ Rx(-4.6236) ├─■─┤ Rz(-4.9829) ├─┤ Ry(-2.2317) ├»
«     └─────────────┘└─────────────┘ │ ├─────────────┴┐├─────────────┤»
«q_1: ───────────────────────────────■─┤ Rz(-0.20965) ├┤ Ry(-2.4752) ├»
«     ┌─────────────┐┌─────────────┐   └──────────────┘└─────────────┘»
«q_2: ┤ Ry(-4.8388) ├┤ Rx(-5.2832) ├──────────────────────────────────»
«     └─────────────┘└─────────────┘                                  »
«q_3: ────────────────────────────────────────────────────────────────»
«                                                                     »
«     ┌─────────────┐ ░                                                    »
«q_0: ┤ Rx(-5.1474) ├─░────────────────────────────────────────────────────»
«     ├─────────────┤ ░                                                    »
«q_1: ┤ Rx(-4.9653) ├─░──────────────────────────────────────────────────■─»
«     └─────────────┘ ░    ┌─────────────┐┌─────────────┐ ┌────────────┐ │ »
«q_2: ────────────────░──■─┤ Rz(-3.2518) ├┤ Ry(-5.2049) ├─┤ Rx(-1.484) ├─┼─»
«                     ░  │ ├─────────────┤├─────────────┤┌┴────────────┤ │ »
«q_3: ────────────────░──■─┤ Rz(-1.4556) ├┤ Ry(-1.3558) ├┤ Rx(-3.6969) ├─■─»
«                     ░    └─────────────┘└─────────────┘└─────────────┘   »
«                                                         ┌─────────────┐»
«q_0: ──────────────────────────────────────────────────■─┤ Rz(-4.8124) ├»
«     ┌─────────────┐┌─────────────┐┌─────────────┐     │ ├─────────────┤»
«q_1: ┤ Rz(-1.7815) ├┤ Ry(-2.8836) ├┤ Rx(-1.0172) ├──■──┼─┤ Rz(-2.8445) ├»
«     └─────────────┘└─────────────┘└─────────────┘  │  │ ├─────────────┤»
«q_2: ───────────────────────────────────────────────■──┼─┤ Rz(-5.1693) ├»
«     ┌─────────────┐┌─────────────┐┌──────────────┐    │ ├─────────────┤»
«q_3: ┤ Rz(-5.3958) ├┤ Ry(-6.1208) ├┤ Rx(-0.90967) ├────■─┤ Rz(-6.1666) ├»
«     └─────────────┘└─────────────┘└──────────────┘      └─────────────┘»
«     ┌─────────────┐┌───────────────┐   ┌─────────────┐┌─────────────┐»
«q_0: ┤ Ry(-2.8676) ├┤ Rx(-0.052092) ├─■─┤ Rz(-5.5409) ├┤ Ry(-3.0928) ├»
«     └┬────────────┤└┬─────────────┬┘ │ └─────────────┘└─────────────┘»
«q_1: ─┤ Ry(-4.127) ├─┤ Rx(-3.2546) ├──┼───────────────────────────────»
«      ├────────────┤ ├─────────────┤  │ ┌─────────────┐┌─────────────┐»
«q_2: ─┤ Ry(-4.089) ├─┤ Rx(-5.6268) ├──■─┤ Rz(-6.0099) ├┤ Ry(-2.5377) ├»
«     ┌┴────────────┤┌┴─────────────┴┐   └─────────────┘└─────────────┘»
«q_3: ┤ Ry(-1.0012) ├┤ Rx(-0.025368) ├─────────────────────────────────»
«     └─────────────┘└───────────────┘                                 »
«     ┌─────────────┐   ┌─────────────┐┌─────────────┐ ┌────────────┐
«q_0: ┤ Rx(-5.9774) ├─■─┤ Rz(-5.9185) ├┤ Ry(-2.5364) ├─┤ Rx(-2.061) ├
«     └─────────────┘ │ ├─────────────┤├─────────────┤┌┴────────────┤
«q_1: ────────────────■─┤ Rz(-5.8222) ├┤ Ry(-3.9099) ├┤ Rx(-5.3576) ├
«     ┌─────────────┐   └─────────────┘└─────────────┘└─────────────┘
«q_2: ┤ Rx(-3.4066) ├────────────────────────────────────────────────
«     └─────────────┘                                                
«q_3: ───────────────────────────────────────────────────────────────
«                                                                    
0 3.600491107244154e-06
5 1.9448163232367885e-06
10 6.576752402167738e-07
5.003143626635422e-09
3.0629997407753435e-06
