      ┌────────────┐ ┌────────────┐┌────────────┐   ┌─────────────┐»
q_0: ─┤ Rx(1.9548) ├─┤ Ry(1.5689) ├┤ Rz(4.5104) ├─■─┤ Rx(0.84252) ├»
      ├────────────┤ ├────────────┤├────────────┤ │ └┬────────────┤»
q_1: ─┤ Rx(1.4426) ├─┤ Ry(4.7199) ├┤ Rz(5.9795) ├─■──┤ Rx(5.4033) ├»
     ┌┴────────────┴┐├────────────┤├────────────┤    └────────────┘»
q_2: ┤ Rx(0.015993) ├┤ Ry(3.1594) ├┤ Rz(5.0082) ├──────────────────»
     └┬────────────┬┘├────────────┤├────────────┤                  »
q_3: ─┤ Rx(2.2128) ├─┤ Ry(4.7236) ├┤ Rz(2.8318) ├──────────────────»
      └────────────┘ └────────────┘└────────────┘                  »
«     ┌────────────┐┌───────────┐    ┌─────────────┐┌────────────┐»
«q_0: ┤ Ry(3.0023) ├┤ Rz(2.683) ├──■─┤ Rx(0.27067) ├┤ Ry(5.1453) ├»
«     └┬──────────┬┘├───────────┴┐ │ └─────────────┘└────────────┘»
«q_1: ─┤ Ry(3.47) ├─┤ Rz(4.0838) ├─┼──────────────────────────────»
«      └──────────┘ └────────────┘ │  ┌────────────┐┌────────────┐»
«q_2: ─────────────────────────────■──┤ Rx(1.2588) ├┤ Ry(4.7003) ├»
«                                     └────────────┘└────────────┘»
«q_3: ────────────────────────────────────────────────────────────»
«                                                                 »
«     ┌────────────┐                                                           »
«q_0: ┤ Rz(2.6484) ├─■─────────────────────────────────────────────────────────»
«     └────────────┘ │               ┌────────────┐┌────────────┐┌────────────┐»
«q_1: ───────────────┼───────■───────┤ Rx(6.7465) ├┤ Ry(4.6741) ├┤ Rz(5.7966) ├»
«     ┌────────────┐ │       │       ├────────────┤├───────────┬┘├────────────┤»
«q_2: ┤ Rz(4.1392) ├─┼───────■───────┤ Rx(4.8632) ├┤ Ry(4.674) ├─┤ Rz(2.9884) ├»
«     └────────────┘ │ ┌────────────┐└┬──────────┬┘├───────────┴┐└────────────┘»
«q_3: ───────────────■─┤ Rx(5.8661) ├─┤ Ry(4.05) ├─┤ Rz(2.6626) ├──────────────»
«                      └────────────┘ └──────────┘ └────────────┘              »
«                                                       ░ ┌────────────┐ ░    »
«q_0: ──────────────────────────────────────────────────░─┤ sensing_dm ├─░────»
«                                                       ░ ├────────────┤ ░    »
«q_1: ─■────────────────────────────────────────────────░─┤ sensing_dm ├─░────»
«      │                                                ░ ├────────────┤ ░    »
«q_2: ─┼─────────────────────────────────────────────■──░─┤ sensing_dm ├─░──■─»
«      │ ┌─────────────┐┌────────────┐┌────────────┐ │  ░ ├────────────┤ ░  │ »
«q_3: ─■─┤ Rx(0.59255) ├┤ Ry(3.4982) ├┤ Rz(5.2085) ├─■──░─┤ sensing_dm ├─░──■─»
«        └─────────────┘└────────────┘└────────────┘    ░ └────────────┘ ░    »
«                                                                    »
«q_0: ───────────────────────────────────────────────────────────────»
«                                                     ┌─────────────┐»
«q_1: ──────────────────────────────────────────────■─┤ Rz(-2.7824) ├»
«     ┌─────────────┐┌─────────────┐┌─────────────┐ │ └─────────────┘»
«q_2: ┤ Rz(-2.8835) ├┤ Ry(-5.2143) ├┤ Rx(-2.7082) ├─┼────────────────»
«     ├─────────────┤├─────────────┤├─────────────┤ │ ┌─────────────┐»
«q_3: ┤ Rz(-1.8722) ├┤ Ry(-3.7963) ├┤ Rx(-3.9537) ├─■─┤ Rz(-5.3412) ├»
«     └─────────────┘└─────────────┘└─────────────┘   └─────────────┘»
«                                          ┌─────────────┐  ┌─────────────┐ »
«q_0: ───────────────────────────────────■─┤ Rz(-5.4138) ├──┤ Ry(-2.2912) ├─»
«     ┌─────────────┐┌─────────────┐     │ └┬────────────┤  ├─────────────┤ »
«q_1: ┤ Ry(-5.9041) ├┤ Rx(-3.4742) ├──■──┼──┤ Rz(-5.672) ├──┤ Ry(-3.1759) ├─»
«     └─────────────┘└─────────────┘  │  │ ┌┴────────────┤ ┌┴─────────────┴┐»
«q_2: ────────────────────────────────■──┼─┤ Rz(-2.3313) ├─┤ Ry(-0.027525) ├»
«     ┌─────────────┐┌──────────────┐    │ ├─────────────┴┐└┬─────────────┬┘»
«q_3: ┤ Ry(-3.8212) ├┤ Rx(-0.42414) ├────■─┤ Rz(-0.66798) ├─┤ Ry(-1.6125) ├─»
«     └─────────────┘└──────────────┘      └──────────────┘ └─────────────┘ »
«      ┌────────────┐   ┌─────────────┐┌─────────────┐┌───────────────┐   »
«q_0: ─┤ Rx(-5.012) ├─■─┤ Rz(-1.6509) ├┤ Ry(-1.8482) ├┤ Rx(-0.058059) ├─■─»
«      ├────────────┤ │ └─────────────┘└─────────────┘└───────────────┘ │ »
«q_1: ─┤ Rx(-4.898) ├─┼─────────────────────────────────────────────────■─»
«     ┌┴────────────┤ │  ┌────────────┐┌─────────────┐ ┌─────────────┐    »
«q_2: ┤ Rx(-1.4157) ├─■──┤ Rz(-3.775) ├┤ Ry(-3.7466) ├─┤ Rx(-2.2293) ├────»
«     ├─────────────┤    └────────────┘└─────────────┘ └─────────────┘    »
«q_3: ┤ Rx(-5.8396) ├─────────────────────────────────────────────────────»
«     └─────────────┘                                                     »
«     ┌─────────────┐┌─────────────┐┌─────────────┐
«q_0: ┤ Rz(-4.2179) ├┤ Ry(-6.2206) ├┤ Rx(-4.5146) ├
«     ├─────────────┤├─────────────┤└┬────────────┤
«q_1: ┤ Rz(-1.2934) ├┤ Ry(-2.6381) ├─┤ Rx(-5.334) ├
«     └─────────────┘└─────────────┘ └────────────┘
«q_2: ─────────────────────────────────────────────
«                                                  
«q_3: ─────────────────────────────────────────────
«                                                  
0 1.6639048440277635e-06
5 7.26163690198762e-07
10 1.1707322044288625e-06
15 1.8383032310436254e-06
20 1.2951899311490527e-06
25 1.7593658460153455e-06
30 1.4684434821322201e-06
3.791935927792815e-09
1.1021938638552082e-06
