      ┌────────────┐  ┌────────────┐┌────────────┐   ┌────────────┐»
q_0: ─┤ Rx(2.1024) ├──┤ Ry(3.2336) ├┤ Rz(1.1971) ├─■─┤ Rx(1.5005) ├»
      ├────────────┤  ├────────────┤├────────────┤ │ ├────────────┤»
q_1: ─┤ Rx(3.9012) ├──┤ Ry(3.6651) ├┤ Rz(2.2644) ├─■─┤ Rx(4.0186) ├»
      ├────────────┤  ├────────────┤├────────────┤   └────────────┘»
q_2: ─┤ Rx(4.3609) ├──┤ Ry(1.7351) ├┤ Rz(1.6829) ├─────────────────»
      ├────────────┤ ┌┴────────────┤├────────────┤                 »
q_3: ─┤ Rx(1.9281) ├─┤ Ry(0.95423) ├┤ Rz(5.2196) ├─────────────────»
      ├────────────┤ └─┬──────────┬┘├───────────┬┘                 »
q_4: ─┤ Rx(1.3865) ├───┤ Ry(1.41) ├─┤ Rz(4.269) ├──────────────────»
      ├────────────┤  ┌┴──────────┴┐├───────────┴┐                 »
q_5: ─┤ Rx(4.5208) ├──┤ Ry(4.2574) ├┤ Rz(1.1301) ├─────────────────»
      ├────────────┤  ├────────────┤├───────────┬┘                 »
q_6: ─┤ Rx(6.0682) ├──┤ Ry(3.7534) ├┤ Rz(5.594) ├──────────────────»
     ┌┴────────────┴┐ ├────────────┤├───────────┴┐                 »
q_7: ┤ Rx(0.022853) ├─┤ Ry(2.8564) ├┤ Rz(5.4881) ├─────────────────»
     └┬────────────┬┘ ├────────────┤├────────────┤                 »
q_8: ─┤ Rx(4.0165) ├──┤ Ry(2.6558) ├┤ Rz(4.0006) ├─────────────────»
      └────────────┘  └────────────┘└────────────┘                 »
«     ┌──────────────┐ ┌────────────┐                                  »
«q_0: ┤ Ry(0.023274) ├─┤ Rz(2.7074) ├──────────────────────────────────»
«     └┬────────────┬┘┌┴────────────┤   ┌─────────────┐ ┌─────────────┐»
«q_1: ─┤ Ry(3.1503) ├─┤ Rz(0.56452) ├─■─┤ Rx(0.31487) ├─┤ Ry(0.24831) ├»
«      └────────────┘ └─────────────┘ │ ├─────────────┴┐├─────────────┤»
«q_2: ────────────────────────────────■─┤ Rx(0.057544) ├┤ Ry(0.55924) ├»
«                                       └──────────────┘└─────────────┘»
«q_3: ─────────────────────────────────────────────────────────────────»
«                                                                      »
«q_4: ─────────────────────────────────────────────────────────────────»
«                                                                      »
«q_5: ─────────────────────────────────────────────────────────────────»
«                                                                      »
«q_6: ─────────────────────────────────────────────────────────────────»
«                                                                      »
«q_7: ─────────────────────────────────────────────────────────────────»
«                                                                      »
«q_8: ─────────────────────────────────────────────────────────────────»
«                                                                      »
«                                                                  »
«q_0: ───────────────────────────────────────────────────────────■─»
«     ┌────────────┐                                             │ »
«q_1: ┤ Rz(3.1212) ├─────────────────────────────────────────────┼─»
«     ├────────────┤                                             │ »
«q_2: ┤ Rz(1.7947) ├─■───────────────────────────────────────────┼─»
«     └────────────┘ │ ┌────────────┐┌────────────┐┌───────────┐ │ »
«q_3: ───────────────■─┤ Rx(1.3977) ├┤ Ry(3.1457) ├┤ Rz(4.206) ├─■─»
«                      └────────────┘└────────────┘└───────────┘   »
«q_4: ─────────────────────────────────────────────────────────────»
«                                                                  »
«q_5: ─────────────────────────────────────────────────────────────»
«                                                                  »
«q_6: ─────────────────────────────────────────────────────────────»
«                                                                  »
«q_7: ─────────────────────────────────────────────────────────────»
«                                                                  »
«q_8: ─────────────────────────────────────────────────────────────»
«                                                                  »
«     ┌────────────┐┌────────────┐┌────────────┐                               »
«q_0: ┤ Rx(2.5714) ├┤ Ry(1.5861) ├┤ Rz(1.3705) ├───────────────────────────────»
«     └────────────┘└────────────┘└────────────┘                               »
«q_1: ─────────────────────────────────────────────────────────────────────────»
«                                                                              »
«q_2: ─────────────────────────────────────────────────────────────────────────»
«     ┌────────────┐┌────────────┐┌────────────┐                               »
«q_3: ┤ Rx(2.7521) ├┤ Ry(1.9886) ├┤ Rz(5.0673) ├─■─────────────────────────────»
«     └────────────┘└────────────┘└────────────┘ │ ┌────────────┐┌────────────┐»
«q_4: ───────────────────────────────────────────■─┤ Rx(4.7155) ├┤ Ry(4.1661) ├»
«                                                  └────────────┘└────────────┘»
«q_5: ─────────────────────────────────────────────────────────────────────────»
«                                                                              »
«q_6: ─────────────────────────────────────────────────────────────────────────»
«                                                                              »
«q_7: ─────────────────────────────────────────────────────────────────────────»
«                                                                              »
«q_8: ─────────────────────────────────────────────────────────────────────────»
«                                                                              »
«                                                                   »
«q_0: ────────────────────────────────────────────────────────────■─»
«                                                                 │ »
«q_1: ────────────────────────────────────────────────────────────┼─»
«                                                                 │ »
«q_2: ────────────────────────────────────────────────────────────┼─»
«                                                                 │ »
«q_3: ────────────────────────────────────────────────────────────┼─»
«     ┌────────────┐                                              │ »
«q_4: ┤ Rz(1.9118) ├─■────────────────────────────────────────────┼─»
«     └────────────┘ │ ┌────────────┐┌────────────┐┌────────────┐ │ »
«q_5: ───────────────■─┤ Rx(2.1199) ├┤ Ry(3.4154) ├┤ Rz(3.2573) ├─■─»
«                      └────────────┘└────────────┘└────────────┘   »
«q_6: ──────────────────────────────────────────────────────────────»
«                                                                   »
«q_7: ──────────────────────────────────────────────────────────────»
«                                                                   »
«q_8: ──────────────────────────────────────────────────────────────»
«                                                                   »
«      ┌───────────┐ ┌─────────────┐┌─────────────┐               »
«q_0: ─┤ Rx(5.915) ├─┤ Ry(0.76463) ├┤ Rz(0.84635) ├───────────────»
«      └───────────┘ └─────────────┘└─────────────┘               »
«q_1: ────────────────────────────────────────────────────────────»
«                                                                 »
«q_2: ────────────────────────────────────────────────────────────»
«                                                                 »
«q_3: ────────────────────────────────────────────────────────────»
«                                                                 »
«q_4: ────────────────────────────────────────────────────────────»
«     ┌─────────────┐ ┌────────────┐ ┌────────────┐               »
«q_5: ┤ Rx(0.96559) ├─┤ Ry(2.4443) ├─┤ Rz(1.9189) ├─■─────────────»
«     └─────────────┘ └────────────┘ └────────────┘ │ ┌──────────┐»
«q_6: ──────────────────────────────────────────────■─┤ Rx(6.02) ├»
«                                                     └──────────┘»
«q_7: ────────────────────────────────────────────────────────────»
«                                                                 »
«q_8: ────────────────────────────────────────────────────────────»
«                                                                 »
«                                                                             »
«q_0: ────────────────────────────────────────────────────────────────────────»
«                                                                             »
«q_1: ────────────────────────────────────────────────────────────────────────»
«                                                                             »
«q_2: ────────────────────────────────────────────────────────────────────────»
«                                                                             »
«q_3: ────────────────────────────────────────────────────────────────────────»
«                                                                             »
«q_4: ────────────────────────────────────────────────────────────────────────»
«                                                                             »
«q_5: ────────────────────────────────────────────────────────────────────────»
«     ┌────────────┐┌────────────┐                                            »
«q_6: ┤ Ry(3.4557) ├┤ Rz(4.3366) ├─■──────────────────────────────────────────»
«     └────────────┘└────────────┘ │ ┌───────────┐┌────────────┐┌────────────┐»
«q_7: ─────────────────────────────■─┤ Rx(1.212) ├┤ Ry(2.2416) ├┤ Rz(3.9778) ├»
«                                    └───────────┘└────────────┘└────────────┘»
«q_8: ────────────────────────────────────────────────────────────────────────»
«                                                                             »
«                                                                   »
«q_0: ─■────────────────────────────────────────────────────────────»
«      │                                                            »
«q_1: ─┼────────────────────────────────────────────────────────────»
«      │                                                            »
«q_2: ─┼────────────────────────────────────────────────────────────»
«      │                                                            »
«q_3: ─┼────────────────────────────────────────────────────────────»
«      │                                                            »
«q_4: ─┼────────────────────────────────────────────────────────────»
«      │                                                            »
«q_5: ─┼────────────────────────────────────────────────────────────»
«      │                                                            »
«q_6: ─┼────────────────────────────────────────────────────────────»
«      │ ┌────────────┐┌────────────┐┌────────────┐                 »
«q_7: ─■─┤ Rx(2.3426) ├┤ Ry(6.1979) ├┤ Rz(2.3914) ├─■───────────────»
«        └────────────┘└────────────┘└────────────┘ │ ┌────────────┐»
«q_8: ──────────────────────────────────────────────■─┤ Rx(5.7318) ├»
«                                                     └────────────┘»
«                                     ░ ┌────────────┐
«q_0: ────────────────────────────────░─┤ sensing_dm ├
«                                     ░ ├────────────┤
«q_1: ─────────────────────────────■──░─┤ sensing_dm ├
«                                  │  ░ ├────────────┤
«q_2: ─────────────────────────────┼──░─┤ sensing_dm ├
«                                  │  ░ ├────────────┤
«q_3: ─────────────────────────────┼──░─┤ sensing_dm ├
«                                  │  ░ ├────────────┤
«q_4: ─────────────────────────────┼──░─┤ sensing_dm ├
«                                  │  ░ ├────────────┤
«q_5: ─────────────────────────────┼──░─┤ sensing_dm ├
«                                  │  ░ ├────────────┤
«q_6: ─────────────────────────────┼──░─┤ sensing_dm ├
«                                  │  ░ ├────────────┤
«q_7: ─────────────────────────────┼──░─┤ sensing_dm ├
«     ┌────────────┐┌────────────┐ │  ░ ├────────────┤
«q_8: ┤ Ry(1.5942) ├┤ Rz(1.6078) ├─■──░─┤ sensing_dm ├
«     └────────────┘└────────────┘    ░ └────────────┘
0 0.028781245147599614
5 0.025409885046286176
10 0.023080413026969258
15 0.02129361531080668
20 0.01984017876769297
25 0.018712740045366123
30 0.017866332370060946
35 0.017279578288176622
40 0.01692625345269754
45 0.016695823479239685
50 0.016490431110585926
55 0.01628896494764664
60 0.016077198117605628
65 0.01588008165993948
70 0.01568162861491121
75 0.01553472075308654
80 0.015417923738942478
85 0.015292873344001753
90 0.015126514420764991
95 0.014772279949730412
100 0.014439551359848861
105 0.014134109492045499
110 0.013857981364007663
115 0.013627533199675931
120 0.01345124186149823
125 0.013319637672073864
130 0.013237065880864969
135 0.013181664252013673
140 0.013173768056802947
145 0.013170551144168829
150 0.013174294115392652
155 0.013171001276687739
160 0.013174800079762756
165 0.01317145727353023
170 0.013175268935838046
175 0.013171890653059178
180 0.013175749622792244
185 0.013172317244670894
190 0.013176228679929416
195 0.013172741094961927
0.013174210785932908
