      ┌────────────┐ ┌────────────┐ ┌────────────┐   ┌─────────────┐»
q_0: ─┤ Rx(3.5332) ├─┤ Ry(2.9477) ├─┤ Rz(5.1916) ├─■─┤ Rx(0.95584) ├»
      ├────────────┤┌┴────────────┴┐├────────────┤ │ └┬────────────┤»
q_1: ─┤ Rx(2.0249) ├┤ Ry(0.045877) ├┤ Rz(5.5321) ├─■──┤ Rx(4.8797) ├»
     ┌┴────────────┤└┬────────────┬┘├───────────┬┘    └────────────┘»
q_2: ┤ Rx(0.58762) ├─┤ Ry(3.1795) ├─┤ Rz(2.802) ├───────────────────»
     └┬────────────┤ ├────────────┤ ├───────────┴┐                  »
q_3: ─┤ Rx(4.2631) ├─┤ Ry(1.2452) ├─┤ Rz(1.4334) ├──────────────────»
      ├────────────┤┌┴────────────┤ ├────────────┤                  »
q_4: ─┤ Rx(6.1793) ├┤ Ry(0.59546) ├─┤ Rz(2.0825) ├──────────────────»
      ├────────────┤└┬────────────┤ ├────────────┤                  »
q_5: ─┤ Rx(4.8238) ├─┤ Ry(1.7067) ├─┤ Rz(1.1809) ├──────────────────»
      ├────────────┤ ├────────────┤ ├────────────┤                  »
q_6: ─┤ Rx(2.0068) ├─┤ Ry(1.2264) ├─┤ Rz(2.8968) ├──────────────────»
      ├────────────┤ ├────────────┤ ├────────────┤                  »
q_7: ─┤ Rx(4.5962) ├─┤ Ry(5.6055) ├─┤ Rz(4.9084) ├──────────────────»
      ├────────────┤ ├───────────┬┘ ├────────────┤                  »
q_8: ─┤ Rx(5.6911) ├─┤ Ry(3.964) ├──┤ Rz(1.0378) ├──────────────────»
      └────────────┘ └───────────┘  └────────────┘                  »
«      ┌────────────┐┌────────────┐                               »
«q_0: ─┤ Ry(1.7758) ├┤ Rz(5.6811) ├───────────────────────────────»
«     ┌┴────────────┤├────────────┤   ┌────────────┐┌────────────┐»
«q_1: ┤ Ry(0.55356) ├┤ Rz(2.8537) ├─■─┤ Rx(5.0908) ├┤ Ry(1.3144) ├»
«     └─────────────┘└────────────┘ │ ├────────────┤├────────────┤»
«q_2: ──────────────────────────────■─┤ Rx(4.3118) ├┤ Ry(4.9058) ├»
«                                     └────────────┘└────────────┘»
«q_3: ────────────────────────────────────────────────────────────»
«                                                                 »
«q_4: ────────────────────────────────────────────────────────────»
«                                                                 »
«q_5: ────────────────────────────────────────────────────────────»
«                                                                 »
«q_6: ────────────────────────────────────────────────────────────»
«                                                                 »
«q_7: ────────────────────────────────────────────────────────────»
«                                                                 »
«q_8: ────────────────────────────────────────────────────────────»
«                                                                 »
«                                                                   »
«q_0: ────────────────────────────────────────────────────────────■─»
«     ┌────────────┐                                              │ »
«q_1: ┤ Rz(4.8682) ├──────────────────────────────────────────────┼─»
«     ├────────────┤   ┌────────────┐┌────────────┐┌────────────┐ │ »
«q_2: ┤ Rz(3.9982) ├─■─┤ Rx(6.1829) ├┤ Ry(2.1178) ├┤ Rz(4.7139) ├─┼─»
«     └────────────┘ │ ├────────────┤├────────────┤├────────────┤ │ »
«q_3: ───────────────■─┤ Rx(6.0075) ├┤ Ry(4.5269) ├┤ Rz(4.2996) ├─■─»
«                      └────────────┘└────────────┘└────────────┘   »
«q_4: ──────────────────────────────────────────────────────────────»
«                                                                   »
«q_5: ──────────────────────────────────────────────────────────────»
«                                                                   »
«q_6: ──────────────────────────────────────────────────────────────»
«                                                                   »
«q_7: ──────────────────────────────────────────────────────────────»
«                                                                   »
«q_8: ──────────────────────────────────────────────────────────────»
«                                                                   »
«      ┌────────────┐┌────────────┐┌────────────┐                 »
«q_0: ─┤ Rx(4.3521) ├┤ Ry(5.1438) ├┤ Rz(2.9794) ├─────────────────»
«      └────────────┘└────────────┘└────────────┘                 »
«q_1: ────────────────────────────────────────────────────────────»
«                                                                 »
«q_2: ────────────────────────────────────────────────────────────»
«     ┌─────────────┐┌────────────┐┌────────────┐   ┌────────────┐»
«q_3: ┤ Rx(0.48351) ├┤ Ry(1.6242) ├┤ Rz(1.3601) ├─■─┤ Rx(4.5658) ├»
«     └─────────────┘└────────────┘└────────────┘ │ ├────────────┤»
«q_4: ────────────────────────────────────────────■─┤ Rx(2.2557) ├»
«                                                   └────────────┘»
«q_5: ────────────────────────────────────────────────────────────»
«                                                                 »
«q_6: ────────────────────────────────────────────────────────────»
«                                                                 »
«q_7: ────────────────────────────────────────────────────────────»
«                                                                 »
«q_8: ────────────────────────────────────────────────────────────»
«                                                                 »
«                                                                 »
«q_0: ────────────────────────────────────────────────────────────»
«                                                                 »
«q_1: ────────────────────────────────────────────────────────────»
«                                                                 »
«q_2: ────────────────────────────────────────────────────────────»
«     ┌────────────┐┌─────────────┐                               »
«q_3: ┤ Ry(5.3434) ├┤ Rz(0.41203) ├───────────────────────────────»
«     ├────────────┤└┬────────────┤   ┌────────────┐┌────────────┐»
«q_4: ┤ Ry(3.4847) ├─┤ Rz(0.6756) ├─■─┤ Rx(1.4104) ├┤ Ry(1.7025) ├»
«     └────────────┘ └────────────┘ │ ├────────────┤├────────────┤»
«q_5: ──────────────────────────────■─┤ Rx(3.0106) ├┤ Ry(3.0168) ├»
«                                     └────────────┘└────────────┘»
«q_6: ────────────────────────────────────────────────────────────»
«                                                                 »
«q_7: ────────────────────────────────────────────────────────────»
«                                                                 »
«q_8: ────────────────────────────────────────────────────────────»
«                                                                 »
«                      ┌────────────┐┌────────────┐┌─────────────┐   »
«q_0: ───────────────■─┤ Rx(2.7317) ├┤ Ry(4.5914) ├┤ Rz(0.34993) ├───»
«                    │ └────────────┘└────────────┘└─────────────┘   »
«q_1: ───────────────┼───────────────────────────────────────────────»
«                    │                                               »
«q_2: ───────────────┼───────────────────────────────────────────────»
«                    │                                               »
«q_3: ───────────────┼───────────────────────────────────────────────»
«     ┌────────────┐ │                                               »
«q_4: ┤ Rz(1.9945) ├─┼───────────────────────────────────────────────»
«     ├────────────┤ │ ┌────────────┐┌────────────┐ ┌────────────┐   »
«q_5: ┤ Rz(6.0988) ├─■─┤ Rx(1.1075) ├┤ Ry(5.0228) ├─┤ Rz(5.6542) ├─■─»
«     └────────────┘   └────────────┘└────────────┘ └────────────┘ │ »
«q_6: ─────────────────────────────────────────────────────────────■─»
«                                                                    »
«q_7: ───────────────────────────────────────────────────────────────»
«                                                                    »
«q_8: ───────────────────────────────────────────────────────────────»
«                                                                    »
«                                                                  »
«q_0: ─────────────────────────────────────────────────────────────»
«                                                                  »
«q_1: ─────────────────────────────────────────────────────────────»
«                                                                  »
«q_2: ─────────────────────────────────────────────────────────────»
«                                                                  »
«q_3: ─────────────────────────────────────────────────────────────»
«                                                                  »
«q_4: ─────────────────────────────────────────────────────────────»
«     ┌─────────────┐┌────────────┐┌───────────┐                   »
«q_5: ┤ Rx(0.67004) ├┤ Ry(6.0007) ├┤ Rz(4.712) ├───────────────────»
«     └┬────────────┤├────────────┤├───────────┴┐    ┌────────────┐»
«q_6: ─┤ Rx(1.7036) ├┤ Ry(5.2143) ├┤ Rz(3.2963) ├─■──┤ Rx(1.5167) ├»
«      └────────────┘└────────────┘└────────────┘ │ ┌┴────────────┤»
«q_7: ────────────────────────────────────────────■─┤ Rx(0.72801) ├»
«                                                   └─────────────┘»
«q_8: ─────────────────────────────────────────────────────────────»
«                                                                  »
«                                     ┌────────────┐┌────────────┐»
«q_0: ──────────────────────────────■─┤ Rx(5.7521) ├┤ Ry(3.4481) ├»
«                                   │ └────────────┘└────────────┘»
«q_1: ──────────────────────────────┼─────────────────────────────»
«                                   │                             »
«q_2: ──────────────────────────────┼─────────────────────────────»
«                                   │                             »
«q_3: ──────────────────────────────┼─────────────────────────────»
«                                   │                             »
«q_4: ──────────────────────────────┼─────────────────────────────»
«                                   │                             »
«q_5: ──────────────────────────────┼─────────────────────────────»
«     ┌────────────┐ ┌────────────┐ │                             »
«q_6: ┤ Ry(1.9101) ├─┤ Rz(5.7548) ├─┼─────────────────────────────»
«     ├────────────┤┌┴────────────┤ │ ┌────────────┐┌───────────┐ »
«q_7: ┤ Ry(3.9393) ├┤ Rz(0.39366) ├─■─┤ Rx(5.5487) ├┤ Ry(1.295) ├─»
«     └────────────┘└─────────────┘   └────────────┘└───────────┘ »
«q_8: ────────────────────────────────────────────────────────────»
«                                                                 »
«     ┌────────────┐                                                 »
«q_0: ┤ Rz(2.7911) ├─────────────────────────────────────────────────»
«     └────────────┘                                                 »
«q_1: ─────────────────────────────────────────────────────────────■─»
«                                                                  │ »
«q_2: ─────────────────────────────────────────────────────────────┼─»
«                                                                  │ »
«q_3: ─────────────────────────────────────────────────────────────┼─»
«                                                                  │ »
«q_4: ─────────────────────────────────────────────────────────────┼─»
«                                                                  │ »
«q_5: ─────────────────────────────────────────────────────────────┼─»
«                                                                  │ »
«q_6: ─────────────────────────────────────────────────────────────┼─»
«     ┌────────────┐   ┌────────────┐ ┌────────────┐┌────────────┐ │ »
«q_7: ┤ Rz(6.0064) ├─■─┤ Rx(2.4159) ├─┤ Ry(4.7338) ├┤ Rz(5.5677) ├─┼─»
«     └────────────┘ │ ├────────────┤┌┴────────────┤├────────────┤ │ »
«q_8: ───────────────■─┤ Rx(5.5569) ├┤ Ry(0.25147) ├┤ Rz(5.2973) ├─■─»
«                      └────────────┘└─────────────┘└────────────┘   »
«                                                 ░    ┌─────────────┐»
«q_0: ────────────────────────────────────────────░──■─┤ Rx(0.19688) ├»
«     ┌─────────────┐┌────────────┐┌────────────┐ ░  │ └┬────────────┤»
«q_1: ┤ Rx(0.51685) ├┤ Ry(2.3278) ├┤ Rz(2.5516) ├─░──■──┤ Rx(4.4663) ├»
«     └─────────────┘└────────────┘└────────────┘ ░     └────────────┘»
«q_2: ────────────────────────────────────────────░───────────────────»
«                                                 ░                   »
«q_3: ────────────────────────────────────────────░───────────────────»
«                                                 ░                   »
«q_4: ────────────────────────────────────────────░───────────────────»
«                                                 ░                   »
«q_5: ────────────────────────────────────────────░───────────────────»
«                                                 ░                   »
«q_6: ────────────────────────────────────────────░───────────────────»
«                                                 ░                   »
«q_7: ────────────────────────────────────────────░───────────────────»
«      ┌────────────┐┌────────────┐┌────────────┐ ░                   »
«q_8: ─┤ Rx(1.1782) ├┤ Ry(4.7049) ├┤ Rz(5.7248) ├─░───────────────────»
«      └────────────┘└────────────┘└────────────┘ ░                   »
«     ┌────────────┐┌────────────┐                                             »
«q_0: ┤ Ry(5.9716) ├┤ Rz(3.0047) ├─────────────────────────────────────────────»
«     ├────────────┤├────────────┤   ┌────────────┐┌────────────┐┌────────────┐»
«q_1: ┤ Ry(4.0513) ├┤ Rz(2.6361) ├─■─┤ Rx(3.5286) ├┤ Ry(5.3314) ├┤ Rz(5.2763) ├»
«     └────────────┘└────────────┘ │ ├────────────┤├────────────┤├────────────┤»
«q_2: ─────────────────────────────■─┤ Rx(5.1654) ├┤ Ry(3.9044) ├┤ Rz(2.0833) ├»
«                                    └────────────┘└────────────┘└────────────┘»
«q_3: ─────────────────────────────────────────────────────────────────────────»
«                                                                              »
«q_4: ─────────────────────────────────────────────────────────────────────────»
«                                                                              »
«q_5: ─────────────────────────────────────────────────────────────────────────»
«                                                                              »
«q_6: ─────────────────────────────────────────────────────────────────────────»
«                                                                              »
«q_7: ─────────────────────────────────────────────────────────────────────────»
«                                                                              »
«q_8: ─────────────────────────────────────────────────────────────────────────»
«                                                                              »
«                                                      ┌─────────────┐»
«q_0: ───────────────────────────────────────────────■─┤ Rx(0.60856) ├»
«                                                    │ └─────────────┘»
«q_1: ───────────────────────────────────────────────┼────────────────»
«        ┌────────────┐┌───────────┐ ┌─────────────┐ │                »
«q_2: ─■─┤ Rx(6.1862) ├┤ Ry(6.127) ├─┤ Rz(0.54326) ├─┼────────────────»
«      │ ├────────────┤├───────────┴┐└┬────────────┤ │  ┌────────────┐»
«q_3: ─■─┤ Rx(4.5771) ├┤ Ry(1.3217) ├─┤ Rz(2.2983) ├─■──┤ Rx(3.3877) ├»
«        └────────────┘└────────────┘ └────────────┘    └────────────┘»
«q_4: ────────────────────────────────────────────────────────────────»
«                                                                     »
«q_5: ────────────────────────────────────────────────────────────────»
«                                                                     »
«q_6: ────────────────────────────────────────────────────────────────»
«                                                                     »
«q_7: ────────────────────────────────────────────────────────────────»
«                                                                     »
«q_8: ────────────────────────────────────────────────────────────────»
«                                                                     »
«     ┌────────────┐┌─────────────┐                               »
«q_0: ┤ Ry(4.0647) ├┤ Rz(0.21877) ├───────────────────────────────»
«     └────────────┘└─────────────┘                               »
«q_1: ────────────────────────────────────────────────────────────»
«                                                                 »
«q_2: ────────────────────────────────────────────────────────────»
«     ┌────────────┐┌─────────────┐   ┌────────────┐┌────────────┐»
«q_3: ┤ Ry(2.2182) ├┤ Rz(0.39262) ├─■─┤ Rx(0.7033) ├┤ Ry(5.3241) ├»
«     └────────────┘└─────────────┘ │ ├────────────┤├────────────┤»
«q_4: ──────────────────────────────■─┤ Rx(4.7847) ├┤ Ry(2.0858) ├»
«                                     └────────────┘└────────────┘»
«q_5: ────────────────────────────────────────────────────────────»
«                                                                 »
«q_6: ────────────────────────────────────────────────────────────»
«                                                                 »
«q_7: ────────────────────────────────────────────────────────────»
«                                                                 »
«q_8: ────────────────────────────────────────────────────────────»
«                                                                 »
«                                                                    »
«q_0: ─────────────────────────────────────────────────────────────■─»
«                                                                  │ »
«q_1: ─────────────────────────────────────────────────────────────┼─»
«                                                                  │ »
«q_2: ─────────────────────────────────────────────────────────────┼─»
«     ┌─────────────┐                                              │ »
«q_3: ┤ Rz(0.66216) ├──────────────────────────────────────────────┼─»
«     └┬───────────┬┘   ┌────────────┐┌────────────┐┌────────────┐ │ »
«q_4: ─┤ Rz(1.325) ├──■─┤ Rx(5.6388) ├┤ Ry(1.7255) ├┤ Rz(3.8474) ├─┼─»
«      └───────────┘  │ ├────────────┤├────────────┤├───────────┬┘ │ »
«q_5: ────────────────■─┤ Rx(2.9452) ├┤ Ry(1.2685) ├┤ Rz(0.169) ├──■─»
«                       └────────────┘└────────────┘└───────────┘    »
«q_6: ───────────────────────────────────────────────────────────────»
«                                                                    »
«q_7: ───────────────────────────────────────────────────────────────»
«                                                                    »
«q_8: ───────────────────────────────────────────────────────────────»
«                                                                    »
«     ┌────────────┐┌────────────┐ ┌──────────┐                                »
«q_0: ┤ Rx(6.1917) ├┤ Ry(2.3486) ├─┤ Rz(5.73) ├────────────────────────────────»
«     └────────────┘└────────────┘ └──────────┘                                »
«q_1: ─────────────────────────────────────────────────────────────────────────»
«                                                                              »
«q_2: ─────────────────────────────────────────────────────────────────────────»
«                                                                              »
«q_3: ─────────────────────────────────────────────────────────────────────────»
«                                                                              »
«q_4: ─────────────────────────────────────────────────────────────────────────»
«     ┌────────────┐┌────────────┐┌────────────┐   ┌────────────┐┌────────────┐»
«q_5: ┤ Rx(4.5217) ├┤ Ry(1.1089) ├┤ Rz(5.5877) ├─■─┤ Rx(2.1063) ├┤ Ry(2.2743) ├»
«     └────────────┘└────────────┘└────────────┘ │ ├────────────┤├────────────┤»
«q_6: ───────────────────────────────────────────■─┤ Rx(5.3106) ├┤ Ry(2.7174) ├»
«                                                  └────────────┘└────────────┘»
«q_7: ─────────────────────────────────────────────────────────────────────────»
«                                                                              »
«q_8: ─────────────────────────────────────────────────────────────────────────»
«                                                                              »
«                                                                      »
«q_0: ───────────────────────────────────────────────────────────────■─»
«                                                                    │ »
«q_1: ───────────────────────────────────────────────────────────────┼─»
«                                                                    │ »
«q_2: ───────────────────────────────────────────────────────────────┼─»
«                                                                    │ »
«q_3: ───────────────────────────────────────────────────────────────┼─»
«                                                                    │ »
«q_4: ───────────────────────────────────────────────────────────────┼─»
«     ┌─────────────┐                                                │ »
«q_5: ┤ Rz(0.13071) ├────────────────────────────────────────────────┼─»
«     └┬────────────┤   ┌──────────────┐┌────────────┐┌────────────┐ │ »
«q_6: ─┤ Rz(1.0753) ├─■─┤ Rx(0.019033) ├┤ Ry(5.8712) ├┤ Rz(4.6612) ├─┼─»
«      └────────────┘ │ └┬────────────┬┘├────────────┤├────────────┤ │ »
«q_7: ────────────────■──┤ Rx(5.7023) ├─┤ Ry(4.2015) ├┤ Rz(1.3531) ├─■─»
«                        └────────────┘ └────────────┘└────────────┘   »
«q_8: ─────────────────────────────────────────────────────────────────»
«                                                                      »
«     ┌────────────┐┌────────────┐┌────────────┐                               »
«q_0: ┤ Rx(1.2217) ├┤ Ry(3.7834) ├┤ Rz(1.3117) ├───────────────────────────────»
«     └────────────┘└────────────┘└────────────┘                               »
«q_1: ─────────────────────────────────────────────────────────────────────────»
«                                                                              »
«q_2: ─────────────────────────────────────────────────────────────────────────»
«                                                                              »
«q_3: ─────────────────────────────────────────────────────────────────────────»
«                                                                              »
«q_4: ─────────────────────────────────────────────────────────────────────────»
«                                                                              »
«q_5: ─────────────────────────────────────────────────────────────────────────»
«                                                                              »
«q_6: ─────────────────────────────────────────────────────────────────────────»
«     ┌────────────┐┌───────────┐ ┌────────────┐   ┌────────────┐┌────────────┐»
«q_7: ┤ Rx(3.1498) ├┤ Ry(1.063) ├─┤ Rz(1.4288) ├─■─┤ Rx(3.3094) ├┤ Ry(5.9068) ├»
«     └────────────┘└───────────┘ └────────────┘ │ ├────────────┤├────────────┤»
«q_8: ───────────────────────────────────────────■─┤ Rx(5.5479) ├┤ Ry(5.3535) ├»
«                                                  └────────────┘└────────────┘»
«                                                                  ░ »
«q_0: ─────────────────────────────────────────────────────────────░─»
«                       ┌────────────┐┌───────────┐ ┌───────────┐  ░ »
«q_1: ───────────────■──┤ Rx(2.9928) ├┤ Ry(3.998) ├─┤ Rz(4.628) ├──░─»
«                    │  └────────────┘└───────────┘ └───────────┘  ░ »
«q_2: ───────────────┼─────────────────────────────────────────────░─»
«                    │                                             ░ »
«q_3: ───────────────┼─────────────────────────────────────────────░─»
«                    │                                             ░ »
«q_4: ───────────────┼─────────────────────────────────────────────░─»
«                    │                                             ░ »
«q_5: ───────────────┼─────────────────────────────────────────────░─»
«                    │                                             ░ »
«q_6: ───────────────┼─────────────────────────────────────────────░─»
«     ┌────────────┐ │                                             ░ »
«q_7: ┤ Rz(1.8207) ├─┼─────────────────────────────────────────────░─»
«     ├───────────┬┘ │ ┌─────────────┐┌────────────┐┌────────────┐ ░ »
«q_8: ┤ Rz(5.261) ├──■─┤ Rx(0.48905) ├┤ Ry(1.0535) ├┤ Rz(4.7383) ├─░─»
«     └───────────┘    └─────────────┘└────────────┘└────────────┘ ░ »
«     ┌────────────┐
«q_0: ┤ sensing_dm ├
«     ├────────────┤
«q_1: ┤ sensing_dm ├
«     ├────────────┤
«q_2: ┤ sensing_dm ├
«     ├────────────┤
«q_3: ┤ sensing_dm ├
«     ├────────────┤
«q_4: ┤ sensing_dm ├
«     ├────────────┤
«q_5: ┤ sensing_dm ├
«     ├────────────┤
«q_6: ┤ sensing_dm ├
«     ├────────────┤
«q_7: ┤ sensing_dm ├
«     ├────────────┤
«q_8: ┤ sensing_dm ├
«     └────────────┘
0 0.02472811261502992
5 0.018839675968207875
10 0.015370935932513654
15 0.012482848490854175
20 0.010398966063191468
25 0.00894058098332432
30 0.007890943551321679
35 0.007061332834416445
40 0.006427646659920897
45 0.005934909689161869
50 0.005562399603740273
55 0.005231344289656684
60 0.004849042678451246
65 0.004371882751203798
70 0.004001854291278081
75 0.0037891804907889096
80 0.0036121138027450893
85 0.0034957811308432805
90 0.003344572340719943
95 0.003215572038069515
100 0.003171240354579907
105 0.0031645014843895776
110 0.0032350652219201173
115 0.0032918290502484044
120 0.003327300676707383
125 0.003326882514820857
130 0.0034900459618037666
135 0.003452190624965986
140 0.0034205936210599604
145 0.003387717968065059
150 0.0033484313000422283
155 0.0033699065675769505
160 0.0032692352420697628
165 0.003207268180537352
170 0.0031827700887111297
175 0.003216047330719348
180 0.0032236167956307417
185 0.0032107644113365673
190 0.0032456294395435325
195 0.0032670692334397316
0.0032888744779852037
