      ┌────────────┐ ┌────────────┐ ┌─────────┐     ┌────────────┐»
q_0: ─┤ Rx(2.8631) ├─┤ Ry(1.6997) ├─┤ Rz(5.9) ├───■─┤ Rx(1.0389) ├»
      ├────────────┤ ├────────────┤┌┴─────────┴─┐ │ ├────────────┤»
q_1: ─┤ Rx(2.4584) ├─┤ Ry(5.4615) ├┤ Rz(1.4009) ├─■─┤ Rx(3.2779) ├»
      ├────────────┤┌┴────────────┤├────────────┤   └────────────┘»
q_2: ─┤ Rx(2.2459) ├┤ Ry(0.36837) ├┤ Rz(5.9588) ├─────────────────»
      ├────────────┤└┬────────────┤├────────────┤                 »
q_3: ─┤ Rx(2.0963) ├─┤ Ry(4.7858) ├┤ Rz(1.1325) ├─────────────────»
      ├────────────┤ ├────────────┤├────────────┤                 »
q_4: ─┤ Rx(1.3036) ├─┤ Ry(4.0386) ├┤ Rz(4.6898) ├─────────────────»
     ┌┴────────────┤ ├────────────┤├────────────┤                 »
q_5: ┤ Rx(0.67269) ├─┤ Ry(6.1734) ├┤ Rz(1.4248) ├─────────────────»
     └┬────────────┤ ├────────────┤├────────────┤                 »
q_6: ─┤ Rx(4.9375) ├─┤ Ry(4.2048) ├┤ Rz(2.6617) ├─────────────────»
      ├────────────┤┌┴────────────┤├────────────┤                 »
q_7: ─┤ Rx(5.5765) ├┤ Ry(0.92078) ├┤ Rz(5.1716) ├─────────────────»
     ┌┴────────────┤└┬────────────┤├────────────┤                 »
q_8: ┤ Rx(0.13802) ├─┤ Ry(4.8453) ├┤ Rz(1.3632) ├─────────────────»
     └─────────────┘ └────────────┘└────────────┘                 »
«     ┌────────────┐┌────────────┐                               »
«q_0: ┤ Ry(4.6501) ├┤ Rz(6.1315) ├───────────────────────────────»
«     ├────────────┤├────────────┤   ┌────────────┐┌────────────┐»
«q_1: ┤ Ry(1.8244) ├┤ Rz(2.3887) ├─■─┤ Rx(3.9771) ├┤ Ry(4.2438) ├»
«     └────────────┘└────────────┘ │ ├────────────┤├────────────┤»
«q_2: ─────────────────────────────■─┤ Rx(1.3212) ├┤ Ry(5.0057) ├»
«                                    └────────────┘└────────────┘»
«q_3: ───────────────────────────────────────────────────────────»
«                                                                »
«q_4: ───────────────────────────────────────────────────────────»
«                                                                »
«q_5: ───────────────────────────────────────────────────────────»
«                                                                »
«q_6: ───────────────────────────────────────────────────────────»
«                                                                »
«q_7: ───────────────────────────────────────────────────────────»
«                                                                »
«q_8: ───────────────────────────────────────────────────────────»
«                                                                »
«                                                                    »
«q_0: ─────────────────────────────────────────────────────────────■─»
«      ┌────────────┐                                              │ »
«q_1: ─┤ Rz(6.2755) ├──────────────────────────────────────────────┼─»
«     ┌┴────────────┤   ┌────────────┐┌────────────┐┌────────────┐ │ »
«q_2: ┤ Rz(0.79425) ├─■─┤ Rx(5.3313) ├┤ Ry(4.3536) ├┤ Rz(1.7906) ├─┼─»
«     └─────────────┘ │ ├────────────┤├────────────┤├───────────┬┘ │ »
«q_3: ────────────────■─┤ Rx(3.4544) ├┤ Ry(3.9485) ├┤ Rz(6.224) ├──■─»
«                       └────────────┘└────────────┘└───────────┘    »
«q_4: ───────────────────────────────────────────────────────────────»
«                                                                    »
«q_5: ───────────────────────────────────────────────────────────────»
«                                                                    »
«q_6: ───────────────────────────────────────────────────────────────»
«                                                                    »
«q_7: ───────────────────────────────────────────────────────────────»
«                                                                    »
«q_8: ───────────────────────────────────────────────────────────────»
«                                                                    »
«     ┌─────────────┐┌───────────┐┌────────────┐                  »
«q_0: ┤ Rx(0.36365) ├┤ Ry(5.481) ├┤ Rz(0.1574) ├──────────────────»
«     └─────────────┘└───────────┘└────────────┘                  »
«q_1: ────────────────────────────────────────────────────────────»
«                                                                 »
«q_2: ────────────────────────────────────────────────────────────»
«      ┌────────────┐┌───────────┐┌────────────┐   ┌─────────────┐»
«q_3: ─┤ Rx(5.9197) ├┤ Ry(0.704) ├┤ Rz(1.2182) ├─■─┤ Rx(0.61522) ├»
«      └────────────┘└───────────┘└────────────┘ │ └┬────────────┤»
«q_4: ───────────────────────────────────────────■──┤ Rx(5.5151) ├»
«                                                   └────────────┘»
«q_5: ────────────────────────────────────────────────────────────»
«                                                                 »
«q_6: ────────────────────────────────────────────────────────────»
«                                                                 »
«q_7: ────────────────────────────────────────────────────────────»
«                                                                 »
«q_8: ────────────────────────────────────────────────────────────»
«                                                                 »
«                                                                  »
«q_0: ─────────────────────────────────────────────────────────────»
«                                                                  »
«q_1: ─────────────────────────────────────────────────────────────»
«                                                                  »
«q_2: ─────────────────────────────────────────────────────────────»
«     ┌────────────┐ ┌────────────┐                                »
«q_3: ┤ Ry(4.0254) ├─┤ Rz(5.8003) ├────────────────────────────────»
«     ├────────────┤┌┴────────────┴┐   ┌────────────┐┌────────────┐»
«q_4: ┤ Ry(3.1318) ├┤ Rz(0.014531) ├─■─┤ Rx(2.6374) ├┤ Ry(3.7657) ├»
«     └────────────┘└──────────────┘ │ ├───────────┬┘├────────────┤»
«q_5: ───────────────────────────────■─┤ Rx(5.974) ├─┤ Ry(1.6244) ├»
«                                      └───────────┘ └────────────┘»
«q_6: ─────────────────────────────────────────────────────────────»
«                                                                  »
«q_7: ─────────────────────────────────────────────────────────────»
«                                                                  »
«q_8: ─────────────────────────────────────────────────────────────»
«                                                                  »
«                       ┌─────────────┐┌─────────────┐ ┌────────────┐   »
«q_0: ────────────────■─┤ Rx(0.64329) ├┤ Ry(0.23774) ├─┤ Rz(5.3903) ├───»
«                     │ └─────────────┘└─────────────┘ └────────────┘   »
«q_1: ────────────────┼─────────────────────────────────────────────────»
«                     │                                                 »
«q_2: ────────────────┼─────────────────────────────────────────────────»
«                     │                                                 »
«q_3: ────────────────┼─────────────────────────────────────────────────»
«      ┌────────────┐ │                                                 »
«q_4: ─┤ Rz(6.0067) ├─┼─────────────────────────────────────────────────»
«     ┌┴────────────┤ │ ┌─────────────┐ ┌───────────┐ ┌─────────────┐   »
«q_5: ┤ Rz(0.44897) ├─■─┤ Rx(0.27908) ├─┤ Ry(4.432) ├─┤ Rz(0.33033) ├─■─»
«     └─────────────┘   └─────────────┘ └───────────┘ └─────────────┘ │ »
«q_6: ────────────────────────────────────────────────────────────────■─»
«                                                                       »
«q_7: ──────────────────────────────────────────────────────────────────»
«                                                                       »
«q_8: ──────────────────────────────────────────────────────────────────»
«                                                                       »
«                                                                 »
«q_0: ────────────────────────────────────────────────────────────»
«                                                                 »
«q_1: ────────────────────────────────────────────────────────────»
«                                                                 »
«q_2: ────────────────────────────────────────────────────────────»
«                                                                 »
«q_3: ────────────────────────────────────────────────────────────»
«                                                                 »
«q_4: ────────────────────────────────────────────────────────────»
«      ┌────────────┐┌────────────┐┌────────────┐                 »
«q_5: ─┤ Rx(2.9583) ├┤ Ry(2.1069) ├┤ Rz(4.7679) ├─────────────────»
«     ┌┴────────────┤├────────────┤├────────────┤   ┌────────────┐»
«q_6: ┤ Rx(0.40758) ├┤ Ry(3.9846) ├┤ Rz(2.9915) ├─■─┤ Rx(6.0539) ├»
«     └─────────────┘└────────────┘└────────────┘ │ └┬──────────┬┘»
«q_7: ────────────────────────────────────────────■──┤ Rx(2.55) ├─»
«                                                    └──────────┘ »
«q_8: ────────────────────────────────────────────────────────────»
«                                                                 »
«                                     ┌────────────┐┌────────────┐»
«q_0: ─────────────────────────────■──┤ Rx(2.2986) ├┤ Ry(2.5027) ├»
«                                  │  └────────────┘└────────────┘»
«q_1: ─────────────────────────────┼──────────────────────────────»
«                                  │                              »
«q_2: ─────────────────────────────┼──────────────────────────────»
«                                  │                              »
«q_3: ─────────────────────────────┼──────────────────────────────»
«                                  │                              »
«q_4: ─────────────────────────────┼──────────────────────────────»
«                                  │                              »
«q_5: ─────────────────────────────┼──────────────────────────────»
«     ┌────────────┐┌────────────┐ │                              »
«q_6: ┤ Ry(4.3004) ├┤ Rz(1.6507) ├─┼──────────────────────────────»
«     ├────────────┤├────────────┤ │ ┌─────────────┐┌────────────┐»
«q_7: ┤ Ry(2.7771) ├┤ Rz(2.8163) ├─■─┤ Rx(0.81508) ├┤ Ry(1.8949) ├»
«     └────────────┘└────────────┘   └─────────────┘└────────────┘»
«q_8: ────────────────────────────────────────────────────────────»
«                                                                 »
«     ┌────────────┐                                                 »
«q_0: ┤ Rz(3.1222) ├─────────────────────────────────────────────────»
«     └────────────┘                                                 »
«q_1: ─────────────────────────────────────────────────────────────■─»
«                                                                  │ »
«q_2: ─────────────────────────────────────────────────────────────┼─»
«                                                                  │ »
«q_3: ─────────────────────────────────────────────────────────────┼─»
«                                                                  │ »
«q_4: ─────────────────────────────────────────────────────────────┼─»
«                                                                  │ »
«q_5: ─────────────────────────────────────────────────────────────┼─»
«                                                                  │ »
«q_6: ─────────────────────────────────────────────────────────────┼─»
«     ┌────────────┐   ┌─────────────┐┌────────────┐┌────────────┐ │ »
«q_7: ┤ Rz(5.3066) ├─■─┤ Rx(0.61406) ├┤ Ry(0.8165) ├┤ Rz(5.3669) ├─┼─»
«     └────────────┘ │ └┬────────────┤├────────────┤├────────────┤ │ »
«q_8: ───────────────■──┤ Rx(4.9038) ├┤ Ry(5.9092) ├┤ Rz(5.2206) ├─■─»
«                       └────────────┘└────────────┘└────────────┘   »
«                                                ░    ┌────────────┐»
«q_0: ───────────────────────────────────────────░──■─┤ Rx(2.4749) ├»
«     ┌────────────┐┌────────────┐┌────────────┐ ░  │ ├───────────┬┘»
«q_1: ┤ Rx(4.3164) ├┤ Ry(5.0535) ├┤ Rz(5.9263) ├─░──■─┤ Rx(3.896) ├─»
«     └────────────┘└────────────┘└────────────┘ ░    └───────────┘ »
«q_2: ───────────────────────────────────────────░──────────────────»
«                                                ░                  »
«q_3: ───────────────────────────────────────────░──────────────────»
«                                                ░                  »
«q_4: ───────────────────────────────────────────░──────────────────»
«                                                ░                  »
«q_5: ───────────────────────────────────────────░──────────────────»
«                                                ░                  »
«q_6: ───────────────────────────────────────────░──────────────────»
«                                                ░                  »
«q_7: ───────────────────────────────────────────░──────────────────»
«     ┌────────────┐┌────────────┐┌────────────┐ ░                  »
«q_8: ┤ Rx(3.5121) ├┤ Ry(1.9479) ├┤ Rz(2.7708) ├─░──────────────────»
«     └────────────┘└────────────┘└────────────┘ ░                  »
«     ┌────────────┐┌────────────┐                                »
«q_0: ┤ Ry(3.9488) ├┤ Rz(1.1526) ├────────────────────────────────»
«     ├────────────┤├────────────┤   ┌───────────┐ ┌─────────────┐»
«q_1: ┤ Ry(5.2213) ├┤ Rz(4.2355) ├─■─┤ Rx(3.717) ├─┤ Ry(0.22122) ├»
«     └────────────┘└────────────┘ │ ├───────────┴┐└┬───────────┬┘»
«q_2: ─────────────────────────────■─┤ Rx(1.6959) ├─┤ Ry(3.144) ├─»
«                                    └────────────┘ └───────────┘ »
«q_3: ────────────────────────────────────────────────────────────»
«                                                                 »
«q_4: ────────────────────────────────────────────────────────────»
«                                                                 »
«q_5: ────────────────────────────────────────────────────────────»
«                                                                 »
«q_6: ────────────────────────────────────────────────────────────»
«                                                                 »
«q_7: ────────────────────────────────────────────────────────────»
«                                                                 »
«q_8: ────────────────────────────────────────────────────────────»
«                                                                 »
«                                                                     »
«q_0: ──────────────────────────────────────────────────────────────■─»
«     ┌────────────┐                                                │ »
«q_1: ┤ Rz(3.7196) ├────────────────────────────────────────────────┼─»
«     ├────────────┤   ┌─────────────┐┌────────────┐ ┌────────────┐ │ »
«q_2: ┤ Rz(5.7773) ├─■─┤ Rx(0.72435) ├┤ Ry(1.4784) ├─┤ Rz(5.1235) ├─┼─»
«     └────────────┘ │ └┬───────────┬┘├────────────┤┌┴────────────┤ │ »
«q_3: ───────────────■──┤ Rx(1.145) ├─┤ Ry(1.0623) ├┤ Rz(0.80729) ├─■─»
«                       └───────────┘ └────────────┘└─────────────┘   »
«q_4: ────────────────────────────────────────────────────────────────»
«                                                                     »
«q_5: ────────────────────────────────────────────────────────────────»
«                                                                     »
«q_6: ────────────────────────────────────────────────────────────────»
«                                                                     »
«q_7: ────────────────────────────────────────────────────────────────»
«                                                                     »
«q_8: ────────────────────────────────────────────────────────────────»
«                                                                     »
«     ┌────────────┐┌─────────────┐┌────────────┐                  »
«q_0: ┤ Rx(3.3395) ├┤ Ry(0.27998) ├┤ Rz(1.9298) ├──────────────────»
«     └────────────┘└─────────────┘└────────────┘                  »
«q_1: ─────────────────────────────────────────────────────────────»
«                                                                  »
«q_2: ─────────────────────────────────────────────────────────────»
«      ┌──────────┐  ┌────────────┐┌────────────┐   ┌─────────────┐»
«q_3: ─┤ Rx(1.35) ├──┤ Ry(1.3042) ├┤ Rz(2.8855) ├─■─┤ Rx(0.73562) ├»
«      └──────────┘  └────────────┘└────────────┘ │ └┬────────────┤»
«q_4: ────────────────────────────────────────────■──┤ Rx(6.2723) ├»
«                                                    └────────────┘»
«q_5: ─────────────────────────────────────────────────────────────»
«                                                                  »
«q_6: ─────────────────────────────────────────────────────────────»
«                                                                  »
«q_7: ─────────────────────────────────────────────────────────────»
«                                                                  »
«q_8: ─────────────────────────────────────────────────────────────»
«                                                                  »
«                                                                  »
«q_0: ─────────────────────────────────────────────────────────────»
«                                                                  »
«q_1: ─────────────────────────────────────────────────────────────»
«                                                                  »
«q_2: ─────────────────────────────────────────────────────────────»
«      ┌────────────┐┌─────────────┐                               »
«q_3: ─┤ Ry(5.6288) ├┤ Rz(0.51892) ├───────────────────────────────»
«     ┌┴────────────┤└┬────────────┤   ┌────────────┐┌────────────┐»
«q_4: ┤ Ry(0.59254) ├─┤ Rz(6.2505) ├─■─┤ Rx(3.8204) ├┤ Ry(3.8274) ├»
«     └─────────────┘ └────────────┘ │ ├────────────┤├────────────┤»
«q_5: ───────────────────────────────■─┤ Rx(5.3786) ├┤ Ry(4.9536) ├»
«                                      └────────────┘└────────────┘»
«q_6: ─────────────────────────────────────────────────────────────»
«                                                                  »
«q_7: ─────────────────────────────────────────────────────────────»
«                                                                  »
«q_8: ─────────────────────────────────────────────────────────────»
«                                                                  »
«                       ┌────────────┐┌────────────┐┌────────────┐   »
«q_0: ───────────────■──┤ Rx(2.0288) ├┤ Ry(2.0664) ├┤ Rz(5.8137) ├───»
«                    │  └────────────┘└────────────┘└────────────┘   »
«q_1: ───────────────┼───────────────────────────────────────────────»
«                    │                                               »
«q_2: ───────────────┼───────────────────────────────────────────────»
«                    │                                               »
«q_3: ───────────────┼───────────────────────────────────────────────»
«     ┌────────────┐ │                                               »
«q_4: ┤ Rz(6.1534) ├─┼───────────────────────────────────────────────»
«     ├────────────┤ │ ┌─────────────┐┌────────────┐┌────────────┐   »
«q_5: ┤ Rz(1.4384) ├─■─┤ Rx(0.17642) ├┤ Ry(4.7847) ├┤ Rz(1.3633) ├─■─»
«     └────────────┘   └─────────────┘└────────────┘└────────────┘ │ »
«q_6: ─────────────────────────────────────────────────────────────■─»
«                                                                    »
«q_7: ───────────────────────────────────────────────────────────────»
«                                                                    »
«q_8: ───────────────────────────────────────────────────────────────»
«                                                                    »
«                                                                   »
«q_0: ──────────────────────────────────────────────────────────────»
«                                                                   »
«q_1: ──────────────────────────────────────────────────────────────»
«                                                                   »
«q_2: ──────────────────────────────────────────────────────────────»
«                                                                   »
«q_3: ──────────────────────────────────────────────────────────────»
«                                                                   »
«q_4: ──────────────────────────────────────────────────────────────»
«     ┌────────────┐┌────────────┐┌─────────────┐                   »
«q_5: ┤ Rx(5.0768) ├┤ Ry(2.6586) ├┤ Rz(0.69709) ├───────────────────»
«     ├────────────┤├────────────┤└┬────────────┤   ┌──────────────┐»
«q_6: ┤ Rx(5.2779) ├┤ Ry(2.6922) ├─┤ Rz(2.7206) ├─■─┤ Rx(0.088629) ├»
«     └────────────┘└────────────┘ └────────────┘ │ └┬────────────┬┘»
«q_7: ────────────────────────────────────────────■──┤ Rx(4.4358) ├─»
«                                                    └────────────┘ »
«q_8: ──────────────────────────────────────────────────────────────»
«                                                                   »
«                                     ┌────────────┐┌────────────┐»
«q_0: ──────────────────────────────■─┤ Rx(3.0697) ├┤ Ry(4.5753) ├»
«                                   │ └────────────┘└────────────┘»
«q_1: ──────────────────────────────┼─────────────────────────────»
«                                   │                             »
«q_2: ──────────────────────────────┼─────────────────────────────»
«                                   │                             »
«q_3: ──────────────────────────────┼─────────────────────────────»
«                                   │                             »
«q_4: ──────────────────────────────┼─────────────────────────────»
«                                   │                             »
«q_5: ──────────────────────────────┼─────────────────────────────»
«     ┌────────────┐┌─────────────┐ │                             »
«q_6: ┤ Ry(5.4053) ├┤ Rz(0.98162) ├─┼─────────────────────────────»
«     ├────────────┤└┬───────────┬┘ │ ┌────────────┐┌────────────┐»
«q_7: ┤ Ry(6.0659) ├─┤ Rz(5.334) ├──■─┤ Rx(2.4792) ├┤ Ry(2.7059) ├»
«     └────────────┘ └───────────┘    └────────────┘└────────────┘»
«q_8: ────────────────────────────────────────────────────────────»
«                                                                 »
«     ┌─────────────┐                                                 »
«q_0: ┤ Rz(0.82221) ├─────────────────────────────────────────────────»
«     └─────────────┘                                                 »
«q_1: ──────────────────────────────────────────────────────────────■─»
«                                                                   │ »
«q_2: ──────────────────────────────────────────────────────────────┼─»
«                                                                   │ »
«q_3: ──────────────────────────────────────────────────────────────┼─»
«                                                                   │ »
«q_4: ──────────────────────────────────────────────────────────────┼─»
«                                                                   │ »
«q_5: ──────────────────────────────────────────────────────────────┼─»
«                                                                   │ »
«q_6: ──────────────────────────────────────────────────────────────┼─»
«      ┌────────────┐   ┌───────────┐ ┌─────────────┐┌────────────┐ │ »
«q_7: ─┤ Rz(4.6184) ├─■─┤ Rx(5.479) ├─┤ Ry(0.60803) ├┤ Rz(2.9892) ├─┼─»
«      └────────────┘ │ ├───────────┴┐└┬────────────┤├────────────┤ │ »
«q_8: ────────────────■─┤ Rx(3.3495) ├─┤ Ry(6.1223) ├┤ Rz(3.5743) ├─■─»
«                       └────────────┘ └────────────┘└────────────┘   »
«                                                 ░    ┌─────────────┐»
«q_0: ────────────────────────────────────────────░──■─┤ Rx(0.63733) ├»
«     ┌───────────┐ ┌────────────┐ ┌────────────┐ ░  │ ├─────────────┤»
«q_1: ┤ Rx(2.856) ├─┤ Ry(3.8575) ├─┤ Rz(5.5553) ├─░──■─┤ Rx(0.42357) ├»
«     └───────────┘ └────────────┘ └────────────┘ ░    └─────────────┘»
«q_2: ────────────────────────────────────────────░───────────────────»
«                                                 ░                   »
«q_3: ────────────────────────────────────────────░───────────────────»
«                                                 ░                   »
«q_4: ────────────────────────────────────────────░───────────────────»
«                                                 ░                   »
«q_5: ────────────────────────────────────────────░───────────────────»
«                                                 ░                   »
«q_6: ────────────────────────────────────────────░───────────────────»
«                                                 ░                   »
«q_7: ────────────────────────────────────────────░───────────────────»
«     ┌────────────┐┌────────────┐┌─────────────┐ ░                   »
«q_8: ┤ Rx(2.6164) ├┤ Ry(4.3634) ├┤ Rz(0.75479) ├─░───────────────────»
«     └────────────┘└────────────┘└─────────────┘ ░                   »
«     ┌───────────┐ ┌─────────────┐                               »
«q_0: ┤ Ry(6.118) ├─┤ Rz(0.83599) ├───────────────────────────────»
«     ├───────────┴┐└┬────────────┤   ┌────────────┐┌────────────┐»
«q_1: ┤ Ry(5.7321) ├─┤ Rz(4.1967) ├─■─┤ Rx(5.3769) ├┤ Ry(1.0131) ├»
«     └────────────┘ └────────────┘ │ ├────────────┤├────────────┤»
«q_2: ──────────────────────────────■─┤ Rx(4.3816) ├┤ Ry(1.5935) ├»
«                                     └────────────┘└────────────┘»
«q_3: ────────────────────────────────────────────────────────────»
«                                                                 »
«q_4: ────────────────────────────────────────────────────────────»
«                                                                 »
«q_5: ────────────────────────────────────────────────────────────»
«                                                                 »
«q_6: ────────────────────────────────────────────────────────────»
«                                                                 »
«q_7: ────────────────────────────────────────────────────────────»
«                                                                 »
«q_8: ────────────────────────────────────────────────────────────»
«                                                                 »
«                                                                     »
«q_0: ──────────────────────────────────────────────────────────────■─»
«     ┌────────────┐                                                │ »
«q_1: ┤ Rz(1.6249) ├────────────────────────────────────────────────┼─»
«     ├────────────┤   ┌─────────────┐ ┌────────────┐┌────────────┐ │ »
«q_2: ┤ Rz(6.1081) ├─■─┤ Rx(0.50121) ├─┤ Ry(4.8341) ├┤ Rz(4.6409) ├─┼─»
«     └────────────┘ │ └┬────────────┤┌┴────────────┤├────────────┤ │ »
«q_3: ───────────────■──┤ Rx(6.2736) ├┤ Ry(0.16511) ├┤ Rz(3.5337) ├─■─»
«                       └────────────┘└─────────────┘└────────────┘   »
«q_4: ────────────────────────────────────────────────────────────────»
«                                                                     »
«q_5: ────────────────────────────────────────────────────────────────»
«                                                                     »
«q_6: ────────────────────────────────────────────────────────────────»
«                                                                     »
«q_7: ────────────────────────────────────────────────────────────────»
«                                                                     »
«q_8: ────────────────────────────────────────────────────────────────»
«                                                                     »
«     ┌────────────┐┌────────────┐┌────────────┐                  »
«q_0: ┤ Rx(6.1508) ├┤ Ry(1.9978) ├┤ Rz(4.2371) ├──────────────────»
«     └────────────┘└────────────┘└────────────┘                  »
«q_1: ────────────────────────────────────────────────────────────»
«                                                                 »
«q_2: ────────────────────────────────────────────────────────────»
«     ┌────────────┐┌────────────┐┌────────────┐    ┌───────────┐ »
«q_3: ┤ Rx(1.3923) ├┤ Ry(1.1128) ├┤ Rz(3.5458) ├─■──┤ Rx(4.289) ├─»
«     └────────────┘└────────────┘└────────────┘ │ ┌┴───────────┴┐»
«q_4: ───────────────────────────────────────────■─┤ Rx(0.21571) ├»
«                                                  └─────────────┘»
«q_5: ────────────────────────────────────────────────────────────»
«                                                                 »
«q_6: ────────────────────────────────────────────────────────────»
«                                                                 »
«q_7: ────────────────────────────────────────────────────────────»
«                                                                 »
«q_8: ────────────────────────────────────────────────────────────»
«                                                                 »
«                                                                              »
«q_0: ─────────────────────────────────────────────────────────────────────────»
«                                                                              »
«q_1: ─────────────────────────────────────────────────────────────────────────»
«                                                                              »
«q_2: ─────────────────────────────────────────────────────────────────────────»
«     ┌────────────┐┌────────────┐                                             »
«q_3: ┤ Ry(1.7723) ├┤ Rz(1.3522) ├─────────────────────────────────────────────»
«     ├────────────┤├────────────┤   ┌────────────┐┌────────────┐┌────────────┐»
«q_4: ┤ Ry(3.8168) ├┤ Rz(2.4488) ├─■─┤ Rx(6.1966) ├┤ Ry(2.6816) ├┤ Rz(2.2599) ├»
«     └────────────┘└────────────┘ │ ├────────────┤├────────────┤├────────────┤»
«q_5: ─────────────────────────────■─┤ Rx(2.8639) ├┤ Ry(2.2907) ├┤ Rz(2.6025) ├»
«                                    └────────────┘└────────────┘└────────────┘»
«q_6: ─────────────────────────────────────────────────────────────────────────»
«                                                                              »
«q_7: ─────────────────────────────────────────────────────────────────────────»
«                                                                              »
«q_8: ─────────────────────────────────────────────────────────────────────────»
«                                                                              »
«        ┌────────────┐┌─────────────┐┌───────────┐                  »
«q_0: ─■─┤ Rx(2.5687) ├┤ Ry(0.98235) ├┤ Rz(3.503) ├──────────────────»
«      │ └────────────┘└─────────────┘└───────────┘                  »
«q_1: ─┼─────────────────────────────────────────────────────────────»
«      │                                                             »
«q_2: ─┼─────────────────────────────────────────────────────────────»
«      │                                                             »
«q_3: ─┼─────────────────────────────────────────────────────────────»
«      │                                                             »
«q_4: ─┼─────────────────────────────────────────────────────────────»
«      │ ┌────────────┐ ┌────────────┐┌────────────┐   ┌────────────┐»
«q_5: ─■─┤ Rx(4.2976) ├─┤ Ry(1.4547) ├┤ Rz(3.2368) ├─■─┤ Rx(2.7315) ├»
«        └────────────┘ └────────────┘└────────────┘ │ ├───────────┬┘»
«q_6: ───────────────────────────────────────────────■─┤ Rx(6.244) ├─»
«                                                      └───────────┘ »
«q_7: ───────────────────────────────────────────────────────────────»
«                                                                    »
«q_8: ───────────────────────────────────────────────────────────────»
«                                                                    »
«                                                                 »
«q_0: ────────────────────────────────────────────────────────────»
«                                                                 »
«q_1: ────────────────────────────────────────────────────────────»
«                                                                 »
«q_2: ────────────────────────────────────────────────────────────»
«                                                                 »
«q_3: ────────────────────────────────────────────────────────────»
«                                                                 »
«q_4: ────────────────────────────────────────────────────────────»
«     ┌────────────┐┌────────────┐                                »
«q_5: ┤ Ry(5.0688) ├┤ Rz(1.3355) ├────────────────────────────────»
«     ├────────────┤├───────────┬┘   ┌─────────────┐┌────────────┐»
«q_6: ┤ Ry(4.8131) ├┤ Rz(2.904) ├──■─┤ Rx(0.40239) ├┤ Ry(3.2287) ├»
«     └────────────┘└───────────┘  │ ├─────────────┤├────────────┤»
«q_7: ─────────────────────────────■─┤ Rx(0.94843) ├┤ Ry(3.3799) ├»
«                                    └─────────────┘└────────────┘»
«q_8: ────────────────────────────────────────────────────────────»
«                                                                 »
«                      ┌────────────┐┌─────────────┐┌────────────┐   »
«q_0: ───────────────■─┤ Rx(2.6581) ├┤ Ry(0.65391) ├┤ Rz(2.0792) ├───»
«                    │ └────────────┘└─────────────┘└────────────┘   »
«q_1: ───────────────┼───────────────────────────────────────────────»
«                    │                                               »
«q_2: ───────────────┼───────────────────────────────────────────────»
«                    │                                               »
«q_3: ───────────────┼───────────────────────────────────────────────»
«                    │                                               »
«q_4: ───────────────┼───────────────────────────────────────────────»
«                    │                                               »
«q_5: ───────────────┼───────────────────────────────────────────────»
«     ┌────────────┐ │                                               »
«q_6: ┤ Rz(2.0071) ├─┼───────────────────────────────────────────────»
«     ├────────────┤ │ ┌────────────┐ ┌────────────┐┌────────────┐   »
«q_7: ┤ Rz(2.3904) ├─■─┤ Rx(4.7408) ├─┤ Ry(0.0205) ├┤ Rz(2.9299) ├─■─»
«     └────────────┘   └────────────┘ └────────────┘└────────────┘ │ »
«q_8: ─────────────────────────────────────────────────────────────■─»
«                                                                    »
«                                                                 »
«q_0: ────────────────────────────────────────────────────────────»
«                                                   ┌────────────┐»
«q_1: ────────────────────────────────────────────■─┤ Rx(1.6543) ├»
«                                                 │ └────────────┘»
«q_2: ────────────────────────────────────────────┼───────────────»
«                                                 │               »
«q_3: ────────────────────────────────────────────┼───────────────»
«                                                 │               »
«q_4: ────────────────────────────────────────────┼───────────────»
«                                                 │               »
«q_5: ────────────────────────────────────────────┼───────────────»
«                                                 │               »
«q_6: ────────────────────────────────────────────┼───────────────»
«     ┌───────────┐ ┌─────────────┐┌────────────┐ │               »
«q_7: ┤ Rx(3.576) ├─┤ Ry(0.82176) ├┤ Rz(2.9234) ├─┼───────────────»
«     ├───────────┴┐└┬────────────┤├────────────┤ │ ┌────────────┐»
«q_8: ┤ Rx(2.3956) ├─┤ Ry(2.0366) ├┤ Rz(3.7682) ├─■─┤ Rx(4.4968) ├»
«     └────────────┘ └────────────┘└────────────┘   └────────────┘»
«                                  ░ ┌────────────┐
«q_0: ─────────────────────────────░─┤ sensing_dm ├
«     ┌────────────┐┌────────────┐ ░ ├────────────┤
«q_1: ┤ Ry(1.2171) ├┤ Rz(5.1631) ├─░─┤ sensing_dm ├
«     └────────────┘└────────────┘ ░ ├────────────┤
«q_2: ─────────────────────────────░─┤ sensing_dm ├
«                                  ░ ├────────────┤
«q_3: ─────────────────────────────░─┤ sensing_dm ├
«                                  ░ ├────────────┤
«q_4: ─────────────────────────────░─┤ sensing_dm ├
«                                  ░ ├────────────┤
«q_5: ─────────────────────────────░─┤ sensing_dm ├
«                                  ░ ├────────────┤
«q_6: ─────────────────────────────░─┤ sensing_dm ├
«                                  ░ ├────────────┤
«q_7: ─────────────────────────────░─┤ sensing_dm ├
«     ┌────────────┐┌────────────┐ ░ ├────────────┤
«q_8: ┤ Ry(1.4424) ├┤ Rz(2.3852) ├─░─┤ sensing_dm ├
«     └────────────┘└────────────┘ ░ └────────────┘
0 0.02304325176193662
5 0.015861772423400197
10 0.012663886687217647
15 0.010504658641850085
20 0.009024522893315347
25 0.008040129234439693
30 0.007272923082010914
35 0.006665973741878183
40 0.006109428954217652
45 0.005650267051432853
50 0.005249574070708533
55 0.004951397370651194
60 0.004681199356194839
65 0.004467457971232594
70 0.004258329189308976
75 0.004072406201198677
80 0.0038920634885256235
85 0.0037359145625173967
90 0.0035955299301724387
95 0.0034704579229414326
100 0.003387310464720954
105 0.0033153276215762695
110 0.003276719328585907
115 0.0032444726319183492
120 0.003211171448187438
125 0.0031928743392146946
130 0.0031789605309509757
135 0.003167047426352702
140 0.003167615959166109
145 0.003167877737956365
150 0.00316978306834805
155 0.0031700414387944467
160 0.003172376128924018
165 0.0031722100758673787
170 0.0031745923135755895
175 0.0031743797786578567
180 0.003177000462108003
185 0.0031765562694042494
190 0.0031792307878596563
195 0.0031787386147613937
0.0031796115798988153
