      ┌────────────┐ ┌───────────┐ ┌────────────┐ ┌────────────┐┌────────────┐»
q_0: ─┤ Rx(4.8474) ├─┤ Ry(5.244) ├─┤ Rz(1.5873) ├─┤ Rx(1.3187) ├┤ Ry(2.8798) ├»
      ├────────────┤ ├───────────┴┐├────────────┤ └────────────┘└────────────┘»
q_1: ─┤ Rx(5.1139) ├─┤ Ry(5.8586) ├┤ Rz(4.7916) ├─────────────────────────────»
      ├────────────┤┌┴────────────┤├───────────┬┘┌─────────────┐┌───────────┐ »
q_2: ─┤ Rx(5.1924) ├┤ Ry(0.48117) ├┤ Rz(3.406) ├─┤ Rx(0.16812) ├┤ Ry(5.185) ├─»
      ├────────────┤└┬────────────┤├───────────┴┐└─────────────┘└───────────┘ »
q_3: ─┤ Rx(3.4881) ├─┤ Ry(0.5299) ├┤ Rz(6.1496) ├─────────────────────────────»
     ┌┴────────────┤ ├────────────┤├────────────┤ ┌────────────┐┌────────────┐»
q_4: ┤ Rx(0.71762) ├─┤ Ry(3.3063) ├┤ Rz(5.5981) ├─┤ Rx(2.2224) ├┤ Ry(2.8931) ├»
     └┬────────────┤ ├────────────┤├────────────┤ └────────────┘└────────────┘»
q_5: ─┤ Rx(3.0005) ├─┤ Ry(1.3705) ├┤ Rz(2.0161) ├─────────────────────────────»
      ├────────────┤ ├────────────┤├────────────┤ ┌────────────┐┌────────────┐»
q_6: ─┤ Rx(4.6669) ├─┤ Ry(4.0379) ├┤ Rz(1.7194) ├─┤ Rx(2.4289) ├┤ Ry(3.8252) ├»
      ├────────────┤┌┴────────────┤├────────────┤ └────────────┘└────────────┘»
q_7: ─┤ Rx(5.3974) ├┤ Ry(0.48745) ├┤ Rz(1.5207) ├─────────────────────────────»
      ├────────────┤└┬────────────┤├────────────┤┌─────────────┐┌────────────┐»
q_8: ─┤ Rx(1.2309) ├─┤ Ry(2.5365) ├┤ Rz(1.4901) ├┤ Rx(0.58546) ├┤ Ry(6.2796) ├»
      └────────────┘ └────────────┘└────────────┘└─────────────┘└────────────┘»
«      ┌───────────┐    ┌─────────────┐┌────────────┐┌─────────────┐      »
«q_0: ─┤ Rz(4.717) ├──■─┤ Rx(0.36065) ├┤ Ry(2.0916) ├┤ Rz(0.70979) ├────■─»
«      └───────────┘  │ └┬────────────┤├────────────┤└┬────────────┤    │ »
«q_1: ────────────────■──┤ Rx(4.4115) ├┤ Ry(2.7341) ├─┤ Rz(4.4673) ├─■──┼─»
«      ┌────────────┐    └────────────┘└────────────┘ └────────────┘ │  │ »
«q_2: ─┤ Rz(1.4226) ├────────────────────────────────────────────────■──┼─»
«      └────────────┘                                                   │ »
«q_3: ──────────────────────────────────────────────────────────────────■─»
«     ┌─────────────┐                                                     »
«q_4: ┤ Rz(0.89577) ├─────────────────────────────────────────────────────»
«     └─────────────┘                                                     »
«q_5: ────────────────────────────────────────────────────────────────────»
«      ┌────────────┐                                                     »
«q_6: ─┤ Rz(4.6165) ├─────────────────────────────────────────────────────»
«      └────────────┘                                                     »
«q_7: ────────────────────────────────────────────────────────────────────»
«      ┌────────────┐                                                     »
«q_8: ─┤ Rz(2.2337) ├─────────────────────────────────────────────────────»
«      └────────────┘                                                     »
«     ┌─────────────┐┌─────────────┐┌────────────┐      ┌────────────┐»
«q_0: ┤ Rx(0.31672) ├┤ Ry(0.90771) ├┤ Rz(2.3871) ├────■─┤ Rx(4.6982) ├»
«     └─────────────┘└─────────────┘└────────────┘    │ └────────────┘»
«q_1: ────────────────────────────────────────────────┼───────────────»
«                                                     │               »
«q_2: ────────────────────────────────────────────────┼───────────────»
«      ┌───────────┐  ┌────────────┐┌────────────┐    │               »
«q_3: ─┤ Rx(2.046) ├──┤ Ry(2.5657) ├┤ Rz(4.9051) ├─■──┼───────────────»
«      └───────────┘  └────────────┘└────────────┘ │  │               »
«q_4: ─────────────────────────────────────────────■──┼───────────────»
«                                                     │ ┌────────────┐»
«q_5: ────────────────────────────────────────────────■─┤ Rx(1.6365) ├»
«                                                       └────────────┘»
«q_6: ────────────────────────────────────────────────────────────────»
«                                                                     »
«q_7: ────────────────────────────────────────────────────────────────»
«                                                                     »
«q_8: ────────────────────────────────────────────────────────────────»
«                                                                     »
«     ┌────────────┐┌───────────┐                                    »
«q_0: ┤ Ry(5.0344) ├┤ Rz(3.113) ├─────■──────────────────────────────»
«     └────────────┘└───────────┘     │                              »
«q_1: ────────────────────────────────┼──────────────────────────────»
«                                     │                              »
«q_2: ────────────────────────────────┼──────────────────────────────»
«                                     │                              »
«q_3: ────────────────────────────────┼──────────────────────────────»
«                                     │                              »
«q_4: ────────────────────────────────┼──────────────────────────────»
«     ┌────────────┐┌────────────┐    │                              »
«q_5: ┤ Ry(6.0441) ├┤ Rz(3.3463) ├─■──┼──────────────────────────────»
«     └────────────┘└────────────┘ │  │                              »
«q_6: ─────────────────────────────■──┼──────────────────────────────»
«                                     │ ┌────────────┐┌─────────────┐»
«q_7: ────────────────────────────────■─┤ Rx(1.4425) ├┤ Ry(0.96919) ├»
«                                       └────────────┘└─────────────┘»
«q_8: ───────────────────────────────────────────────────────────────»
«                                                                    »
«                       ░ ┌────────────┐
«q_0: ──────────────────░─┤ sensing_dm ├
«                       ░ ├────────────┤
«q_1: ──────────────────░─┤ sensing_dm ├
«                       ░ ├────────────┤
«q_2: ──────────────────░─┤ sensing_dm ├
«                       ░ ├────────────┤
«q_3: ──────────────────░─┤ sensing_dm ├
«                       ░ ├────────────┤
«q_4: ──────────────────░─┤ sensing_dm ├
«                       ░ ├────────────┤
«q_5: ──────────────────░─┤ sensing_dm ├
«                       ░ ├────────────┤
«q_6: ──────────────────░─┤ sensing_dm ├
«     ┌────────────┐    ░ ├────────────┤
«q_7: ┤ Rz(4.1309) ├─■──░─┤ sensing_dm ├
«     └────────────┘ │  ░ ├────────────┤
«q_8: ───────────────■──░─┤ sensing_dm ├
«                       ░ └────────────┘
0 0.027031437994488917
5 0.024535894374822245
10 0.02280585660857772
15 0.021247271902478305
20 0.019870031139897215
25 0.018730232708746165
30 0.01777639025582882
35 0.016936034125160274
40 0.016263903791447015
45 0.01576138317200242
50 0.015433858765399515
55 0.015211180877430681
60 0.015073167076231396
65 0.014980083880330234
70 0.014907676128701275
75 0.01484390684625681
80 0.014811033017796795
85 0.01478116403399249
90 0.014765351676375773
95 0.014752472277061206
2.0610780374075155e-09
0.01474355653055701
