     ┌─────────────┐┌────────────┐┌────────────┐   ┌────────────┐┌────────────┐»
q_0: ┤ Rx(0.66926) ├┤ Ry(5.1729) ├┤ Rz(4.7458) ├─■─┤ Rx(5.2501) ├┤ Ry(1.6411) ├»
     └┬────────────┤├────────────┤├────────────┤ │ └────────────┘└────────────┘»
q_1: ─┤ Rx(4.1973) ├┤ Ry(3.7762) ├┤ Rz(1.7609) ├─■─────────────────────────────»
      ├────────────┤├────────────┤├────────────┤                               »
q_2: ─┤ Rx(3.7041) ├┤ Ry(5.7237) ├┤ Rz(3.9636) ├───────────────────────────────»
      └┬──────────┬┘├───────────┬┘├────────────┤                               »
q_3: ──┤ Rx(4.37) ├─┤ Ry(3.559) ├─┤ Rz(3.4997) ├───────────────────────────────»
       └──────────┘ └───────────┘ └────────────┘                               »
«     ┌────────────┐   ┌────────────┐┌────────────┐┌────────────┐    ░ »
«q_0: ┤ Rz(4.4194) ├─■─┤ Rx(2.3559) ├┤ Ry(2.8921) ├┤ Rz(2.6407) ├─■──░─»
«     └────────────┘ │ └────────────┘└────────────┘└────────────┘ │  ░ »
«q_1: ───────────────┼────────────────────────────────────────────┼──░─»
«                    │                                            │  ░ »
«q_2: ───────────────■────────────────────────────────────────────┼──░─»
«                                                                 │  ░ »
«q_3: ────────────────────────────────────────────────────────────■──░─»
«                                                                    ░ »
«     ┌────────────┐
«q_0: ┤ sensing_dm ├
«     ├────────────┤
«q_1: ┤ sensing_dm ├
«     ├────────────┤
«q_2: ┤ sensing_dm ├
«     ├────────────┤
«q_3: ┤ sensing_dm ├
«     └────────────┘
0 0.06737109678222257
5 0.059525778222096704
10 0.05449910935037128
15 0.050347960606401905
20 0.046641809498540465
25 0.04326544073156104
30 0.0401427372255641
35 0.03730187252270227
40 0.03477198585214277
45 0.032572467890949176
50 0.0306902512853988
55 0.029117690737748194
60 0.027869164748038265
65 0.02684842333471048
70 0.026079619225275876
75 0.025594312964946082
80 0.025368950936024866
85 0.025236396296643922
90 0.025135643024315722
95 0.02506062872029937
100 0.025021161264463337
105 0.025003021349526835
110 0.0250081469436803
115 0.025003288257192807
120 0.02500849188819676
125 0.02500356049116474
130 0.025008813819285526
135 0.025003836267170305
140 0.025009112935232766
145 0.025004114093886785
150 0.025009390985538314
155 0.025004392832119738
160 0.02500965115285683
165 0.02500467166453326
170 0.025009897967765402
175 0.025004950080764966
180 0.025010137204329604
185 0.025005227873393727
190 0.02501037595902698
195 0.02500550514765011
0.02500561599393076
