     ┌────────────┐┌────────────┐ ┌────────────┐                               »
q_0: ┤ Rx(2.4769) ├┤ Ry(2.5048) ├─┤ Rz(5.5675) ├─■─────────────────────────────»
     ├────────────┤├────────────┤┌┴────────────┤ │ ┌────────────┐┌────────────┐»
q_1: ┤ Rx(5.7704) ├┤ Ry(5.8457) ├┤ Rz(0.81232) ├─■─┤ Rx(3.3356) ├┤ Ry(2.4212) ├»
     ├────────────┤├────────────┤└┬────────────┤   ├────────────┤├────────────┤»
q_2: ┤ Rx(3.1549) ├┤ Ry(5.1459) ├─┤ Rz(6.0731) ├─■─┤ Rx(2.0699) ├┤ Ry(6.0036) ├»
     ├────────────┤├────────────┤┌┴────────────┤ │ └────────────┘└────────────┘»
q_3: ┤ Rx(3.2861) ├┤ Ry(4.5234) ├┤ Rz(0.70083) ├─■─────────────────────────────»
     └────────────┘└────────────┘└─────────────┘                               »
«                       ░ ┌────────────┐
«q_0: ──────────────────░─┤ sensing_dm ├
«     ┌───────────┐     ░ ├────────────┤
«q_1: ┤ Rz(2.408) ├──■──░─┤ sensing_dm ├
«     ├───────────┴┐ │  ░ ├────────────┤
«q_2: ┤ Rz(1.4058) ├─■──░─┤ sensing_dm ├
«     └────────────┘    ░ ├────────────┤
«q_3: ──────────────────░─┤ sensing_dm ├
«                       ░ └────────────┘
0 0.0677869888953442
5 0.05978724007351915
10 0.05635348682099637
15 0.05440468750991209
20 0.05360912360083072
25 0.05291423928967434
30 0.05165325733062522
35 0.05008779866068265
40 0.04843913490179812
45 0.046859988661003944
50 0.04551274002150213
55 0.04437443121495074
60 0.043704253722213836
65 0.04309297068741696
70 0.042555219236272104
75 0.04213630430759468
80 0.04185192287345488
85 0.04171785498573562
90 0.041697618382742774
95 0.041695308038459916
100 0.041678332688529614
105 0.04167594649687618
110 0.041683464033866156
115 0.041679837172762794
120 0.04167802398861718
125 0.041679468266874624
130 0.04167797978316045
135 0.041688325006117244
140 0.041680943279840364
145 0.04169433682186422
150 0.041684281537521864
155 0.04170356990466483
160 0.04168609829111171
165 0.041704649158453566
170 0.04168663040418779
175 0.0417057207454439
180 0.04168717026864055
185 0.0417067848190034
190 0.041687717051397295
195 0.04170784163462566
0.04170826239626041
