0.01602131685247753
     ┌────────────┐┌────────────┐┌─────────────┐   ┌────────────┐┌────────────┐»
q_0: ┤ Rx(2.0637) ├┤ Ry(1.0432) ├┤ Rz(-0.4022) ├─■─┤ Rx(1.3447) ├┤ Ry(1.7256) ├»
     ├────────────┤├────────────┤└┬────────────┤ │ └────────────┘└────────────┘»
q_1: ┤ Rx(1.3618) ├┤ Ry(1.3894) ├─┤ Rz(1.4537) ├─■─────────────────────────────»
     ├────────────┤├────────────┤┌┴────────────┤                               »
q_2: ┤ Rx(1.0463) ├┤ Ry(2.0313) ├┤ Rz(0.83522) ├───────────────────────────────»
     ├────────────┤├────────────┤├─────────────┤                               »
q_3: ┤ Rx(1.3031) ├┤ Ry(1.9549) ├┤ Rz(0.88403) ├───────────────────────────────»
     └────────────┘└────────────┘└─────────────┘                               »
«     ┌─────────────┐   ┌────────────┐┌────────────┐┌────────────┐    ░ »
«q_0: ┤ Rz(0.24943) ├─■─┤ Rx(1.1487) ├┤ Ry(2.0082) ├┤ Rz(1.2494) ├─■──░─»
«     └─────────────┘ │ └────────────┘└────────────┘└────────────┘ │  ░ »
«q_1: ────────────────┼────────────────────────────────────────────┼──░─»
«                     │                                            │  ░ »
«q_2: ────────────────■────────────────────────────────────────────┼──░─»
«                                                                  │  ░ »
«q_3: ─────────────────────────────────────────────────────────────■──░─»
«                                                                     ░ »
«                                                      ░               »
«q_0: ─────────────────────────────────────────────────░───────────────»
«     ┌────────────┐┌─────────────┐┌──────────────┐    ░ ┌────────────┐»
«q_1: ┤ Rx(1.5078) ├┤ Ry(0.78861) ├┤ Rz(-0.26208) ├─■──░─┤ Rx(1.0702) ├»
«     ├────────────┤├─────────────┤├──────────────┤ │  ░ └────────────┘»
«q_2: ┤ Rx(1.5078) ├┤ Ry(0.78861) ├┤ Rz(-0.26208) ├─■──░───────────────»
«     └────────────┘└─────────────┘└──────────────┘    ░ ┌────────────┐»
«q_3: ─────────────────────────────────────────────────░─┤ Rx(1.0702) ├»
«                                                      ░ └────────────┘»
«                                       ░                                »
«q_0: ──────────────────────────────────░────────────────────────────────»
«     ┌─────────────┐┌─────────────┐    ░                                »
«q_1: ┤ Ry(0.96289) ├┤ Rz(0.73228) ├─■──░────────────────────────────────»
«     └─────────────┘└─────────────┘ │  ░ ┌──────────────┐┌─────────────┐»
«q_2: ───────────────────────────────┼──░─┤ Rx(0.015914) ├┤ Ry(0.49194) ├»
«     ┌─────────────┐┌─────────────┐ │  ░ ├──────────────┤├─────────────┤»
«q_3: ┤ Ry(0.96289) ├┤ Rz(0.73228) ├─■──░─┤ Rx(0.015914) ├┤ Ry(0.49194) ├»
«     └─────────────┘└─────────────┘    ░ └──────────────┘└─────────────┘»
«                       ░  ┌────────────┐ ┌──────────────┐ ┌────────────┐   »
«q_0: ──────────────────░──┤ Rx(1.4758) ├─┤ Ry(0.086474) ├─┤ Rz(1.4458) ├─■─»
«                       ░ ┌┴────────────┤ ├─────────────┬┘ ├────────────┤ │ »
«q_1: ──────────────────░─┤ Rx(0.38471) ├─┤ Ry(0.55137) ├──┤ Rz(1.1208) ├─■─»
«     ┌────────────┐    ░ ├─────────────┴┐├─────────────┴┐ ├────────────┤   »
«q_2: ┤ Rz(2.4277) ├─■──░─┤ Rx(0.033414) ├┤ Ry(-0.38536) ├─┤ Rz(1.5609) ├───»
«     ├────────────┤ │  ░ ├─────────────┬┘└┬────────────┬┘┌┴────────────┤   »
«q_3: ┤ Rz(2.4277) ├─■──░─┤ Rx(0.68149) ├──┤ Ry(1.6524) ├─┤ Rz(0.65606) ├───»
«     └────────────┘    ░ └─────────────┘  └────────────┘ └─────────────┘   »
«     ┌────────────┐┌────────────┐┌─────────────┐   ┌────────────┐»
«q_0: ┤ Rx(1.1057) ├┤ Ry(0.8554) ├┤ Rz(0.90128) ├─■─┤ Rx(1.2009) ├»
«     └────────────┘└────────────┘└─────────────┘ │ └────────────┘»
«q_1: ────────────────────────────────────────────┼───────────────»
«                                                 │               »
«q_2: ────────────────────────────────────────────■───────────────»
«                                                                 »
«q_3: ────────────────────────────────────────────────────────────»
«                                                                 »
«     ┌─────────────┐┌─────────────┐    ░                             »
«q_0: ┤ Ry(0.86835) ├┤ Rz(0.48864) ├─■──░─────────────────────────────»
«     └─────────────┘└─────────────┘ │  ░ ┌─────────────┐┌───────────┐»
«q_1: ───────────────────────────────┼──░─┤ Rx(0.68169) ├┤ Ry(1.863) ├»
«                                    │  ░ ├─────────────┤├───────────┤»
«q_2: ───────────────────────────────┼──░─┤ Rx(0.68169) ├┤ Ry(1.863) ├»
«                                    │  ░ └─────────────┘└───────────┘»
«q_3: ───────────────────────────────■──░─────────────────────────────»
«                                       ░                             »
«                       ░                                               ░ »
«q_0: ──────────────────░───────────────────────────────────────────────░─»
«     ┌────────────┐    ░ ┌────────────┐┌────────────┐┌────────────┐    ░ »
«q_1: ┤ Rz(1.2875) ├─■──░─┤ Rx(1.7927) ├┤ Ry(1.5415) ├┤ Rz(1.5206) ├─■──░─»
«     ├────────────┤ │  ░ └────────────┘└────────────┘└────────────┘ │  ░ »
«q_2: ┤ Rz(1.2875) ├─■──░────────────────────────────────────────────┼──░─»
«     └────────────┘    ░ ┌────────────┐┌────────────┐┌────────────┐ │  ░ »
«q_3: ──────────────────░─┤ Rx(1.7927) ├┤ Ry(1.5415) ├┤ Rz(1.5206) ├─■──░─»
«                       ░ └────────────┘└────────────┘└────────────┘    ░ »
«                                                    ░  ┌────────────┐»
«q_0: ───────────────────────────────────────────────░──┤ Rx(1.1063) ├»
«                                                    ░ ┌┴────────────┤»
«q_1: ───────────────────────────────────────────────░─┤ Rx(0.54132) ├»
«     ┌────────────┐┌────────────┐┌─────────────┐    ░ ├─────────────┤»
«q_2: ┤ Rx(1.0862) ├┤ Ry(2.1807) ├┤ Rz(0.22676) ├─■──░─┤ Rx(0.20655) ├»
«     ├────────────┤├────────────┤├─────────────┤ │  ░ └┬────────────┤»
«q_3: ┤ Rx(1.0862) ├┤ Ry(2.1807) ├┤ Rz(0.22676) ├─■──░──┤ Rx(2.1081) ├»
«     └────────────┘└────────────┘└─────────────┘    ░  └────────────┘»
«     ┌────────────┐┌─────────────┐   ┌────────────┐┌────────────┐»
«q_0: ┤ Ry(1.4183) ├┤ Rz(0.87672) ├─■─┤ Rx(1.7526) ├┤ Ry(1.0062) ├»
«     ├────────────┤└┬────────────┤ │ └────────────┘└────────────┘»
«q_1: ┤ Ry(1.3069) ├─┤ Rz(1.1386) ├─■─────────────────────────────»
«     ├────────────┤ ├────────────┤                               »
«q_2: ┤ Ry(1.7298) ├─┤ Rz(1.2715) ├───────────────────────────────»
«     ├────────────┤┌┴────────────┤                               »
«q_3: ┤ Ry(1.8039) ├┤ Rz(0.85184) ├───────────────────────────────»
«     └────────────┘└─────────────┘                               »
«     ┌────────────┐   ┌─────────────┐┌────────────┐┌─────────────┐    ░ »
«q_0: ┤ Rz(1.0913) ├─■─┤ Rx(-1.3006) ├┤ Ry(1.0684) ├┤ Rz(0.66373) ├─■──░─»
«     └────────────┘ │ └─────────────┘└────────────┘└─────────────┘ │  ░ »
«q_1: ───────────────┼──────────────────────────────────────────────┼──░─»
«                    │                                              │  ░ »
«q_2: ───────────────■──────────────────────────────────────────────┼──░─»
«                                                                   │  ░ »
«q_3: ──────────────────────────────────────────────────────────────■──░─»
«                                                                      ░ »
«                                                    ░                »
«q_0: ───────────────────────────────────────────────░────────────────»
«     ┌────────────┐┌────────────┐┌─────────────┐    ░ ┌─────────────┐»
«q_1: ┤ Rx(1.2621) ├┤ Ry(1.0243) ├┤ Rz(0.39416) ├─■──░─┤ Rx(0.57251) ├»
«     ├────────────┤├────────────┤├─────────────┤ │  ░ └─────────────┘»
«q_2: ┤ Rx(1.2621) ├┤ Ry(1.0243) ├┤ Rz(0.39416) ├─■──░────────────────»
«     └────────────┘└────────────┘└─────────────┘    ░ ┌─────────────┐»
«q_3: ───────────────────────────────────────────────░─┤ Rx(0.57251) ├»
«                                                    ░ └─────────────┘»
«                                      ░                             »
«q_0: ─────────────────────────────────░─────────────────────────────»
«     ┌─────────────┐┌────────────┐    ░                             »
«q_1: ┤ Ry(0.58905) ├┤ Rz(1.4933) ├─■──░─────────────────────────────»
«     └─────────────┘└────────────┘ │  ░ ┌────────────┐┌────────────┐»
«q_2: ──────────────────────────────┼──░─┤ Rx(1.4249) ├┤ Ry(0.8127) ├»
«     ┌─────────────┐┌────────────┐ │  ░ ├────────────┤├────────────┤»
«q_3: ┤ Ry(0.58905) ├┤ Rz(1.4933) ├─■──░─┤ Rx(1.4249) ├┤ Ry(0.8127) ├»
«     └─────────────┘└────────────┘    ░ └────────────┘└────────────┘»
«                       ░ ┌────────────┐┌─────────────┐┌──────────────┐»
«q_0: ──────────────────░─┤ sensing_dm ├┤ Rx(0.57664) ├┤ Ry(0.032617) ├»
«                       ░ ├────────────┤└─────────────┘└──────────────┘»
«q_1: ──────────────────░─┤ sensing_dm ├───────────────────────────────»
«     ┌────────────┐    ░ ├────────────┤                               »
«q_2: ┤ Rz(1.5067) ├─■──░─┤ sensing_dm ├───────────────────────────────»
«     ├────────────┤ │  ░ ├────────────┤┌─────────────┐ ┌────────────┐ »
«q_3: ┤ Rz(1.5067) ├─■──░─┤ sensing_dm ├┤ Rx(0.60206) ├─┤ Ry(1.6796) ├─»
«     └────────────┘    ░ └────────────┘└─────────────┘ └────────────┘ »
«     ┌─────────────┐      ░                                               »
«q_0: ┤ Rz(0.78218) ├──■───░───────────────────────────────────────────────»
«     └─────────────┘  │   ░ ┌──────────────┐ ┌────────────┐┌─────────────┐»
«q_1: ─────────────────┼───░─┤ Rx(-0.10689) ├─┤ Ry(1.5619) ├┤ Rz(0.33752) ├»
«                      │   ░ └──────────────┘ └────────────┘└─────────────┘»
«q_2: ─────────────────┼───░───────────────────────────────────────────────»
«      ┌────────────┐┌─┴─┐ ░  ┌────────────┐ ┌─────────────┐ ┌────────────┐»
«q_3: ─┤ Rz(0.8587) ├┤ X ├─░──┤ Rx(1.4378) ├─┤ Ry(0.97851) ├─┤ Rz(1.6315) ├»
«      └────────────┘└───┘ ░  └────────────┘ └─────────────┘ └────────────┘»
«           ░ ┌─────────────┐┌────────────┐┌─────────────┐      ░ »
«q_0: ──────░─┤ Rx(0.76931) ├┤ Ry(1.0571) ├┤ Rz(0.78042) ├──■───░─»
«           ░ └─────────────┘└────────────┘└─────────────┘  │   ░ »
«q_1: ──■───░───────────────────────────────────────────────┼───░─»
«       │   ░  ┌────────────┐┌────────────┐ ┌────────────┐┌─┴─┐ ░ »
«q_2: ──┼───░──┤ Rx(0.8738) ├┤ Ry(1.1552) ├─┤ Rz(1.0961) ├┤ X ├─░─»
«     ┌─┴─┐ ░  └────────────┘└────────────┘ └────────────┘└───┘ ░ »
«q_3: ┤ X ├─░───────────────────────────────────────────────────░─»
«     └───┘ ░                                                   ░ »
«     ┌─────────────┐ ┌────────────┐┌─────────────┐       ░                »
«q_0: ┤ Rx(0.91954) ├─┤ Ry(1.3328) ├┤ Rz(0.86253) ├───■───░────────────────»
«     └─────────────┘ └────────────┘└─────────────┘   │   ░                »
«q_1: ────────────────────────────────────────────────┼───░────────────────»
«     ┌─────────────┐┌─────────────┐┌──────────────┐┌─┴─┐ ░  ┌────────────┐»
«q_2: ┤ Rx(0.49822) ├┤ Ry(0.89235) ├┤ Rz(-0.57372) ├┤ X ├─░──┤ Rx(1.1092) ├»
«     └─────────────┘└─────────────┘└──────────────┘└───┘ ░ ┌┴────────────┤»
«q_3: ────────────────────────────────────────────────────░─┤ Rx(0.70815) ├»
«                                                         ░ └─────────────┘»
«                                         ░  ┌────────────┐ ┌────────────┐»
«q_0: ────────────────────────────────────░──┤ Rx(1.7915) ├─┤ Ry(1.4745) ├»
«                                         ░  └────────────┘ └────────────┘»
«q_1: ────────────────────────────────────░───────────────────────────────»
«      ┌────────────┐ ┌────────────┐      ░                               »
«q_2: ─┤ Ry(0.8887) ├─┤ Rz(1.1729) ├──■───░───────────────────────────────»
«     ┌┴────────────┴┐├────────────┤┌─┴─┐ ░ ┌─────────────┐┌─────────────┐»
«q_3: ┤ Ry(0.089059) ├┤ Rz(1.1376) ├┤ X ├─░─┤ Rx(0.61688) ├┤ Ry(0.59862) ├»
«     └──────────────┘└────────────┘└───┘ ░ └─────────────┘└─────────────┘»
«     ┌───────────┐       ░ ┌─────────────┐┌─────────────┐┌────────────┐     »
«q_0: ┤ Rz(1.371) ├───■───░─┤ Rx(0.70575) ├┤ Ry(0.72359) ├┤ Rz(1.1406) ├──■──»
«     └───────────┘   │   ░ └─────────────┘└─────────────┘└────────────┘  │  »
«q_1: ────────────────┼───░───────────────────────────────────────────────┼──»
«                     │   ░ ┌─────────────┐ ┌────────────┐┌────────────┐┌─┴─┐»
«q_2: ────────────────┼───░─┤ Rx(0.78267) ├─┤ Ry(1.2441) ├┤ Rz(1.1062) ├┤ X ├»
«     ┌────────────┐┌─┴─┐ ░ └─────────────┘ └────────────┘└────────────┘└───┘»
«q_3: ┤ Rz(1.6158) ├┤ X ├─░──────────────────────────────────────────────────»
«     └────────────┘└───┘ ░                                                  »
«      ░ ┌────────────┐┌─────────────┐┌─────────────┐      ░                »
«q_0: ─░─┤ Rx(1.5648) ├┤ Ry(0.76152) ├┤ Rz(0.99989) ├──■───░────────────────»
«      ░ ├───────────┬┘├─────────────┤└┬────────────┤┌─┴─┐ ░                »
«q_1: ─░─┤ Rx(0.641) ├─┤ Ry(0.19239) ├─┤ Rz(1.9372) ├┤ X ├─░────────────────»
«      ░ └───────────┘ └─────────────┘ └────────────┘└───┘ ░ ┌─────────────┐»
«q_2: ─░───────────────────────────────────────────────────░─┤ Rx(0.16644) ├»
«      ░                                                   ░ └┬────────────┤»
«q_3: ─░───────────────────────────────────────────────────░──┤ Rx(2.0573) ├»
«      ░                                                   ░  └────────────┘»
«                                            ░                                »
«q_0: ───────────────────────────────────────░────────────────────────────────»
«                                            ░ ┌──────────────┐ ┌────────────┐»
«q_1: ───────────────────────────────────────░─┤ Rx(0.058097) ├─┤ Ry(1.0001) ├»
«     ┌────────────────┐ ┌────────────┐      ░ └──────────────┘ └────────────┘»
«q_2: ┤ Ry(-0.0089992) ├─┤ Rz(0.9999) ├──■───░────────────────────────────────»
«     └┬─────────────┬─┘┌┴────────────┤┌─┴─┐ ░ ┌──────────────┐┌─────────────┐»
«q_3: ─┤ Ry(0.26909) ├──┤ Rz(0.98691) ├┤ X ├─░─┤ Rx(-0.86623) ├┤ Ry(0.99973) ├»
«      └─────────────┘  └─────────────┘└───┘ ░ └──────────────┘└─────────────┘»
«                    ░ 
«q_0: ───────────────░─
«     ┌───────┐      ░ 
«q_1: ┤ Rz(1) ├──■───░─
«     └───────┘  │   ░ 
«q_2: ───────────┼───░─
«     ┌───────┐┌─┴─┐ ░ 
«q_3: ┤ Rz(1) ├┤ X ├─░─
«     └───────┘└───┘ ░ 
