      ┌────────────┐ ┌────────────┐┌────────────┐   ┌─────────────┐»
q_0: ─┤ Rx(1.9548) ├─┤ Ry(1.5689) ├┤ Rz(4.5104) ├─■─┤ Rx(0.84252) ├»
      ├────────────┤ ├────────────┤├────────────┤ │ └┬────────────┤»
q_1: ─┤ Rx(1.4426) ├─┤ Ry(4.7199) ├┤ Rz(5.9795) ├─■──┤ Rx(5.4033) ├»
     ┌┴────────────┴┐├────────────┤├────────────┤    └────────────┘»
q_2: ┤ Rx(0.015993) ├┤ Ry(3.1594) ├┤ Rz(5.0082) ├──────────────────»
     └┬────────────┬┘├────────────┤├────────────┤                  »
q_3: ─┤ Rx(2.2128) ├─┤ Ry(4.7236) ├┤ Rz(2.8318) ├──────────────────»
      └────────────┘ └────────────┘└────────────┘                  »
«     ┌────────────┐┌───────────┐    ┌─────────────┐┌────────────┐»
«q_0: ┤ Ry(3.0023) ├┤ Rz(2.683) ├──■─┤ Rx(0.27067) ├┤ Ry(5.1453) ├»
«     └┬──────────┬┘├───────────┴┐ │ └─────────────┘└────────────┘»
«q_1: ─┤ Ry(3.47) ├─┤ Rz(4.0838) ├─┼──────────────────────────────»
«      └──────────┘ └────────────┘ │  ┌────────────┐┌────────────┐»
«q_2: ─────────────────────────────■──┤ Rx(1.2588) ├┤ Ry(4.7003) ├»
«                                     └────────────┘└────────────┘»
«q_3: ────────────────────────────────────────────────────────────»
«                                                                 »
«     ┌────────────┐                                                           »
«q_0: ┤ Rz(2.6484) ├─■─────────────────────────────────────────────────────────»
«     └────────────┘ │               ┌────────────┐┌────────────┐┌────────────┐»
«q_1: ───────────────┼───────■───────┤ Rx(6.7465) ├┤ Ry(4.6741) ├┤ Rz(5.7966) ├»
«     ┌────────────┐ │       │       ├────────────┤├───────────┬┘├────────────┤»
«q_2: ┤ Rz(4.1392) ├─┼───────■───────┤ Rx(4.8632) ├┤ Ry(4.674) ├─┤ Rz(2.9884) ├»
«     └────────────┘ │ ┌────────────┐└┬──────────┬┘├───────────┴┐└────────────┘»
«q_3: ───────────────■─┤ Rx(5.8661) ├─┤ Ry(4.05) ├─┤ Rz(2.6626) ├──────────────»
«                      └────────────┘ └──────────┘ └────────────┘              »
«                                                       ░ ┌────────────┐ ░    »
«q_0: ──────────────────────────────────────────────────░─┤ sensing_dm ├─░────»
«                                                       ░ ├────────────┤ ░    »
«q_1: ─■────────────────────────────────────────────────░─┤ sensing_dm ├─░────»
«      │                                                ░ ├────────────┤ ░    »
«q_2: ─┼─────────────────────────────────────────────■──░─┤ sensing_dm ├─░──■─»
«      │ ┌─────────────┐┌────────────┐┌────────────┐ │  ░ ├────────────┤ ░  │ »
«q_3: ─■─┤ Rx(0.59255) ├┤ Ry(3.4982) ├┤ Rz(5.2085) ├─■──░─┤ sensing_dm ├─░──■─»
«        └─────────────┘└────────────┘└────────────┘    ░ └────────────┘ ░    »
«                                                                     »
«q_0: ────────────────────────────────────────────────────────────────»
«                                                      ┌─────────────┐»
«q_1: ───────────────────────────────────────────────■─┤ Rz(-5.7263) ├»
«     ┌─────────────┐┌─────────────┐┌──────────────┐ │ └─────────────┘»
«q_2: ┤ Rz(-4.0214) ├┤ Ry(-2.9703) ├┤ Rx(-0.62892) ├─┼────────────────»
«     ├─────────────┤├─────────────┤├─────────────┬┘ │  ┌────────────┐»
«q_3: ┤ Rz(-3.6275) ├┤ Ry(-3.2697) ├┤ Rx(-2.2173) ├──■──┤ Rz(-4.661) ├»
«     └─────────────┘└─────────────┘└─────────────┘     └────────────┘»
«                                         ┌─────────────┐┌──────────────┐»
«q_0: ──────────────────────────────────■─┤ Rz(-1.1751) ├┤ Ry(-0.17785) ├»
«     ┌─────────────┐┌─────────────┐    │ ├─────────────┤├──────────────┤»
«q_1: ┤ Ry(-5.8656) ├┤ Rx(-1.6213) ├─■──┼─┤ Rz(-6.1908) ├┤ Ry(-0.35487) ├»
«     └─────────────┘└─────────────┘ │  │ ├─────────────┤├─────────────┬┘»
«q_2: ───────────────────────────────■──┼─┤ Rz(-4.1472) ├┤ Ry(-3.7108) ├─»
«     ┌─────────────┐┌─────────────┐    │ ├─────────────┤├─────────────┤ »
«q_3: ┤ Ry(-5.0168) ├┤ Rx(-5.6443) ├────■─┤ Rz(-2.7767) ├┤ Ry(-0.1924) ├─»
«     └─────────────┘└─────────────┘      └─────────────┘└─────────────┘ »
«     ┌─────────────┐   ┌─────────────┐┌─────────────┐┌─────────────┐   »
«q_0: ┤ Rx(-5.8576) ├─■─┤ Rz(-4.2237) ├┤ Ry(-4.5066) ├┤ Rx(-4.5154) ├─■─»
«     ├─────────────┤ │ └─────────────┘└─────────────┘└─────────────┘ │ »
«q_1: ┤ Rx(-5.4528) ├─┼───────────────────────────────────────────────■─»
«     └┬────────────┤ │ ┌─────────────┐┌─────────────┐┌─────────────┐   »
«q_2: ─┤ Rx(-4.003) ├─■─┤ Rz(-2.0197) ├┤ Ry(-3.4958) ├┤ Rx(-4.2962) ├───»
«     ┌┴────────────┤   └─────────────┘└─────────────┘└─────────────┘   »
«q_3: ┤ Rx(-2.8248) ├───────────────────────────────────────────────────»
«     └─────────────┘                                                   »
«      ┌────────────┐┌─────────────┐┌─────────────┐ ░                   »
«q_0: ─┤ Rz(-4.573) ├┤ Ry(-4.7107) ├┤ Rx(-2.2081) ├─░───────────────────»
«     ┌┴────────────┤├─────────────┤├─────────────┤ ░                   »
«q_1: ┤ Rz(-5.0504) ├┤ Ry(-4.2495) ├┤ Rx(-4.3361) ├─░───────────────────»
«     └─────────────┘└─────────────┘└─────────────┘ ░    ┌─────────────┐»
«q_2: ──────────────────────────────────────────────░──■─┤ Rz(-4.7416) ├»
«                                                   ░  │ ├─────────────┤»
«q_3: ──────────────────────────────────────────────░──■─┤ Rz(-5.6821) ├»
«                                                   ░    └─────────────┘»
«                                                                     »
«q_0: ────────────────────────────────────────────────────────────────»
«                                      ┌─────────────┐ ┌─────────────┐»
«q_1: ───────────────────────────────■─┤ Rz(-5.8339) ├─┤ Ry(-1.7419) ├»
«     ┌─────────────┐┌─────────────┐ │ └─────────────┘ └─────────────┘»
«q_2: ┤ Ry(-4.8562) ├┤ Rx(-3.2229) ├─┼────────────────────────────────»
«     ├─────────────┤├─────────────┤ │ ┌──────────────┐┌─────────────┐»
«q_3: ┤ Ry(-3.7575) ├┤ Rx(-2.2388) ├─■─┤ Rz(-0.39949) ├┤ Ry(-4.1514) ├»
«     └─────────────┘└─────────────┘   └──────────────┘└─────────────┘»
«                           ┌─────────────┐ ┌─────────────┐ ┌─────────────┐   »
«q_0: ────────────────────■─┤ Rz(-2.7297) ├─┤ Ry(-5.5106) ├─┤ Rx(-4.5797) ├─■─»
«     ┌─────────────┐     │ └┬────────────┤ ├─────────────┤ ├─────────────┤ │ »
«q_1: ┤ Rx(-3.9259) ├──■──┼──┤ Rz(-2.254) ├─┤ Ry(-4.2363) ├─┤ Rx(-3.6078) ├─┼─»
«     └─────────────┘  │  │ ┌┴────────────┤ ├─────────────┴┐├─────────────┤ │ »
«q_2: ─────────────────■──┼─┤ Rz(-3.3221) ├─┤ Ry(-0.96596) ├┤ Rx(-2.6724) ├─■─»
«     ┌──────────────┐    │ ├─────────────┴┐├─────────────┬┘├─────────────┤   »
«q_3: ┤ Rx(-0.61016) ├────■─┤ Rz(-0.22697) ├┤ Ry(-5.0601) ├─┤ Rx(-5.7842) ├───»
«     └──────────────┘      └──────────────┘└─────────────┘ └─────────────┘   »
«     ┌──────────────┐┌─────────────┐┌─────────────┐   ┌──────────────┐»
«q_0: ┤ Rz(-0.45657) ├┤ Ry(-4.4298) ├┤ Rx(-5.1765) ├─■─┤ Rz(-0.41821) ├»
«     └──────────────┘└─────────────┘└─────────────┘ │ ├─────────────┬┘»
«q_1: ───────────────────────────────────────────────■─┤ Rz(-1.8473) ├─»
«     ┌─────────────┐ ┌─────────────┐┌─────────────┐   └─────────────┘ »
«q_2: ┤ Rz(-3.3429) ├─┤ Ry(-2.5816) ├┤ Rx(-2.0562) ├───────────────────»
«     └─────────────┘ └─────────────┘└─────────────┘                   »
«q_3: ─────────────────────────────────────────────────────────────────»
«                                                                      »
«      ┌────────────┐┌─────────────┐
«q_0: ─┤ Ry(-6.248) ├┤ Rx(-5.4295) ├
«     ┌┴────────────┤├─────────────┤
«q_1: ┤ Ry(-2.5797) ├┤ Rx(-3.0817) ├
«     └─────────────┘└─────────────┘
«q_2: ──────────────────────────────
«                                   
«q_3: ──────────────────────────────
«                                   
0 0.028304735505945946
5 0.02365319182673498
10 0.02221784372795102
15 0.018867795353666228
20 0.01997181547217678
25 0.019290074779048195
30 0.019863676473508195
35 0.02008942091417066
40 0.02023334634275579
45 0.020271836240290494
50 0.020474041114375632
55 0.019855680300929525
60 0.019214711417731994
65 0.019467228701567533
70 0.018122325537662878
75 0.017227278097723453
80 0.017995912827834182
85 0.020057326722552095
90 0.02001317492650407
95 0.018397685053237463
100 0.017818622728269284
105 0.018307168511402613
110 0.017352836089430817
115 0.018020015308771484
120 0.018123941608484562
125 0.017080316575833945
130 0.01684948261950926
135 0.01728595909218956
140 0.017668218570112235
145 0.016929059843852092
150 0.0166042979890183
155 0.016895132415716333
160 0.0171306194521133
165 0.016354601881785804
170 0.01734537046535735
175 0.018049750352217415
180 0.018266334689539938
185 0.017456323867963974
190 0.01811227899143636
195 0.017508590675968654
0.01642624503338088
