      ┌────────────┐ ┌────────────┐┌────────────┐   ┌─────────────┐»
q_0: ─┤ Rx(1.9548) ├─┤ Ry(1.5689) ├┤ Rz(4.5104) ├─■─┤ Rx(0.84252) ├»
      ├────────────┤ ├────────────┤├────────────┤ │ └┬────────────┤»
q_1: ─┤ Rx(1.4426) ├─┤ Ry(4.7199) ├┤ Rz(5.9795) ├─■──┤ Rx(5.4033) ├»
     ┌┴────────────┴┐├────────────┤├────────────┤    └────────────┘»
q_2: ┤ Rx(0.015993) ├┤ Ry(3.1594) ├┤ Rz(5.0082) ├──────────────────»
     └┬────────────┬┘├────────────┤├────────────┤                  »
q_3: ─┤ Rx(2.2128) ├─┤ Ry(4.7236) ├┤ Rz(2.8318) ├──────────────────»
      └────────────┘ └────────────┘└────────────┘                  »
«     ┌────────────┐┌───────────┐    ┌─────────────┐┌────────────┐»
«q_0: ┤ Ry(3.0023) ├┤ Rz(2.683) ├──■─┤ Rx(0.27067) ├┤ Ry(5.1453) ├»
«     └┬──────────┬┘├───────────┴┐ │ └─────────────┘└────────────┘»
«q_1: ─┤ Ry(3.47) ├─┤ Rz(4.0838) ├─┼──────────────────────────────»
«      └──────────┘ └────────────┘ │  ┌────────────┐┌────────────┐»
«q_2: ─────────────────────────────■──┤ Rx(1.2588) ├┤ Ry(4.7003) ├»
«                                     └────────────┘└────────────┘»
«q_3: ────────────────────────────────────────────────────────────»
«                                                                 »
«     ┌────────────┐                                                           »
«q_0: ┤ Rz(2.6484) ├─■─────────────────────────────────────────────────────────»
«     └────────────┘ │               ┌────────────┐┌────────────┐┌────────────┐»
«q_1: ───────────────┼───────■───────┤ Rx(6.7465) ├┤ Ry(4.6741) ├┤ Rz(5.7966) ├»
«     ┌────────────┐ │       │       ├────────────┤├───────────┬┘├────────────┤»
«q_2: ┤ Rz(4.1392) ├─┼───────■───────┤ Rx(4.8632) ├┤ Ry(4.674) ├─┤ Rz(2.9884) ├»
«     └────────────┘ │ ┌────────────┐└┬──────────┬┘├───────────┴┐└────────────┘»
«q_3: ───────────────■─┤ Rx(5.8661) ├─┤ Ry(4.05) ├─┤ Rz(2.6626) ├──────────────»
«                      └────────────┘ └──────────┘ └────────────┘              »
«                                                       ░ ┌────────────┐ ░    »
«q_0: ──────────────────────────────────────────────────░─┤ sensing_dm ├─░────»
«                                                       ░ ├────────────┤ ░    »
«q_1: ─■────────────────────────────────────────────────░─┤ sensing_dm ├─░────»
«      │                                                ░ ├────────────┤ ░    »
«q_2: ─┼─────────────────────────────────────────────■──░─┤ sensing_dm ├─░──■─»
«      │ ┌─────────────┐┌────────────┐┌────────────┐ │  ░ ├────────────┤ ░  │ »
«q_3: ─■─┤ Rx(0.59255) ├┤ Ry(3.4982) ├┤ Rz(5.2085) ├─■──░─┤ sensing_dm ├─░──■─»
«        └─────────────┘└────────────┘└────────────┘    ░ └────────────┘ ░    »
«                                                                    »
«q_0: ───────────────────────────────────────────────────────────────»
«                                                     ┌─────────────┐»
«q_1: ──────────────────────────────────────────────■─┤ Rz(-3.9346) ├»
«     ┌─────────────┐┌─────────────┐┌─────────────┐ │ └─────────────┘»
«q_2: ┤ Rz(-5.3236) ├┤ Ry(-2.8206) ├┤ Rx(-2.3002) ├─┼────────────────»
«     └┬────────────┤├─────────────┤├─────────────┤ │ ┌─────────────┐»
«q_3: ─┤ Rz(-2.856) ├┤ Ry(-2.6839) ├┤ Rx(-3.2785) ├─■─┤ Rz(-3.2077) ├»
«      └────────────┘└─────────────┘└─────────────┘   └─────────────┘»
«                                          ┌─────────────┐┌─────────────┐»
«q_0: ───────────────────────────────────■─┤ Rz(-4.5625) ├┤ Ry(-3.5247) ├»
«     ┌─────────────┐┌──────────────┐    │ └┬────────────┤├─────────────┤»
«q_1: ┤ Ry(-4.3911) ├┤ Rx(-0.71949) ├─■──┼──┤ Rz(-2.746) ├┤ Ry(-2.6964) ├»
«     └─────────────┘└──────────────┘ │  │ ┌┴────────────┤├─────────────┤»
«q_2: ────────────────────────────────■──┼─┤ Rz(-5.0308) ├┤ Ry(-2.2926) ├»
«     ┌─────────────┐┌─────────────┐     │ ├─────────────┤├─────────────┤»
«q_3: ┤ Ry(-6.0505) ├┤ Rx(-4.8491) ├─────■─┤ Rz(-3.2446) ├┤ Ry(-3.9855) ├»
«     └─────────────┘└─────────────┘       └─────────────┘└─────────────┘»
«     ┌─────────────┐   ┌─────────────┐┌─────────────┐ ┌─────────────┐    »
«q_0: ┤ Rx(-1.1282) ├─■─┤ Rz(-5.8366) ├┤ Ry(-3.6872) ├─┤ Rx(-4.1793) ├──■─»
«     ├─────────────┤ │ └─────────────┘└─────────────┘ └─────────────┘  │ »
«q_1: ┤ Rx(-6.2728) ├─┼─────────────────────────────────────────────────■─»
«     ├─────────────┤ │ ┌─────────────┐┌──────────────┐┌──────────────┐   »
«q_2: ┤ Rx(-1.1275) ├─■─┤ Rz(-3.2536) ├┤ Ry(-0.91451) ├┤ Rx(-0.86444) ├───»
«     ├─────────────┤   └─────────────┘└──────────────┘└──────────────┘   »
«q_3: ┤ Rx(-2.0204) ├─────────────────────────────────────────────────────»
«     └─────────────┘                                                     »
«     ┌─────────────┐┌─────────────┐┌─────────────┐ ░                   »
«q_0: ┤ Rz(-3.9781) ├┤ Ry(-4.4389) ├┤ Rx(-2.0392) ├─░───────────────────»
«     ├─────────────┤├─────────────┤├─────────────┤ ░                   »
«q_1: ┤ Rz(-4.5336) ├┤ Ry(-4.8652) ├┤ Rx(-3.2865) ├─░───────────────────»
«     └─────────────┘└─────────────┘└─────────────┘ ░    ┌─────────────┐»
«q_2: ──────────────────────────────────────────────░──■─┤ Rz(-4.2291) ├»
«                                                   ░  │ ├─────────────┤»
«q_3: ──────────────────────────────────────────────░──■─┤ Rz(-3.9695) ├»
«                                                   ░    └─────────────┘»
«                                                                        »
«q_0: ───────────────────────────────────────────────────────────────────»
«                                       ┌─────────────┐ ┌───────────────┐»
«q_1: ────────────────────────────────■─┤ Rz(-4.6883) ├─┤ Ry(-0.087182) ├»
«     ┌─────────────┐┌──────────────┐ │ └─────────────┘ └───────────────┘»
«q_2: ┤ Ry(-1.3381) ├┤ Rx(-0.39543) ├─┼──────────────────────────────────»
«     └┬────────────┤├─────────────┬┘ │ ┌──────────────┐ ┌──────────────┐»
«q_3: ─┤ Ry(-3.655) ├┤ Rx(-4.6553) ├──■─┤ Rz(-0.28144) ├─┤ Ry(-0.40107) ├»
«      └────────────┘└─────────────┘    └──────────────┘ └──────────────┘»
«                           ┌────────────┐┌─────────────┐ ┌─────────────┐    »
«q_0: ───────────────────■──┤ Rz(-4.836) ├┤ Ry(-4.7659) ├─┤ Rx(-4.3118) ├──■─»
«      ┌────────────┐    │  ├────────────┤└┬────────────┤ ├─────────────┤  │ »
«q_1: ─┤ Rx(-3.399) ├─■──┼──┤ Rz(-6.059) ├─┤ Ry(-4.089) ├─┤ Rx(-3.4571) ├──┼─»
«      └────────────┘ │  │ ┌┴────────────┤┌┴────────────┤ ├─────────────┴┐ │ »
«q_2: ────────────────■──┼─┤ Rz(-3.9368) ├┤ Ry(-1.0922) ├─┤ Rx(-0.43174) ├─■─»
«     ┌─────────────┐    │ └┬────────────┤├─────────────┴┐├──────────────┤   »
«q_3: ┤ Rx(-5.8799) ├────■──┤ Rz(-4.883) ├┤ Ry(-0.89418) ├┤ Rx(-0.87026) ├───»
«     └─────────────┘       └────────────┘└──────────────┘└──────────────┘   »
«     ┌──────────────┐┌─────────────┐┌──────────────┐   ┌──────────────┐»
«q_0: ┤ Rz(-0.20756) ├┤ Ry(-3.0334) ├┤ Rx(-0.91575) ├─■─┤ Rz(-0.46629) ├»
«     └──────────────┘└─────────────┘└──────────────┘ │ ├─────────────┬┘»
«q_1: ────────────────────────────────────────────────■─┤ Rz(-5.9238) ├─»
«     ┌─────────────┐ ┌─────────────┐┌─────────────┐    └─────────────┘ »
«q_2: ┤ Rz(-1.5814) ├─┤ Ry(-3.3448) ├┤ Rx(-1.5848) ├────────────────────»
«     └─────────────┘ └─────────────┘└─────────────┘                    »
«q_3: ──────────────────────────────────────────────────────────────────»
«                                                                       »
«     ┌─────────────┐┌──────────────┐ ░                                  »
«q_0: ┤ Ry(-3.0313) ├┤ Rx(-0.42391) ├─░──────────────────────────────────»
«     ├─────────────┤├─────────────┬┘ ░                                  »
«q_1: ┤ Ry(-2.4089) ├┤ Rx(-4.9446) ├──░──────────────────────────────────»
«     └─────────────┘└─────────────┘  ░    ┌─────────────┐┌─────────────┐»
«q_2: ────────────────────────────────░──■─┤ Rz(-4.8039) ├┤ Ry(-4.5626) ├»
«                                     ░  │ ├─────────────┤├─────────────┤»
«q_3: ────────────────────────────────░──■─┤ Rz(-5.9863) ├┤ Ry(-6.0274) ├»
«                                     ░    └─────────────┘└─────────────┘»
«                                                                           »
«q_0: ────────────────────────────────────────────────────────────────────■─»
«                       ┌──────────────┐┌─────────────┐┌─────────────┐    │ »
«q_1: ────────────────■─┤ Rz(-0.33217) ├┤ Ry(-2.2565) ├┤ Rx(-1.0161) ├─■──┼─»
«     ┌─────────────┐ │ └──────────────┘└─────────────┘└─────────────┘ │  │ »
«q_2: ┤ Rx(-4.2811) ├─┼────────────────────────────────────────────────■──┼─»
«     ├─────────────┤ │  ┌────────────┐ ┌─────────────┐┌─────────────┐    │ »
«q_3: ┤ Rx(-2.9788) ├─■──┤ Rz(-4.633) ├─┤ Ry(-2.6887) ├┤ Rx(-4.6153) ├────■─»
«     └─────────────┘    └────────────┘ └─────────────┘└─────────────┘      »
«     ┌─────────────┐ ┌─────────────┐┌─────────────┐   ┌─────────────┐»
«q_0: ┤ Rz(-3.4585) ├─┤ Ry(-1.8513) ├┤ Rx(-3.0899) ├─■─┤ Rz(-4.4514) ├»
«     ├─────────────┴┐├─────────────┤├─────────────┤ │ └─────────────┘»
«q_1: ┤ Rz(-0.59772) ├┤ Ry(-5.7721) ├┤ Rx(-5.5281) ├─┼────────────────»
«     ├─────────────┬┘├─────────────┤├─────────────┤ │ ┌─────────────┐»
«q_2: ┤ Rz(-4.4678) ├─┤ Ry(-4.5751) ├┤ Rx(-3.6347) ├─■─┤ Rz(-5.9477) ├»
«     ├─────────────┤ ├─────────────┤├─────────────┤   └─────────────┘»
«q_3: ┤ Rz(-3.0131) ├─┤ Ry(-3.7463) ├┤ Rx(-3.6356) ├──────────────────»
«     └─────────────┘ └─────────────┘└─────────────┘                  »
«     ┌─────────────┐ ┌─────────────┐   ┌─────────────┐┌──────────────┐»
«q_0: ┤ Ry(-2.3986) ├─┤ Rx(-5.2383) ├─■─┤ Rz(-1.8039) ├┤ Ry(-0.55144) ├»
«     └─────────────┘ └─────────────┘ │ ├─────────────┤├─────────────┬┘»
«q_1: ────────────────────────────────■─┤ Rz(-2.1738) ├┤ Ry(-3.3113) ├─»
«     ┌──────────────┐┌─────────────┐   └─────────────┘└─────────────┘ »
«q_2: ┤ Ry(-0.55969) ├┤ Rx(-3.9852) ├──────────────────────────────────»
«     └──────────────┘└─────────────┘                                  »
«q_3: ─────────────────────────────────────────────────────────────────»
«                                                                      »
«     ┌─────────────┐ ░                                                     »
«q_0: ┤ Rx(-3.9695) ├─░─────────────────────────────────────────────────────»
«     ├─────────────┤ ░                                                     »
«q_1: ┤ Rx(-6.1052) ├─░───────────────────────────────────────────────────■─»
«     └─────────────┘ ░    ┌─────────────┐┌─────────────┐ ┌─────────────┐ │ »
«q_2: ────────────────░──■─┤ Rz(-4.2396) ├┤ Ry(-1.7359) ├─┤ Rx(-1.2342) ├─┼─»
«                     ░  │ ├─────────────┤├─────────────┴┐├─────────────┤ │ »
«q_3: ────────────────░──■─┤ Rz(-3.7134) ├┤ Ry(-0.25928) ├┤ Rx(-1.3746) ├─■─»
«                     ░    └─────────────┘└──────────────┘└─────────────┘   »
«                                                          ┌─────────────┐ »
«q_0: ───────────────────────────────────────────────────■─┤ Rz(-5.8822) ├─»
«     ┌─────────────┐ ┌─────────────┐ ┌─────────────┐    │ ├─────────────┤ »
«q_1: ┤ Rz(-2.7812) ├─┤ Ry(-5.8153) ├─┤ Rx(-1.2567) ├─■──┼─┤ Rz(-4.3904) ├─»
«     └─────────────┘ └─────────────┘ └─────────────┘ │  │ ├─────────────┴┐»
«q_2: ────────────────────────────────────────────────■──┼─┤ Rz(-0.36719) ├»
«     ┌──────────────┐┌──────────────┐┌─────────────┐    │ ├─────────────┬┘»
«q_3: ┤ Rz(-0.75212) ├┤ Ry(-0.43693) ├┤ Rx(-5.7691) ├────■─┤ Rz(-3.0343) ├─»
«     └──────────────┘└──────────────┘└─────────────┘      └─────────────┘ »
«      ┌──────────────┐ ┌─────────────┐    ┌─────────────┐┌─────────────┐»
«q_0: ─┤ Ry(-0.84953) ├─┤ Rx(-3.1291) ├──■─┤ Rz(-5.7492) ├┤ Ry(-2.0707) ├»
«     ┌┴──────────────┴┐├─────────────┤  │ └─────────────┘└─────────────┘»
«q_1: ┤ Ry(-0.0029664) ├┤ Rx(-3.8356) ├──┼───────────────────────────────»
«     └┬─────────────┬─┘├─────────────┤  │ ┌─────────────┐┌─────────────┐»
«q_2: ─┤ Ry(-5.3196) ├──┤ Rx(-5.5079) ├──■─┤ Rz(-5.5243) ├┤ Ry(-5.6649) ├»
«      ├─────────────┤  ├─────────────┴┐   └─────────────┘└─────────────┘»
«q_3: ─┤ Ry(-5.4739) ├──┤ Rx(-0.66894) ├─────────────────────────────────»
«      └─────────────┘  └──────────────┘                                 »
«     ┌──────────────┐   ┌─────────────┐┌─────────────┐ ┌────────────┐  ░    »
«q_0: ┤ Rx(-0.76153) ├─■─┤ Rz(-1.8806) ├┤ Ry(-1.0273) ├─┤ Rx(-5.529) ├──░────»
«     └──────────────┘ │ ├─────────────┤├─────────────┤┌┴────────────┴┐ ░    »
«q_1: ─────────────────■─┤ Rz(-2.8643) ├┤ Ry(-1.7173) ├┤ Rx(-0.78791) ├─░────»
«     ┌─────────────┐    └─────────────┘└─────────────┘└──────────────┘ ░    »
«q_2: ┤ Rx(-1.6129) ├───────────────────────────────────────────────────░──■─»
«     └─────────────┘                                                   ░  │ »
«q_3: ──────────────────────────────────────────────────────────────────░──■─»
«                                                                       ░    »
«                                                                    »
«q_0: ───────────────────────────────────────────────────────────────»
«                                                     ┌─────────────┐»
«q_1: ──────────────────────────────────────────────■─┤ Rz(-5.8575) ├»
«     ┌─────────────┐┌─────────────┐┌─────────────┐ │ └─────────────┘»
«q_2: ┤ Rz(-1.2765) ├┤ Ry(-2.3503) ├┤ Rx(-1.1042) ├─┼────────────────»
«     ├─────────────┤├─────────────┤├─────────────┤ │ ┌─────────────┐»
«q_3: ┤ Rz(-4.4552) ├┤ Ry(-5.7445) ├┤ Rx(-6.1189) ├─■─┤ Rz(-5.2565) ├»
«     └─────────────┘└─────────────┘└─────────────┘   └─────────────┘»
«                                        ┌─────────────┐ ┌─────────────┐»
«q_0: ─────────────────────────────────■─┤ Rz(-4.6459) ├─┤ Ry(-4.6468) ├»
«     ┌────────────┐┌─────────────┐    │ ├─────────────┤ ├─────────────┤»
«q_1: ┤ Ry(-2.901) ├┤ Rx(-1.2019) ├─■──┼─┤ Rz(-4.6315) ├─┤ Ry(-3.8761) ├»
«     └────────────┘└─────────────┘ │  │ ├─────────────┤ ├─────────────┤»
«q_2: ──────────────────────────────■──┼─┤ Rz(-2.2092) ├─┤ Ry(-3.9924) ├»
«     ┌────────────┐┌─────────────┐    │ ├─────────────┴┐└┬────────────┤»
«q_3: ┤ Ry(-3.296) ├┤ Rx(-3.4738) ├────■─┤ Rz(-0.73063) ├─┤ Ry(-6.112) ├»
«     └────────────┘└─────────────┘      └──────────────┘ └────────────┘»
«     ┌─────────────┐   ┌─────────────┐┌─────────────┐┌─────────────┐   »
«q_0: ┤ Rx(-4.7722) ├─■─┤ Rz(-3.8586) ├┤ Ry(-2.2033) ├┤ Rx(-4.1258) ├─■─»
«     ├─────────────┤ │ └─────────────┘└─────────────┘└─────────────┘ │ »
«q_1: ┤ Rx(-2.1558) ├─┼───────────────────────────────────────────────■─»
«     ├─────────────┤ │ ┌─────────────┐┌─────────────┐┌─────────────┐   »
«q_2: ┤ Rx(-4.8795) ├─■─┤ Rz(-5.8635) ├┤ Ry(-5.3931) ├┤ Rx(-1.2292) ├───»
«     └┬────────────┤   └─────────────┘└─────────────┘└─────────────┘   »
«q_3: ─┤ Rx(-2.964) ├───────────────────────────────────────────────────»
«      └────────────┘                                                   »
«      ┌────────────┐ ┌─────────────┐┌─────────────┐ ░                   »
«q_0: ─┤ Rz(-2.225) ├─┤ Ry(-2.8125) ├┤ Rx(-1.3292) ├─░───────────────────»
«     ┌┴────────────┴┐├─────────────┤└┬────────────┤ ░                   »
«q_1: ┤ Rz(-0.54127) ├┤ Ry(-2.8772) ├─┤ Rx(-3.775) ├─░───────────────────»
«     └──────────────┘└─────────────┘ └────────────┘ ░     ┌────────────┐»
«q_2: ───────────────────────────────────────────────░──■──┤ Rz(-4.324) ├»
«                                                    ░  │ ┌┴────────────┤»
«q_3: ───────────────────────────────────────────────░──■─┤ Rz(-5.6087) ├»
«                                                    ░    └─────────────┘»
«                                                                     »
«q_0: ────────────────────────────────────────────────────────────────»
«                                       ┌─────────────┐┌─────────────┐»
«q_1: ────────────────────────────────■─┤ Rz(-6.0282) ├┤ Ry(-3.6561) ├»
«     ┌──────────────┐┌─────────────┐ │ └─────────────┘└─────────────┘»
«q_2: ┤ Ry(-0.44085) ├┤ Rx(-1.8796) ├─┼───────────────────────────────»
«     ├─────────────┬┘└┬────────────┤ │ ┌─────────────┐┌─────────────┐»
«q_3: ┤ Ry(-4.8109) ├──┤ Rx(-5.457) ├─■─┤ Rz(-2.2846) ├┤ Ry(-4.8367) ├»
«     └─────────────┘  └────────────┘   └─────────────┘└─────────────┘»
«                          ┌─────────────┐ ┌──────────────┐┌─────────────┐    »
«q_0: ───────────────────■─┤ Rz(-5.5502) ├─┤ Ry(-0.96034) ├┤ Rx(-4.0075) ├──■─»
«     ┌─────────────┐    │ ├─────────────┤ ├─────────────┬┘├─────────────┴┐ │ »
«q_1: ┤ Rx(-0.1543) ├─■──┼─┤ Rz(-3.1929) ├─┤ Ry(-1.1995) ├─┤ Rx(-0.25591) ├─┼─»
«     └─────────────┘ │  │ ├─────────────┴┐├─────────────┤ ├─────────────┬┘ │ »
«q_2: ────────────────■──┼─┤ Rz(-0.90446) ├┤ Ry(-5.4032) ├─┤ Rx(-4.8573) ├──■─»
«     ┌─────────────┐    │ ├──────────────┤└┬───────────┬┘ └┬────────────┤    »
«q_3: ┤ Rx(-4.8437) ├────■─┤ Rz(-0.56462) ├─┤ Ry(-1.52) ├───┤ Rx(-4.652) ├────»
«     └─────────────┘      └──────────────┘ └───────────┘   └────────────┘    »
«      ┌────────────┐┌─────────────┐┌─────────────┐   ┌─────────────┐ »
«q_0: ─┤ Rz(-1.215) ├┤ Ry(-3.6745) ├┤ Rx(-5.5368) ├─■─┤ Rz(-2.2912) ├─»
«      └────────────┘└─────────────┘└─────────────┘ │ ├─────────────┴┐»
«q_1: ──────────────────────────────────────────────■─┤ Rz(-0.64786) ├»
«     ┌─────────────┐┌─────────────┐┌─────────────┐   └──────────────┘»
«q_2: ┤ Rz(-1.7851) ├┤ Ry(-1.5338) ├┤ Rx(-6.0723) ├───────────────────»
«     └─────────────┘└─────────────┘└─────────────┘                   »
«q_3: ────────────────────────────────────────────────────────────────»
«                                                                     »
«     ┌─────────────┐┌─────────────┐  ░                                  »
«q_0: ┤ Ry(-2.3604) ├┤ Rx(-3.2404) ├──░──────────────────────────────────»
«     ├─────────────┤├─────────────┴┐ ░                                  »
«q_1: ┤ Ry(-6.1862) ├┤ Rx(-0.69385) ├─░──────────────────────────────────»
«     └─────────────┘└──────────────┘ ░    ┌─────────────┐┌─────────────┐»
«q_2: ────────────────────────────────░──■─┤ Rz(-3.0074) ├┤ Ry(-3.5002) ├»
«                                     ░  │ ├─────────────┤├─────────────┤»
«q_3: ────────────────────────────────░──■─┤ Rz(-3.9904) ├┤ Ry(-4.0964) ├»
«                                     ░    └─────────────┘└─────────────┘»
«                                                                          »
«q_0: ───────────────────────────────────────────────────────────────────■─»
«                       ┌──────────────┐┌─────────────┐┌────────────┐    │ »
«q_1: ────────────────■─┤ Rz(-0.31391) ├┤ Ry(-5.1586) ├┤ Rx(-3.208) ├─■──┼─»
«     ┌─────────────┐ │ └──────────────┘└─────────────┘└────────────┘ │  │ »
«q_2: ┤ Rx(-2.2165) ├─┼───────────────────────────────────────────────■──┼─»
«     ├─────────────┤ │ ┌─────────────┐ ┌─────────────┐┌────────────┐    │ »
«q_3: ┤ Rx(-4.6133) ├─■─┤ Rz(-6.0926) ├─┤ Ry(-2.4091) ├┤ Rx(-2.411) ├────■─»
«     └─────────────┘   └─────────────┘ └─────────────┘└────────────┘      »
«     ┌─────────────┐ ┌─────────────┐┌─────────────┐    ┌─────────────┐»
«q_0: ┤ Rz(-1.4678) ├─┤ Ry(-5.7299) ├┤ Rx(-3.6075) ├──■─┤ Rz(-5.8263) ├»
«     ├─────────────┤ ├─────────────┤├─────────────┴┐ │ └─────────────┘»
«q_1: ┤ Rz(-3.7714) ├─┤ Ry(-1.4743) ├┤ Rx(-0.84163) ├─┼────────────────»
«     ├─────────────┴┐├─────────────┤├─────────────┬┘ │ ┌─────────────┐»
«q_2: ┤ Rz(-0.65806) ├┤ Ry(-0.8975) ├┤ Rx(-5.8967) ├──■─┤ Rz(-3.8818) ├»
«     ├─────────────┬┘├─────────────┤├─────────────┤    └─────────────┘»
«q_3: ┤ Rz(-5.5322) ├─┤ Ry(-4.9623) ├┤ Rx(-2.3267) ├───────────────────»
«     └─────────────┘ └─────────────┘└─────────────┘                   »
«     ┌─────────────┐ ┌─────────────┐    ┌──────────────┐┌──────────────┐»
«q_0: ┤ Ry(-5.1404) ├─┤ Rx(-2.6503) ├──■─┤ Rz(-0.87085) ├┤ Ry(-0.52678) ├»
«     └─────────────┘ └─────────────┘  │ ├──────────────┤├─────────────┬┘»
«q_1: ─────────────────────────────────■─┤ Rz(-0.97344) ├┤ Ry(-5.7267) ├─»
«     ┌──────────────┐┌──────────────┐   └──────────────┘└─────────────┘ »
«q_2: ┤ Ry(-0.48046) ├┤ Rx(-0.32345) ├───────────────────────────────────»
«     └──────────────┘└──────────────┘                                   »
«q_3: ───────────────────────────────────────────────────────────────────»
«                                                                        »
«     ┌─────────────┐
«q_0: ┤ Rx(-1.9317) ├
«     ├─────────────┤
«q_1: ┤ Rx(-2.1788) ├
«     └─────────────┘
«q_2: ───────────────
«                    
«q_3: ───────────────
«                    
0 0.02262196879187856
5 0.016859138752131506
10 0.016415870530930278
15 0.016106010458919427
20 0.016056963523657805
25 0.016200608623628765
30 0.01631085504027176
35 0.01634656185491152
40 0.016137488578296954
45 0.016111601673188237
50 0.015954110030063334
55 0.01674277836579067
60 0.016572492354741796
65 0.016629188026569805
70 0.016101475128058443
75 0.016412163547083754
80 0.01645354032259986
85 0.016451334876088984
90 0.016666561691111394
95 0.016681056373994176
100 0.01629289201122511
105 0.01623736596178202
110 0.016285548334274
115 0.016260536475776296
120 0.016314570827828927
125 0.01603353520874075
130 0.016677110544250737
135 0.01686665012704191
140 0.01668419619921081
145 0.01732397429114771
150 0.01703136051471129
155 0.017436012399831384
160 0.017079694056403444
165 0.017088936186742332
170 0.016841116360315444
175 0.01711769258736221
180 0.01736576084717342
185 0.01758374192580061
190 0.01680970362049003
195 0.017382721152881583
0.017344586744666355
