      ┌────────────┐ ┌────────────┐┌────────────┐   ┌─────────────┐»
q_0: ─┤ Rx(1.9548) ├─┤ Ry(1.5689) ├┤ Rz(4.5104) ├─■─┤ Rx(0.84252) ├»
      ├────────────┤ ├────────────┤├────────────┤ │ └┬────────────┤»
q_1: ─┤ Rx(1.4426) ├─┤ Ry(4.7199) ├┤ Rz(5.9795) ├─■──┤ Rx(5.4033) ├»
     ┌┴────────────┴┐├────────────┤├────────────┤    └────────────┘»
q_2: ┤ Rx(0.015993) ├┤ Ry(3.1594) ├┤ Rz(5.0082) ├──────────────────»
     └┬────────────┬┘├────────────┤├────────────┤                  »
q_3: ─┤ Rx(2.2128) ├─┤ Ry(4.7236) ├┤ Rz(2.8318) ├──────────────────»
      └────────────┘ └────────────┘└────────────┘                  »
«     ┌────────────┐┌───────────┐    ┌─────────────┐┌────────────┐»
«q_0: ┤ Ry(3.0023) ├┤ Rz(2.683) ├──■─┤ Rx(0.27067) ├┤ Ry(5.1453) ├»
«     └┬──────────┬┘├───────────┴┐ │ └─────────────┘└────────────┘»
«q_1: ─┤ Ry(3.47) ├─┤ Rz(4.0838) ├─┼──────────────────────────────»
«      └──────────┘ └────────────┘ │  ┌────────────┐┌────────────┐»
«q_2: ─────────────────────────────■──┤ Rx(1.2588) ├┤ Ry(4.7003) ├»
«                                     └────────────┘└────────────┘»
«q_3: ────────────────────────────────────────────────────────────»
«                                                                 »
«     ┌────────────┐                                                           »
«q_0: ┤ Rz(2.6484) ├─■─────────────────────────────────────────────────────────»
«     └────────────┘ │               ┌────────────┐┌────────────┐┌────────────┐»
«q_1: ───────────────┼───────■───────┤ Rx(6.7465) ├┤ Ry(4.6741) ├┤ Rz(5.7966) ├»
«     ┌────────────┐ │       │       ├────────────┤├───────────┬┘├────────────┤»
«q_2: ┤ Rz(4.1392) ├─┼───────■───────┤ Rx(4.8632) ├┤ Ry(4.674) ├─┤ Rz(2.9884) ├»
«     └────────────┘ │ ┌────────────┐└┬──────────┬┘├───────────┴┐└────────────┘»
«q_3: ───────────────■─┤ Rx(5.8661) ├─┤ Ry(4.05) ├─┤ Rz(2.6626) ├──────────────»
«                      └────────────┘ └──────────┘ └────────────┘              »
«                                                       ░ ┌────────────┐ ░    »
«q_0: ──────────────────────────────────────────────────░─┤ sensing_dm ├─░────»
«                                                       ░ ├────────────┤ ░    »
«q_1: ─■────────────────────────────────────────────────░─┤ sensing_dm ├─░────»
«      │                                                ░ ├────────────┤ ░    »
«q_2: ─┼─────────────────────────────────────────────■──░─┤ sensing_dm ├─░──■─»
«      │ ┌─────────────┐┌────────────┐┌────────────┐ │  ░ ├────────────┤ ░  │ »
«q_3: ─■─┤ Rx(0.59255) ├┤ Ry(3.4982) ├┤ Rz(5.2085) ├─■──░─┤ sensing_dm ├─░──■─»
«        └─────────────┘└────────────┘└────────────┘    ░ └────────────┘ ░    »
«                                                                    »
«q_0: ───────────────────────────────────────────────────────────────»
«                                                     ┌─────────────┐»
«q_1: ──────────────────────────────────────────────■─┤ Rz(-6.1627) ├»
«      ┌───────────┐ ┌─────────────┐┌─────────────┐ │ └─────────────┘»
«q_2: ─┤ Rz(-1.68) ├─┤ Ry(-3.3306) ├┤ Rx(-2.8918) ├─┼────────────────»
«     ┌┴───────────┴┐├─────────────┤├─────────────┤ │ ┌─────────────┐»
«q_3: ┤ Rz(-3.8847) ├┤ Ry(-5.6309) ├┤ Rx(-1.9119) ├─■─┤ Rz(-4.6471) ├»
«     └─────────────┘└─────────────┘└─────────────┘   └─────────────┘»
«                                           ┌─────────────┐ ┌─────────────┐ »
«q_0: ────────────────────────────────────■─┤ Rz(-5.2741) ├─┤ Ry(-3.9006) ├─»
«      ┌────────────┐┌───────────────┐    │ ├─────────────┤ ├─────────────┤ »
«q_1: ─┤ Ry(-3.183) ├┤ Rx(-0.087536) ├─■──┼─┤ Rz(-4.2835) ├─┤ Ry(-3.7646) ├─»
«      └────────────┘└───────────────┘ │  │ ├─────────────┴┐├─────────────┴┐»
«q_2: ─────────────────────────────────■──┼─┤ Rz(-0.71624) ├┤ Ry(-0.54048) ├»
«     ┌─────────────┐ ┌─────────────┐     │ ├─────────────┬┘├──────────────┤»
«q_3: ┤ Ry(-1.5771) ├─┤ Rx(-1.1792) ├─────■─┤ Rz(-1.8834) ├─┤ Ry(-0.77993) ├»
«     └─────────────┘ └─────────────┘       └─────────────┘ └──────────────┘»
«     ┌─────────────┐   ┌─────────────┐ ┌─────────────┐┌─────────────┐   »
«q_0: ┤ Rx(-4.3882) ├─■─┤ Rz(-3.7801) ├─┤ Ry(-4.4176) ├┤ Rx(-1.3193) ├─■─»
«     └┬────────────┤ │ └─────────────┘ └─────────────┘└─────────────┘ │ »
«q_1: ─┤ Rx(-5.135) ├─┼────────────────────────────────────────────────■─»
«     ┌┴────────────┤ │ ┌──────────────┐ ┌────────────┐┌─────────────┐   »
«q_2: ┤ Rx(-5.0147) ├─■─┤ Rz(-0.54133) ├─┤ Ry(-5.236) ├┤ Rx(-1.9321) ├───»
«     ├─────────────┤   └──────────────┘ └────────────┘└─────────────┘   »
«q_3: ┤ Rx(-4.9669) ├────────────────────────────────────────────────────»
«     └─────────────┘                                                    »
«     ┌─────────────┐┌───────────────┐┌──────────────┐ ░                   »
«q_0: ┤ Rz(-6.2546) ├┤ Ry(-0.079227) ├┤ Rx(-0.31882) ├─░───────────────────»
«     ├─────────────┤└┬─────────────┬┘├─────────────┬┘ ░                   »
«q_1: ┤ Rz(-3.7275) ├─┤ Ry(-0.5398) ├─┤ Rx(-2.8536) ├──░───────────────────»
«     └─────────────┘ └─────────────┘ └─────────────┘  ░    ┌─────────────┐»
«q_2: ─────────────────────────────────────────────────░──■─┤ Rz(-2.4952) ├»
«                                                      ░  │ ├─────────────┤»
«q_3: ─────────────────────────────────────────────────░──■─┤ Rz(-6.1605) ├»
«                                                      ░    └─────────────┘»
«                                                                     »
«q_0: ────────────────────────────────────────────────────────────────»
«                                       ┌─────────────┐┌─────────────┐»
«q_1: ────────────────────────────────■─┤ Rz(-1.7412) ├┤ Ry(-2.6829) ├»
«     ┌─────────────┐ ┌─────────────┐ │ └─────────────┘└─────────────┘»
«q_2: ┤ Ry(-2.1681) ├─┤ Rx(-1.3793) ├─┼───────────────────────────────»
«     ├─────────────┴┐├─────────────┤ │ ┌─────────────┐┌─────────────┐»
«q_3: ┤ Ry(-0.19998) ├┤ Rx(-6.2522) ├─■─┤ Rz(-2.9126) ├┤ Ry(-6.0927) ├»
«     └──────────────┘└─────────────┘   └─────────────┘└─────────────┘»
«                          ┌─────────────┐ ┌──────────────┐ ┌────────────┐    »
«q_0: ───────────────────■─┤ Rz(-3.3532) ├─┤ Ry(-0.16556) ├─┤ Rx(-3.411) ├──■─»
«     ┌─────────────┐    │ ├─────────────┤ └┬────────────┬┘┌┴────────────┤  │ »
«q_1: ┤ Rx(-3.6511) ├─■──┼─┤ Rz(-4.9355) ├──┤ Ry(-1.146) ├─┤ Rx(-2.8293) ├──┼─»
«     └─────────────┘ │  │ ├─────────────┴┐┌┴────────────┴┐├─────────────┤  │ »
«q_2: ────────────────■──┼─┤ Rz(-0.47136) ├┤ Ry(-0.26251) ├┤ Rx(-2.3719) ├──■─»
«     ┌─────────────┐    │ ├─────────────┬┘├─────────────┬┘├─────────────┴┐   »
«q_3: ┤ Rx(-2.9703) ├────■─┤ Rz(-3.1387) ├─┤ Ry(-2.9328) ├─┤ Rx(-0.09202) ├───»
«     └─────────────┘      └─────────────┘ └─────────────┘ └──────────────┘   »
«      ┌───────────┐ ┌─────────────┐┌─────────────┐   ┌─────────────┐»
«q_0: ─┤ Rz(-2.06) ├─┤ Ry(-3.1704) ├┤ Rx(-4.1595) ├─■─┤ Rz(-2.1524) ├»
«      └───────────┘ └─────────────┘└─────────────┘ │ ├─────────────┤»
«q_1: ──────────────────────────────────────────────■─┤ Rz(-6.0915) ├»
«     ┌─────────────┐┌─────────────┐┌─────────────┐   └─────────────┘»
«q_2: ┤ Rz(-4.1478) ├┤ Ry(-4.1152) ├┤ Rx(-2.2214) ├──────────────────»
«     └─────────────┘└─────────────┘└─────────────┘                  »
«q_3: ───────────────────────────────────────────────────────────────»
«                                                                    »
«      ┌────────────┐┌──────────────┐ ░                                  »
«q_0: ─┤ Ry(-3.478) ├┤ Rx(-0.70379) ├─░──────────────────────────────────»
«     ┌┴────────────┤├─────────────┬┘ ░                                  »
«q_1: ┤ Ry(-4.6259) ├┤ Rx(-1.1867) ├──░──────────────────────────────────»
«     └─────────────┘└─────────────┘  ░    ┌─────────────┐┌─────────────┐»
«q_2: ────────────────────────────────░──■─┤ Rz(-1.1922) ├┤ Ry(-3.4779) ├»
«                                     ░  │ ├─────────────┤├─────────────┤»
«q_3: ────────────────────────────────░──■─┤ Rz(-1.8452) ├┤ Ry(-4.8236) ├»
«                                     ░    └─────────────┘└─────────────┘»
«                                                                            »
«q_0: ─────────────────────────────────────────────────────────────────────■─»
«                       ┌─────────────┐┌─────────────┐ ┌─────────────┐     │ »
«q_1: ────────────────■─┤ Rz(-6.1188) ├┤ Ry(-1.2933) ├─┤ Rx(-2.5523) ├──■──┼─»
«     ┌─────────────┐ │ └─────────────┘└─────────────┘ └─────────────┘  │  │ »
«q_2: ┤ Rx(-5.5323) ├─┼─────────────────────────────────────────────────■──┼─»
«     ├─────────────┤ │ ┌─────────────┐┌─────────────┐┌───────────────┐    │ »
«q_3: ┤ Rx(-5.3096) ├─■─┤ Rz(-5.0354) ├┤ Ry(-4.7281) ├┤ Rx(-0.076535) ├────■─»
«     └─────────────┘   └─────────────┘└─────────────┘└───────────────┘      »
«     ┌─────────────┐┌─────────────┐┌─────────────┐    ┌─────────────┐»
«q_0: ┤ Rz(-2.5956) ├┤ Ry(-6.1242) ├┤ Rx(-4.4886) ├──■─┤ Rz(-3.0446) ├»
«     ├─────────────┤└┬───────────┬┘├─────────────┴┐ │ └─────────────┘»
«q_1: ┤ Rz(-5.2693) ├─┤ Ry(-4.39) ├─┤ Rx(-0.12393) ├─┼────────────────»
«     ├─────────────┤┌┴───────────┴┐├─────────────┬┘ │ ┌─────────────┐»
«q_2: ┤ Rz(-4.6779) ├┤ Ry(-4.9966) ├┤ Rx(-5.6825) ├──■─┤ Rz(-1.5723) ├»
«     └┬────────────┤├─────────────┤├─────────────┤    └─────────────┘»
«q_3: ─┤ Rz(-6.096) ├┤ Ry(-1.8337) ├┤ Rx(-1.1254) ├───────────────────»
«      └────────────┘└─────────────┘└─────────────┘                   »
«     ┌─────────────┐ ┌────────────┐   ┌─────────────┐┌─────────────┐»
«q_0: ┤ Ry(-0.6976) ├─┤ Rx(-4.049) ├─■─┤ Rz(-1.4482) ├┤ Ry(-5.6131) ├»
«     └─────────────┘ └────────────┘ │ ├─────────────┤├─────────────┤»
«q_1: ───────────────────────────────■─┤ Rz(-1.6164) ├┤ Ry(-4.0295) ├»
«     ┌─────────────┐┌─────────────┐   └─────────────┘└─────────────┘»
«q_2: ┤ Ry(-1.4218) ├┤ Rx(-1.6643) ├─────────────────────────────────»
«     └─────────────┘└─────────────┘                                 »
«q_3: ───────────────────────────────────────────────────────────────»
«                                                                    »
«     ┌─────────────┐
«q_0: ┤ Rx(-2.6881) ├
«     ├─────────────┤
«q_1: ┤ Rx(-4.2407) ├
«     └─────────────┘
«q_2: ───────────────
«                    
«q_3: ───────────────
«                    
0 0.026768507433497988
5 0.017878350944477785
10 0.017329432980815348
15 0.017335072822543835
20 0.01749259809589254
25 0.01756592457669748
30 0.016834427726991705
35 0.01681473862631083
40 0.017149698591300007
45 0.016640126817240683
50 0.016216766771049766
55 0.016996333261631004
60 0.016363249852969636
65 0.01662483820841226
70 0.016737772526499536
75 0.016954360838668532
80 0.016613648459689944
85 0.01675608013235594
90 0.017956916568257052
95 0.01770874591194494
100 0.017865599221942214
105 0.017355439500964673
110 0.017451091618178708
115 0.017306291712091457
120 0.016941514621179453
125 0.016370255995428115
130 0.016699055953543773
135 0.017042113812456353
140 0.016505200122055808
145 0.016839277709297377
150 0.017343317430426747
155 0.017082283995369932
160 0.01657155043087241
165 0.016775496443073013
170 0.017342928612672684
175 0.016838778933063576
180 0.016590064182830464
185 0.01745069231718124
190 0.019303385747338895
195 0.017525159873630205
0.016878972398114325
