     ┌────────────┐ ┌────────────┐┌────────────┐   ┌─────────────┐»
q_0: ┤ Rx(4.3801) ├─┤ Ry(2.7862) ├┤ Rz(3.5756) ├─■─┤ Rx(0.90582) ├»
     ├────────────┤┌┴────────────┤├────────────┤ │ └┬────────────┤»
q_1: ┤ Rx(4.9017) ├┤ Ry(0.13695) ├┤ Rz(2.4066) ├─■──┤ Rx(3.1401) ├»
     ├────────────┤└┬────────────┤├────────────┤    └────────────┘»
q_2: ┤ Rx(5.4204) ├─┤ Ry(1.5212) ├┤ Rz(3.8994) ├──────────────────»
     ├────────────┤ ├────────────┤├────────────┤                  »
q_3: ┤ Rx(4.9001) ├─┤ Ry(5.2182) ├┤ Rz(3.8201) ├──────────────────»
     └────────────┘ └────────────┘└────────────┘                  »
«     ┌────────────┐┌────────────┐   ┌────────────┐ ┌────────────┐»
«q_0: ┤ Ry(1.9919) ├┤ Rz(2.9351) ├─■─┤ Rx(4.4317) ├─┤ Ry(1.6495) ├»
«     ├────────────┤├───────────┬┘ │ └────────────┘ └────────────┘»
«q_1: ┤ Ry(1.7733) ├┤ Rz(2.277) ├──┼──────────────────────────────»
«     └────────────┘└───────────┘  │ ┌───────────┐ ┌─────────────┐»
«q_2: ─────────────────────────────■─┤ Rx(4.219) ├─┤ Ry(0.20483) ├»
«                                    └───────────┘ └─────────────┘»
«q_3: ────────────────────────────────────────────────────────────»
«                                                                 »
«     ┌────────────┐                                              »
«q_0: ┤ Rz(3.4814) ├─■────────────────────────────────────────────»
«     └────────────┘ │               ┌────────────┐ ┌────────────┐»
«q_1: ───────────────┼───────■───────┤ Rx(2.7111) ├─┤ Ry(4.1012) ├»
«     ┌────────────┐ │       │       ├────────────┤┌┴────────────┤»
«q_2: ┤ Rz(1.8105) ├─┼───────■───────┤ Rx(5.9808) ├┤ Ry(0.32573) ├»
«     └────────────┘ │ ┌────────────┐├────────────┤├─────────────┤»
«q_3: ───────────────■─┤ Rx(3.4418) ├┤ Ry(1.2232) ├┤ Rz(0.46697) ├»
«                      └────────────┘└────────────┘└─────────────┘»
«                                                                       ░ »
«q_0: ──────────────────────────────────────────────────────────────────░─»
«     ┌─────────────┐                                                   ░ »
«q_1: ┤ Rz(0.80282) ├─■─────────────────────────────────────────────────░─»
«     └┬────────────┤ │                                                 ░ »
«q_2: ─┤ Rz(2.0923) ├─┼──────────────────────────────────────────────■──░─»
«      └────────────┘ │ ┌────────────┐┌────────────┐┌──────────────┐ │  ░ »
«q_3: ────────────────■─┤ Rx(3.8719) ├┤ Ry(4.0646) ├┤ Rz(0.018412) ├─■──░─»
«                       └────────────┘└────────────┘└──────────────┘    ░ »
«     ┌────────────┐┌────────────┐┌────────────┐   ┌────────────┐┌───────────┐ »
«q_0: ┤ Rx(1.1405) ├┤ Ry(1.0438) ├┤ Rz(5.1857) ├─■─┤ Rx(5.8221) ├┤ Ry(2.188) ├─»
«     ├────────────┤├────────────┤├────────────┤ │ ├────────────┤├───────────┴┐»
«q_1: ┤ Rx(1.8947) ├┤ Ry(6.0771) ├┤ Rz(3.3985) ├─■─┤ Rx(3.9785) ├┤ Ry(2.5296) ├»
«     ├────────────┤├────────────┤├───────────┬┘   └────────────┘└────────────┘»
«q_2: ┤ Rx(3.5808) ├┤ Ry(1.4252) ├┤ Rz(5.883) ├────────────────────────────────»
«     ├────────────┤├───────────┬┘├───────────┤                                »
«q_3: ┤ Rx(3.6311) ├┤ Ry(3.223) ├─┤ Rz(1.192) ├────────────────────────────────»
«     └────────────┘└───────────┘ └───────────┘                                »
«      ┌────────────┐   ┌───────────────┐┌────────────┐┌────────────┐   »
«q_0: ─┤ Rz(3.0396) ├─■─┤ Rx(0.0082443) ├┤ Ry(1.9251) ├┤ Rz(3.9814) ├─■─»
«     ┌┴────────────┤ │ └───────────────┘└────────────┘└────────────┘ │ »
«q_1: ┤ Rz(0.84041) ├─┼───────────────────────────────────────────────┼─»
«     └─────────────┘ │   ┌────────────┐ ┌────────────┐┌────────────┐ │ »
«q_2: ────────────────■───┤ Rx(5.8648) ├─┤ Ry(3.1094) ├┤ Rz(2.5484) ├─┼─»
«                         └────────────┘ └────────────┘└────────────┘ │ »
«q_3: ────────────────────────────────────────────────────────────────■─»
«                                                                       »
«                                                                 »
«q_0: ────────────────────────────────────────────────────────────»
«                   ┌────────────┐ ┌────────────┐┌────────────┐   »
«q_1: ──────■───────┤ Rx(1.0335) ├─┤ Ry(3.9157) ├┤ Rz(2.8635) ├─■─»
«           │       ├───────────┬┘┌┴────────────┤├────────────┤ │ »
«q_2: ──────■───────┤ Rx(1.995) ├─┤ Ry(0.45015) ├┤ Rz(6.2295) ├─┼─»
«     ┌────────────┐├───────────┴┐└┬────────────┤└────────────┘ │ »
«q_3: ┤ Rx(1.0207) ├┤ Ry(2.5641) ├─┤ Rz(3.6845) ├───────────────■─»
«     └────────────┘└────────────┘ └────────────┘                 »
«                                                   ░  ┌────────────┐»
«q_0: ──────────────────────────────────────────────░──┤ Rx(5.7137) ├»
«                                                   ░  ├────────────┤»
«q_1: ──────────────────────────────────────────────░──┤ Rx(5.6434) ├»
«                                                   ░  ├────────────┤»
«q_2: ───────────────────────────────────────────■──░──┤ Rx(1.2815) ├»
«     ┌────────────┐┌────────────┐┌────────────┐ │  ░ ┌┴────────────┤»
«q_3: ┤ Rx(6.0004) ├┤ Ry(6.1967) ├┤ Rz(3.7591) ├─■──░─┤ Rx(0.80388) ├»
«     └────────────┘└────────────┘└────────────┘    ░ └─────────────┘»
«      ┌────────────┐┌─────────────┐    ┌────────────┐┌─────────────┐»
«q_0: ─┤ Ry(1.2756) ├┤ Rz(0.78513) ├─■──┤ Rx(5.0958) ├┤ Ry(0.07551) ├»
«      ├────────────┤└┬───────────┬┘ │ ┌┴────────────┤└┬────────────┤»
«q_1: ─┤ Ry(2.5265) ├─┤ Rz(2.498) ├──■─┤ Rx(0.90397) ├─┤ Ry(1.3729) ├»
«      ├────────────┤ ├───────────┴┐   └─────────────┘ └────────────┘»
«q_2: ─┤ Ry(5.4909) ├─┤ Rz(5.1838) ├─────────────────────────────────»
«     ┌┴────────────┤ ├────────────┤                                 »
«q_3: ┤ Ry(0.20331) ├─┤ Rz(6.0238) ├─────────────────────────────────»
«     └─────────────┘ └────────────┘                                 »
«     ┌───────────┐    ┌────────────┐┌────────────┐┌─────────────┐   »
«q_0: ┤ Rz(1.061) ├──■─┤ Rx(5.5086) ├┤ Ry(5.2952) ├┤ Rz(0.22969) ├─■─»
«     ├───────────┴┐ │ └────────────┘└────────────┘└─────────────┘ │ »
«q_1: ┤ Rz(2.3756) ├─┼─────────────────────────────────────────────┼─»
«     └────────────┘ │ ┌────────────┐┌────────────┐ ┌───────────┐  │ »
«q_2: ───────────────■─┤ Rx(1.9309) ├┤ Ry(1.6813) ├─┤ Rz(2.668) ├──┼─»
«                      └────────────┘└────────────┘ └───────────┘  │ »
«q_3: ─────────────────────────────────────────────────────────────■─»
«                                                                    »
«                                                                              »
«q_0: ─────────────────────────────────────────────────────────────────────────»
«                   ┌────────────┐┌────────────┐┌────────────┐                 »
«q_1: ──────■───────┤ Rx(2.5571) ├┤ Ry(5.8473) ├┤ Rz(2.1637) ├─■───────────────»
«           │       ├────────────┤├────────────┤├────────────┤ │               »
«q_2: ──────■───────┤ Rx(1.4666) ├┤ Ry(5.6285) ├┤ Rz(4.9071) ├─┼───────────────»
«     ┌────────────┐├────────────┤├────────────┤└────────────┘ │ ┌────────────┐»
«q_3: ┤ Rx(1.8266) ├┤ Ry(1.3147) ├┤ Rz(2.1086) ├───────────────■─┤ Rx(3.7222) ├»
«     └────────────┘└────────────┘└────────────┘                 └────────────┘»
«                                     ░  ┌────────────┐┌────────────┐»
«q_0: ────────────────────────────────░──┤ Rx(1.5148) ├┤ Ry(1.3019) ├»
«                                     ░ ┌┴────────────┤├───────────┬┘»
«q_1: ────────────────────────────────░─┤ Rx(0.85103) ├┤ Ry(3.234) ├─»
«                                     ░ └┬────────────┤├───────────┴┐»
«q_2: ─────────────────────────────■──░──┤ Rx(1.4531) ├┤ Ry(1.1553) ├»
«     ┌────────────┐┌────────────┐ │  ░  ├────────────┤├────────────┤»
«q_3: ┤ Ry(4.2782) ├┤ Rz(1.7455) ├─■──░──┤ Rx(4.5096) ├┤ Ry(3.1153) ├»
«     └────────────┘└────────────┘    ░  └────────────┘└────────────┘»
«     ┌────────────┐   ┌────────────┐┌────────────┐┌────────────┐   »
«q_0: ┤ Rz(2.5097) ├─■─┤ Rx(2.8274) ├┤ Ry(1.3026) ├┤ Rz(2.4686) ├─■─»
«     ├────────────┤ │ ├────────────┤├────────────┤├────────────┤ │ »
«q_1: ┤ Rz(5.7455) ├─■─┤ Rx(5.3042) ├┤ Ry(3.5693) ├┤ Rz(6.2444) ├─┼─»
«     ├────────────┤   └────────────┘└────────────┘└────────────┘ │ »
«q_2: ┤ Rz(2.8078) ├──────────────────────────────────────────────■─»
«     ├────────────┤                                                »
«q_3: ┤ Rz(2.9393) ├────────────────────────────────────────────────»
«     └────────────┘                                                »
«     ┌────────────┐┌────────────┐┌───────────┐                                »
«q_0: ┤ Rx(1.7757) ├┤ Ry(4.2724) ├┤ Rz(3.469) ├──■─────────────────────────────»
«     └────────────┘└────────────┘└───────────┘  │               ┌────────────┐»
«q_1: ───────────────────────────────────────────┼───────■───────┤ Rx(6.1485) ├»
«     ┌────────────┐┌────────────┐┌────────────┐ │       │       ├────────────┤»
«q_2: ┤ Rx(5.4775) ├┤ Ry(2.2717) ├┤ Rz(3.1204) ├─┼───────■───────┤ Rx(5.1319) ├»
«     └────────────┘└────────────┘└────────────┘ │ ┌────────────┐├────────────┤»
«q_3: ───────────────────────────────────────────■─┤ Rx(2.1717) ├┤ Ry(3.3388) ├»
«                                                  └────────────┘└────────────┘»
«                                                                              »
«q_0: ─────────────────────────────────────────────────────────────────────────»
«     ┌─────────────┐┌────────────┐                                            »
«q_1: ┤ Ry(0.57272) ├┤ Rz(5.5828) ├─■──────────────────────────────────────────»
«     └─┬──────────┬┘├────────────┤ │                                          »
«q_2: ──┤ Ry(4.05) ├─┤ Rz(5.0624) ├─┼──────────────────────────────────────────»
«      ┌┴──────────┴┐└────────────┘ │ ┌────────────┐┌───────────┐┌────────────┐»
«q_3: ─┤ Rz(1.9718) ├───────────────■─┤ Rx(1.1217) ├┤ Ry(2.769) ├┤ Rz(6.0769) ├»
«      └────────────┘                 └────────────┘└───────────┘└────────────┘»
«         ░ ┌────────────┐
«q_0: ────░─┤ sensing_dm ├
«         ░ ├────────────┤
«q_1: ────░─┤ sensing_dm ├
«         ░ ├────────────┤
«q_2: ─■──░─┤ sensing_dm ├
«      │  ░ ├────────────┤
«q_3: ─■──░─┤ sensing_dm ├
«         ░ └────────────┘
0 0.04305693092288094
5 0.02088848644987355
10 0.017040832406143347
15 0.01593691548932061
20 0.01574224766179287
25 0.015719074814910115
30 0.015726404121311183
35 0.015716918267645475
40 0.01571148797893466
45 0.015713893570579018
50 0.015739249976238323
55 0.01572798036873475
60 0.015763446706051554
65 0.015754120921762475
70 0.015790606084216917
75 0.015740140801028507
80 0.01584024056817921
85 0.015766684273356806
90 0.015800202241296305
95 0.015752688085435798
100 0.01581847365042371
105 0.015778410621711696
110 0.015910453642283343
115 0.01579182441410724
120 0.015891908983295074
125 0.015831683711036455
130 0.015925789751284745
135 0.015866457293599697
140 0.015914164521438595
145 0.015827675055617926
150 0.015973748936374217
155 0.015874779423827933
160 0.01591858761100361
165 0.015844248592807843
170 0.016019858438354864
175 0.01582221161678124
180 0.016061363196839377
185 0.01585514950729373
190 0.016066282616985762
195 0.01588333724585578
0.015986974659456404
