      ┌───────────┐ ┌────────────┐┌────────────┐   ┌─────────────┐»
q_0: ─┤ Rx(1.554) ├─┤ Ry(1.4166) ├┤ Rz(4.4466) ├─■─┤ Rx(0.21832) ├»
      ├───────────┴┐├────────────┤├────────────┤ │ └┬────────────┤»
q_1: ─┤ Rx(1.2852) ├┤ Ry(5.2586) ├┤ Rz(6.2263) ├─■──┤ Rx(5.9523) ├»
     ┌┴────────────┤├────────────┤├────────────┤    └────────────┘»
q_2: ┤ Rx(0.27133) ├┤ Ry(3.7826) ├┤ Rz(4.9638) ├──────────────────»
     └┬────────────┤├────────────┤├────────────┤                  »
q_3: ─┤ Rx(2.1757) ├┤ Ry(5.2089) ├┤ Rz(2.5198) ├──────────────────»
      └────────────┘└────────────┘└────────────┘                  »
«     ┌────────────┐┌────────────┐   ┌─────────────┐┌────────────┐»
«q_0: ┤ Ry(2.8884) ├┤ Rz(2.7973) ├─■─┤ Rx(0.11045) ├┤ Ry(4.5729) ├»
«     ├────────────┤├────────────┤ │ └─────────────┘└────────────┘»
«q_1: ┤ Ry(3.5083) ├┤ Rz(4.5645) ├─┼──────────────────────────────»
«     └────────────┘└────────────┘ │ ┌─────────────┐┌────────────┐»
«q_2: ─────────────────────────────■─┤ Rx(0.87953) ├┤ Ry(4.3807) ├»
«                                    └─────────────┘└────────────┘»
«q_3: ────────────────────────────────────────────────────────────»
«                                                                 »
«     ┌────────────┐                                                           »
«q_0: ┤ Rz(2.5502) ├─■─────────────────────────────────────────────────────────»
«     └────────────┘ │               ┌────────────┐┌────────────┐┌────────────┐»
«q_1: ───────────────┼───────■───────┤ Rx(6.0353) ├┤ Ry(3.6673) ├┤ Rz(5.3017) ├»
«     ┌────────────┐ │       │       ├────────────┤├────────────┤├────────────┤»
«q_2: ┤ Rz(4.0563) ├─┼───────■───────┤ Rx(4.1016) ├┤ Ry(4.6208) ├┤ Rz(2.2607) ├»
«     └────────────┘ │ ┌────────────┐├────────────┤├────────────┤└────────────┘»
«q_3: ───────────────■─┤ Rx(5.2624) ├┤ Ry(3.4401) ├┤ Rz(1.9797) ├──────────────»
«                      └────────────┘└────────────┘└────────────┘              »
«                                                      ░ ┌────────────┐
«q_0: ─────────────────────────────────────────────────░─┤ sensing_dm ├
«                                                      ░ ├────────────┤
«q_1: ─■───────────────────────────────────────────────░─┤ sensing_dm ├
«      │                                               ░ ├────────────┤
«q_2: ─┼────────────────────────────────────────────■──░─┤ sensing_dm ├
«      │ ┌────────────┐┌────────────┐┌────────────┐ │  ░ ├────────────┤
«q_3: ─■─┤ Rx(1.2546) ├┤ Ry(2.8767) ├┤ Rz(6.1231) ├─■──░─┤ sensing_dm ├
«        └────────────┘└────────────┘└────────────┘    ░ └────────────┘
0 0.08396948591194119
5 0.05947855896509106
10 0.0461003866024062
15 0.03754400886761143
20 0.031993250494766146
25 0.028408749648396445
30 0.02599442651358406
35 0.024040624440009595
40 0.022380427575068397
45 0.0210153558246423
50 0.019872902524607588
55 0.018914553228011867
60 0.018156335744938152
65 0.017558039189661513
70 0.017060812903187606
75 0.016653572888981723
80 0.01630576593759963
85 0.016035972043898655
90 0.015853288774939404
95 0.015720735070892625
100 0.01567782028037581
105 0.015654932703952306
110 0.015646713363606558
115 0.015643263841585833
120 0.015648184080383005
125 0.015644609946817985
130 0.01564970207119865
135 0.01564596802542722
140 0.01565122465065639
145 0.015647334438227477
150 0.01565274902119691
155 0.01564870665641312
160 0.015654273368829314
165 0.015650082929858485
170 0.01565579654484293
175 0.01565146204735607
180 0.015657317843215897
185 0.015652843166936013
190 0.015658836847850122
195 0.01565422569784543
0.01565477900685263
