     ┌────────────┐┌────────────┐ ┌────────────┐   ┌────────────┐┌────────────┐»
q_0: ┤ Rx(3.5828) ├┤ Ry(5.6536) ├─┤ Rz(2.1317) ├─■─┤ Rx(4.3186) ├┤ Ry(2.3574) ├»
     ├────────────┤├────────────┤┌┴────────────┤ │ ├────────────┤├────────────┤»
q_1: ┤ Rx(1.1438) ├┤ Ry(3.0031) ├┤ Rz(0.16543) ├─■─┤ Rx(4.6344) ├┤ Ry(3.6926) ├»
     ├────────────┤├───────────┬┘└┬────────────┤   └────────────┘└────────────┘»
q_2: ┤ Rx(1.6304) ├┤ Ry(2.139) ├──┤ Rz(4.7792) ├───────────────────────────────»
     ├────────────┤├───────────┴┐ ├────────────┤                               »
q_3: ┤ Rx(2.5172) ├┤ Ry(3.3119) ├─┤ Rz(4.2239) ├───────────────────────────────»
     └────────────┘└────────────┘ └────────────┘                               »
«     ┌────────────┐   ┌────────────┐┌───────────┐ ┌─────────────┐   »
«q_0: ┤ Rz(4.6846) ├─■─┤ Rx(6.0347) ├┤ Ry(2.703) ├─┤ Rz(0.37516) ├─■─»
«     ├────────────┤ │ └────────────┘└───────────┘ └─────────────┘ │ »
«q_1: ┤ Rz(5.8657) ├─┼─────────────────────────────────────────────┼─»
«     └────────────┘ │ ┌────────────┐┌────────────┐ ┌────────────┐ │ »
«q_2: ───────────────■─┤ Rx(5.7016) ├┤ Ry(3.6807) ├─┤ Rz(3.2477) ├─┼─»
«                      └────────────┘└────────────┘ └────────────┘ │ »
«q_3: ─────────────────────────────────────────────────────────────■─»
«                                                                    »
«                                                                    »
«q_0: ───────────────────────────────────────────────────────────────»
«                    ┌────────────┐┌────────────┐  ┌────────────┐    »
«q_1: ───────■───────┤ Rx(4.4454) ├┤ Ry(5.1512) ├──┤ Rz(4.3766) ├──■─»
«            │       ├────────────┤├───────────┬┘┌─┴────────────┴┐ │ »
«q_2: ───────■───────┤ Rx(2.2881) ├┤ Ry(4.421) ├─┤ Rz(0.0018018) ├─┼─»
«     ┌─────────────┐├────────────┤├───────────┴┐└───────────────┘ │ »
«q_3: ┤ Rx(0.97537) ├┤ Ry(5.8727) ├┤ Rz(5.6985) ├──────────────────■─»
«     └─────────────┘└────────────┘└────────────┘                    »
«                                                   ░ ┌────────────┐»
«q_0: ──────────────────────────────────────────────░─┤ Rx(6.1818) ├»
«                                                   ░ ├────────────┤»
«q_1: ──────────────────────────────────────────────░─┤ Rx(1.6574) ├»
«                                                   ░ ├────────────┤»
«q_2: ───────────────────────────────────────────■──░─┤ Rx(1.4201) ├»
«     ┌────────────┐┌────────────┐┌────────────┐ │  ░ ├────────────┤»
«q_3: ┤ Rx(5.8558) ├┤ Ry(4.4117) ├┤ Rz(3.7008) ├─■──░─┤ Rx(4.0109) ├»
«     └────────────┘└────────────┘└────────────┘    ░ └────────────┘»
«     ┌────────────┐ ┌───────────┐    ┌────────────┐┌──────────────┐»
«q_0: ┤ Ry(2.4604) ├─┤ Rz(3.434) ├──■─┤ Rx(5.7068) ├┤ Ry(0.010719) ├»
«     ├────────────┤┌┴───────────┴┐ │ ├────────────┤└┬───────────┬─┘»
«q_1: ┤ Ry(5.6239) ├┤ Rz(0.80423) ├─■─┤ Rx(1.5185) ├─┤ Ry(5.498) ├──»
«     ├────────────┤└┬────────────┤   └────────────┘ └───────────┘  »
«q_2: ┤ Ry(5.0679) ├─┤ Rz(0.5925) ├─────────────────────────────────»
«     ├────────────┤ ├───────────┬┘                                 »
«q_3: ┤ Ry(5.7949) ├─┤ Rz(1.938) ├──────────────────────────────────»
«     └────────────┘ └───────────┘                                  »
«     ┌───────────┐    ┌─────────────┐┌────────────┐┌────────────┐   »
«q_0: ┤ Rz(3.812) ├──■─┤ Rx(0.71987) ├┤ Ry(2.8814) ├┤ Rz(1.9303) ├─■─»
«     ├───────────┴┐ │ └─────────────┘└────────────┘└────────────┘ │ »
«q_1: ┤ Rz(2.0496) ├─┼─────────────────────────────────────────────┼─»
«     └────────────┘ │  ┌────────────┐┌────────────┐┌────────────┐ │ »
«q_2: ───────────────■──┤ Rx(5.5872) ├┤ Ry(5.2369) ├┤ Rz(5.2213) ├─┼─»
«                       └────────────┘└────────────┘└────────────┘ │ »
«q_3: ─────────────────────────────────────────────────────────────■─»
«                                                                    »
«                                                                 »
«q_0: ────────────────────────────────────────────────────────────»
«                   ┌────────────┐ ┌────────────┐┌────────────┐   »
«q_1: ──────■───────┤ Rx(1.4657) ├─┤ Ry(4.6978) ├┤ Rz(4.5381) ├─■─»
«           │       ├────────────┤ ├────────────┤├────────────┤ │ »
«q_2: ──────■───────┤ Rx(2.2715) ├─┤ Ry(2.2042) ├┤ Rz(1.6208) ├─┼─»
«     ┌────────────┐├───────────┬┘┌┴────────────┤└────────────┘ │ »
«q_3: ┤ Rx(3.7555) ├┤ Ry(1.947) ├─┤ Rz(0.11439) ├───────────────■─»
«     └────────────┘└───────────┘ └─────────────┘                 »
«                                                     ░ ┌────────────┐»
«q_0: ────────────────────────────────────────────────░─┤ Rx(3.6473) ├»
«                                                     ░ ├────────────┤»
«q_1: ────────────────────────────────────────────────░─┤ Rx(4.8954) ├»
«                                                     ░ ├────────────┤»
«q_2: ─────────────────────────────────────────────■──░─┤ Rx(2.9149) ├»
«     ┌─────────────┐┌─────────────┐┌────────────┐ │  ░ ├────────────┤»
«q_3: ┤ Rx(0.83788) ├┤ Ry(0.92912) ├┤ Rz(4.3983) ├─■──░─┤ Rx(1.2105) ├»
«     └─────────────┘└─────────────┘└────────────┘    ░ └────────────┘»
«     ┌─────────────┐ ┌────────────┐   ┌────────────┐┌────────────┐»
«q_0: ┤ Ry(0.85349) ├─┤ Rz(2.3715) ├─■─┤ Rx(1.4972) ├┤ Ry(1.6898) ├»
«     └┬────────────┤┌┴────────────┤ │ ├───────────┬┘├────────────┤»
«q_1: ─┤ Ry(1.8536) ├┤ Rz(0.81074) ├─■─┤ Rx(4.884) ├─┤ Ry(3.9282) ├»
«      ├────────────┤└┬────────────┤   └───────────┘ └────────────┘»
«q_2: ─┤ Ry(4.9382) ├─┤ Rz(3.0798) ├───────────────────────────────»
«      ├────────────┤┌┴────────────┤                               »
«q_3: ─┤ Ry(3.4814) ├┤ Rz(0.10693) ├───────────────────────────────»
«      └────────────┘└─────────────┘                               »
«     ┌────────────┐   ┌────────────┐┌────────────┐┌────────────┐   »
«q_0: ┤ Rz(4.6007) ├─■─┤ Rx(4.9275) ├┤ Ry(4.3845) ├┤ Rz(2.0263) ├─■─»
«     ├────────────┤ │ └────────────┘└────────────┘└────────────┘ │ »
«q_1: ┤ Rz(4.8869) ├─┼────────────────────────────────────────────┼─»
«     └────────────┘ │ ┌────────────┐┌────────────┐┌────────────┐ │ »
«q_2: ───────────────■─┤ Rx(2.0973) ├┤ Ry(3.2021) ├┤ Rz(6.2367) ├─┼─»
«                      └────────────┘└────────────┘└────────────┘ │ »
«q_3: ────────────────────────────────────────────────────────────■─»
«                                                                   »
«                                                                  »
«q_0: ─────────────────────────────────────────────────────────────»
«                   ┌─────────────┐┌────────────┐┌─────────────┐   »
«q_1: ──────■───────┤ Rx(0.28688) ├┤ Ry(3.7577) ├┤ Rz(0.76528) ├─■─»
«           │       └┬────────────┤├────────────┤└┬────────────┤ │ »
«q_2: ──────■────────┤ Rx(5.4174) ├┤ Ry(5.8065) ├─┤ Rz(2.8124) ├─┼─»
«     ┌────────────┐ ├────────────┤├────────────┤ └────────────┘ │ »
«q_3: ┤ Rx(1.5164) ├─┤ Ry(3.5934) ├┤ Rz(5.5744) ├────────────────■─»
«     └────────────┘ └────────────┘└────────────┘                  »
«                                                   ░ ┌────────────┐»
«q_0: ──────────────────────────────────────────────░─┤ Rx(2.2515) ├»
«                                                   ░ ├────────────┤»
«q_1: ──────────────────────────────────────────────░─┤ Rx(5.8595) ├»
«                                                   ░ ├────────────┤»
«q_2: ───────────────────────────────────────────■──░─┤ Rx(3.5387) ├»
«     ┌────────────┐┌────────────┐┌────────────┐ │  ░ ├───────────┬┘»
«q_3: ┤ Rx(4.8939) ├┤ Ry(1.3091) ├┤ Rz(3.5237) ├─■──░─┤ Rx(5.345) ├─»
«     └────────────┘└────────────┘└────────────┘    ░ └───────────┘ »
«      ┌────────────┐ ┌────────────┐   ┌────────────┐┌─────────────┐»
«q_0: ─┤ Ry(1.2939) ├─┤ Rz(2.5494) ├─■─┤ Rx(2.0039) ├┤ Ry(0.96639) ├»
«      ├───────────┬┘ ├───────────┬┘ │ ├────────────┤└┬────────────┤»
«q_1: ─┤ Ry(6.212) ├──┤ Rz(6.193) ├──■─┤ Rx(5.0837) ├─┤ Ry(4.4204) ├»
«      ├───────────┴┐ ├───────────┴┐   └────────────┘ └────────────┘»
«q_2: ─┤ Ry(3.4009) ├─┤ Rz(2.8804) ├────────────────────────────────»
«     ┌┴────────────┴┐├────────────┤                                »
«q_3: ┤ Ry(0.065613) ├┤ Rz(1.8658) ├────────────────────────────────»
«     └──────────────┘└────────────┘                                »
«      ┌────────────┐   ┌───────────┐ ┌────────────┐┌────────────┐   »
«q_0: ─┤ Rz(5.2215) ├─■─┤ Rx(5.389) ├─┤ Ry(3.9403) ├┤ Rz(5.0755) ├─■─»
«     ┌┴────────────┤ │ └───────────┘ └────────────┘└────────────┘ │ »
«q_1: ┤ Rz(0.87545) ├─┼────────────────────────────────────────────┼─»
«     └─────────────┘ │ ┌────────────┐┌───────────┐ ┌───────────┐  │ »
«q_2: ────────────────■─┤ Rx(1.5049) ├┤ Ry(5.295) ├─┤ Rz(4.296) ├──┼─»
«                       └────────────┘└───────────┘ └───────────┘  │ »
«q_3: ─────────────────────────────────────────────────────────────■─»
«                                                                    »
«                                                                  »
«q_0: ─────────────────────────────────────────────────────────────»
«                    ┌───────────┐ ┌────────────┐  ┌──────────┐    »
«q_1: ──────■────────┤ Rx(2.624) ├─┤ Ry(6.1056) ├──┤ Rz(1.23) ├──■─»
«           │       ┌┴───────────┴┐├────────────┤┌─┴──────────┴┐ │ »
«q_2: ──────■───────┤ Rx(0.36212) ├┤ Ry(4.7451) ├┤ Rz(0.35269) ├─┼─»
«     ┌────────────┐├─────────────┤├────────────┤└─────────────┘ │ »
«q_3: ┤ Rx(4.3467) ├┤ Ry(0.17286) ├┤ Rz(1.1833) ├────────────────■─»
«     └────────────┘└─────────────┘└────────────┘                  »
«                                                   ░ ┌───────────┐ »
«q_0: ──────────────────────────────────────────────░─┤ Rx(4.117) ├─»
«                                                   ░ ├───────────┴┐»
«q_1: ──────────────────────────────────────────────░─┤ Rx(5.4147) ├»
«                                                   ░ ├────────────┤»
«q_2: ───────────────────────────────────────────■──░─┤ Rx(5.7241) ├»
«     ┌────────────┐┌────────────┐┌────────────┐ │  ░ ├────────────┤»
«q_3: ┤ Rx(5.2491) ├┤ Ry(5.2888) ├┤ Rz(5.1397) ├─■──░─┤ Rx(5.8219) ├»
«     └────────────┘└────────────┘└────────────┘    ░ └────────────┘»
«     ┌────────────┐┌─────────────┐   ┌────────────┐┌────────────┐»
«q_0: ┤ Ry(3.4521) ├┤ Rz(0.70579) ├─■─┤ Rx(2.4598) ├┤ Ry(3.9988) ├»
«     ├───────────┬┘└┬────────────┤ │ ├────────────┤├────────────┤»
«q_1: ┤ Ry(2.338) ├──┤ Rz(2.5986) ├─■─┤ Rx(1.6389) ├┤ Ry(3.6751) ├»
«     ├───────────┴┐ ├────────────┤   └────────────┘└────────────┘»
«q_2: ┤ Ry(3.3422) ├─┤ Rz(1.4553) ├───────────────────────────────»
«     ├────────────┤ ├────────────┤                               »
«q_3: ┤ Ry(1.0206) ├─┤ Rz(4.7436) ├───────────────────────────────»
«     └────────────┘ └────────────┘                               »
«     ┌─────────────┐    ┌────────────┐┌────────────┐┌────────────┐   »
«q_0: ┤ Rz(0.58232) ├─■──┤ Rx(3.7795) ├┤ Ry(5.8492) ├┤ Rz(6.0971) ├─■─»
«     └┬────────────┤ │  └────────────┘└────────────┘└────────────┘ │ »
«q_1: ─┤ Rz(2.5043) ├─┼─────────────────────────────────────────────┼─»
«      └────────────┘ │ ┌─────────────┐┌────────────┐┌────────────┐ │ »
«q_2: ────────────────■─┤ Rx(0.71707) ├┤ Ry(3.2707) ├┤ Rz(1.2525) ├─┼─»
«                       └─────────────┘└────────────┘└────────────┘ │ »
«q_3: ──────────────────────────────────────────────────────────────■─»
«                                                                     »
«                                                                 »
«q_0: ────────────────────────────────────────────────────────────»
«                   ┌────────────┐ ┌────────────┐┌────────────┐   »
«q_1: ──────■───────┤ Rx(3.5727) ├─┤ Ry(2.4491) ├┤ Rz(4.2588) ├─■─»
«           │       ├────────────┤ ├────────────┤├────────────┤ │ »
«q_2: ──────■───────┤ Rx(3.8009) ├─┤ Ry(5.9397) ├┤ Rz(4.7182) ├─┼─»
«     ┌────────────┐├────────────┤┌┴────────────┤└────────────┘ │ »
«q_3: ┤ Rx(2.8448) ├┤ Ry(4.0427) ├┤ Rz(0.73088) ├───────────────■─»
«     └────────────┘└────────────┘└─────────────┘                 »
«                                                   ░ ┌────────────┐
«q_0: ──────────────────────────────────────────────░─┤ sensing_dm ├
«                                                   ░ ├────────────┤
«q_1: ──────────────────────────────────────────────░─┤ sensing_dm ├
«                                                   ░ ├────────────┤
«q_2: ───────────────────────────────────────────■──░─┤ sensing_dm ├
«     ┌────────────┐┌────────────┐┌────────────┐ │  ░ ├────────────┤
«q_3: ┤ Rx(4.1237) ├┤ Ry(5.3143) ├┤ Rz(5.8518) ├─■──░─┤ sensing_dm ├
«     └────────────┘└────────────┘└────────────┘    ░ └────────────┘
0 0.050542942148246346
5 0.019752603587649492
10 0.016372614718433195
15 0.015768999773452017
20 0.01573761443818842
25 0.01586874762241891
30 0.01585267489979304
35 0.015788964994763437
40 0.015817327067259086
45 0.015867990478379182
50 0.01579520750726511
55 0.015933391516022074
60 0.01579184493003448
65 0.015940047267461815
70 0.015799361295046974
75 0.015880652021616915
80 0.015824610915701177
85 0.01582879319308428
90 0.0158676699344463
95 0.015783625950846408
100 0.015915207341008583
105 0.01574595369180537
110 0.015866585445752215
115 0.015753258672487776
120 0.015864030658826928
125 0.01593506841940564
130 0.015966375121718855
135 0.015948794205794113
140 0.015901271161774512
145 0.015991159220431466
150 0.016022444156855036
155 0.015888628393866445
160 0.015972196677247766
165 0.01593264792299799
170 0.015894839125809156
175 0.016090594769801094
180 0.016082490492252032
185 0.016020399391398096
190 0.015962009332198393
195 0.0159655220406273
0.01615501657793253
